[0.043s] Invoking command in '/home/sr/sr_ws/build/hardware_interface': AMENT_PREFIX_PATH=/home/sr/sr_ws/install/ros2_control_test_assets:${AMENT_PREFIX_PATH} CMAKE_PREFIX_PATH=/home/sr/sr_ws/install/ros2_control_test_assets:/opt/ros/humble /usr/bin/cmake /home/sr/sr_ws/src/controller_manager/hardware_interface -DCMAKE_INSTALL_PREFIX=/home/sr/sr_ws/install/hardware_interface
[0.332s] -- The C compiler identification is GNU 11.4.0
[0.645s] -- The CXX compiler identification is GNU 11.4.0
[0.696s] -- Detecting C compiler ABI info
[1.074s] -- Detecting C compiler ABI info - done
[1.104s] -- Check for working C compiler: /usr/bin/cc - skipped
[1.105s] -- Detecting C compile features
[1.106s] -- Detecting C compile features - done
[1.120s] -- Detecting CXX compiler ABI info
[1.523s] -- Detecting CXX compiler ABI info - done
[1.554s] -- Check for working CXX compiler: /usr/bin/c++ - skipped
[1.556s] -- Detecting CXX compile features
[1.559s] -- Detecting CXX compile features - done
[1.602s] -- Found ament_cmake: 1.3.8 (/opt/ros/humble/share/ament_cmake/cmake)
[2.538s] -- Found Python3: /usr/bin/python3 (found version "3.10.12") found components: Interpreter 
[3.471s] [31mCMake Error at CMakeLists.txt:21 (find_package):
[3.471s]   By not providing "Findcontrol_msgs.cmake" in CMAKE_MODULE_PATH this project
[3.472s]   has asked CMake to find a package configuration file provided by
[3.472s]   "control_msgs", but CMake did not find one.
[3.473s] 
[3.473s]   Could not find a package configuration file provided by "control_msgs" with
[3.474s]   any of the following names:
[3.475s] 
[3.476s]     control_msgsConfig.cmake
[3.477s]     control_msgs-config.cmake
[3.479s] 
[3.481s]   Add the installation prefix of "control_msgs" to CMAKE_PREFIX_PATH or set
[3.482s]   "control_msgs_DIR" to a directory containing one of the above files.  If
[3.483s]   "control_msgs" provides a separate development package or SDK, be sure it
[3.484s]   has been installed.
[3.485s] 
[3.485s] [0m
[3.486s] -- Configuring incomplete, errors occurred!
[3.487s] See also "/home/sr/sr_ws/build/hardware_interface/CMakeFiles/CMakeOutput.log".
[3.492s] Invoked command in '/home/sr/sr_ws/build/hardware_interface' returned '1': AMENT_PREFIX_PATH=/home/sr/sr_ws/install/ros2_control_test_assets:${AMENT_PREFIX_PATH} CMAKE_PREFIX_PATH=/home/sr/sr_ws/install/ros2_control_test_assets:/opt/ros/humble /usr/bin/cmake /home/sr/sr_ws/src/controller_manager/hardware_interface -DCMAKE_INSTALL_PREFIX=/home/sr/sr_ws/install/hardware_interface
