[0.061s] Invoking command in '/home/sr/sr_ws/build/sf_robot_description': CMAKE_PREFIX_PATH=/opt/ros/humble /usr/bin/cmake --build /home/sr/sr_ws/build/sf_robot_description -- -j4 -l4
[0.478s] Invoked command in '/home/sr/sr_ws/build/sf_robot_description' returned '0': CMAKE_PREFIX_PATH=/opt/ros/humble /usr/bin/cmake --build /home/sr/sr_ws/build/sf_robot_description -- -j4 -l4
[0.749s] Invoking command in '/home/sr/sr_ws/build/sf_robot_description': CMAKE_PREFIX_PATH=/opt/ros/humble /usr/bin/cmake --install /home/sr/sr_ws/build/sf_robot_description
[0.789s] -- Install configuration: ""
[0.793s] -- Up-to-date: /home/sr/sr_ws/install/sf_robot_description/share/sf_robot_description//urdf
[0.799s] -- Up-to-date: /home/sr/sr_ws/install/sf_robot_description/share/sf_robot_description//urdf/inertial_macros.xacro
[0.803s] -- Up-to-date: /home/sr/sr_ws/install/sf_robot_description/share/sf_robot_description//urdf/robot_core.urdf.xacro
[0.809s] -- Up-to-date: /home/sr/sr_ws/install/sf_robot_description/share/sf_robot_description//urdf/robot.urdf.xacro
[0.813s] -- Up-to-date: /home/sr/sr_ws/install/sf_robot_description/share/sf_robot_description//launch
[0.819s] -- Up-to-date: /home/sr/sr_ws/install/sf_robot_description/share/sf_robot_description//launch/display.launch.py
[0.821s] -- Up-to-date: /home/sr/sr_ws/install/sf_robot_description/share/sf_robot_description//launch/display.launch.xml
[0.823s] -- Up-to-date: /home/sr/sr_ws/install/sf_robot_description/share/sf_robot_description//launch/turn_on_robot.py
[0.826s] -- Up-to-date: /home/sr/sr_ws/install/sf_robot_description/share/sf_robot_description//rviz
[0.828s] -- Up-to-date: /home/sr/sr_ws/install/sf_robot_description/share/sf_robot_description//rviz/urdf_config.rviz
[0.831s] -- Up-to-date: /home/sr/sr_ws/install/sf_robot_description/share/ament_index/resource_index/package_run_dependencies/sf_robot_description
[0.833s] -- Up-to-date: /home/sr/sr_ws/install/sf_robot_description/share/ament_index/resource_index/parent_prefix_path/sf_robot_description
[0.836s] -- Up-to-date: /home/sr/sr_ws/install/sf_robot_description/share/sf_robot_description/environment/ament_prefix_path.sh
[0.838s] -- Up-to-date: /home/sr/sr_ws/install/sf_robot_description/share/sf_robot_description/environment/ament_prefix_path.dsv
[0.840s] -- Up-to-date: /home/sr/sr_ws/install/sf_robot_description/share/sf_robot_description/environment/path.sh
[0.843s] -- Up-to-date: /home/sr/sr_ws/install/sf_robot_description/share/sf_robot_description/environment/path.dsv
[0.847s] -- Up-to-date: /home/sr/sr_ws/install/sf_robot_description/share/sf_robot_description/local_setup.bash
[0.851s] -- Up-to-date: /home/sr/sr_ws/install/sf_robot_description/share/sf_robot_description/local_setup.sh
[0.854s] -- Up-to-date: /home/sr/sr_ws/install/sf_robot_description/share/sf_robot_description/local_setup.zsh
[0.856s] -- Up-to-date: /home/sr/sr_ws/install/sf_robot_description/share/sf_robot_description/local_setup.dsv
[0.859s] -- Installing: /home/sr/sr_ws/install/sf_robot_description/share/sf_robot_description/package.dsv
[0.867s] -- Up-to-date: /home/sr/sr_ws/install/sf_robot_description/share/ament_index/resource_index/packages/sf_robot_description
[0.871s] -- Up-to-date: /home/sr/sr_ws/install/sf_robot_description/share/sf_robot_description/cmake/sf_robot_descriptionConfig.cmake
[0.872s] -- Up-to-date: /home/sr/sr_ws/install/sf_robot_description/share/sf_robot_description/cmake/sf_robot_descriptionConfig-version.cmake
[0.873s] -- Up-to-date: /home/sr/sr_ws/install/sf_robot_description/share/sf_robot_description/package.xml
[0.882s] Invoked command in '/home/sr/sr_ws/build/sf_robot_description' returned '0': CMAKE_PREFIX_PATH=/opt/ros/humble /usr/bin/cmake --install /home/sr/sr_ws/build/sf_robot_description
