[0.092s] Invoking command in '/home/sr/sr_ws/build/controller_interface': AMENT_PREFIX_PATH=/home/sr/sr_ws/install/hardware_interface:${AMENT_PREFIX_PATH} CMAKE_PREFIX_PATH=/home/sr/sr_ws/install/hardware_interface:/opt/ros/humble LD_LIBRARY_PATH=/home/sr/sr_ws/install/hardware_interface/lib:${LD_LIBRARY_PATH} /usr/bin/cmake --build /home/sr/sr_ws/build/controller_interface -- -j4 -l4
[0.528s] [  9%] Built target gmock_main
[0.573s] [ 28%] Built target controller_interface
[0.581s] [ 42%] Built target gmock
[0.928s] [ 52%] Built target test_chainable_controller_interface
[0.988s] [ 61%] Built target test_controller_interface
[1.008s] [ 71%] Built target test_controller_with_options
[1.019s] [ 80%] Built target test_semantic_component_interface
[1.217s] [ 90%] Built target test_force_torque_sensor
[1.265s] [100%] Built target test_imu_sensor
[1.322s] Invoked command in '/home/sr/sr_ws/build/controller_interface' returned '0': AMENT_PREFIX_PATH=/home/sr/sr_ws/install/hardware_interface:${AMENT_PREFIX_PATH} CMAKE_PREFIX_PATH=/home/sr/sr_ws/install/hardware_interface:/opt/ros/humble LD_LIBRARY_PATH=/home/sr/sr_ws/install/hardware_interface/lib:${LD_LIBRARY_PATH} /usr/bin/cmake --build /home/sr/sr_ws/build/controller_interface -- -j4 -l4
[1.675s] Invoking command in '/home/sr/sr_ws/build/controller_interface': AMENT_PREFIX_PATH=/home/sr/sr_ws/install/hardware_interface:${AMENT_PREFIX_PATH} CMAKE_PREFIX_PATH=/home/sr/sr_ws/install/hardware_interface:/opt/ros/humble LD_LIBRARY_PATH=/home/sr/sr_ws/install/hardware_interface/lib:${LD_LIBRARY_PATH} /usr/bin/cmake --install /home/sr/sr_ws/build/controller_interface
[1.735s] -- Install configuration: ""
[1.737s] -- Up-to-date: /home/sr/sr_ws/install/controller_interface/include
[1.737s] -- Up-to-date: /home/sr/sr_ws/install/controller_interface/include/semantic_components
[1.774s] -- Up-to-date: /home/sr/sr_ws/install/controller_interface/include/semantic_components/range_sensor.hpp
[1.776s] -- Up-to-date: /home/sr/sr_ws/install/controller_interface/include/semantic_components/force_torque_sensor.hpp
[1.776s] -- Up-to-date: /home/sr/sr_ws/install/controller_interface/include/semantic_components/semantic_component_interface.hpp
[1.777s] -- Up-to-date: /home/sr/sr_ws/install/controller_interface/include/semantic_components/imu_sensor.hpp
[1.778s] -- Up-to-date: /home/sr/sr_ws/install/controller_interface/include/controller_interface
[1.778s] -- Up-to-date: /home/sr/sr_ws/install/controller_interface/include/controller_interface/visibility_control.h
[1.779s] -- Up-to-date: /home/sr/sr_ws/install/controller_interface/include/controller_interface/controller_interface.hpp
[1.780s] -- Up-to-date: /home/sr/sr_ws/install/controller_interface/include/controller_interface/chainable_controller_interface.hpp
[1.780s] -- Up-to-date: /home/sr/sr_ws/install/controller_interface/include/controller_interface/helpers.hpp
[1.781s] -- Up-to-date: /home/sr/sr_ws/install/controller_interface/include/controller_interface/controller_interface_base.hpp
[1.816s] -- Up-to-date: /home/sr/sr_ws/install/controller_interface/lib/libcontroller_interface.so
[1.820s] -- Up-to-date: /home/sr/sr_ws/install/controller_interface/share/controller_interface/environment/library_path.sh
[1.820s] -- Up-to-date: /home/sr/sr_ws/install/controller_interface/share/controller_interface/environment/library_path.dsv
[1.941s] -- Up-to-date: /home/sr/sr_ws/install/controller_interface/share/ament_index/resource_index/package_run_dependencies/controller_interface
[1.981s] -- Up-to-date: /home/sr/sr_ws/install/controller_interface/share/ament_index/resource_index/parent_prefix_path/controller_interface
[1.984s] -- Up-to-date: /home/sr/sr_ws/install/controller_interface/share/controller_interface/environment/ament_prefix_path.sh
[1.985s] -- Up-to-date: /home/sr/sr_ws/install/controller_interface/share/controller_interface/environment/ament_prefix_path.dsv
[1.987s] -- Up-to-date: /home/sr/sr_ws/install/controller_interface/share/controller_interface/environment/path.sh
[1.988s] -- Up-to-date: /home/sr/sr_ws/install/controller_interface/share/controller_interface/environment/path.dsv
[1.989s] -- Up-to-date: /home/sr/sr_ws/install/controller_interface/share/controller_interface/local_setup.bash
[1.989s] -- Up-to-date: /home/sr/sr_ws/install/controller_interface/share/controller_interface/local_setup.sh
[1.990s] -- Up-to-date: /home/sr/sr_ws/install/controller_interface/share/controller_interface/local_setup.zsh
[1.990s] -- Up-to-date: /home/sr/sr_ws/install/controller_interface/share/controller_interface/local_setup.dsv
[1.991s] -- Installing: /home/sr/sr_ws/install/controller_interface/share/controller_interface/package.dsv
[2.065s] -- Up-to-date: /home/sr/sr_ws/install/controller_interface/share/ament_index/resource_index/packages/controller_interface
[2.100s] -- Up-to-date: /home/sr/sr_ws/install/controller_interface/share/controller_interface/cmake/ament_cmake_export_dependencies-extras.cmake
[2.101s] -- Up-to-date: /home/sr/sr_ws/install/controller_interface/share/controller_interface/cmake/ament_cmake_export_include_directories-extras.cmake
[2.103s] -- Up-to-date: /home/sr/sr_ws/install/controller_interface/share/controller_interface/cmake/ament_cmake_export_libraries-extras.cmake
[2.104s] -- Up-to-date: /home/sr/sr_ws/install/controller_interface/share/controller_interface/cmake/controller_interfaceConfig.cmake
[2.104s] -- Up-to-date: /home/sr/sr_ws/install/controller_interface/share/controller_interface/cmake/controller_interfaceConfig-version.cmake
[2.106s] -- Up-to-date: /home/sr/sr_ws/install/controller_interface/share/controller_interface/package.xml
[2.202s] Invoked command in '/home/sr/sr_ws/build/controller_interface' returned '0': AMENT_PREFIX_PATH=/home/sr/sr_ws/install/hardware_interface:${AMENT_PREFIX_PATH} CMAKE_PREFIX_PATH=/home/sr/sr_ws/install/hardware_interface:/opt/ros/humble LD_LIBRARY_PATH=/home/sr/sr_ws/install/hardware_interface/lib:${LD_LIBRARY_PATH} /usr/bin/cmake --install /home/sr/sr_ws/build/controller_interface
