[0.661s] DEBUG:colcon:Command line arguments: ['/usr/bin/colcon', 'build']
[0.661s] DEBUG:colcon:Parsed command line arguments: Namespace(log_base=None, log_level=None, verb_name='build', build_base='build', install_base='install', merge_install=False, symlink_install=False, test_result_base=None, continue_on_error=False, executor='parallel', parallel_workers=4, event_handlers=None, ignore_user_meta=False, metas=['./colcon.meta'], base_paths=['.'], packages_ignore=None, packages_ignore_regex=None, paths=None, packages_up_to=None, packages_up_to_regex=None, packages_above=None, packages_above_and_dependencies=None, packages_above_depth=None, packages_select_by_dep=None, packages_skip_by_dep=None, packages_skip_up_to=None, packages_select_build_failed=False, packages_skip_build_finished=False, packages_select_test_failures=False, packages_skip_test_passed=False, packages_select=None, packages_skip=None, packages_select_regex=None, packages_skip_regex=None, packages_start=None, packages_end=None, allow_overriding=[], cmake_args=None, cmake_target=None, cmake_target_skip_unavailable=False, cmake_clean_cache=False, cmake_clean_first=False, cmake_force_configure=False, ament_cmake_args=None, catkin_cmake_args=None, catkin_skip_building_tests=False, verb_parser=<colcon_defaults.argument_parser.defaults.DefaultArgumentsDecorator object at 0xffffa60d8850>, verb_extension=<colcon_core.verb.build.BuildVerb object at 0xffffa61f1450>, main=<bound method BuildVerb.main of <colcon_core.verb.build.BuildVerb object at 0xffffa61f1450>>)
[1.624s] Level 1:colcon.colcon_core.package_discovery:discover_packages(colcon_meta) check parameters
[1.625s] Level 1:colcon.colcon_core.package_discovery:discover_packages(recursive) check parameters
[1.625s] Level 1:colcon.colcon_core.package_discovery:discover_packages(ignore) check parameters
[1.625s] Level 1:colcon.colcon_core.package_discovery:discover_packages(path) check parameters
[1.626s] Level 1:colcon.colcon_core.package_discovery:discover_packages(colcon_meta) discover
[1.626s] Level 1:colcon.colcon_core.package_discovery:discover_packages(recursive) discover
[1.626s] INFO:colcon.colcon_core.package_discovery:Crawling recursively for packages in '/home/sr/sr_ws'
[1.627s] Level 1:colcon.colcon_core.package_identification:_identify(.) by extensions ['ignore', 'ignore_ament_install']
[1.627s] Level 1:colcon.colcon_core.package_identification:_identify(.) by extension 'ignore'
[1.628s] Level 1:colcon.colcon_core.package_identification:_identify(.) by extension 'ignore_ament_install'
[1.628s] Level 1:colcon.colcon_core.package_identification:_identify(.) by extensions ['colcon_pkg']
[1.628s] Level 1:colcon.colcon_core.package_identification:_identify(.) by extension 'colcon_pkg'
[1.629s] Level 1:colcon.colcon_core.package_identification:_identify(.) by extensions ['colcon_meta']
[1.629s] Level 1:colcon.colcon_core.package_identification:_identify(.) by extension 'colcon_meta'
[1.629s] Level 1:colcon.colcon_core.package_identification:_identify(.) by extensions ['ros']
[1.630s] Level 1:colcon.colcon_core.package_identification:_identify(.) by extension 'ros'
[1.688s] Level 1:colcon.colcon_core.package_identification:_identify(.) by extensions ['cmake', 'python']
[1.688s] Level 1:colcon.colcon_core.package_identification:_identify(.) by extension 'cmake'
[1.689s] Level 1:colcon.colcon_core.package_identification:_identify(.) by extension 'python'
[1.689s] Level 1:colcon.colcon_core.package_identification:_identify(.) by extensions ['python_setup_py']
[1.689s] Level 1:colcon.colcon_core.package_identification:_identify(.) by extension 'python_setup_py'
[1.690s] Level 1:colcon.colcon_core.package_identification:_identify(build) by extensions ['ignore', 'ignore_ament_install']
[1.691s] Level 1:colcon.colcon_core.package_identification:_identify(build) by extension 'ignore'
[1.691s] Level 1:colcon.colcon_core.package_identification:_identify(build) ignored
[1.692s] Level 1:colcon.colcon_core.package_identification:_identify(install) by extensions ['ignore', 'ignore_ament_install']
[1.693s] Level 1:colcon.colcon_core.package_identification:_identify(install) by extension 'ignore'
[1.693s] Level 1:colcon.colcon_core.package_identification:_identify(install) ignored
[1.694s] Level 1:colcon.colcon_core.package_identification:_identify(log) by extensions ['ignore', 'ignore_ament_install']
[1.695s] Level 1:colcon.colcon_core.package_identification:_identify(log) by extension 'ignore'
[1.695s] Level 1:colcon.colcon_core.package_identification:_identify(log) ignored
[1.696s] Level 1:colcon.colcon_core.package_identification:_identify(src) by extensions ['ignore', 'ignore_ament_install']
[1.696s] Level 1:colcon.colcon_core.package_identification:_identify(src) by extension 'ignore'
[1.697s] Level 1:colcon.colcon_core.package_identification:_identify(src) by extension 'ignore_ament_install'
[1.697s] Level 1:colcon.colcon_core.package_identification:_identify(src) by extensions ['colcon_pkg']
[1.697s] Level 1:colcon.colcon_core.package_identification:_identify(src) by extension 'colcon_pkg'
[1.698s] Level 1:colcon.colcon_core.package_identification:_identify(src) by extensions ['colcon_meta']
[1.698s] Level 1:colcon.colcon_core.package_identification:_identify(src) by extension 'colcon_meta'
[1.698s] Level 1:colcon.colcon_core.package_identification:_identify(src) by extensions ['ros']
[1.699s] Level 1:colcon.colcon_core.package_identification:_identify(src) by extension 'ros'
[1.699s] Level 1:colcon.colcon_core.package_identification:_identify(src) by extensions ['cmake', 'python']
[1.699s] Level 1:colcon.colcon_core.package_identification:_identify(src) by extension 'cmake'
[1.700s] Level 1:colcon.colcon_core.package_identification:_identify(src) by extension 'python'
[1.700s] Level 1:colcon.colcon_core.package_identification:_identify(src) by extensions ['python_setup_py']
[1.700s] Level 1:colcon.colcon_core.package_identification:_identify(src) by extension 'python_setup_py'
[1.701s] Level 1:colcon.colcon_core.package_identification:_identify(src/control_robot) by extensions ['ignore', 'ignore_ament_install']
[1.702s] Level 1:colcon.colcon_core.package_identification:_identify(src/control_robot) by extension 'ignore'
[1.702s] Level 1:colcon.colcon_core.package_identification:_identify(src/control_robot) by extension 'ignore_ament_install'
[1.703s] Level 1:colcon.colcon_core.package_identification:_identify(src/control_robot) by extensions ['colcon_pkg']
[1.703s] Level 1:colcon.colcon_core.package_identification:_identify(src/control_robot) by extension 'colcon_pkg'
[1.703s] Level 1:colcon.colcon_core.package_identification:_identify(src/control_robot) by extensions ['colcon_meta']
[1.704s] Level 1:colcon.colcon_core.package_identification:_identify(src/control_robot) by extension 'colcon_meta'
[1.704s] Level 1:colcon.colcon_core.package_identification:_identify(src/control_robot) by extensions ['ros']
[1.704s] Level 1:colcon.colcon_core.package_identification:_identify(src/control_robot) by extension 'ros'
[1.715s] DEBUG:colcon.colcon_core.package_identification:Package 'src/control_robot' with type 'ros.ament_cmake' and name 'control_robot'
[1.716s] Level 1:colcon.colcon_core.package_identification:_identify(src/sf_robot_description) by extensions ['ignore', 'ignore_ament_install']
[1.716s] Level 1:colcon.colcon_core.package_identification:_identify(src/sf_robot_description) by extension 'ignore'
[1.717s] Level 1:colcon.colcon_core.package_identification:_identify(src/sf_robot_description) by extension 'ignore_ament_install'
[1.717s] Level 1:colcon.colcon_core.package_identification:_identify(src/sf_robot_description) by extensions ['colcon_pkg']
[1.717s] Level 1:colcon.colcon_core.package_identification:_identify(src/sf_robot_description) by extension 'colcon_pkg'
[1.717s] Level 1:colcon.colcon_core.package_identification:_identify(src/sf_robot_description) by extensions ['colcon_meta']
[1.718s] Level 1:colcon.colcon_core.package_identification:_identify(src/sf_robot_description) by extension 'colcon_meta'
[1.718s] Level 1:colcon.colcon_core.package_identification:_identify(src/sf_robot_description) by extensions ['ros']
[1.718s] Level 1:colcon.colcon_core.package_identification:_identify(src/sf_robot_description) by extension 'ros'
[1.720s] DEBUG:colcon.colcon_core.package_identification:Package 'src/sf_robot_description' with type 'ros.ament_cmake' and name 'sf_robot_description'
[1.720s] Level 1:colcon.colcon_core.package_discovery:discover_packages(recursive) using defaults
[1.721s] Level 1:colcon.colcon_core.package_discovery:discover_packages(ignore) discover
[1.721s] Level 1:colcon.colcon_core.package_discovery:discover_packages(ignore) using defaults
[1.721s] Level 1:colcon.colcon_core.package_discovery:discover_packages(path) discover
[1.721s] Level 1:colcon.colcon_core.package_discovery:discover_packages(path) using defaults
[1.808s] Level 1:colcon.colcon_core.package_discovery:discover_packages(prefix_path) check parameters
[1.808s] Level 1:colcon.colcon_core.package_discovery:discover_packages(prefix_path) discover
[1.831s] DEBUG:colcon.colcon_installed_package_information.package_discovery:Found 319 installed packages in /opt/ros/humble
[1.876s] Level 1:colcon.colcon_core.package_discovery:discover_packages(prefix_path) using defaults
[2.091s] Level 5:colcon.colcon_core.verb:set package 'control_robot' build argument 'cmake_args' from command line to 'None'
[2.092s] Level 5:colcon.colcon_core.verb:set package 'control_robot' build argument 'cmake_target' from command line to 'None'
[2.092s] Level 5:colcon.colcon_core.verb:set package 'control_robot' build argument 'cmake_target_skip_unavailable' from command line to 'False'
[2.092s] Level 5:colcon.colcon_core.verb:set package 'control_robot' build argument 'cmake_clean_cache' from command line to 'False'
[2.092s] Level 5:colcon.colcon_core.verb:set package 'control_robot' build argument 'cmake_clean_first' from command line to 'False'
[2.092s] Level 5:colcon.colcon_core.verb:set package 'control_robot' build argument 'cmake_force_configure' from command line to 'False'
[2.092s] Level 5:colcon.colcon_core.verb:set package 'control_robot' build argument 'ament_cmake_args' from command line to 'None'
[2.092s] Level 5:colcon.colcon_core.verb:set package 'control_robot' build argument 'catkin_cmake_args' from command line to 'None'
[2.092s] Level 5:colcon.colcon_core.verb:set package 'control_robot' build argument 'catkin_skip_building_tests' from command line to 'False'
[2.093s] DEBUG:colcon.colcon_core.verb:Building package 'control_robot' with the following arguments: {'ament_cmake_args': None, 'build_base': '/home/sr/sr_ws/build/control_robot', 'catkin_cmake_args': None, 'catkin_skip_building_tests': False, 'cmake_args': None, 'cmake_clean_cache': False, 'cmake_clean_first': False, 'cmake_force_configure': False, 'cmake_target': None, 'cmake_target_skip_unavailable': False, 'install_base': '/home/sr/sr_ws/install/control_robot', 'merge_install': False, 'path': '/home/sr/sr_ws/src/control_robot', 'symlink_install': False, 'test_result_base': None}
[2.094s] Level 5:colcon.colcon_core.verb:set package 'sf_robot_description' build argument 'cmake_args' from command line to 'None'
[2.095s] Level 5:colcon.colcon_core.verb:set package 'sf_robot_description' build argument 'cmake_target' from command line to 'None'
[2.095s] Level 5:colcon.colcon_core.verb:set package 'sf_robot_description' build argument 'cmake_target_skip_unavailable' from command line to 'False'
[2.095s] Level 5:colcon.colcon_core.verb:set package 'sf_robot_description' build argument 'cmake_clean_cache' from command line to 'False'
[2.095s] Level 5:colcon.colcon_core.verb:set package 'sf_robot_description' build argument 'cmake_clean_first' from command line to 'False'
[2.095s] Level 5:colcon.colcon_core.verb:set package 'sf_robot_description' build argument 'cmake_force_configure' from command line to 'False'
[2.095s] Level 5:colcon.colcon_core.verb:set package 'sf_robot_description' build argument 'ament_cmake_args' from command line to 'None'
[2.095s] Level 5:colcon.colcon_core.verb:set package 'sf_robot_description' build argument 'catkin_cmake_args' from command line to 'None'
[2.096s] Level 5:colcon.colcon_core.verb:set package 'sf_robot_description' build argument 'catkin_skip_building_tests' from command line to 'False'
[2.096s] DEBUG:colcon.colcon_core.verb:Building package 'sf_robot_description' with the following arguments: {'ament_cmake_args': None, 'build_base': '/home/sr/sr_ws/build/sf_robot_description', 'catkin_cmake_args': None, 'catkin_skip_building_tests': False, 'cmake_args': None, 'cmake_clean_cache': False, 'cmake_clean_first': False, 'cmake_force_configure': False, 'cmake_target': None, 'cmake_target_skip_unavailable': False, 'install_base': '/home/sr/sr_ws/install/sf_robot_description', 'merge_install': False, 'path': '/home/sr/sr_ws/src/sf_robot_description', 'symlink_install': False, 'test_result_base': None}
[2.096s] INFO:colcon.colcon_core.executor:Executing jobs using 'parallel' executor
[2.100s] DEBUG:colcon.colcon_parallel_executor.executor.parallel:run_until_complete
[2.101s] INFO:colcon.colcon_ros.task.ament_cmake.build:Building ROS package in '/home/sr/sr_ws/src/control_robot' with build type 'ament_cmake'
[2.102s] INFO:colcon.colcon_cmake.task.cmake.build:Building CMake package in '/home/sr/sr_ws/src/control_robot'
[2.112s] INFO:colcon.colcon_core.plugin_system:Skipping extension 'colcon_core.shell.bat': Not used on non-Windows systems
[2.114s] INFO:colcon.colcon_core.shell:Skip shell extension 'powershell' for command environment: Not usable outside of PowerShell
[2.114s] DEBUG:colcon.colcon_core.shell:Skip shell extension 'dsv' for command environment
[2.134s] INFO:colcon.colcon_ros.task.ament_cmake.build:Building ROS package in '/home/sr/sr_ws/src/sf_robot_description' with build type 'ament_cmake'
[2.135s] INFO:colcon.colcon_cmake.task.cmake.build:Building CMake package in '/home/sr/sr_ws/src/sf_robot_description'
[2.136s] INFO:colcon.colcon_core.shell:Skip shell extension 'powershell' for command environment: Not usable outside of PowerShell
[2.137s] DEBUG:colcon.colcon_core.shell:Skip shell extension 'dsv' for command environment
[2.176s] DEBUG:colcon.colcon_core.event_handler.log_command:Invoking command in '/home/sr/sr_ws/build/control_robot': CMAKE_PREFIX_PATH=/opt/ros/humble /usr/bin/cmake --build /home/sr/sr_ws/build/control_robot -- -j4 -l4
[2.205s] DEBUG:colcon.colcon_core.event_handler.log_command:Invoking command in '/home/sr/sr_ws/build/sf_robot_description': CMAKE_PREFIX_PATH=/opt/ros/humble /usr/bin/cmake --build /home/sr/sr_ws/build/sf_robot_description -- -j4 -l4
[2.347s] DEBUG:colcon.colcon_core.event_handler.log_command:Invoked command in '/home/sr/sr_ws/build/control_robot' returned '0': CMAKE_PREFIX_PATH=/opt/ros/humble /usr/bin/cmake --build /home/sr/sr_ws/build/control_robot -- -j4 -l4
[2.364s] DEBUG:colcon.colcon_core.event_handler.log_command:Invoked command in '/home/sr/sr_ws/build/sf_robot_description' returned '0': CMAKE_PREFIX_PATH=/opt/ros/humble /usr/bin/cmake --build /home/sr/sr_ws/build/sf_robot_description -- -j4 -l4
[2.504s] DEBUG:colcon.colcon_core.event_handler.log_command:Invoking command in '/home/sr/sr_ws/build/control_robot': CMAKE_PREFIX_PATH=/opt/ros/humble /usr/bin/cmake --install /home/sr/sr_ws/build/control_robot
[2.520s] DEBUG:colcon.colcon_core.event_handler.log_command:Invoking command in '/home/sr/sr_ws/build/sf_robot_description': CMAKE_PREFIX_PATH=/opt/ros/humble /usr/bin/cmake --install /home/sr/sr_ws/build/sf_robot_description
[2.555s] Level 1:colcon.colcon_core.environment:create_environment_scripts_only(control_robot)
[2.575s] DEBUG:colcon.colcon_core.event_handler.log_command:Invoked command in '/home/sr/sr_ws/build/control_robot' returned '0': CMAKE_PREFIX_PATH=/opt/ros/humble /usr/bin/cmake --install /home/sr/sr_ws/build/control_robot
[2.586s] Level 1:colcon.colcon_core.environment:checking '/home/sr/sr_ws/install/control_robot' for CMake module files
[2.590s] Level 1:colcon.colcon_core.environment:checking '/home/sr/sr_ws/install/control_robot' for CMake config files
[2.591s] Level 1:colcon.colcon_core.shell:create_environment_hook('control_robot', 'cmake_prefix_path')
[2.592s] INFO:colcon.colcon_core.shell:Creating environment hook '/home/sr/sr_ws/install/control_robot/share/control_robot/hook/cmake_prefix_path.ps1'
[2.595s] INFO:colcon.colcon_core.shell:Creating environment descriptor '/home/sr/sr_ws/install/control_robot/share/control_robot/hook/cmake_prefix_path.dsv'
[2.597s] INFO:colcon.colcon_core.shell:Creating environment hook '/home/sr/sr_ws/install/control_robot/share/control_robot/hook/cmake_prefix_path.sh'
[2.602s] Level 1:colcon.colcon_core.environment:checking '/home/sr/sr_ws/install/control_robot/bin'
[2.602s] Level 1:colcon.colcon_core.environment:checking '/home/sr/sr_ws/install/control_robot/lib/pkgconfig/control_robot.pc'
[2.603s] Level 1:colcon.colcon_core.environment:checking '/home/sr/sr_ws/install/control_robot/lib/python3.10/site-packages'
[2.604s] Level 1:colcon.colcon_core.environment:checking '/home/sr/sr_ws/install/control_robot/bin'
[2.606s] INFO:colcon.colcon_core.shell:Creating package script '/home/sr/sr_ws/install/control_robot/share/control_robot/package.ps1'
[2.609s] INFO:colcon.colcon_core.shell:Creating package descriptor '/home/sr/sr_ws/install/control_robot/share/control_robot/package.dsv'
[2.612s] INFO:colcon.colcon_core.shell:Creating package script '/home/sr/sr_ws/install/control_robot/share/control_robot/package.sh'
[2.616s] INFO:colcon.colcon_core.shell:Creating package script '/home/sr/sr_ws/install/control_robot/share/control_robot/package.bash'
[2.620s] INFO:colcon.colcon_core.shell:Creating package script '/home/sr/sr_ws/install/control_robot/share/control_robot/package.zsh'
[2.624s] Level 1:colcon.colcon_core.environment:create_file_with_runtime_dependencies(/home/sr/sr_ws/install/control_robot/share/colcon-core/packages/control_robot)
[2.633s] Level 1:colcon.colcon_core.environment:create_environment_scripts_only(sf_robot_description)
[2.634s] Level 1:colcon.colcon_core.environment:checking '/home/sr/sr_ws/install/sf_robot_description' for CMake module files
[2.637s] DEBUG:colcon.colcon_core.event_handler.log_command:Invoked command in '/home/sr/sr_ws/build/sf_robot_description' returned '0': CMAKE_PREFIX_PATH=/opt/ros/humble /usr/bin/cmake --install /home/sr/sr_ws/build/sf_robot_description
[2.640s] Level 1:colcon.colcon_core.environment:checking '/home/sr/sr_ws/install/sf_robot_description' for CMake config files
[2.641s] Level 1:colcon.colcon_core.shell:create_environment_hook('sf_robot_description', 'cmake_prefix_path')
[2.642s] INFO:colcon.colcon_core.shell:Creating environment hook '/home/sr/sr_ws/install/sf_robot_description/share/sf_robot_description/hook/cmake_prefix_path.ps1'
[2.645s] INFO:colcon.colcon_core.shell:Creating environment descriptor '/home/sr/sr_ws/install/sf_robot_description/share/sf_robot_description/hook/cmake_prefix_path.dsv'
[2.647s] INFO:colcon.colcon_core.shell:Creating environment hook '/home/sr/sr_ws/install/sf_robot_description/share/sf_robot_description/hook/cmake_prefix_path.sh'
[2.651s] Level 1:colcon.colcon_core.environment:checking '/home/sr/sr_ws/install/sf_robot_description/bin'
[2.652s] Level 1:colcon.colcon_core.environment:checking '/home/sr/sr_ws/install/sf_robot_description/lib/pkgconfig/sf_robot_description.pc'
[2.653s] Level 1:colcon.colcon_core.environment:checking '/home/sr/sr_ws/install/sf_robot_description/lib/python3.10/site-packages'
[2.654s] Level 1:colcon.colcon_core.environment:checking '/home/sr/sr_ws/install/sf_robot_description/bin'
[2.656s] INFO:colcon.colcon_core.shell:Creating package script '/home/sr/sr_ws/install/sf_robot_description/share/sf_robot_description/package.ps1'
[2.658s] INFO:colcon.colcon_core.shell:Creating package descriptor '/home/sr/sr_ws/install/sf_robot_description/share/sf_robot_description/package.dsv'
[2.661s] INFO:colcon.colcon_core.shell:Creating package script '/home/sr/sr_ws/install/sf_robot_description/share/sf_robot_description/package.sh'
[2.663s] INFO:colcon.colcon_core.shell:Creating package script '/home/sr/sr_ws/install/sf_robot_description/share/sf_robot_description/package.bash'
[2.666s] INFO:colcon.colcon_core.shell:Creating package script '/home/sr/sr_ws/install/sf_robot_description/share/sf_robot_description/package.zsh'
[2.668s] Level 1:colcon.colcon_core.environment:create_file_with_runtime_dependencies(/home/sr/sr_ws/install/sf_robot_description/share/colcon-core/packages/sf_robot_description)
[2.745s] Level 1:colcon.colcon_core.environment:create_environment_scripts_only(control_robot)
[2.746s] Level 1:colcon.colcon_core.environment:checking '/home/sr/sr_ws/install/control_robot' for CMake module files
[2.750s] Level 1:colcon.colcon_core.environment:checking '/home/sr/sr_ws/install/control_robot' for CMake config files
[2.751s] Level 1:colcon.colcon_core.shell:create_environment_hook('control_robot', 'cmake_prefix_path')
[2.753s] INFO:colcon.colcon_core.shell:Creating environment hook '/home/sr/sr_ws/install/control_robot/share/control_robot/hook/cmake_prefix_path.ps1'
[2.755s] INFO:colcon.colcon_core.shell:Creating environment descriptor '/home/sr/sr_ws/install/control_robot/share/control_robot/hook/cmake_prefix_path.dsv'
[2.757s] INFO:colcon.colcon_core.shell:Creating environment hook '/home/sr/sr_ws/install/control_robot/share/control_robot/hook/cmake_prefix_path.sh'
[2.760s] Level 1:colcon.colcon_core.environment:checking '/home/sr/sr_ws/install/control_robot/bin'
[2.761s] Level 1:colcon.colcon_core.environment:checking '/home/sr/sr_ws/install/control_robot/lib/pkgconfig/control_robot.pc'
[2.762s] Level 1:colcon.colcon_core.environment:checking '/home/sr/sr_ws/install/control_robot/lib/python3.10/site-packages'
[2.763s] Level 1:colcon.colcon_core.environment:checking '/home/sr/sr_ws/install/control_robot/bin'
[2.765s] INFO:colcon.colcon_core.shell:Creating package script '/home/sr/sr_ws/install/control_robot/share/control_robot/package.ps1'
[2.768s] INFO:colcon.colcon_core.shell:Creating package descriptor '/home/sr/sr_ws/install/control_robot/share/control_robot/package.dsv'
[2.770s] INFO:colcon.colcon_core.shell:Creating package script '/home/sr/sr_ws/install/control_robot/share/control_robot/package.sh'
[2.773s] INFO:colcon.colcon_core.shell:Creating package script '/home/sr/sr_ws/install/control_robot/share/control_robot/package.bash'
[2.775s] INFO:colcon.colcon_core.shell:Creating package script '/home/sr/sr_ws/install/control_robot/share/control_robot/package.zsh'
[2.778s] Level 1:colcon.colcon_core.environment:create_file_with_runtime_dependencies(/home/sr/sr_ws/install/control_robot/share/colcon-core/packages/control_robot)
[2.789s] Level 1:colcon.colcon_core.environment:create_environment_scripts_only(sf_robot_description)
[2.790s] Level 1:colcon.colcon_core.environment:checking '/home/sr/sr_ws/install/sf_robot_description' for CMake module files
[2.794s] Level 1:colcon.colcon_core.environment:checking '/home/sr/sr_ws/install/sf_robot_description' for CMake config files
[2.795s] Level 1:colcon.colcon_core.shell:create_environment_hook('sf_robot_description', 'cmake_prefix_path')
[2.796s] INFO:colcon.colcon_core.shell:Creating environment hook '/home/sr/sr_ws/install/sf_robot_description/share/sf_robot_description/hook/cmake_prefix_path.ps1'
[2.799s] INFO:colcon.colcon_core.shell:Creating environment descriptor '/home/sr/sr_ws/install/sf_robot_description/share/sf_robot_description/hook/cmake_prefix_path.dsv'
[2.802s] INFO:colcon.colcon_core.shell:Creating environment hook '/home/sr/sr_ws/install/sf_robot_description/share/sf_robot_description/hook/cmake_prefix_path.sh'
[2.806s] Level 1:colcon.colcon_core.environment:checking '/home/sr/sr_ws/install/sf_robot_description/bin'
[2.806s] Level 1:colcon.colcon_core.environment:checking '/home/sr/sr_ws/install/sf_robot_description/lib/pkgconfig/sf_robot_description.pc'
[2.807s] Level 1:colcon.colcon_core.environment:checking '/home/sr/sr_ws/install/sf_robot_description/lib/python3.10/site-packages'
[2.808s] Level 1:colcon.colcon_core.environment:checking '/home/sr/sr_ws/install/sf_robot_description/bin'
[2.809s] INFO:colcon.colcon_core.shell:Creating package script '/home/sr/sr_ws/install/sf_robot_description/share/sf_robot_description/package.ps1'
[2.812s] INFO:colcon.colcon_core.shell:Creating package descriptor '/home/sr/sr_ws/install/sf_robot_description/share/sf_robot_description/package.dsv'
[2.814s] INFO:colcon.colcon_core.shell:Creating package script '/home/sr/sr_ws/install/sf_robot_description/share/sf_robot_description/package.sh'
[2.817s] INFO:colcon.colcon_core.shell:Creating package script '/home/sr/sr_ws/install/sf_robot_description/share/sf_robot_description/package.bash'
[2.819s] INFO:colcon.colcon_core.shell:Creating package script '/home/sr/sr_ws/install/sf_robot_description/share/sf_robot_description/package.zsh'
[2.821s] Level 1:colcon.colcon_core.environment:create_file_with_runtime_dependencies(/home/sr/sr_ws/install/sf_robot_description/share/colcon-core/packages/sf_robot_description)
[2.822s] DEBUG:colcon.colcon_parallel_executor.executor.parallel:closing loop
[2.824s] DEBUG:colcon.colcon_parallel_executor.executor.parallel:loop closed
[2.824s] DEBUG:colcon.colcon_parallel_executor.executor.parallel:run_until_complete finished with '0'
[2.825s] DEBUG:colcon.colcon_core.event_reactor:joining thread
[2.849s] INFO:colcon.colcon_core.plugin_system:Skipping extension 'colcon_notification.desktop_notification.terminal_notifier': Not used on non-Darwin systems
[2.850s] INFO:colcon.colcon_core.plugin_system:Skipping extension 'colcon_notification.desktop_notification.win32': Not used on non-Windows systems
[2.850s] INFO:colcon.colcon_notification.desktop_notification:Sending desktop notification using 'notify2'
[2.856s] DEBUG:colcon.colcon_notification.desktop_notification.notify2:Failed to initialize notify2: org.freedesktop.DBus.Error.ServiceUnknown: The name org.freedesktop.Notifications was not provided by any .service files
[2.856s] DEBUG:colcon.colcon_core.event_reactor:joined thread
[2.857s] INFO:colcon.colcon_core.shell:Creating prefix script '/home/sr/sr_ws/install/local_setup.ps1'
[2.862s] INFO:colcon.colcon_core.shell:Creating prefix util module '/home/sr/sr_ws/install/_local_setup_util_ps1.py'
[2.869s] INFO:colcon.colcon_core.shell:Creating prefix chain script '/home/sr/sr_ws/install/setup.ps1'
[2.873s] INFO:colcon.colcon_core.shell:Creating prefix script '/home/sr/sr_ws/install/local_setup.sh'
[2.876s] INFO:colcon.colcon_core.shell:Creating prefix util module '/home/sr/sr_ws/install/_local_setup_util_sh.py'
[2.879s] INFO:colcon.colcon_core.shell:Creating prefix chain script '/home/sr/sr_ws/install/setup.sh'
[2.883s] INFO:colcon.colcon_core.shell:Creating prefix script '/home/sr/sr_ws/install/local_setup.bash'
[2.886s] INFO:colcon.colcon_core.shell:Creating prefix chain script '/home/sr/sr_ws/install/setup.bash'
[2.890s] INFO:colcon.colcon_core.shell:Creating prefix script '/home/sr/sr_ws/install/local_setup.zsh'
[2.893s] INFO:colcon.colcon_core.shell:Creating prefix chain script '/home/sr/sr_ws/install/setup.zsh'
