[4.860s] Invoking command in '/home/sr/sr_ws/src/controller_manager/ros2controlcli': AMENT_PREFIX_PATH=/home/sr/sr_ws/install/controller_manager:/home/sr/sr_ws/install/controller_interface:/home/sr/sr_ws/install/hardware_interface:/home/sr/sr_ws/install/ros2_control_test_assets:/home/sr/sr_ws/install/controller_manager_msgs:${AMENT_PREFIX_PATH} CMAKE_PREFIX_PATH=/home/sr/sr_ws/install/controller_manager:/home/sr/sr_ws/install/controller_interface:/home/sr/sr_ws/install/hardware_interface:/home/sr/sr_ws/install/ros2_control_test_assets:/home/sr/sr_ws/install/controller_manager_msgs LD_LIBRARY_PATH=/home/sr/sr_ws/install/controller_manager/lib:/home/sr/sr_ws/install/controller_interface/lib:/home/sr/sr_ws/install/hardware_interface/lib:/home/sr/sr_ws/install/controller_manager_msgs/lib:${LD_LIBRARY_PATH} PYTHONPATH=/home/sr/sr_ws/build/ros2controlcli/prefix_override:/home/sr/sr_ws/install/ros2controlcli/lib/python3.10/site-packages:/home/sr/sr_ws/install/controller_manager/local/lib/python3.10/dist-packages:/home/sr/sr_ws/install/controller_manager_msgs/local/lib/python3.10/dist-packages:${PYTHONPATH} /usr/bin/python3 -W ignore:setup.py install is deprecated setup.py egg_info --egg-base ../../../build/ros2controlcli build --build-base /home/sr/sr_ws/build/ros2controlcli/build install --record /home/sr/sr_ws/build/ros2controlcli/install.log --single-version-externally-managed install_data
[6.289s] running egg_info
[6.292s] writing ../../../build/ros2controlcli/ros2controlcli.egg-info/PKG-INFO
[6.294s] writing dependency_links to ../../../build/ros2controlcli/ros2controlcli.egg-info/dependency_links.txt
[6.295s] writing entry points to ../../../build/ros2controlcli/ros2controlcli.egg-info/entry_points.txt
[6.296s] writing requirements to ../../../build/ros2controlcli/ros2controlcli.egg-info/requires.txt
[6.297s] writing top-level names to ../../../build/ros2controlcli/ros2controlcli.egg-info/top_level.txt
[6.308s] reading manifest file '../../../build/ros2controlcli/ros2controlcli.egg-info/SOURCES.txt'
[6.315s] writing manifest file '../../../build/ros2controlcli/ros2controlcli.egg-info/SOURCES.txt'
[6.316s] running build
[6.317s] running build_py
[6.326s] running install
[6.327s] running install_lib
[6.341s] running install_data
[6.342s] running install_egg_info
[6.350s] removing '/home/sr/sr_ws/install/ros2controlcli/lib/python3.10/site-packages/ros2controlcli-2.40.0-py3.10.egg-info' (and everything under it)
[6.353s] Copying ../../../build/ros2controlcli/ros2controlcli.egg-info to /home/sr/sr_ws/install/ros2controlcli/lib/python3.10/site-packages/ros2controlcli-2.40.0-py3.10.egg-info
[6.365s] running install_scripts
[6.467s] writing list of installed files to '/home/sr/sr_ws/build/ros2controlcli/install.log'
[6.623s] Invoked command in '/home/sr/sr_ws/src/controller_manager/ros2controlcli' returned '0': AMENT_PREFIX_PATH=/home/sr/sr_ws/install/controller_manager:/home/sr/sr_ws/install/controller_interface:/home/sr/sr_ws/install/hardware_interface:/home/sr/sr_ws/install/ros2_control_test_assets:/home/sr/sr_ws/install/controller_manager_msgs:${AMENT_PREFIX_PATH} CMAKE_PREFIX_PATH=/home/sr/sr_ws/install/controller_manager:/home/sr/sr_ws/install/controller_interface:/home/sr/sr_ws/install/hardware_interface:/home/sr/sr_ws/install/ros2_control_test_assets:/home/sr/sr_ws/install/controller_manager_msgs LD_LIBRARY_PATH=/home/sr/sr_ws/install/controller_manager/lib:/home/sr/sr_ws/install/controller_interface/lib:/home/sr/sr_ws/install/hardware_interface/lib:/home/sr/sr_ws/install/controller_manager_msgs/lib:${LD_LIBRARY_PATH} PYTHONPATH=/home/sr/sr_ws/build/ros2controlcli/prefix_override:/home/sr/sr_ws/install/ros2controlcli/lib/python3.10/site-packages:/home/sr/sr_ws/install/controller_manager/local/lib/python3.10/dist-packages:/home/sr/sr_ws/install/controller_manager_msgs/local/lib/python3.10/dist-packages:${PYTHONPATH} /usr/bin/python3 -W ignore:setup.py install is deprecated setup.py egg_info --egg-base ../../../build/ros2controlcli build --build-base /home/sr/sr_ws/build/ros2controlcli/build install --record /home/sr/sr_ws/build/ros2controlcli/install.log --single-version-externally-managed install_data
