[0.073s] Invoking command in '/home/sr/sr_ws/build/control_robot': CMAKE_PREFIX_PATH=/opt/ros/humble /usr/bin/cmake /home/sr/sr_ws/src/control_robot -DCMAKE_INSTALL_PREFIX=/home/sr/sr_ws/install/control_robot
[0.367s] -- The C compiler identification is GNU 11.4.0
[0.666s] -- The CXX compiler identification is GNU 11.4.0
[0.700s] -- Detecting C compiler ABI info
[1.058s] -- Detecting C compiler ABI info - done
[1.089s] -- Check for working C compiler: /usr/bin/cc - skipped
[1.090s] -- Detecting C compile features
[1.092s] -- Detecting C compile features - done
[1.104s] -- Detecting CXX compiler ABI info
[1.507s] -- Detecting CXX compiler ABI info - done
[1.539s] -- Check for working CXX compiler: /usr/bin/c++ - skipped
[1.539s] -- Detecting CXX compile features
[1.541s] -- Detecting CXX compile features - done
[1.573s] -- Found ament_cmake: 1.3.8 (/opt/ros/humble/share/ament_cmake/cmake)
[2.391s] -- Found Python3: /usr/bin/python3 (found version "3.10.12") found components: Interpreter 
[3.354s] -- Configuring done
[3.375s] -- Generating done
[3.380s] -- Build files have been written to: /home/sr/sr_ws/build/control_robot
[3.396s] Invoked command in '/home/sr/sr_ws/build/control_robot' returned '0': CMAKE_PREFIX_PATH=/opt/ros/humble /usr/bin/cmake /home/sr/sr_ws/src/control_robot -DCMAKE_INSTALL_PREFIX=/home/sr/sr_ws/install/control_robot
[3.406s] Invoking command in '/home/sr/sr_ws/build/control_robot': CMAKE_PREFIX_PATH=/opt/ros/humble /usr/bin/cmake --build /home/sr/sr_ws/build/control_robot -- -j4 -l4
[3.571s] Invoked command in '/home/sr/sr_ws/build/control_robot' returned '0': CMAKE_PREFIX_PATH=/opt/ros/humble /usr/bin/cmake --build /home/sr/sr_ws/build/control_robot -- -j4 -l4
[3.697s] Invoking command in '/home/sr/sr_ws/build/control_robot': CMAKE_PREFIX_PATH=/opt/ros/humble /usr/bin/cmake --install /home/sr/sr_ws/build/control_robot
[3.729s] -- Install configuration: ""
[3.730s] -- Installing: /home/sr/sr_ws/install/control_robot/share/control_robot//launch
[3.731s] -- Installing: /home/sr/sr_ws/install/control_robot/share/ament_index/resource_index/package_run_dependencies/control_robot
[3.733s] -- Installing: /home/sr/sr_ws/install/control_robot/share/ament_index/resource_index/parent_prefix_path/control_robot
[3.735s] -- Installing: /home/sr/sr_ws/install/control_robot/share/control_robot/environment/ament_prefix_path.sh
[3.736s] -- Installing: /home/sr/sr_ws/install/control_robot/share/control_robot/environment/ament_prefix_path.dsv
[3.737s] -- Installing: /home/sr/sr_ws/install/control_robot/share/control_robot/environment/path.sh
[3.739s] -- Installing: /home/sr/sr_ws/install/control_robot/share/control_robot/environment/path.dsv
[3.740s] -- Installing: /home/sr/sr_ws/install/control_robot/share/control_robot/local_setup.bash
[3.742s] -- Installing: /home/sr/sr_ws/install/control_robot/share/control_robot/local_setup.sh
[3.743s] -- Installing: /home/sr/sr_ws/install/control_robot/share/control_robot/local_setup.zsh
[3.744s] -- Installing: /home/sr/sr_ws/install/control_robot/share/control_robot/local_setup.dsv
[3.745s] -- Installing: /home/sr/sr_ws/install/control_robot/share/control_robot/package.dsv
[3.747s] -- Installing: /home/sr/sr_ws/install/control_robot/share/ament_index/resource_index/packages/control_robot
[3.748s] -- Installing: /home/sr/sr_ws/install/control_robot/share/control_robot/cmake/control_robotConfig.cmake
[3.749s] -- Installing: /home/sr/sr_ws/install/control_robot/share/control_robot/cmake/control_robotConfig-version.cmake
[3.751s] -- Installing: /home/sr/sr_ws/install/control_robot/share/control_robot/package.xml
[3.759s] Invoked command in '/home/sr/sr_ws/build/control_robot' returned '0': CMAKE_PREFIX_PATH=/opt/ros/humble /usr/bin/cmake --install /home/sr/sr_ws/build/control_robot
