[0.091s] Invoking command in '/home/sr/sr_ws/build/controller_interface': AMENT_PREFIX_PATH=/home/sr/sr_ws/install/hardware_interface:${AMENT_PREFIX_PATH} CMAKE_PREFIX_PATH=/home/sr/sr_ws/install/hardware_interface:/opt/ros/humble LD_LIBRARY_PATH=/home/sr/sr_ws/install/hardware_interface/lib:${LD_LIBRARY_PATH} /usr/bin/cmake --build /home/sr/sr_ws/build/controller_interface -- -j4 -l4
[0.445s] [  9%] Built target gmock_main
[0.552s] [ 23%] Built target gmock
[0.575s] [ 42%] Built target controller_interface
[0.914s] [ 52%] Built target test_semantic_component_interface
[0.924s] [ 61%] Built target test_force_torque_sensor
[0.950s] [ 71%] Built target test_controller_interface
[0.988s] [ 80%] Built target test_imu_sensor
[1.271s] [ 90%] Built target test_chainable_controller_interface
[1.289s] [100%] Built target test_controller_with_options
[1.355s] Invoked command in '/home/sr/sr_ws/build/controller_interface' returned '0': AMENT_PREFIX_PATH=/home/sr/sr_ws/install/hardware_interface:${AMENT_PREFIX_PATH} CMAKE_PREFIX_PATH=/home/sr/sr_ws/install/hardware_interface:/opt/ros/humble LD_LIBRARY_PATH=/home/sr/sr_ws/install/hardware_interface/lib:${LD_LIBRARY_PATH} /usr/bin/cmake --build /home/sr/sr_ws/build/controller_interface -- -j4 -l4
[1.720s] Invoking command in '/home/sr/sr_ws/build/controller_interface': AMENT_PREFIX_PATH=/home/sr/sr_ws/install/hardware_interface:${AMENT_PREFIX_PATH} CMAKE_PREFIX_PATH=/home/sr/sr_ws/install/hardware_interface:/opt/ros/humble LD_LIBRARY_PATH=/home/sr/sr_ws/install/hardware_interface/lib:${LD_LIBRARY_PATH} /usr/bin/cmake --install /home/sr/sr_ws/build/controller_interface
[1.770s] -- Install configuration: ""
[1.771s] -- Up-to-date: /home/sr/sr_ws/install/controller_interface/include
[1.771s] -- Up-to-date: /home/sr/sr_ws/install/controller_interface/include/semantic_components
[1.772s] -- Up-to-date: /home/sr/sr_ws/install/controller_interface/include/semantic_components/range_sensor.hpp
[1.772s] -- Up-to-date: /home/sr/sr_ws/install/controller_interface/include/semantic_components/force_torque_sensor.hpp
[1.773s] -- Up-to-date: /home/sr/sr_ws/install/controller_interface/include/semantic_components/semantic_component_interface.hpp
[1.773s] -- Up-to-date: /home/sr/sr_ws/install/controller_interface/include/semantic_components/imu_sensor.hpp
[1.774s] -- Up-to-date: /home/sr/sr_ws/install/controller_interface/include/controller_interface
[1.779s] -- Up-to-date: /home/sr/sr_ws/install/controller_interface/include/controller_interface/visibility_control.h
[1.779s] -- Up-to-date: /home/sr/sr_ws/install/controller_interface/include/controller_interface/controller_interface.hpp
[1.782s] -- Up-to-date: /home/sr/sr_ws/install/controller_interface/include/controller_interface/chainable_controller_interface.hpp
[1.782s] -- Up-to-date: /home/sr/sr_ws/install/controller_interface/include/controller_interface/helpers.hpp
[1.784s] -- Up-to-date: /home/sr/sr_ws/install/controller_interface/include/controller_interface/controller_interface_base.hpp
[1.788s] -- Up-to-date: /home/sr/sr_ws/install/controller_interface/lib/libcontroller_interface.so
[1.792s] -- Up-to-date: /home/sr/sr_ws/install/controller_interface/share/controller_interface/environment/library_path.sh
[1.792s] -- Up-to-date: /home/sr/sr_ws/install/controller_interface/share/controller_interface/environment/library_path.dsv
[1.795s] -- Up-to-date: /home/sr/sr_ws/install/controller_interface/share/ament_index/resource_index/package_run_dependencies/controller_interface
[1.796s] -- Up-to-date: /home/sr/sr_ws/install/controller_interface/share/ament_index/resource_index/parent_prefix_path/controller_interface
[1.798s] -- Up-to-date: /home/sr/sr_ws/install/controller_interface/share/controller_interface/environment/ament_prefix_path.sh
[1.800s] -- Up-to-date: /home/sr/sr_ws/install/controller_interface/share/controller_interface/environment/ament_prefix_path.dsv
[1.802s] -- Up-to-date: /home/sr/sr_ws/install/controller_interface/share/controller_interface/environment/path.sh
[1.804s] -- Up-to-date: /home/sr/sr_ws/install/controller_interface/share/controller_interface/environment/path.dsv
[1.806s] -- Up-to-date: /home/sr/sr_ws/install/controller_interface/share/controller_interface/local_setup.bash
[1.808s] -- Up-to-date: /home/sr/sr_ws/install/controller_interface/share/controller_interface/local_setup.sh
[1.810s] -- Up-to-date: /home/sr/sr_ws/install/controller_interface/share/controller_interface/local_setup.zsh
[1.812s] -- Up-to-date: /home/sr/sr_ws/install/controller_interface/share/controller_interface/local_setup.dsv
[1.814s] -- Installing: /home/sr/sr_ws/install/controller_interface/share/controller_interface/package.dsv
[1.819s] -- Up-to-date: /home/sr/sr_ws/install/controller_interface/share/ament_index/resource_index/packages/controller_interface
[1.820s] -- Up-to-date: /home/sr/sr_ws/install/controller_interface/share/controller_interface/cmake/ament_cmake_export_dependencies-extras.cmake
[1.822s] -- Up-to-date: /home/sr/sr_ws/install/controller_interface/share/controller_interface/cmake/ament_cmake_export_include_directories-extras.cmake
[1.825s] -- Up-to-date: /home/sr/sr_ws/install/controller_interface/share/controller_interface/cmake/ament_cmake_export_libraries-extras.cmake
[1.827s] -- Up-to-date: /home/sr/sr_ws/install/controller_interface/share/controller_interface/cmake/controller_interfaceConfig.cmake
[1.828s] -- Up-to-date: /home/sr/sr_ws/install/controller_interface/share/controller_interface/cmake/controller_interfaceConfig-version.cmake
[1.831s] -- Up-to-date: /home/sr/sr_ws/install/controller_interface/share/controller_interface/package.xml
[1.924s] Invoked command in '/home/sr/sr_ws/build/controller_interface' returned '0': AMENT_PREFIX_PATH=/home/sr/sr_ws/install/hardware_interface:${AMENT_PREFIX_PATH} CMAKE_PREFIX_PATH=/home/sr/sr_ws/install/hardware_interface:/opt/ros/humble LD_LIBRARY_PATH=/home/sr/sr_ws/install/hardware_interface/lib:${LD_LIBRARY_PATH} /usr/bin/cmake --install /home/sr/sr_ws/build/controller_interface
