[0.072s] Invoking command in '/home/sr/sr_ws/build/control_robot': CMAKE_PREFIX_PATH=/opt/ros/humble /usr/bin/cmake --build /home/sr/sr_ws/build/control_robot -- -j4 -l4
[0.243s] Invoked command in '/home/sr/sr_ws/build/control_robot' returned '0': CMAKE_PREFIX_PATH=/opt/ros/humble /usr/bin/cmake --build /home/sr/sr_ws/build/control_robot -- -j4 -l4
[0.400s] Invoking command in '/home/sr/sr_ws/build/control_robot': CMAKE_PREFIX_PATH=/opt/ros/humble /usr/bin/cmake --install /home/sr/sr_ws/build/control_robot
[0.435s] -- Install configuration: ""
[0.437s] -- Up-to-date: /home/sr/sr_ws/install/control_robot/share/control_robot//launch
[0.438s] -- Up-to-date: /home/sr/sr_ws/install/control_robot/share/control_robot//launch/display.launch.py
[0.439s] -- Up-to-date: /home/sr/sr_ws/install/control_robot/share/control_robot//launch/glovar.py
[0.439s] -- Up-to-date: /home/sr/sr_ws/install/control_robot/share/control_robot//launch/turn_on_robot.launch.py
[0.440s] -- Up-to-date: /home/sr/sr_ws/install/control_robot/share/control_robot//launch/keyboard_robot_node.py
[0.441s] -- Up-to-date: /home/sr/sr_ws/install/control_robot/share/ament_index/resource_index/package_run_dependencies/control_robot
[0.441s] -- Up-to-date: /home/sr/sr_ws/install/control_robot/share/ament_index/resource_index/parent_prefix_path/control_robot
[0.442s] -- Up-to-date: /home/sr/sr_ws/install/control_robot/share/control_robot/environment/ament_prefix_path.sh
[0.443s] -- Up-to-date: /home/sr/sr_ws/install/control_robot/share/control_robot/environment/ament_prefix_path.dsv
[0.443s] -- Up-to-date: /home/sr/sr_ws/install/control_robot/share/control_robot/environment/path.sh
[0.444s] -- Up-to-date: /home/sr/sr_ws/install/control_robot/share/control_robot/environment/path.dsv
[0.445s] -- Up-to-date: /home/sr/sr_ws/install/control_robot/share/control_robot/local_setup.bash
[0.446s] -- Up-to-date: /home/sr/sr_ws/install/control_robot/share/control_robot/local_setup.sh
[0.446s] -- Up-to-date: /home/sr/sr_ws/install/control_robot/share/control_robot/local_setup.zsh
[0.448s] -- Up-to-date: /home/sr/sr_ws/install/control_robot/share/control_robot/local_setup.dsv
[0.451s] -- Installing: /home/sr/sr_ws/install/control_robot/share/control_robot/package.dsv
[0.454s] -- Up-to-date: /home/sr/sr_ws/install/control_robot/share/ament_index/resource_index/packages/control_robot
[0.455s] -- Up-to-date: /home/sr/sr_ws/install/control_robot/share/control_robot/cmake/control_robotConfig.cmake
[0.456s] -- Up-to-date: /home/sr/sr_ws/install/control_robot/share/control_robot/cmake/control_robotConfig-version.cmake
[0.458s] -- Up-to-date: /home/sr/sr_ws/install/control_robot/share/control_robot/package.xml
[0.471s] Invoked command in '/home/sr/sr_ws/build/control_robot' returned '0': CMAKE_PREFIX_PATH=/opt/ros/humble /usr/bin/cmake --install /home/sr/sr_ws/build/control_robot
