[0.114s] Invoking command in '/home/sr/sr_ws/build/control_robot': CMAKE_PREFIX_PATH=/opt/ros/humble /usr/bin/cmake --build /home/sr/sr_ws/build/control_robot -- -j4 -l4
[0.361s] Invoked command in '/home/sr/sr_ws/build/control_robot' returned '0': CMAKE_PREFIX_PATH=/opt/ros/humble /usr/bin/cmake --build /home/sr/sr_ws/build/control_robot -- -j4 -l4
[0.531s] Invoking command in '/home/sr/sr_ws/build/control_robot': CMAKE_PREFIX_PATH=/opt/ros/humble /usr/bin/cmake --install /home/sr/sr_ws/build/control_robot
[0.569s] -- Install configuration: ""
[0.580s] -- Up-to-date: /home/sr/sr_ws/install/control_robot/share/control_robot//launch
[0.583s] -- Installing: /home/sr/sr_ws/install/control_robot/share/control_robot//launch/display.launch.py
[0.585s] -- Up-to-date: /home/sr/sr_ws/install/control_robot/share/control_robot//launch/glovar.py
[0.586s] -- Installing: /home/sr/sr_ws/install/control_robot/share/control_robot//launch/turn_on_robot.launch.py
[0.588s] -- Up-to-date: /home/sr/sr_ws/install/control_robot/share/control_robot//launch/keyboard_robot_node.py
[0.594s] -- Up-to-date: /home/sr/sr_ws/install/control_robot/share/ament_index/resource_index/package_run_dependencies/control_robot
[0.596s] -- Up-to-date: /home/sr/sr_ws/install/control_robot/share/ament_index/resource_index/parent_prefix_path/control_robot
[0.599s] -- Up-to-date: /home/sr/sr_ws/install/control_robot/share/control_robot/environment/ament_prefix_path.sh
[0.602s] -- Up-to-date: /home/sr/sr_ws/install/control_robot/share/control_robot/environment/ament_prefix_path.dsv
[0.603s] -- Up-to-date: /home/sr/sr_ws/install/control_robot/share/control_robot/environment/path.sh
[0.603s] -- Up-to-date: /home/sr/sr_ws/install/control_robot/share/control_robot/environment/path.dsv
[0.604s] -- Up-to-date: /home/sr/sr_ws/install/control_robot/share/control_robot/local_setup.bash
[0.605s] -- Up-to-date: /home/sr/sr_ws/install/control_robot/share/control_robot/local_setup.sh
[0.606s] -- Up-to-date: /home/sr/sr_ws/install/control_robot/share/control_robot/local_setup.zsh
[0.606s] -- Up-to-date: /home/sr/sr_ws/install/control_robot/share/control_robot/local_setup.dsv
[0.607s] -- Up-to-date: /home/sr/sr_ws/install/control_robot/share/control_robot/package.dsv
[0.608s] -- Up-to-date: /home/sr/sr_ws/install/control_robot/share/ament_index/resource_index/packages/control_robot
[0.609s] -- Up-to-date: /home/sr/sr_ws/install/control_robot/share/control_robot/cmake/control_robotConfig.cmake
[0.610s] -- Up-to-date: /home/sr/sr_ws/install/control_robot/share/control_robot/cmake/control_robotConfig-version.cmake
[0.610s] -- Up-to-date: /home/sr/sr_ws/install/control_robot/share/control_robot/package.xml
[0.623s] Invoked command in '/home/sr/sr_ws/build/control_robot' returned '0': CMAKE_PREFIX_PATH=/opt/ros/humble /usr/bin/cmake --install /home/sr/sr_ws/build/control_robot
