[5.789s] Invoking command in '/home/sr/sr_ws/src/controller_manager/rqt_controller_manager': AMENT_PREFIX_PATH=/home/sr/sr_ws/install/controller_manager:/home/sr/sr_ws/install/controller_interface:/home/sr/sr_ws/install/hardware_interface:/home/sr/sr_ws/install/ros2_control_test_assets:/home/sr/sr_ws/install/controller_manager_msgs:${AMENT_PREFIX_PATH} CMAKE_PREFIX_PATH=/home/sr/sr_ws/install/controller_manager:/home/sr/sr_ws/install/controller_interface:/home/sr/sr_ws/install/hardware_interface:/home/sr/sr_ws/install/ros2_control_test_assets:/home/sr/sr_ws/install/controller_manager_msgs LD_LIBRARY_PATH=/home/sr/sr_ws/install/controller_manager/lib:/home/sr/sr_ws/install/controller_interface/lib:/home/sr/sr_ws/install/hardware_interface/lib:/home/sr/sr_ws/install/controller_manager_msgs/lib:${LD_LIBRARY_PATH} PYTHONPATH=/home/sr/sr_ws/build/rqt_controller_manager/prefix_override:/home/sr/sr_ws/install/rqt_controller_manager/lib/python3.10/site-packages:/home/sr/sr_ws/install/controller_manager/local/lib/python3.10/dist-packages:/home/sr/sr_ws/install/controller_manager_msgs/local/lib/python3.10/dist-packages:${PYTHONPATH} /usr/bin/python3 -W ignore:setup.py install is deprecated setup.py egg_info --egg-base ../../../build/rqt_controller_manager build --build-base /home/sr/sr_ws/build/rqt_controller_manager/build install --record /home/sr/sr_ws/build/rqt_controller_manager/install.log --single-version-externally-managed install_data
[7.202s] running egg_info
[7.206s] creating ../../../build/rqt_controller_manager/rqt_controller_manager.egg-info
[7.208s] writing ../../../build/rqt_controller_manager/rqt_controller_manager.egg-info/PKG-INFO
[7.210s] writing dependency_links to ../../../build/rqt_controller_manager/rqt_controller_manager.egg-info/dependency_links.txt
[7.211s] writing entry points to ../../../build/rqt_controller_manager/rqt_controller_manager.egg-info/entry_points.txt
[7.212s] writing requirements to ../../../build/rqt_controller_manager/rqt_controller_manager.egg-info/requires.txt
[7.212s] writing top-level names to ../../../build/rqt_controller_manager/rqt_controller_manager.egg-info/top_level.txt
[7.213s] writing manifest file '../../../build/rqt_controller_manager/rqt_controller_manager.egg-info/SOURCES.txt'
[7.220s] reading manifest file '../../../build/rqt_controller_manager/rqt_controller_manager.egg-info/SOURCES.txt'
[7.227s] writing manifest file '../../../build/rqt_controller_manager/rqt_controller_manager.egg-info/SOURCES.txt'
[7.229s] running build
[7.229s] running build_py
[7.230s] creating /home/sr/sr_ws/build/rqt_controller_manager/build
[7.232s] creating /home/sr/sr_ws/build/rqt_controller_manager/build/lib
[7.233s] creating /home/sr/sr_ws/build/rqt_controller_manager/build/lib/rqt_controller_manager
[7.236s] copying rqt_controller_manager/update_combo.py -> /home/sr/sr_ws/build/rqt_controller_manager/build/lib/rqt_controller_manager
[7.237s] copying rqt_controller_manager/controller_manager.py -> /home/sr/sr_ws/build/rqt_controller_manager/build/lib/rqt_controller_manager
[7.239s] copying rqt_controller_manager/main.py -> /home/sr/sr_ws/build/rqt_controller_manager/build/lib/rqt_controller_manager
[7.241s] copying rqt_controller_manager/__init__.py -> /home/sr/sr_ws/build/rqt_controller_manager/build/lib/rqt_controller_manager
[7.243s] running install
[7.245s] running install_lib
[7.248s] creating /home/sr/sr_ws/install/rqt_controller_manager/lib/python3.10/site-packages/rqt_controller_manager
[7.249s] copying /home/sr/sr_ws/build/rqt_controller_manager/build/lib/rqt_controller_manager/update_combo.py -> /home/sr/sr_ws/install/rqt_controller_manager/lib/python3.10/site-packages/rqt_controller_manager
[7.250s] copying /home/sr/sr_ws/build/rqt_controller_manager/build/lib/rqt_controller_manager/controller_manager.py -> /home/sr/sr_ws/install/rqt_controller_manager/lib/python3.10/site-packages/rqt_controller_manager
[7.252s] copying /home/sr/sr_ws/build/rqt_controller_manager/build/lib/rqt_controller_manager/main.py -> /home/sr/sr_ws/install/rqt_controller_manager/lib/python3.10/site-packages/rqt_controller_manager
[7.252s] copying /home/sr/sr_ws/build/rqt_controller_manager/build/lib/rqt_controller_manager/__init__.py -> /home/sr/sr_ws/install/rqt_controller_manager/lib/python3.10/site-packages/rqt_controller_manager
[7.255s] byte-compiling /home/sr/sr_ws/install/rqt_controller_manager/lib/python3.10/site-packages/rqt_controller_manager/update_combo.py to update_combo.cpython-310.pyc
[7.257s] byte-compiling /home/sr/sr_ws/install/rqt_controller_manager/lib/python3.10/site-packages/rqt_controller_manager/controller_manager.py to controller_manager.cpython-310.pyc
[7.267s] byte-compiling /home/sr/sr_ws/install/rqt_controller_manager/lib/python3.10/site-packages/rqt_controller_manager/main.py to main.cpython-310.pyc
[7.270s] byte-compiling /home/sr/sr_ws/install/rqt_controller_manager/lib/python3.10/site-packages/rqt_controller_manager/__init__.py to __init__.cpython-310.pyc
[7.271s] running install_data
[7.272s] creating /home/sr/sr_ws/install/rqt_controller_manager/share/ament_index
[7.273s] creating /home/sr/sr_ws/install/rqt_controller_manager/share/ament_index/resource_index
[7.274s] creating /home/sr/sr_ws/install/rqt_controller_manager/share/ament_index/resource_index/packages
[7.275s] copying resource/rqt_controller_manager -> /home/sr/sr_ws/install/rqt_controller_manager/share/ament_index/resource_index/packages
[7.277s] copying package.xml -> /home/sr/sr_ws/install/rqt_controller_manager/share/rqt_controller_manager
[7.280s] creating /home/sr/sr_ws/install/rqt_controller_manager/share/rqt_controller_manager/resource
[7.281s] copying resource/led_green.png -> /home/sr/sr_ws/install/rqt_controller_manager/share/rqt_controller_manager/resource
[7.283s] copying resource/led_red.png -> /home/sr/sr_ws/install/rqt_controller_manager/share/rqt_controller_manager/resource
[7.285s] copying resource/cm_icon.png -> /home/sr/sr_ws/install/rqt_controller_manager/share/rqt_controller_manager/resource
[7.287s] copying resource/led_off.png -> /home/sr/sr_ws/install/rqt_controller_manager/share/rqt_controller_manager/resource
[7.289s] copying resource/controller_manager.ui -> /home/sr/sr_ws/install/rqt_controller_manager/share/rqt_controller_manager/resource
[7.290s] copying resource/controller_info.ui -> /home/sr/sr_ws/install/rqt_controller_manager/share/rqt_controller_manager/resource
[7.292s] copying plugin.xml -> /home/sr/sr_ws/install/rqt_controller_manager/share/rqt_controller_manager
[7.293s] running install_egg_info
[7.304s] Copying ../../../build/rqt_controller_manager/rqt_controller_manager.egg-info to /home/sr/sr_ws/install/rqt_controller_manager/lib/python3.10/site-packages/rqt_controller_manager-2.40.0-py3.10.egg-info
[7.312s] running install_scripts
[7.415s] Installing rqt_controller_manager script to /home/sr/sr_ws/install/rqt_controller_manager/lib/rqt_controller_manager
[7.417s] writing list of installed files to '/home/sr/sr_ws/build/rqt_controller_manager/install.log'
[7.573s] Invoked command in '/home/sr/sr_ws/src/controller_manager/rqt_controller_manager' returned '0': AMENT_PREFIX_PATH=/home/sr/sr_ws/install/controller_manager:/home/sr/sr_ws/install/controller_interface:/home/sr/sr_ws/install/hardware_interface:/home/sr/sr_ws/install/ros2_control_test_assets:/home/sr/sr_ws/install/controller_manager_msgs:${AMENT_PREFIX_PATH} CMAKE_PREFIX_PATH=/home/sr/sr_ws/install/controller_manager:/home/sr/sr_ws/install/controller_interface:/home/sr/sr_ws/install/hardware_interface:/home/sr/sr_ws/install/ros2_control_test_assets:/home/sr/sr_ws/install/controller_manager_msgs LD_LIBRARY_PATH=/home/sr/sr_ws/install/controller_manager/lib:/home/sr/sr_ws/install/controller_interface/lib:/home/sr/sr_ws/install/hardware_interface/lib:/home/sr/sr_ws/install/controller_manager_msgs/lib:${LD_LIBRARY_PATH} PYTHONPATH=/home/sr/sr_ws/build/rqt_controller_manager/prefix_override:/home/sr/sr_ws/install/rqt_controller_manager/lib/python3.10/site-packages:/home/sr/sr_ws/install/controller_manager/local/lib/python3.10/dist-packages:/home/sr/sr_ws/install/controller_manager_msgs/local/lib/python3.10/dist-packages:${PYTHONPATH} /usr/bin/python3 -W ignore:setup.py install is deprecated setup.py egg_info --egg-base ../../../build/rqt_controller_manager build --build-base /home/sr/sr_ws/build/rqt_controller_manager/build install --record /home/sr/sr_ws/build/rqt_controller_manager/install.log --single-version-externally-managed install_data
