[0.524s] DEBUG:colcon:Command line arguments: ['/usr/bin/colcon', 'build']
[0.524s] DEBUG:colcon:Parsed command line arguments: Namespace(log_base=None, log_level=None, verb_name='build', build_base='build', install_base='install', merge_install=False, symlink_install=False, test_result_base=None, continue_on_error=False, executor='parallel', parallel_workers=4, event_handlers=None, ignore_user_meta=False, metas=['./colcon.meta'], base_paths=['.'], packages_ignore=None, packages_ignore_regex=None, paths=None, packages_up_to=None, packages_up_to_regex=None, packages_above=None, packages_above_and_dependencies=None, packages_above_depth=None, packages_select_by_dep=None, packages_skip_by_dep=None, packages_skip_up_to=None, packages_select_build_failed=False, packages_skip_build_finished=False, packages_select_test_failures=False, packages_skip_test_passed=False, packages_select=None, packages_skip=None, packages_select_regex=None, packages_skip_regex=None, packages_start=None, packages_end=None, allow_overriding=[], cmake_args=None, cmake_target=None, cmake_target_skip_unavailable=False, cmake_clean_cache=False, cmake_clean_first=False, cmake_force_configure=False, ament_cmake_args=None, catkin_cmake_args=None, catkin_skip_building_tests=False, verb_parser=<colcon_defaults.argument_parser.defaults.DefaultArgumentsDecorator object at 0xffffa1a00820>, verb_extension=<colcon_core.verb.build.BuildVerb object at 0xffffa1b21420>, main=<bound method BuildVerb.main of <colcon_core.verb.build.BuildVerb object at 0xffffa1b21420>>)
[1.529s] Level 1:colcon.colcon_core.package_discovery:discover_packages(colcon_meta) check parameters
[1.529s] Level 1:colcon.colcon_core.package_discovery:discover_packages(recursive) check parameters
[1.530s] Level 1:colcon.colcon_core.package_discovery:discover_packages(ignore) check parameters
[1.530s] Level 1:colcon.colcon_core.package_discovery:discover_packages(path) check parameters
[1.530s] Level 1:colcon.colcon_core.package_discovery:discover_packages(colcon_meta) discover
[1.530s] Level 1:colcon.colcon_core.package_discovery:discover_packages(recursive) discover
[1.530s] INFO:colcon.colcon_core.package_discovery:Crawling recursively for packages in '/home/sr/sr_ws'
[1.531s] Level 1:colcon.colcon_core.package_identification:_identify(.) by extensions ['ignore', 'ignore_ament_install']
[1.531s] Level 1:colcon.colcon_core.package_identification:_identify(.) by extension 'ignore'
[1.532s] Level 1:colcon.colcon_core.package_identification:_identify(.) by extension 'ignore_ament_install'
[1.532s] Level 1:colcon.colcon_core.package_identification:_identify(.) by extensions ['colcon_pkg']
[1.532s] Level 1:colcon.colcon_core.package_identification:_identify(.) by extension 'colcon_pkg'
[1.532s] Level 1:colcon.colcon_core.package_identification:_identify(.) by extensions ['colcon_meta']
[1.532s] Level 1:colcon.colcon_core.package_identification:_identify(.) by extension 'colcon_meta'
[1.532s] Level 1:colcon.colcon_core.package_identification:_identify(.) by extensions ['ros']
[1.533s] Level 1:colcon.colcon_core.package_identification:_identify(.) by extension 'ros'
[1.587s] Level 1:colcon.colcon_core.package_identification:_identify(.) by extensions ['cmake', 'python']
[1.587s] Level 1:colcon.colcon_core.package_identification:_identify(.) by extension 'cmake'
[1.588s] Level 1:colcon.colcon_core.package_identification:_identify(.) by extension 'python'
[1.588s] Level 1:colcon.colcon_core.package_identification:_identify(.) by extensions ['python_setup_py']
[1.588s] Level 1:colcon.colcon_core.package_identification:_identify(.) by extension 'python_setup_py'
[1.588s] Level 1:colcon.colcon_core.package_identification:_identify(build) by extensions ['ignore', 'ignore_ament_install']
[1.589s] Level 1:colcon.colcon_core.package_identification:_identify(build) by extension 'ignore'
[1.589s] Level 1:colcon.colcon_core.package_identification:_identify(build) ignored
[1.590s] Level 1:colcon.colcon_core.package_identification:_identify(install) by extensions ['ignore', 'ignore_ament_install']
[1.590s] Level 1:colcon.colcon_core.package_identification:_identify(install) by extension 'ignore'
[1.590s] Level 1:colcon.colcon_core.package_identification:_identify(install) ignored
[1.591s] Level 1:colcon.colcon_core.package_identification:_identify(log) by extensions ['ignore', 'ignore_ament_install']
[1.591s] Level 1:colcon.colcon_core.package_identification:_identify(log) by extension 'ignore'
[1.592s] Level 1:colcon.colcon_core.package_identification:_identify(log) ignored
[1.592s] Level 1:colcon.colcon_core.package_identification:_identify(src) by extensions ['ignore', 'ignore_ament_install']
[1.592s] Level 1:colcon.colcon_core.package_identification:_identify(src) by extension 'ignore'
[1.593s] Level 1:colcon.colcon_core.package_identification:_identify(src) by extension 'ignore_ament_install'
[1.593s] Level 1:colcon.colcon_core.package_identification:_identify(src) by extensions ['colcon_pkg']
[1.593s] Level 1:colcon.colcon_core.package_identification:_identify(src) by extension 'colcon_pkg'
[1.593s] Level 1:colcon.colcon_core.package_identification:_identify(src) by extensions ['colcon_meta']
[1.593s] Level 1:colcon.colcon_core.package_identification:_identify(src) by extension 'colcon_meta'
[1.593s] Level 1:colcon.colcon_core.package_identification:_identify(src) by extensions ['ros']
[1.594s] Level 1:colcon.colcon_core.package_identification:_identify(src) by extension 'ros'
[1.594s] Level 1:colcon.colcon_core.package_identification:_identify(src) by extensions ['cmake', 'python']
[1.594s] Level 1:colcon.colcon_core.package_identification:_identify(src) by extension 'cmake'
[1.594s] Level 1:colcon.colcon_core.package_identification:_identify(src) by extension 'python'
[1.595s] Level 1:colcon.colcon_core.package_identification:_identify(src) by extensions ['python_setup_py']
[1.595s] Level 1:colcon.colcon_core.package_identification:_identify(src) by extension 'python_setup_py'
[1.595s] Level 1:colcon.colcon_core.package_identification:_identify(src/control_robot) by extensions ['ignore', 'ignore_ament_install']
[1.596s] Level 1:colcon.colcon_core.package_identification:_identify(src/control_robot) by extension 'ignore'
[1.596s] Level 1:colcon.colcon_core.package_identification:_identify(src/control_robot) by extension 'ignore_ament_install'
[1.597s] Level 1:colcon.colcon_core.package_identification:_identify(src/control_robot) by extensions ['colcon_pkg']
[1.597s] Level 1:colcon.colcon_core.package_identification:_identify(src/control_robot) by extension 'colcon_pkg'
[1.597s] Level 1:colcon.colcon_core.package_identification:_identify(src/control_robot) by extensions ['colcon_meta']
[1.597s] Level 1:colcon.colcon_core.package_identification:_identify(src/control_robot) by extension 'colcon_meta'
[1.598s] Level 1:colcon.colcon_core.package_identification:_identify(src/control_robot) by extensions ['ros']
[1.598s] Level 1:colcon.colcon_core.package_identification:_identify(src/control_robot) by extension 'ros'
[1.607s] DEBUG:colcon.colcon_core.package_identification:Package 'src/control_robot' with type 'ros.ament_cmake' and name 'control_robot'
[1.608s] Level 1:colcon.colcon_core.package_identification:_identify(src/sf_robot_description) by extensions ['ignore', 'ignore_ament_install']
[1.609s] Level 1:colcon.colcon_core.package_identification:_identify(src/sf_robot_description) by extension 'ignore'
[1.609s] Level 1:colcon.colcon_core.package_identification:_identify(src/sf_robot_description) by extension 'ignore_ament_install'
[1.609s] Level 1:colcon.colcon_core.package_identification:_identify(src/sf_robot_description) by extensions ['colcon_pkg']
[1.609s] Level 1:colcon.colcon_core.package_identification:_identify(src/sf_robot_description) by extension 'colcon_pkg'
[1.609s] Level 1:colcon.colcon_core.package_identification:_identify(src/sf_robot_description) by extensions ['colcon_meta']
[1.610s] Level 1:colcon.colcon_core.package_identification:_identify(src/sf_robot_description) by extension 'colcon_meta'
[1.610s] Level 1:colcon.colcon_core.package_identification:_identify(src/sf_robot_description) by extensions ['ros']
[1.610s] Level 1:colcon.colcon_core.package_identification:_identify(src/sf_robot_description) by extension 'ros'
[1.612s] DEBUG:colcon.colcon_core.package_identification:Package 'src/sf_robot_description' with type 'ros.ament_cmake' and name 'sf_robot_description'
[1.612s] Level 1:colcon.colcon_core.package_discovery:discover_packages(recursive) using defaults
[1.613s] Level 1:colcon.colcon_core.package_discovery:discover_packages(ignore) discover
[1.613s] Level 1:colcon.colcon_core.package_discovery:discover_packages(ignore) using defaults
[1.613s] Level 1:colcon.colcon_core.package_discovery:discover_packages(path) discover
[1.613s] Level 1:colcon.colcon_core.package_discovery:discover_packages(path) using defaults
[1.700s] Level 1:colcon.colcon_core.package_discovery:discover_packages(prefix_path) check parameters
[1.701s] Level 1:colcon.colcon_core.package_discovery:discover_packages(prefix_path) discover
[1.716s] DEBUG:colcon.colcon_installed_package_information.package_discovery:Found 2 installed packages in /home/sr/sr_ws/install
[1.728s] DEBUG:colcon.colcon_installed_package_information.package_discovery:Found 319 installed packages in /opt/ros/humble
[1.776s] Level 1:colcon.colcon_core.package_discovery:discover_packages(prefix_path) using defaults
[2.003s] Level 5:colcon.colcon_core.verb:set package 'control_robot' build argument 'cmake_args' from command line to 'None'
[2.003s] Level 5:colcon.colcon_core.verb:set package 'control_robot' build argument 'cmake_target' from command line to 'None'
[2.003s] Level 5:colcon.colcon_core.verb:set package 'control_robot' build argument 'cmake_target_skip_unavailable' from command line to 'False'
[2.004s] Level 5:colcon.colcon_core.verb:set package 'control_robot' build argument 'cmake_clean_cache' from command line to 'False'
[2.004s] Level 5:colcon.colcon_core.verb:set package 'control_robot' build argument 'cmake_clean_first' from command line to 'False'
[2.004s] Level 5:colcon.colcon_core.verb:set package 'control_robot' build argument 'cmake_force_configure' from command line to 'False'
[2.004s] Level 5:colcon.colcon_core.verb:set package 'control_robot' build argument 'ament_cmake_args' from command line to 'None'
[2.004s] Level 5:colcon.colcon_core.verb:set package 'control_robot' build argument 'catkin_cmake_args' from command line to 'None'
[2.004s] Level 5:colcon.colcon_core.verb:set package 'control_robot' build argument 'catkin_skip_building_tests' from command line to 'False'
[2.004s] DEBUG:colcon.colcon_core.verb:Building package 'control_robot' with the following arguments: {'ament_cmake_args': None, 'build_base': '/home/sr/sr_ws/build/control_robot', 'catkin_cmake_args': None, 'catkin_skip_building_tests': False, 'cmake_args': None, 'cmake_clean_cache': False, 'cmake_clean_first': False, 'cmake_force_configure': False, 'cmake_target': None, 'cmake_target_skip_unavailable': False, 'install_base': '/home/sr/sr_ws/install/control_robot', 'merge_install': False, 'path': '/home/sr/sr_ws/src/control_robot', 'symlink_install': False, 'test_result_base': None}
[2.006s] Level 5:colcon.colcon_core.verb:set package 'sf_robot_description' build argument 'cmake_args' from command line to 'None'
[2.007s] Level 5:colcon.colcon_core.verb:set package 'sf_robot_description' build argument 'cmake_target' from command line to 'None'
[2.007s] Level 5:colcon.colcon_core.verb:set package 'sf_robot_description' build argument 'cmake_target_skip_unavailable' from command line to 'False'
[2.007s] Level 5:colcon.colcon_core.verb:set package 'sf_robot_description' build argument 'cmake_clean_cache' from command line to 'False'
[2.007s] Level 5:colcon.colcon_core.verb:set package 'sf_robot_description' build argument 'cmake_clean_first' from command line to 'False'
[2.007s] Level 5:colcon.colcon_core.verb:set package 'sf_robot_description' build argument 'cmake_force_configure' from command line to 'False'
[2.007s] Level 5:colcon.colcon_core.verb:set package 'sf_robot_description' build argument 'ament_cmake_args' from command line to 'None'
[2.007s] Level 5:colcon.colcon_core.verb:set package 'sf_robot_description' build argument 'catkin_cmake_args' from command line to 'None'
[2.007s] Level 5:colcon.colcon_core.verb:set package 'sf_robot_description' build argument 'catkin_skip_building_tests' from command line to 'False'
[2.008s] DEBUG:colcon.colcon_core.verb:Building package 'sf_robot_description' with the following arguments: {'ament_cmake_args': None, 'build_base': '/home/sr/sr_ws/build/sf_robot_description', 'catkin_cmake_args': None, 'catkin_skip_building_tests': False, 'cmake_args': None, 'cmake_clean_cache': False, 'cmake_clean_first': False, 'cmake_force_configure': False, 'cmake_target': None, 'cmake_target_skip_unavailable': False, 'install_base': '/home/sr/sr_ws/install/sf_robot_description', 'merge_install': False, 'path': '/home/sr/sr_ws/src/sf_robot_description', 'symlink_install': False, 'test_result_base': None}
[2.008s] INFO:colcon.colcon_core.executor:Executing jobs using 'parallel' executor
[2.012s] DEBUG:colcon.colcon_parallel_executor.executor.parallel:run_until_complete
[2.013s] INFO:colcon.colcon_ros.task.ament_cmake.build:Building ROS package in '/home/sr/sr_ws/src/control_robot' with build type 'ament_cmake'
[2.014s] INFO:colcon.colcon_cmake.task.cmake.build:Building CMake package in '/home/sr/sr_ws/src/control_robot'
[2.024s] INFO:colcon.colcon_core.plugin_system:Skipping extension 'colcon_core.shell.bat': Not used on non-Windows systems
[2.026s] INFO:colcon.colcon_core.shell:Skip shell extension 'powershell' for command environment: Not usable outside of PowerShell
[2.026s] DEBUG:colcon.colcon_core.shell:Skip shell extension 'dsv' for command environment
[2.050s] INFO:colcon.colcon_ros.task.ament_cmake.build:Building ROS package in '/home/sr/sr_ws/src/sf_robot_description' with build type 'ament_cmake'
[2.051s] INFO:colcon.colcon_cmake.task.cmake.build:Building CMake package in '/home/sr/sr_ws/src/sf_robot_description'
[2.052s] INFO:colcon.colcon_core.shell:Skip shell extension 'powershell' for command environment: Not usable outside of PowerShell
[2.052s] DEBUG:colcon.colcon_core.shell:Skip shell extension 'dsv' for command environment
[2.103s] DEBUG:colcon.colcon_core.event_handler.log_command:Invoking command in '/home/sr/sr_ws/build/control_robot': CMAKE_PREFIX_PATH=${CMAKE_PREFIX_PATH}:/opt/ros/humble /usr/bin/cmake --build /home/sr/sr_ws/build/control_robot -- -j4 -l4
[2.129s] DEBUG:colcon.colcon_core.event_handler.log_command:Invoking command in '/home/sr/sr_ws/build/sf_robot_description': CMAKE_PREFIX_PATH=${CMAKE_PREFIX_PATH}:/opt/ros/humble /usr/bin/cmake --build /home/sr/sr_ws/build/sf_robot_description -- -j4 -l4
[2.274s] DEBUG:colcon.colcon_core.event_handler.log_command:Invoked command in '/home/sr/sr_ws/build/control_robot' returned '0': CMAKE_PREFIX_PATH=${CMAKE_PREFIX_PATH}:/opt/ros/humble /usr/bin/cmake --build /home/sr/sr_ws/build/control_robot -- -j4 -l4
[2.293s] DEBUG:colcon.colcon_core.event_handler.log_command:Invoked command in '/home/sr/sr_ws/build/sf_robot_description' returned '0': CMAKE_PREFIX_PATH=${CMAKE_PREFIX_PATH}:/opt/ros/humble /usr/bin/cmake --build /home/sr/sr_ws/build/sf_robot_description -- -j4 -l4
[2.446s] DEBUG:colcon.colcon_core.event_handler.log_command:Invoking command in '/home/sr/sr_ws/build/control_robot': CMAKE_PREFIX_PATH=${CMAKE_PREFIX_PATH}:/opt/ros/humble /usr/bin/cmake --install /home/sr/sr_ws/build/control_robot
[2.462s] DEBUG:colcon.colcon_core.event_handler.log_command:Invoking command in '/home/sr/sr_ws/build/sf_robot_description': CMAKE_PREFIX_PATH=${CMAKE_PREFIX_PATH}:/opt/ros/humble /usr/bin/cmake --install /home/sr/sr_ws/build/sf_robot_description
[2.498s] Level 1:colcon.colcon_core.environment:create_environment_scripts_only(control_robot)
[2.512s] DEBUG:colcon.colcon_core.event_handler.log_command:Invoked command in '/home/sr/sr_ws/build/control_robot' returned '0': CMAKE_PREFIX_PATH=${CMAKE_PREFIX_PATH}:/opt/ros/humble /usr/bin/cmake --install /home/sr/sr_ws/build/control_robot
[2.529s] Level 1:colcon.colcon_core.environment:checking '/home/sr/sr_ws/install/control_robot' for CMake module files
[2.533s] Level 1:colcon.colcon_core.environment:checking '/home/sr/sr_ws/install/control_robot' for CMake config files
[2.536s] Level 1:colcon.colcon_core.shell:create_environment_hook('control_robot', 'cmake_prefix_path')
[2.537s] INFO:colcon.colcon_core.shell:Creating environment hook '/home/sr/sr_ws/install/control_robot/share/control_robot/hook/cmake_prefix_path.ps1'
[2.540s] INFO:colcon.colcon_core.shell:Creating environment descriptor '/home/sr/sr_ws/install/control_robot/share/control_robot/hook/cmake_prefix_path.dsv'
[2.543s] INFO:colcon.colcon_core.shell:Creating environment hook '/home/sr/sr_ws/install/control_robot/share/control_robot/hook/cmake_prefix_path.sh'
[2.547s] Level 1:colcon.colcon_core.environment:checking '/home/sr/sr_ws/install/control_robot/bin'
[2.548s] Level 1:colcon.colcon_core.environment:checking '/home/sr/sr_ws/install/control_robot/lib/pkgconfig/control_robot.pc'
[2.549s] Level 1:colcon.colcon_core.environment:checking '/home/sr/sr_ws/install/control_robot/lib/python3.10/site-packages'
[2.550s] Level 1:colcon.colcon_core.environment:checking '/home/sr/sr_ws/install/control_robot/bin'
[2.551s] INFO:colcon.colcon_core.shell:Creating package script '/home/sr/sr_ws/install/control_robot/share/control_robot/package.ps1'
[2.555s] INFO:colcon.colcon_core.shell:Creating package descriptor '/home/sr/sr_ws/install/control_robot/share/control_robot/package.dsv'
[2.558s] INFO:colcon.colcon_core.shell:Creating package script '/home/sr/sr_ws/install/control_robot/share/control_robot/package.sh'
[2.562s] INFO:colcon.colcon_core.shell:Creating package script '/home/sr/sr_ws/install/control_robot/share/control_robot/package.bash'
[2.566s] INFO:colcon.colcon_core.shell:Creating package script '/home/sr/sr_ws/install/control_robot/share/control_robot/package.zsh'
[2.569s] Level 1:colcon.colcon_core.environment:create_file_with_runtime_dependencies(/home/sr/sr_ws/install/control_robot/share/colcon-core/packages/control_robot)
[2.577s] Level 1:colcon.colcon_core.environment:create_environment_scripts_only(sf_robot_description)
[2.579s] Level 1:colcon.colcon_core.environment:checking '/home/sr/sr_ws/install/sf_robot_description' for CMake module files
[2.581s] DEBUG:colcon.colcon_core.event_handler.log_command:Invoked command in '/home/sr/sr_ws/build/sf_robot_description' returned '0': CMAKE_PREFIX_PATH=${CMAKE_PREFIX_PATH}:/opt/ros/humble /usr/bin/cmake --install /home/sr/sr_ws/build/sf_robot_description
[2.584s] Level 1:colcon.colcon_core.environment:checking '/home/sr/sr_ws/install/sf_robot_description' for CMake config files
[2.586s] Level 1:colcon.colcon_core.shell:create_environment_hook('sf_robot_description', 'cmake_prefix_path')
[2.587s] INFO:colcon.colcon_core.shell:Creating environment hook '/home/sr/sr_ws/install/sf_robot_description/share/sf_robot_description/hook/cmake_prefix_path.ps1'
[2.590s] INFO:colcon.colcon_core.shell:Creating environment descriptor '/home/sr/sr_ws/install/sf_robot_description/share/sf_robot_description/hook/cmake_prefix_path.dsv'
[2.593s] INFO:colcon.colcon_core.shell:Creating environment hook '/home/sr/sr_ws/install/sf_robot_description/share/sf_robot_description/hook/cmake_prefix_path.sh'
[2.597s] Level 1:colcon.colcon_core.environment:checking '/home/sr/sr_ws/install/sf_robot_description/bin'
[2.598s] Level 1:colcon.colcon_core.environment:checking '/home/sr/sr_ws/install/sf_robot_description/lib/pkgconfig/sf_robot_description.pc'
[2.599s] Level 1:colcon.colcon_core.environment:checking '/home/sr/sr_ws/install/sf_robot_description/lib/python3.10/site-packages'
[2.600s] Level 1:colcon.colcon_core.environment:checking '/home/sr/sr_ws/install/sf_robot_description/bin'
[2.602s] INFO:colcon.colcon_core.shell:Creating package script '/home/sr/sr_ws/install/sf_robot_description/share/sf_robot_description/package.ps1'
[2.605s] INFO:colcon.colcon_core.shell:Creating package descriptor '/home/sr/sr_ws/install/sf_robot_description/share/sf_robot_description/package.dsv'
[2.608s] INFO:colcon.colcon_core.shell:Creating package script '/home/sr/sr_ws/install/sf_robot_description/share/sf_robot_description/package.sh'
[2.610s] INFO:colcon.colcon_core.shell:Creating package script '/home/sr/sr_ws/install/sf_robot_description/share/sf_robot_description/package.bash'
[2.613s] INFO:colcon.colcon_core.shell:Creating package script '/home/sr/sr_ws/install/sf_robot_description/share/sf_robot_description/package.zsh'
[2.616s] Level 1:colcon.colcon_core.environment:create_file_with_runtime_dependencies(/home/sr/sr_ws/install/sf_robot_description/share/colcon-core/packages/sf_robot_description)
[2.692s] Level 1:colcon.colcon_core.environment:create_environment_scripts_only(control_robot)
[2.693s] Level 1:colcon.colcon_core.environment:checking '/home/sr/sr_ws/install/control_robot' for CMake module files
[2.696s] Level 1:colcon.colcon_core.environment:checking '/home/sr/sr_ws/install/control_robot' for CMake config files
[2.699s] Level 1:colcon.colcon_core.shell:create_environment_hook('control_robot', 'cmake_prefix_path')
[2.700s] INFO:colcon.colcon_core.shell:Creating environment hook '/home/sr/sr_ws/install/control_robot/share/control_robot/hook/cmake_prefix_path.ps1'
[2.702s] INFO:colcon.colcon_core.shell:Creating environment descriptor '/home/sr/sr_ws/install/control_robot/share/control_robot/hook/cmake_prefix_path.dsv'
[2.704s] INFO:colcon.colcon_core.shell:Creating environment hook '/home/sr/sr_ws/install/control_robot/share/control_robot/hook/cmake_prefix_path.sh'
[2.707s] Level 1:colcon.colcon_core.environment:checking '/home/sr/sr_ws/install/control_robot/bin'
[2.708s] Level 1:colcon.colcon_core.environment:checking '/home/sr/sr_ws/install/control_robot/lib/pkgconfig/control_robot.pc'
[2.709s] Level 1:colcon.colcon_core.environment:checking '/home/sr/sr_ws/install/control_robot/lib/python3.10/site-packages'
[2.710s] Level 1:colcon.colcon_core.environment:checking '/home/sr/sr_ws/install/control_robot/bin'
[2.712s] INFO:colcon.colcon_core.shell:Creating package script '/home/sr/sr_ws/install/control_robot/share/control_robot/package.ps1'
[2.715s] INFO:colcon.colcon_core.shell:Creating package descriptor '/home/sr/sr_ws/install/control_robot/share/control_robot/package.dsv'
[2.718s] INFO:colcon.colcon_core.shell:Creating package script '/home/sr/sr_ws/install/control_robot/share/control_robot/package.sh'
[2.721s] INFO:colcon.colcon_core.shell:Creating package script '/home/sr/sr_ws/install/control_robot/share/control_robot/package.bash'
[2.723s] INFO:colcon.colcon_core.shell:Creating package script '/home/sr/sr_ws/install/control_robot/share/control_robot/package.zsh'
[2.726s] Level 1:colcon.colcon_core.environment:create_file_with_runtime_dependencies(/home/sr/sr_ws/install/control_robot/share/colcon-core/packages/control_robot)
[2.742s] Level 1:colcon.colcon_core.environment:create_environment_scripts_only(sf_robot_description)
[2.743s] Level 1:colcon.colcon_core.environment:checking '/home/sr/sr_ws/install/sf_robot_description' for CMake module files
[2.747s] Level 1:colcon.colcon_core.environment:checking '/home/sr/sr_ws/install/sf_robot_description' for CMake config files
[2.748s] Level 1:colcon.colcon_core.shell:create_environment_hook('sf_robot_description', 'cmake_prefix_path')
[2.749s] INFO:colcon.colcon_core.shell:Creating environment hook '/home/sr/sr_ws/install/sf_robot_description/share/sf_robot_description/hook/cmake_prefix_path.ps1'
[2.751s] INFO:colcon.colcon_core.shell:Creating environment descriptor '/home/sr/sr_ws/install/sf_robot_description/share/sf_robot_description/hook/cmake_prefix_path.dsv'
[2.753s] INFO:colcon.colcon_core.shell:Creating environment hook '/home/sr/sr_ws/install/sf_robot_description/share/sf_robot_description/hook/cmake_prefix_path.sh'
[2.756s] Level 1:colcon.colcon_core.environment:checking '/home/sr/sr_ws/install/sf_robot_description/bin'
[2.757s] Level 1:colcon.colcon_core.environment:checking '/home/sr/sr_ws/install/sf_robot_description/lib/pkgconfig/sf_robot_description.pc'
[2.758s] Level 1:colcon.colcon_core.environment:checking '/home/sr/sr_ws/install/sf_robot_description/lib/python3.10/site-packages'
[2.759s] Level 1:colcon.colcon_core.environment:checking '/home/sr/sr_ws/install/sf_robot_description/bin'
[2.760s] INFO:colcon.colcon_core.shell:Creating package script '/home/sr/sr_ws/install/sf_robot_description/share/sf_robot_description/package.ps1'
[2.763s] INFO:colcon.colcon_core.shell:Creating package descriptor '/home/sr/sr_ws/install/sf_robot_description/share/sf_robot_description/package.dsv'
[2.765s] INFO:colcon.colcon_core.shell:Creating package script '/home/sr/sr_ws/install/sf_robot_description/share/sf_robot_description/package.sh'
[2.767s] INFO:colcon.colcon_core.shell:Creating package script '/home/sr/sr_ws/install/sf_robot_description/share/sf_robot_description/package.bash'
[2.769s] INFO:colcon.colcon_core.shell:Creating package script '/home/sr/sr_ws/install/sf_robot_description/share/sf_robot_description/package.zsh'
[2.771s] Level 1:colcon.colcon_core.environment:create_file_with_runtime_dependencies(/home/sr/sr_ws/install/sf_robot_description/share/colcon-core/packages/sf_robot_description)
[2.772s] DEBUG:colcon.colcon_parallel_executor.executor.parallel:closing loop
[2.773s] DEBUG:colcon.colcon_parallel_executor.executor.parallel:loop closed
[2.774s] DEBUG:colcon.colcon_parallel_executor.executor.parallel:run_until_complete finished with '0'
[2.774s] DEBUG:colcon.colcon_core.event_reactor:joining thread
[2.801s] INFO:colcon.colcon_core.plugin_system:Skipping extension 'colcon_notification.desktop_notification.terminal_notifier': Not used on non-Darwin systems
[2.802s] INFO:colcon.colcon_core.plugin_system:Skipping extension 'colcon_notification.desktop_notification.win32': Not used on non-Windows systems
[2.802s] INFO:colcon.colcon_notification.desktop_notification:Sending desktop notification using 'notify2'
[2.865s] DEBUG:colcon.colcon_core.event_reactor:joined thread
[2.866s] INFO:colcon.colcon_core.shell:Creating prefix script '/home/sr/sr_ws/install/local_setup.ps1'
[2.871s] INFO:colcon.colcon_core.shell:Creating prefix util module '/home/sr/sr_ws/install/_local_setup_util_ps1.py'
[2.878s] INFO:colcon.colcon_core.shell:Creating prefix chain script '/home/sr/sr_ws/install/setup.ps1'
[2.885s] INFO:colcon.colcon_core.shell:Creating prefix script '/home/sr/sr_ws/install/local_setup.sh'
[2.889s] INFO:colcon.colcon_core.shell:Creating prefix util module '/home/sr/sr_ws/install/_local_setup_util_sh.py'
[2.892s] INFO:colcon.colcon_core.shell:Creating prefix chain script '/home/sr/sr_ws/install/setup.sh'
[2.898s] INFO:colcon.colcon_core.shell:Creating prefix script '/home/sr/sr_ws/install/local_setup.bash'
[2.901s] INFO:colcon.colcon_core.shell:Creating prefix chain script '/home/sr/sr_ws/install/setup.bash'
[2.908s] INFO:colcon.colcon_core.shell:Creating prefix script '/home/sr/sr_ws/install/local_setup.zsh'
[2.911s] INFO:colcon.colcon_core.shell:Creating prefix chain script '/home/sr/sr_ws/install/setup.zsh'
