[0.115s] Invoking command in '/home/sr/sr_ws/build/joint_limits': CMAKE_PREFIX_PATH=/opt/ros/humble /usr/bin/cmake --build /home/sr/sr_ws/build/joint_limits -- -j4 -l4
[0.551s] [ 33%] Built target gtest_main
[0.656s] [ 66%] Built target gtest
[0.917s] [100%] Built target joint_limits_rosparam_test
[1.289s] Invoked command in '/home/sr/sr_ws/build/joint_limits' returned '0': CMAKE_PREFIX_PATH=/opt/ros/humble /usr/bin/cmake --build /home/sr/sr_ws/build/joint_limits -- -j4 -l4
[1.584s] Invoking command in '/home/sr/sr_ws/build/joint_limits': CMAKE_PREFIX_PATH=/opt/ros/humble /usr/bin/cmake --install /home/sr/sr_ws/build/joint_limits
[1.628s] -- Install configuration: ""
[1.628s] -- Up-to-date: /home/sr/sr_ws/install/joint_limits/include
[1.629s] -- Up-to-date: /home/sr/sr_ws/install/joint_limits/include/joint_limits
[1.633s] -- Up-to-date: /home/sr/sr_ws/install/joint_limits/include/joint_limits/joint_limits.hpp
[1.635s] -- Up-to-date: /home/sr/sr_ws/install/joint_limits/include/joint_limits/joint_limits_rosparam.hpp
[1.656s] -- Up-to-date: /home/sr/sr_ws/install/joint_limits/lib/joint_limits/joint_limits_rosparam_test
[1.659s] -- Up-to-date: /home/sr/sr_ws/install/joint_limits/share/joint_limits/test/joint_limits_rosparam.yaml
[1.662s] -- Up-to-date: /home/sr/sr_ws/install/joint_limits/share/ament_index/resource_index/package_run_dependencies/joint_limits
[1.665s] -- Up-to-date: /home/sr/sr_ws/install/joint_limits/share/ament_index/resource_index/parent_prefix_path/joint_limits
[1.667s] -- Up-to-date: /home/sr/sr_ws/install/joint_limits/share/joint_limits/environment/ament_prefix_path.sh
[1.669s] -- Up-to-date: /home/sr/sr_ws/install/joint_limits/share/joint_limits/environment/ament_prefix_path.dsv
[1.670s] -- Up-to-date: /home/sr/sr_ws/install/joint_limits/share/joint_limits/environment/path.sh
[1.672s] -- Up-to-date: /home/sr/sr_ws/install/joint_limits/share/joint_limits/environment/path.dsv
[1.674s] -- Up-to-date: /home/sr/sr_ws/install/joint_limits/share/joint_limits/local_setup.bash
[1.678s] -- Up-to-date: /home/sr/sr_ws/install/joint_limits/share/joint_limits/local_setup.sh
[1.679s] -- Up-to-date: /home/sr/sr_ws/install/joint_limits/share/joint_limits/local_setup.zsh
[1.680s] -- Up-to-date: /home/sr/sr_ws/install/joint_limits/share/joint_limits/local_setup.dsv
[1.685s] -- Installing: /home/sr/sr_ws/install/joint_limits/share/joint_limits/package.dsv
[1.688s] -- Up-to-date: /home/sr/sr_ws/install/joint_limits/share/ament_index/resource_index/packages/joint_limits
[1.692s] -- Up-to-date: /home/sr/sr_ws/install/joint_limits/share/joint_limits/cmake/ament_cmake_export_dependencies-extras.cmake
[1.693s] -- Up-to-date: /home/sr/sr_ws/install/joint_limits/share/joint_limits/cmake/ament_cmake_export_include_directories-extras.cmake
[1.694s] -- Up-to-date: /home/sr/sr_ws/install/joint_limits/share/joint_limits/cmake/joint_limitsConfig.cmake
[1.694s] -- Up-to-date: /home/sr/sr_ws/install/joint_limits/share/joint_limits/cmake/joint_limitsConfig-version.cmake
[1.695s] -- Up-to-date: /home/sr/sr_ws/install/joint_limits/share/joint_limits/package.xml
[1.716s] Invoked command in '/home/sr/sr_ws/build/joint_limits' returned '0': CMAKE_PREFIX_PATH=/opt/ros/humble /usr/bin/cmake --install /home/sr/sr_ws/build/joint_limits
