[0.835s] DEBUG:colcon:Command line arguments: ['/usr/bin/colcon', 'build']
[0.835s] DEBUG:colcon:Parsed command line arguments: Namespace(log_base=None, log_level=None, verb_name='build', build_base='build', install_base='install', merge_install=False, symlink_install=False, test_result_base=None, continue_on_error=False, executor='parallel', parallel_workers=4, event_handlers=None, ignore_user_meta=False, metas=['./colcon.meta'], base_paths=['.'], packages_ignore=None, packages_ignore_regex=None, paths=None, packages_up_to=None, packages_up_to_regex=None, packages_above=None, packages_above_and_dependencies=None, packages_above_depth=None, packages_select_by_dep=None, packages_skip_by_dep=None, packages_skip_up_to=None, packages_select_build_failed=False, packages_skip_build_finished=False, packages_select_test_failures=False, packages_skip_test_passed=False, packages_select=None, packages_skip=None, packages_select_regex=None, packages_skip_regex=None, packages_start=None, packages_end=None, allow_overriding=[], cmake_args=None, cmake_target=None, cmake_target_skip_unavailable=False, cmake_clean_cache=False, cmake_clean_first=False, cmake_force_configure=False, ament_cmake_args=None, catkin_cmake_args=None, catkin_skip_building_tests=False, verb_parser=<colcon_defaults.argument_parser.defaults.DefaultArgumentsDecorator object at 0xffff8ef78850>, verb_extension=<colcon_core.verb.build.BuildVerb object at 0xffff8f091450>, main=<bound method BuildVerb.main of <colcon_core.verb.build.BuildVerb object at 0xffff8f091450>>)
[2.212s] Level 1:colcon.colcon_core.package_discovery:discover_packages(colcon_meta) check parameters
[2.212s] Level 1:colcon.colcon_core.package_discovery:discover_packages(recursive) check parameters
[2.212s] Level 1:colcon.colcon_core.package_discovery:discover_packages(ignore) check parameters
[2.213s] Level 1:colcon.colcon_core.package_discovery:discover_packages(path) check parameters
[2.213s] Level 1:colcon.colcon_core.package_discovery:discover_packages(colcon_meta) discover
[2.213s] Level 1:colcon.colcon_core.package_discovery:discover_packages(recursive) discover
[2.213s] INFO:colcon.colcon_core.package_discovery:Crawling recursively for packages in '/home/sr/sr_ws'
[2.214s] Level 1:colcon.colcon_core.package_identification:_identify(.) by extensions ['ignore', 'ignore_ament_install']
[2.214s] Level 1:colcon.colcon_core.package_identification:_identify(.) by extension 'ignore'
[2.215s] Level 1:colcon.colcon_core.package_identification:_identify(.) by extension 'ignore_ament_install'
[2.215s] Level 1:colcon.colcon_core.package_identification:_identify(.) by extensions ['colcon_pkg']
[2.215s] Level 1:colcon.colcon_core.package_identification:_identify(.) by extension 'colcon_pkg'
[2.215s] Level 1:colcon.colcon_core.package_identification:_identify(.) by extensions ['colcon_meta']
[2.215s] Level 1:colcon.colcon_core.package_identification:_identify(.) by extension 'colcon_meta'
[2.216s] Level 1:colcon.colcon_core.package_identification:_identify(.) by extensions ['ros']
[2.216s] Level 1:colcon.colcon_core.package_identification:_identify(.) by extension 'ros'
[2.268s] Level 1:colcon.colcon_core.package_identification:_identify(.) by extensions ['cmake', 'python']
[2.268s] Level 1:colcon.colcon_core.package_identification:_identify(.) by extension 'cmake'
[2.268s] Level 1:colcon.colcon_core.package_identification:_identify(.) by extension 'python'
[2.268s] Level 1:colcon.colcon_core.package_identification:_identify(.) by extensions ['python_setup_py']
[2.269s] Level 1:colcon.colcon_core.package_identification:_identify(.) by extension 'python_setup_py'
[2.269s] Level 1:colcon.colcon_core.package_identification:_identify(build) by extensions ['ignore', 'ignore_ament_install']
[2.270s] Level 1:colcon.colcon_core.package_identification:_identify(build) by extension 'ignore'
[2.270s] Level 1:colcon.colcon_core.package_identification:_identify(build) ignored
[2.271s] Level 1:colcon.colcon_core.package_identification:_identify(install) by extensions ['ignore', 'ignore_ament_install']
[2.271s] Level 1:colcon.colcon_core.package_identification:_identify(install) by extension 'ignore'
[2.271s] Level 1:colcon.colcon_core.package_identification:_identify(install) ignored
[2.272s] Level 1:colcon.colcon_core.package_identification:_identify(log) by extensions ['ignore', 'ignore_ament_install']
[2.272s] Level 1:colcon.colcon_core.package_identification:_identify(log) by extension 'ignore'
[2.273s] Level 1:colcon.colcon_core.package_identification:_identify(log) ignored
[2.273s] Level 1:colcon.colcon_core.package_identification:_identify(src) by extensions ['ignore', 'ignore_ament_install']
[2.274s] Level 1:colcon.colcon_core.package_identification:_identify(src) by extension 'ignore'
[2.274s] Level 1:colcon.colcon_core.package_identification:_identify(src) by extension 'ignore_ament_install'
[2.274s] Level 1:colcon.colcon_core.package_identification:_identify(src) by extensions ['colcon_pkg']
[2.274s] Level 1:colcon.colcon_core.package_identification:_identify(src) by extension 'colcon_pkg'
[2.274s] Level 1:colcon.colcon_core.package_identification:_identify(src) by extensions ['colcon_meta']
[2.275s] Level 1:colcon.colcon_core.package_identification:_identify(src) by extension 'colcon_meta'
[2.275s] Level 1:colcon.colcon_core.package_identification:_identify(src) by extensions ['ros']
[2.275s] Level 1:colcon.colcon_core.package_identification:_identify(src) by extension 'ros'
[2.275s] Level 1:colcon.colcon_core.package_identification:_identify(src) by extensions ['cmake', 'python']
[2.276s] Level 1:colcon.colcon_core.package_identification:_identify(src) by extension 'cmake'
[2.276s] Level 1:colcon.colcon_core.package_identification:_identify(src) by extension 'python'
[2.276s] Level 1:colcon.colcon_core.package_identification:_identify(src) by extensions ['python_setup_py']
[2.276s] Level 1:colcon.colcon_core.package_identification:_identify(src) by extension 'python_setup_py'
[2.277s] Level 1:colcon.colcon_core.package_identification:_identify(src/control_robot) by extensions ['ignore', 'ignore_ament_install']
[2.277s] Level 1:colcon.colcon_core.package_identification:_identify(src/control_robot) by extension 'ignore'
[2.277s] Level 1:colcon.colcon_core.package_identification:_identify(src/control_robot) by extension 'ignore_ament_install'
[2.278s] Level 1:colcon.colcon_core.package_identification:_identify(src/control_robot) by extensions ['colcon_pkg']
[2.278s] Level 1:colcon.colcon_core.package_identification:_identify(src/control_robot) by extension 'colcon_pkg'
[2.278s] Level 1:colcon.colcon_core.package_identification:_identify(src/control_robot) by extensions ['colcon_meta']
[2.278s] Level 1:colcon.colcon_core.package_identification:_identify(src/control_robot) by extension 'colcon_meta'
[2.278s] Level 1:colcon.colcon_core.package_identification:_identify(src/control_robot) by extensions ['ros']
[2.279s] Level 1:colcon.colcon_core.package_identification:_identify(src/control_robot) by extension 'ros'
[2.288s] DEBUG:colcon.colcon_core.package_identification:Package 'src/control_robot' with type 'ros.ament_cmake' and name 'control_robot'
[2.289s] Level 1:colcon.colcon_core.package_identification:_identify(src/controller_manager) by extensions ['ignore', 'ignore_ament_install']
[2.290s] Level 1:colcon.colcon_core.package_identification:_identify(src/controller_manager) by extension 'ignore'
[2.290s] Level 1:colcon.colcon_core.package_identification:_identify(src/controller_manager) by extension 'ignore_ament_install'
[2.290s] Level 1:colcon.colcon_core.package_identification:_identify(src/controller_manager) by extensions ['colcon_pkg']
[2.290s] Level 1:colcon.colcon_core.package_identification:_identify(src/controller_manager) by extension 'colcon_pkg'
[2.291s] Level 1:colcon.colcon_core.package_identification:_identify(src/controller_manager) by extensions ['colcon_meta']
[2.291s] Level 1:colcon.colcon_core.package_identification:_identify(src/controller_manager) by extension 'colcon_meta'
[2.291s] Level 1:colcon.colcon_core.package_identification:_identify(src/controller_manager) by extensions ['ros']
[2.291s] Level 1:colcon.colcon_core.package_identification:_identify(src/controller_manager) by extension 'ros'
[2.292s] Level 1:colcon.colcon_core.package_identification:_identify(src/controller_manager) by extensions ['cmake', 'python']
[2.292s] Level 1:colcon.colcon_core.package_identification:_identify(src/controller_manager) by extension 'cmake'
[2.292s] Level 1:colcon.colcon_core.package_identification:_identify(src/controller_manager) by extension 'python'
[2.292s] Level 1:colcon.colcon_core.package_identification:_identify(src/controller_manager) by extensions ['python_setup_py']
[2.292s] Level 1:colcon.colcon_core.package_identification:_identify(src/controller_manager) by extension 'python_setup_py'
[2.293s] Level 1:colcon.colcon_core.package_identification:_identify(src/controller_manager/controller_interface) by extensions ['ignore', 'ignore_ament_install']
[2.294s] Level 1:colcon.colcon_core.package_identification:_identify(src/controller_manager/controller_interface) by extension 'ignore'
[2.294s] Level 1:colcon.colcon_core.package_identification:_identify(src/controller_manager/controller_interface) by extension 'ignore_ament_install'
[2.294s] Level 1:colcon.colcon_core.package_identification:_identify(src/controller_manager/controller_interface) by extensions ['colcon_pkg']
[2.294s] Level 1:colcon.colcon_core.package_identification:_identify(src/controller_manager/controller_interface) by extension 'colcon_pkg'
[2.295s] Level 1:colcon.colcon_core.package_identification:_identify(src/controller_manager/controller_interface) by extensions ['colcon_meta']
[2.295s] Level 1:colcon.colcon_core.package_identification:_identify(src/controller_manager/controller_interface) by extension 'colcon_meta'
[2.295s] Level 1:colcon.colcon_core.package_identification:_identify(src/controller_manager/controller_interface) by extensions ['ros']
[2.295s] Level 1:colcon.colcon_core.package_identification:_identify(src/controller_manager/controller_interface) by extension 'ros'
[2.298s] DEBUG:colcon.colcon_core.package_identification:Package 'src/controller_manager/controller_interface' with type 'ros.ament_cmake' and name 'controller_interface'
[2.299s] Level 1:colcon.colcon_core.package_identification:_identify(src/controller_manager/controller_manager) by extensions ['ignore', 'ignore_ament_install']
[2.300s] Level 1:colcon.colcon_core.package_identification:_identify(src/controller_manager/controller_manager) by extension 'ignore'
[2.300s] Level 1:colcon.colcon_core.package_identification:_identify(src/controller_manager/controller_manager) by extension 'ignore_ament_install'
[2.300s] Level 1:colcon.colcon_core.package_identification:_identify(src/controller_manager/controller_manager) by extensions ['colcon_pkg']
[2.301s] Level 1:colcon.colcon_core.package_identification:_identify(src/controller_manager/controller_manager) by extension 'colcon_pkg'
[2.301s] Level 1:colcon.colcon_core.package_identification:_identify(src/controller_manager/controller_manager) by extensions ['colcon_meta']
[2.301s] Level 1:colcon.colcon_core.package_identification:_identify(src/controller_manager/controller_manager) by extension 'colcon_meta'
[2.301s] Level 1:colcon.colcon_core.package_identification:_identify(src/controller_manager/controller_manager) by extensions ['ros']
[2.301s] Level 1:colcon.colcon_core.package_identification:_identify(src/controller_manager/controller_manager) by extension 'ros'
[2.309s] DEBUG:colcon.colcon_core.package_identification:Package 'src/controller_manager/controller_manager' with type 'ros.ament_cmake' and name 'controller_manager'
[2.310s] Level 1:colcon.colcon_core.package_identification:_identify(src/controller_manager/controller_manager_msgs) by extensions ['ignore', 'ignore_ament_install']
[2.311s] Level 1:colcon.colcon_core.package_identification:_identify(src/controller_manager/controller_manager_msgs) by extension 'ignore'
[2.311s] Level 1:colcon.colcon_core.package_identification:_identify(src/controller_manager/controller_manager_msgs) by extension 'ignore_ament_install'
[2.311s] Level 1:colcon.colcon_core.package_identification:_identify(src/controller_manager/controller_manager_msgs) by extensions ['colcon_pkg']
[2.311s] Level 1:colcon.colcon_core.package_identification:_identify(src/controller_manager/controller_manager_msgs) by extension 'colcon_pkg'
[2.312s] Level 1:colcon.colcon_core.package_identification:_identify(src/controller_manager/controller_manager_msgs) by extensions ['colcon_meta']
[2.312s] Level 1:colcon.colcon_core.package_identification:_identify(src/controller_manager/controller_manager_msgs) by extension 'colcon_meta'
[2.312s] Level 1:colcon.colcon_core.package_identification:_identify(src/controller_manager/controller_manager_msgs) by extensions ['ros']
[2.312s] Level 1:colcon.colcon_core.package_identification:_identify(src/controller_manager/controller_manager_msgs) by extension 'ros'
[2.315s] DEBUG:colcon.colcon_core.package_identification:Package 'src/controller_manager/controller_manager_msgs' with type 'ros.ament_cmake' and name 'controller_manager_msgs'
[2.316s] Level 1:colcon.colcon_core.package_identification:_identify(src/controller_manager/doc) by extensions ['ignore', 'ignore_ament_install']
[2.316s] Level 1:colcon.colcon_core.package_identification:_identify(src/controller_manager/doc) by extension 'ignore'
[2.316s] Level 1:colcon.colcon_core.package_identification:_identify(src/controller_manager/doc) by extension 'ignore_ament_install'
[2.317s] Level 1:colcon.colcon_core.package_identification:_identify(src/controller_manager/doc) by extensions ['colcon_pkg']
[2.317s] Level 1:colcon.colcon_core.package_identification:_identify(src/controller_manager/doc) by extension 'colcon_pkg'
[2.317s] Level 1:colcon.colcon_core.package_identification:_identify(src/controller_manager/doc) by extensions ['colcon_meta']
[2.317s] Level 1:colcon.colcon_core.package_identification:_identify(src/controller_manager/doc) by extension 'colcon_meta'
[2.318s] Level 1:colcon.colcon_core.package_identification:_identify(src/controller_manager/doc) by extensions ['ros']
[2.318s] Level 1:colcon.colcon_core.package_identification:_identify(src/controller_manager/doc) by extension 'ros'
[2.318s] Level 1:colcon.colcon_core.package_identification:_identify(src/controller_manager/doc) by extensions ['cmake', 'python']
[2.318s] Level 1:colcon.colcon_core.package_identification:_identify(src/controller_manager/doc) by extension 'cmake'
[2.319s] Level 1:colcon.colcon_core.package_identification:_identify(src/controller_manager/doc) by extension 'python'
[2.319s] Level 1:colcon.colcon_core.package_identification:_identify(src/controller_manager/doc) by extensions ['python_setup_py']
[2.319s] Level 1:colcon.colcon_core.package_identification:_identify(src/controller_manager/doc) by extension 'python_setup_py'
[2.320s] Level 1:colcon.colcon_core.package_identification:_identify(src/controller_manager/hardware_interface) by extensions ['ignore', 'ignore_ament_install']
[2.320s] Level 1:colcon.colcon_core.package_identification:_identify(src/controller_manager/hardware_interface) by extension 'ignore'
[2.320s] Level 1:colcon.colcon_core.package_identification:_identify(src/controller_manager/hardware_interface) by extension 'ignore_ament_install'
[2.321s] Level 1:colcon.colcon_core.package_identification:_identify(src/controller_manager/hardware_interface) by extensions ['colcon_pkg']
[2.321s] Level 1:colcon.colcon_core.package_identification:_identify(src/controller_manager/hardware_interface) by extension 'colcon_pkg'
[2.321s] Level 1:colcon.colcon_core.package_identification:_identify(src/controller_manager/hardware_interface) by extensions ['colcon_meta']
[2.321s] Level 1:colcon.colcon_core.package_identification:_identify(src/controller_manager/hardware_interface) by extension 'colcon_meta'
[2.321s] Level 1:colcon.colcon_core.package_identification:_identify(src/controller_manager/hardware_interface) by extensions ['ros']
[2.322s] Level 1:colcon.colcon_core.package_identification:_identify(src/controller_manager/hardware_interface) by extension 'ros'
[2.326s] DEBUG:colcon.colcon_core.package_identification:Package 'src/controller_manager/hardware_interface' with type 'ros.ament_cmake' and name 'hardware_interface'
[2.327s] Level 1:colcon.colcon_core.package_identification:_identify(src/controller_manager/hardware_interface_testing) by extensions ['ignore', 'ignore_ament_install']
[2.327s] Level 1:colcon.colcon_core.package_identification:_identify(src/controller_manager/hardware_interface_testing) by extension 'ignore'
[2.327s] Level 1:colcon.colcon_core.package_identification:_identify(src/controller_manager/hardware_interface_testing) by extension 'ignore_ament_install'
[2.328s] Level 1:colcon.colcon_core.package_identification:_identify(src/controller_manager/hardware_interface_testing) by extensions ['colcon_pkg']
[2.328s] Level 1:colcon.colcon_core.package_identification:_identify(src/controller_manager/hardware_interface_testing) by extension 'colcon_pkg'
[2.328s] Level 1:colcon.colcon_core.package_identification:_identify(src/controller_manager/hardware_interface_testing) by extensions ['colcon_meta']
[2.328s] Level 1:colcon.colcon_core.package_identification:_identify(src/controller_manager/hardware_interface_testing) by extension 'colcon_meta'
[2.328s] Level 1:colcon.colcon_core.package_identification:_identify(src/controller_manager/hardware_interface_testing) by extensions ['ros']
[2.329s] Level 1:colcon.colcon_core.package_identification:_identify(src/controller_manager/hardware_interface_testing) by extension 'ros'
[2.333s] DEBUG:colcon.colcon_core.package_identification:Package 'src/controller_manager/hardware_interface_testing' with type 'ros.ament_cmake' and name 'hardware_interface_testing'
[2.334s] Level 1:colcon.colcon_core.package_identification:_identify(src/controller_manager/joint_limits) by extensions ['ignore', 'ignore_ament_install']
[2.334s] Level 1:colcon.colcon_core.package_identification:_identify(src/controller_manager/joint_limits) by extension 'ignore'
[2.334s] Level 1:colcon.colcon_core.package_identification:_identify(src/controller_manager/joint_limits) by extension 'ignore_ament_install'
[2.335s] Level 1:colcon.colcon_core.package_identification:_identify(src/controller_manager/joint_limits) by extensions ['colcon_pkg']
[2.335s] Level 1:colcon.colcon_core.package_identification:_identify(src/controller_manager/joint_limits) by extension 'colcon_pkg'
[2.335s] Level 1:colcon.colcon_core.package_identification:_identify(src/controller_manager/joint_limits) by extensions ['colcon_meta']
[2.335s] Level 1:colcon.colcon_core.package_identification:_identify(src/controller_manager/joint_limits) by extension 'colcon_meta'
[2.336s] Level 1:colcon.colcon_core.package_identification:_identify(src/controller_manager/joint_limits) by extensions ['ros']
[2.336s] Level 1:colcon.colcon_core.package_identification:_identify(src/controller_manager/joint_limits) by extension 'ros'
[2.339s] DEBUG:colcon.colcon_core.package_identification:Package 'src/controller_manager/joint_limits' with type 'ros.ament_cmake' and name 'joint_limits'
[2.339s] Level 1:colcon.colcon_core.package_identification:_identify(src/controller_manager/joint_limits_interface) by extensions ['ignore', 'ignore_ament_install']
[2.340s] Level 1:colcon.colcon_core.package_identification:_identify(src/controller_manager/joint_limits_interface) by extension 'ignore'
[2.340s] Level 1:colcon.colcon_core.package_identification:_identify(src/controller_manager/joint_limits_interface) ignored
[2.341s] Level 1:colcon.colcon_core.package_identification:_identify(src/controller_manager/ros2_control) by extensions ['ignore', 'ignore_ament_install']
[2.341s] Level 1:colcon.colcon_core.package_identification:_identify(src/controller_manager/ros2_control) by extension 'ignore'
[2.341s] Level 1:colcon.colcon_core.package_identification:_identify(src/controller_manager/ros2_control) by extension 'ignore_ament_install'
[2.342s] Level 1:colcon.colcon_core.package_identification:_identify(src/controller_manager/ros2_control) by extensions ['colcon_pkg']
[2.342s] Level 1:colcon.colcon_core.package_identification:_identify(src/controller_manager/ros2_control) by extension 'colcon_pkg'
[2.342s] Level 1:colcon.colcon_core.package_identification:_identify(src/controller_manager/ros2_control) by extensions ['colcon_meta']
[2.342s] Level 1:colcon.colcon_core.package_identification:_identify(src/controller_manager/ros2_control) by extension 'colcon_meta'
[2.343s] Level 1:colcon.colcon_core.package_identification:_identify(src/controller_manager/ros2_control) by extensions ['ros']
[2.343s] Level 1:colcon.colcon_core.package_identification:_identify(src/controller_manager/ros2_control) by extension 'ros'
[2.345s] DEBUG:colcon.colcon_core.package_identification:Package 'src/controller_manager/ros2_control' with type 'ros.ament_cmake' and name 'ros2_control'
[2.346s] Level 1:colcon.colcon_core.package_identification:_identify(src/controller_manager/ros2_control_test_assets) by extensions ['ignore', 'ignore_ament_install']
[2.346s] Level 1:colcon.colcon_core.package_identification:_identify(src/controller_manager/ros2_control_test_assets) by extension 'ignore'
[2.347s] Level 1:colcon.colcon_core.package_identification:_identify(src/controller_manager/ros2_control_test_assets) by extension 'ignore_ament_install'
[2.347s] Level 1:colcon.colcon_core.package_identification:_identify(src/controller_manager/ros2_control_test_assets) by extensions ['colcon_pkg']
[2.347s] Level 1:colcon.colcon_core.package_identification:_identify(src/controller_manager/ros2_control_test_assets) by extension 'colcon_pkg'
[2.347s] Level 1:colcon.colcon_core.package_identification:_identify(src/controller_manager/ros2_control_test_assets) by extensions ['colcon_meta']
[2.347s] Level 1:colcon.colcon_core.package_identification:_identify(src/controller_manager/ros2_control_test_assets) by extension 'colcon_meta'
[2.348s] Level 1:colcon.colcon_core.package_identification:_identify(src/controller_manager/ros2_control_test_assets) by extensions ['ros']
[2.348s] Level 1:colcon.colcon_core.package_identification:_identify(src/controller_manager/ros2_control_test_assets) by extension 'ros'
[2.350s] DEBUG:colcon.colcon_core.package_identification:Package 'src/controller_manager/ros2_control_test_assets' with type 'ros.ament_cmake' and name 'ros2_control_test_assets'
[2.351s] Level 1:colcon.colcon_core.package_identification:_identify(src/controller_manager/ros2controlcli) by extensions ['ignore', 'ignore_ament_install']
[2.351s] Level 1:colcon.colcon_core.package_identification:_identify(src/controller_manager/ros2controlcli) by extension 'ignore'
[2.351s] Level 1:colcon.colcon_core.package_identification:_identify(src/controller_manager/ros2controlcli) by extension 'ignore_ament_install'
[2.352s] Level 1:colcon.colcon_core.package_identification:_identify(src/controller_manager/ros2controlcli) by extensions ['colcon_pkg']
[2.352s] Level 1:colcon.colcon_core.package_identification:_identify(src/controller_manager/ros2controlcli) by extension 'colcon_pkg'
[2.352s] Level 1:colcon.colcon_core.package_identification:_identify(src/controller_manager/ros2controlcli) by extensions ['colcon_meta']
[2.352s] Level 1:colcon.colcon_core.package_identification:_identify(src/controller_manager/ros2controlcli) by extension 'colcon_meta'
[2.352s] Level 1:colcon.colcon_core.package_identification:_identify(src/controller_manager/ros2controlcli) by extensions ['ros']
[2.353s] Level 1:colcon.colcon_core.package_identification:_identify(src/controller_manager/ros2controlcli) by extension 'ros'
[2.357s] DEBUG:colcon.colcon_core.package_identification:Package 'src/controller_manager/ros2controlcli' with type 'ros.ament_python' and name 'ros2controlcli'
[2.358s] Level 1:colcon.colcon_core.package_identification:_identify(src/controller_manager/rqt_controller_manager) by extensions ['ignore', 'ignore_ament_install']
[2.358s] Level 1:colcon.colcon_core.package_identification:_identify(src/controller_manager/rqt_controller_manager) by extension 'ignore'
[2.359s] Level 1:colcon.colcon_core.package_identification:_identify(src/controller_manager/rqt_controller_manager) by extension 'ignore_ament_install'
[2.359s] Level 1:colcon.colcon_core.package_identification:_identify(src/controller_manager/rqt_controller_manager) by extensions ['colcon_pkg']
[2.359s] Level 1:colcon.colcon_core.package_identification:_identify(src/controller_manager/rqt_controller_manager) by extension 'colcon_pkg'
[2.360s] Level 1:colcon.colcon_core.package_identification:_identify(src/controller_manager/rqt_controller_manager) by extensions ['colcon_meta']
[2.360s] Level 1:colcon.colcon_core.package_identification:_identify(src/controller_manager/rqt_controller_manager) by extension 'colcon_meta'
[2.360s] Level 1:colcon.colcon_core.package_identification:_identify(src/controller_manager/rqt_controller_manager) by extensions ['ros']
[2.360s] Level 1:colcon.colcon_core.package_identification:_identify(src/controller_manager/rqt_controller_manager) by extension 'ros'
[2.364s] DEBUG:colcon.colcon_core.package_identification:Package 'src/controller_manager/rqt_controller_manager' with type 'ros.ament_python' and name 'rqt_controller_manager'
[2.364s] Level 1:colcon.colcon_core.package_identification:_identify(src/controller_manager/transmission_interface) by extensions ['ignore', 'ignore_ament_install']
[2.365s] Level 1:colcon.colcon_core.package_identification:_identify(src/controller_manager/transmission_interface) by extension 'ignore'
[2.365s] Level 1:colcon.colcon_core.package_identification:_identify(src/controller_manager/transmission_interface) by extension 'ignore_ament_install'
[2.365s] Level 1:colcon.colcon_core.package_identification:_identify(src/controller_manager/transmission_interface) by extensions ['colcon_pkg']
[2.366s] Level 1:colcon.colcon_core.package_identification:_identify(src/controller_manager/transmission_interface) by extension 'colcon_pkg'
[2.366s] Level 1:colcon.colcon_core.package_identification:_identify(src/controller_manager/transmission_interface) by extensions ['colcon_meta']
[2.366s] Level 1:colcon.colcon_core.package_identification:_identify(src/controller_manager/transmission_interface) by extension 'colcon_meta'
[2.366s] Level 1:colcon.colcon_core.package_identification:_identify(src/controller_manager/transmission_interface) by extensions ['ros']
[2.366s] Level 1:colcon.colcon_core.package_identification:_identify(src/controller_manager/transmission_interface) by extension 'ros'
[2.369s] DEBUG:colcon.colcon_core.package_identification:Package 'src/controller_manager/transmission_interface' with type 'ros.ament_cmake' and name 'transmission_interface'
[2.370s] Level 1:colcon.colcon_core.package_identification:_identify(src/controller_manager_msgs) by extensions ['ignore', 'ignore_ament_install']
[2.371s] Level 1:colcon.colcon_core.package_identification:_identify(src/controller_manager_msgs) by extension 'ignore'
[2.371s] Level 1:colcon.colcon_core.package_identification:_identify(src/controller_manager_msgs) by extension 'ignore_ament_install'
[2.371s] Level 1:colcon.colcon_core.package_identification:_identify(src/controller_manager_msgs) by extensions ['colcon_pkg']
[2.372s] Level 1:colcon.colcon_core.package_identification:_identify(src/controller_manager_msgs) by extension 'colcon_pkg'
[2.372s] Level 1:colcon.colcon_core.package_identification:_identify(src/controller_manager_msgs) by extensions ['colcon_meta']
[2.372s] Level 1:colcon.colcon_core.package_identification:_identify(src/controller_manager_msgs) by extension 'colcon_meta'
[2.372s] Level 1:colcon.colcon_core.package_identification:_identify(src/controller_manager_msgs) by extensions ['ros']
[2.372s] Level 1:colcon.colcon_core.package_identification:_identify(src/controller_manager_msgs) by extension 'ros'
[2.373s] Level 1:colcon.colcon_core.package_identification:_identify(src/controller_manager_msgs) by extensions ['cmake', 'python']
[2.373s] Level 1:colcon.colcon_core.package_identification:_identify(src/controller_manager_msgs) by extension 'cmake'
[2.373s] Level 1:colcon.colcon_core.package_identification:_identify(src/controller_manager_msgs) by extension 'python'
[2.373s] Level 1:colcon.colcon_core.package_identification:_identify(src/controller_manager_msgs) by extensions ['python_setup_py']
[2.374s] Level 1:colcon.colcon_core.package_identification:_identify(src/controller_manager_msgs) by extension 'python_setup_py'
[2.374s] Level 1:colcon.colcon_core.package_identification:_identify(src/controller_manager_msgs/controller_interface) by extensions ['ignore', 'ignore_ament_install']
[2.375s] Level 1:colcon.colcon_core.package_identification:_identify(src/controller_manager_msgs/controller_interface) by extension 'ignore'
[2.375s] Level 1:colcon.colcon_core.package_identification:_identify(src/controller_manager_msgs/controller_interface) by extension 'ignore_ament_install'
[2.376s] Level 1:colcon.colcon_core.package_identification:_identify(src/controller_manager_msgs/controller_interface) by extensions ['colcon_pkg']
[2.376s] Level 1:colcon.colcon_core.package_identification:_identify(src/controller_manager_msgs/controller_interface) by extension 'colcon_pkg'
[2.376s] Level 1:colcon.colcon_core.package_identification:_identify(src/controller_manager_msgs/controller_interface) by extensions ['colcon_meta']
[2.376s] Level 1:colcon.colcon_core.package_identification:_identify(src/controller_manager_msgs/controller_interface) by extension 'colcon_meta'
[2.376s] Level 1:colcon.colcon_core.package_identification:_identify(src/controller_manager_msgs/controller_interface) by extensions ['ros']
[2.377s] Level 1:colcon.colcon_core.package_identification:_identify(src/controller_manager_msgs/controller_interface) by extension 'ros'
[2.379s] DEBUG:colcon.colcon_core.package_identification:Package 'src/controller_manager_msgs/controller_interface' with type 'ros.ament_cmake' and name 'controller_interface'
[2.380s] Level 1:colcon.colcon_core.package_identification:_identify(src/controller_manager_msgs/controller_manager) by extensions ['ignore', 'ignore_ament_install']
[2.381s] Level 1:colcon.colcon_core.package_identification:_identify(src/controller_manager_msgs/controller_manager) by extension 'ignore'
[2.381s] Level 1:colcon.colcon_core.package_identification:_identify(src/controller_manager_msgs/controller_manager) by extension 'ignore_ament_install'
[2.381s] Level 1:colcon.colcon_core.package_identification:_identify(src/controller_manager_msgs/controller_manager) by extensions ['colcon_pkg']
[2.382s] Level 1:colcon.colcon_core.package_identification:_identify(src/controller_manager_msgs/controller_manager) by extension 'colcon_pkg'
[2.382s] Level 1:colcon.colcon_core.package_identification:_identify(src/controller_manager_msgs/controller_manager) by extensions ['colcon_meta']
[2.382s] Level 1:colcon.colcon_core.package_identification:_identify(src/controller_manager_msgs/controller_manager) by extension 'colcon_meta'
[2.382s] Level 1:colcon.colcon_core.package_identification:_identify(src/controller_manager_msgs/controller_manager) by extensions ['ros']
[2.382s] Level 1:colcon.colcon_core.package_identification:_identify(src/controller_manager_msgs/controller_manager) by extension 'ros'
[2.390s] DEBUG:colcon.colcon_core.package_identification:Package 'src/controller_manager_msgs/controller_manager' with type 'ros.ament_cmake' and name 'controller_manager'
[2.391s] Level 1:colcon.colcon_core.package_identification:_identify(src/controller_manager_msgs/controller_manager_msgs) by extensions ['ignore', 'ignore_ament_install']
[2.391s] Level 1:colcon.colcon_core.package_identification:_identify(src/controller_manager_msgs/controller_manager_msgs) by extension 'ignore'
[2.392s] Level 1:colcon.colcon_core.package_identification:_identify(src/controller_manager_msgs/controller_manager_msgs) by extension 'ignore_ament_install'
[2.392s] Level 1:colcon.colcon_core.package_identification:_identify(src/controller_manager_msgs/controller_manager_msgs) by extensions ['colcon_pkg']
[2.392s] Level 1:colcon.colcon_core.package_identification:_identify(src/controller_manager_msgs/controller_manager_msgs) by extension 'colcon_pkg'
[2.392s] Level 1:colcon.colcon_core.package_identification:_identify(src/controller_manager_msgs/controller_manager_msgs) by extensions ['colcon_meta']
[2.393s] Level 1:colcon.colcon_core.package_identification:_identify(src/controller_manager_msgs/controller_manager_msgs) by extension 'colcon_meta'
[2.393s] Level 1:colcon.colcon_core.package_identification:_identify(src/controller_manager_msgs/controller_manager_msgs) by extensions ['ros']
[2.393s] Level 1:colcon.colcon_core.package_identification:_identify(src/controller_manager_msgs/controller_manager_msgs) by extension 'ros'
[2.396s] DEBUG:colcon.colcon_core.package_identification:Package 'src/controller_manager_msgs/controller_manager_msgs' with type 'ros.ament_cmake' and name 'controller_manager_msgs'
[2.397s] Level 1:colcon.colcon_core.package_identification:_identify(src/controller_manager_msgs/doc) by extensions ['ignore', 'ignore_ament_install']
[2.398s] Level 1:colcon.colcon_core.package_identification:_identify(src/controller_manager_msgs/doc) by extension 'ignore'
[2.398s] Level 1:colcon.colcon_core.package_identification:_identify(src/controller_manager_msgs/doc) by extension 'ignore_ament_install'
[2.398s] Level 1:colcon.colcon_core.package_identification:_identify(src/controller_manager_msgs/doc) by extensions ['colcon_pkg']
[2.398s] Level 1:colcon.colcon_core.package_identification:_identify(src/controller_manager_msgs/doc) by extension 'colcon_pkg'
[2.399s] Level 1:colcon.colcon_core.package_identification:_identify(src/controller_manager_msgs/doc) by extensions ['colcon_meta']
[2.399s] Level 1:colcon.colcon_core.package_identification:_identify(src/controller_manager_msgs/doc) by extension 'colcon_meta'
[2.399s] Level 1:colcon.colcon_core.package_identification:_identify(src/controller_manager_msgs/doc) by extensions ['ros']
[2.399s] Level 1:colcon.colcon_core.package_identification:_identify(src/controller_manager_msgs/doc) by extension 'ros'
[2.400s] Level 1:colcon.colcon_core.package_identification:_identify(src/controller_manager_msgs/doc) by extensions ['cmake', 'python']
[2.400s] Level 1:colcon.colcon_core.package_identification:_identify(src/controller_manager_msgs/doc) by extension 'cmake'
[2.400s] Level 1:colcon.colcon_core.package_identification:_identify(src/controller_manager_msgs/doc) by extension 'python'
[2.400s] Level 1:colcon.colcon_core.package_identification:_identify(src/controller_manager_msgs/doc) by extensions ['python_setup_py']
[2.400s] Level 1:colcon.colcon_core.package_identification:_identify(src/controller_manager_msgs/doc) by extension 'python_setup_py'
[2.401s] Level 1:colcon.colcon_core.package_identification:_identify(src/controller_manager_msgs/hardware_interface) by extensions ['ignore', 'ignore_ament_install']
[2.402s] Level 1:colcon.colcon_core.package_identification:_identify(src/controller_manager_msgs/hardware_interface) by extension 'ignore'
[2.402s] Level 1:colcon.colcon_core.package_identification:_identify(src/controller_manager_msgs/hardware_interface) by extension 'ignore_ament_install'
[2.402s] Level 1:colcon.colcon_core.package_identification:_identify(src/controller_manager_msgs/hardware_interface) by extensions ['colcon_pkg']
[2.402s] Level 1:colcon.colcon_core.package_identification:_identify(src/controller_manager_msgs/hardware_interface) by extension 'colcon_pkg'
[2.403s] Level 1:colcon.colcon_core.package_identification:_identify(src/controller_manager_msgs/hardware_interface) by extensions ['colcon_meta']
[2.403s] Level 1:colcon.colcon_core.package_identification:_identify(src/controller_manager_msgs/hardware_interface) by extension 'colcon_meta'
[2.403s] Level 1:colcon.colcon_core.package_identification:_identify(src/controller_manager_msgs/hardware_interface) by extensions ['ros']
[2.403s] Level 1:colcon.colcon_core.package_identification:_identify(src/controller_manager_msgs/hardware_interface) by extension 'ros'
[2.407s] DEBUG:colcon.colcon_core.package_identification:Package 'src/controller_manager_msgs/hardware_interface' with type 'ros.ament_cmake' and name 'hardware_interface'
[2.408s] Level 1:colcon.colcon_core.package_identification:_identify(src/controller_manager_msgs/hardware_interface_testing) by extensions ['ignore', 'ignore_ament_install']
[2.409s] Level 1:colcon.colcon_core.package_identification:_identify(src/controller_manager_msgs/hardware_interface_testing) by extension 'ignore'
[2.409s] Level 1:colcon.colcon_core.package_identification:_identify(src/controller_manager_msgs/hardware_interface_testing) by extension 'ignore_ament_install'
[2.409s] Level 1:colcon.colcon_core.package_identification:_identify(src/controller_manager_msgs/hardware_interface_testing) by extensions ['colcon_pkg']
[2.410s] Level 1:colcon.colcon_core.package_identification:_identify(src/controller_manager_msgs/hardware_interface_testing) by extension 'colcon_pkg'
[2.410s] Level 1:colcon.colcon_core.package_identification:_identify(src/controller_manager_msgs/hardware_interface_testing) by extensions ['colcon_meta']
[2.410s] Level 1:colcon.colcon_core.package_identification:_identify(src/controller_manager_msgs/hardware_interface_testing) by extension 'colcon_meta'
[2.410s] Level 1:colcon.colcon_core.package_identification:_identify(src/controller_manager_msgs/hardware_interface_testing) by extensions ['ros']
[2.411s] Level 1:colcon.colcon_core.package_identification:_identify(src/controller_manager_msgs/hardware_interface_testing) by extension 'ros'
[2.415s] DEBUG:colcon.colcon_core.package_identification:Package 'src/controller_manager_msgs/hardware_interface_testing' with type 'ros.ament_cmake' and name 'hardware_interface_testing'
[2.416s] Level 1:colcon.colcon_core.package_identification:_identify(src/controller_manager_msgs/joint_limits) by extensions ['ignore', 'ignore_ament_install']
[2.416s] Level 1:colcon.colcon_core.package_identification:_identify(src/controller_manager_msgs/joint_limits) by extension 'ignore'
[2.416s] Level 1:colcon.colcon_core.package_identification:_identify(src/controller_manager_msgs/joint_limits) by extension 'ignore_ament_install'
[2.417s] Level 1:colcon.colcon_core.package_identification:_identify(src/controller_manager_msgs/joint_limits) by extensions ['colcon_pkg']
[2.417s] Level 1:colcon.colcon_core.package_identification:_identify(src/controller_manager_msgs/joint_limits) by extension 'colcon_pkg'
[2.417s] Level 1:colcon.colcon_core.package_identification:_identify(src/controller_manager_msgs/joint_limits) by extensions ['colcon_meta']
[2.417s] Level 1:colcon.colcon_core.package_identification:_identify(src/controller_manager_msgs/joint_limits) by extension 'colcon_meta'
[2.417s] Level 1:colcon.colcon_core.package_identification:_identify(src/controller_manager_msgs/joint_limits) by extensions ['ros']
[2.418s] Level 1:colcon.colcon_core.package_identification:_identify(src/controller_manager_msgs/joint_limits) by extension 'ros'
[2.421s] DEBUG:colcon.colcon_core.package_identification:Package 'src/controller_manager_msgs/joint_limits' with type 'ros.ament_cmake' and name 'joint_limits'
[2.422s] Level 1:colcon.colcon_core.package_identification:_identify(src/controller_manager_msgs/joint_limits_interface) by extensions ['ignore', 'ignore_ament_install']
[2.422s] Level 1:colcon.colcon_core.package_identification:_identify(src/controller_manager_msgs/joint_limits_interface) by extension 'ignore'
[2.422s] Level 1:colcon.colcon_core.package_identification:_identify(src/controller_manager_msgs/joint_limits_interface) ignored
[2.423s] Level 1:colcon.colcon_core.package_identification:_identify(src/controller_manager_msgs/ros2_control) by extensions ['ignore', 'ignore_ament_install']
[2.423s] Level 1:colcon.colcon_core.package_identification:_identify(src/controller_manager_msgs/ros2_control) by extension 'ignore'
[2.424s] Level 1:colcon.colcon_core.package_identification:_identify(src/controller_manager_msgs/ros2_control) by extension 'ignore_ament_install'
[2.424s] Level 1:colcon.colcon_core.package_identification:_identify(src/controller_manager_msgs/ros2_control) by extensions ['colcon_pkg']
[2.424s] Level 1:colcon.colcon_core.package_identification:_identify(src/controller_manager_msgs/ros2_control) by extension 'colcon_pkg'
[2.424s] Level 1:colcon.colcon_core.package_identification:_identify(src/controller_manager_msgs/ros2_control) by extensions ['colcon_meta']
[2.424s] Level 1:colcon.colcon_core.package_identification:_identify(src/controller_manager_msgs/ros2_control) by extension 'colcon_meta'
[2.425s] Level 1:colcon.colcon_core.package_identification:_identify(src/controller_manager_msgs/ros2_control) by extensions ['ros']
[2.425s] Level 1:colcon.colcon_core.package_identification:_identify(src/controller_manager_msgs/ros2_control) by extension 'ros'
[2.427s] DEBUG:colcon.colcon_core.package_identification:Package 'src/controller_manager_msgs/ros2_control' with type 'ros.ament_cmake' and name 'ros2_control'
[2.428s] Level 1:colcon.colcon_core.package_identification:_identify(src/controller_manager_msgs/ros2_control_test_assets) by extensions ['ignore', 'ignore_ament_install']
[2.429s] Level 1:colcon.colcon_core.package_identification:_identify(src/controller_manager_msgs/ros2_control_test_assets) by extension 'ignore'
[2.429s] Level 1:colcon.colcon_core.package_identification:_identify(src/controller_manager_msgs/ros2_control_test_assets) by extension 'ignore_ament_install'
[2.430s] Level 1:colcon.colcon_core.package_identification:_identify(src/controller_manager_msgs/ros2_control_test_assets) by extensions ['colcon_pkg']
[2.430s] Level 1:colcon.colcon_core.package_identification:_identify(src/controller_manager_msgs/ros2_control_test_assets) by extension 'colcon_pkg'
[2.430s] Level 1:colcon.colcon_core.package_identification:_identify(src/controller_manager_msgs/ros2_control_test_assets) by extensions ['colcon_meta']
[2.430s] Level 1:colcon.colcon_core.package_identification:_identify(src/controller_manager_msgs/ros2_control_test_assets) by extension 'colcon_meta'
[2.430s] Level 1:colcon.colcon_core.package_identification:_identify(src/controller_manager_msgs/ros2_control_test_assets) by extensions ['ros']
[2.431s] Level 1:colcon.colcon_core.package_identification:_identify(src/controller_manager_msgs/ros2_control_test_assets) by extension 'ros'
[2.433s] DEBUG:colcon.colcon_core.package_identification:Package 'src/controller_manager_msgs/ros2_control_test_assets' with type 'ros.ament_cmake' and name 'ros2_control_test_assets'
[2.434s] Level 1:colcon.colcon_core.package_identification:_identify(src/controller_manager_msgs/ros2controlcli) by extensions ['ignore', 'ignore_ament_install']
[2.435s] Level 1:colcon.colcon_core.package_identification:_identify(src/controller_manager_msgs/ros2controlcli) by extension 'ignore'
[2.435s] Level 1:colcon.colcon_core.package_identification:_identify(src/controller_manager_msgs/ros2controlcli) by extension 'ignore_ament_install'
[2.435s] Level 1:colcon.colcon_core.package_identification:_identify(src/controller_manager_msgs/ros2controlcli) by extensions ['colcon_pkg']
[2.435s] Level 1:colcon.colcon_core.package_identification:_identify(src/controller_manager_msgs/ros2controlcli) by extension 'colcon_pkg'
[2.436s] Level 1:colcon.colcon_core.package_identification:_identify(src/controller_manager_msgs/ros2controlcli) by extensions ['colcon_meta']
[2.436s] Level 1:colcon.colcon_core.package_identification:_identify(src/controller_manager_msgs/ros2controlcli) by extension 'colcon_meta'
[2.436s] Level 1:colcon.colcon_core.package_identification:_identify(src/controller_manager_msgs/ros2controlcli) by extensions ['ros']
[2.436s] Level 1:colcon.colcon_core.package_identification:_identify(src/controller_manager_msgs/ros2controlcli) by extension 'ros'
[2.441s] DEBUG:colcon.colcon_core.package_identification:Package 'src/controller_manager_msgs/ros2controlcli' with type 'ros.ament_python' and name 'ros2controlcli'
[2.442s] Level 1:colcon.colcon_core.package_identification:_identify(src/controller_manager_msgs/rqt_controller_manager) by extensions ['ignore', 'ignore_ament_install']
[2.443s] Level 1:colcon.colcon_core.package_identification:_identify(src/controller_manager_msgs/rqt_controller_manager) by extension 'ignore'
[2.443s] Level 1:colcon.colcon_core.package_identification:_identify(src/controller_manager_msgs/rqt_controller_manager) by extension 'ignore_ament_install'
[2.443s] Level 1:colcon.colcon_core.package_identification:_identify(src/controller_manager_msgs/rqt_controller_manager) by extensions ['colcon_pkg']
[2.444s] Level 1:colcon.colcon_core.package_identification:_identify(src/controller_manager_msgs/rqt_controller_manager) by extension 'colcon_pkg'
[2.444s] Level 1:colcon.colcon_core.package_identification:_identify(src/controller_manager_msgs/rqt_controller_manager) by extensions ['colcon_meta']
[2.444s] Level 1:colcon.colcon_core.package_identification:_identify(src/controller_manager_msgs/rqt_controller_manager) by extension 'colcon_meta'
[2.444s] Level 1:colcon.colcon_core.package_identification:_identify(src/controller_manager_msgs/rqt_controller_manager) by extensions ['ros']
[2.444s] Level 1:colcon.colcon_core.package_identification:_identify(src/controller_manager_msgs/rqt_controller_manager) by extension 'ros'
[2.448s] DEBUG:colcon.colcon_core.package_identification:Package 'src/controller_manager_msgs/rqt_controller_manager' with type 'ros.ament_python' and name 'rqt_controller_manager'
[2.449s] Level 1:colcon.colcon_core.package_identification:_identify(src/controller_manager_msgs/transmission_interface) by extensions ['ignore', 'ignore_ament_install']
[2.449s] Level 1:colcon.colcon_core.package_identification:_identify(src/controller_manager_msgs/transmission_interface) by extension 'ignore'
[2.449s] Level 1:colcon.colcon_core.package_identification:_identify(src/controller_manager_msgs/transmission_interface) by extension 'ignore_ament_install'
[2.450s] Level 1:colcon.colcon_core.package_identification:_identify(src/controller_manager_msgs/transmission_interface) by extensions ['colcon_pkg']
[2.450s] Level 1:colcon.colcon_core.package_identification:_identify(src/controller_manager_msgs/transmission_interface) by extension 'colcon_pkg'
[2.450s] Level 1:colcon.colcon_core.package_identification:_identify(src/controller_manager_msgs/transmission_interface) by extensions ['colcon_meta']
[2.450s] Level 1:colcon.colcon_core.package_identification:_identify(src/controller_manager_msgs/transmission_interface) by extension 'colcon_meta'
[2.450s] Level 1:colcon.colcon_core.package_identification:_identify(src/controller_manager_msgs/transmission_interface) by extensions ['ros']
[2.451s] Level 1:colcon.colcon_core.package_identification:_identify(src/controller_manager_msgs/transmission_interface) by extension 'ros'
[2.453s] DEBUG:colcon.colcon_core.package_identification:Package 'src/controller_manager_msgs/transmission_interface' with type 'ros.ament_cmake' and name 'transmission_interface'
[2.454s] Level 1:colcon.colcon_core.package_identification:_identify(src/sf_robot_description) by extensions ['ignore', 'ignore_ament_install']
[2.455s] Level 1:colcon.colcon_core.package_identification:_identify(src/sf_robot_description) by extension 'ignore'
[2.455s] Level 1:colcon.colcon_core.package_identification:_identify(src/sf_robot_description) by extension 'ignore_ament_install'
[2.455s] Level 1:colcon.colcon_core.package_identification:_identify(src/sf_robot_description) by extensions ['colcon_pkg']
[2.456s] Level 1:colcon.colcon_core.package_identification:_identify(src/sf_robot_description) by extension 'colcon_pkg'
[2.456s] Level 1:colcon.colcon_core.package_identification:_identify(src/sf_robot_description) by extensions ['colcon_meta']
[2.456s] Level 1:colcon.colcon_core.package_identification:_identify(src/sf_robot_description) by extension 'colcon_meta'
[2.456s] Level 1:colcon.colcon_core.package_identification:_identify(src/sf_robot_description) by extensions ['ros']
[2.456s] Level 1:colcon.colcon_core.package_identification:_identify(src/sf_robot_description) by extension 'ros'
[2.458s] DEBUG:colcon.colcon_core.package_identification:Package 'src/sf_robot_description' with type 'ros.ament_cmake' and name 'sf_robot_description'
[2.459s] Level 1:colcon.colcon_core.package_discovery:discover_packages(recursive) using defaults
[2.459s] Level 1:colcon.colcon_core.package_discovery:discover_packages(ignore) discover
[2.459s] Level 1:colcon.colcon_core.package_discovery:discover_packages(ignore) using defaults
[2.459s] Level 1:colcon.colcon_core.package_discovery:discover_packages(path) discover
[2.460s] Level 1:colcon.colcon_core.package_discovery:discover_packages(path) using defaults
[2.674s] Level 1:colcon.colcon_core.package_discovery:discover_packages(prefix_path) check parameters
[2.675s] Level 1:colcon.colcon_core.package_discovery:discover_packages(prefix_path) discover
[2.692s] DEBUG:colcon.colcon_installed_package_information.package_discovery:Found 319 installed packages in /opt/ros/humble
[2.701s] Level 1:colcon.colcon_core.package_discovery:discover_packages(prefix_path) using defaults
[2.914s] ERROR:colcon:colcon build: Duplicate package names not supported:
- controller_interface:
  - src/controller_manager/controller_interface
  - src/controller_manager_msgs/controller_interface
- controller_manager:
  - src/controller_manager/controller_manager
  - src/controller_manager_msgs/controller_manager
- controller_manager_msgs:
  - src/controller_manager/controller_manager_msgs
  - src/controller_manager_msgs/controller_manager_msgs
- hardware_interface:
  - src/controller_manager/hardware_interface
  - src/controller_manager_msgs/hardware_interface
- hardware_interface_testing:
  - src/controller_manager/hardware_interface_testing
  - src/controller_manager_msgs/hardware_interface_testing
- joint_limits:
  - src/controller_manager/joint_limits
  - src/controller_manager_msgs/joint_limits
- ros2_control:
  - src/controller_manager/ros2_control
  - src/controller_manager_msgs/ros2_control
- ros2_control_test_assets:
  - src/controller_manager/ros2_control_test_assets
  - src/controller_manager_msgs/ros2_control_test_assets
- ros2controlcli:
  - src/controller_manager/ros2controlcli
  - src/controller_manager_msgs/ros2controlcli
- rqt_controller_manager:
  - src/controller_manager/rqt_controller_manager
  - src/controller_manager_msgs/rqt_controller_manager
- transmission_interface:
  - src/controller_manager/transmission_interface
  - src/controller_manager_msgs/transmission_interface
