[0.176s] Invoking command in '/home/sr/sr_ws/build/hardware_interface': AMENT_PREFIX_PATH=/home/sr/sr_ws/install/ros2_control_test_assets:${AMENT_PREFIX_PATH} CMAKE_PREFIX_PATH=/home/sr/sr_ws/install/ros2_control_test_assets:/opt/ros/humble /usr/bin/cmake --build /home/sr/sr_ws/build/hardware_interface -- -j4 -l4
[0.576s] [35m[1mConsolidate compiler generated dependencies of target gmock_main[0m
[0.628s] [35m[1mConsolidate compiler generated dependencies of target hardware_interface[0m
[0.641s] [35m[1mConsolidate compiler generated dependencies of target gmock[0m
[0.738s] [  5%] Built target gmock_main
[0.860s] [ 14%] Built target gmock
[0.892s] [ 35%] Built target hardware_interface
[1.116s] [35m[1mConsolidate compiler generated dependencies of target fake_components[0m
[1.123s] [35m[1mConsolidate compiler generated dependencies of target test_inst_hardwares[0m
[1.141s] [35m[1mConsolidate compiler generated dependencies of target test_macros[0m
[1.219s] [35m[1mConsolidate compiler generated dependencies of target mock_components[0m
[1.339s] [ 41%] Built target mock_components
[1.363s] [ 47%] Built target test_macros
[1.388s] [ 55%] Built target fake_components
[1.400s] [ 61%] Built target test_inst_hardwares
[1.439s] [35m[1mConsolidate compiler generated dependencies of target test_joint_handle[0m
[1.498s] [35m[1mConsolidate compiler generated dependencies of target test_component_interfaces[0m
[1.509s] [35m[1mConsolidate compiler generated dependencies of target test_component_parser[0m
[1.525s] [35m[1mConsolidate compiler generated dependencies of target test_hardware_components[0m
[1.574s] [ 67%] Built target test_joint_handle
[1.684s] [ 73%] Built target test_component_parser
[1.692s] [35m[1mConsolidate compiler generated dependencies of target test_generic_system[0m
[1.693s] [ 79%] Built target test_component_interfaces
[1.784s] [ 94%] Built target test_hardware_components
[1.793s] [100%] Built target test_generic_system
[1.848s] Invoked command in '/home/sr/sr_ws/build/hardware_interface' returned '0': AMENT_PREFIX_PATH=/home/sr/sr_ws/install/ros2_control_test_assets:${AMENT_PREFIX_PATH} CMAKE_PREFIX_PATH=/home/sr/sr_ws/install/ros2_control_test_assets:/opt/ros/humble /usr/bin/cmake --build /home/sr/sr_ws/build/hardware_interface -- -j4 -l4
[2.369s] Invoking command in '/home/sr/sr_ws/build/hardware_interface': AMENT_PREFIX_PATH=/home/sr/sr_ws/install/ros2_control_test_assets:${AMENT_PREFIX_PATH} CMAKE_PREFIX_PATH=/home/sr/sr_ws/install/ros2_control_test_assets:/opt/ros/humble /usr/bin/cmake --install /home/sr/sr_ws/build/hardware_interface
[2.400s] -- Install configuration: ""
[2.401s] -- Up-to-date: /home/sr/sr_ws/install/hardware_interface/share/hardware_interface/mock_components_plugin_description.xml
[2.402s] -- Up-to-date: /home/sr/sr_ws/install/hardware_interface/share/hardware_interface/fake_components_plugin_description.xml
[2.403s] -- Up-to-date: /home/sr/sr_ws/install/hardware_interface/include
[2.404s] -- Up-to-date: /home/sr/sr_ws/install/hardware_interface/include/hardware_interface
[2.407s] -- Up-to-date: /home/sr/sr_ws/install/hardware_interface/include/hardware_interface/handle.hpp
[2.408s] -- Up-to-date: /home/sr/sr_ws/install/hardware_interface/include/hardware_interface/hardware_info.hpp
[2.408s] -- Up-to-date: /home/sr/sr_ws/install/hardware_interface/include/hardware_interface/visibility_control.h
[2.409s] -- Up-to-date: /home/sr/sr_ws/install/hardware_interface/include/hardware_interface/macros.hpp
[2.409s] -- Up-to-date: /home/sr/sr_ws/install/hardware_interface/include/hardware_interface/component_parser.hpp
[2.409s] -- Up-to-date: /home/sr/sr_ws/install/hardware_interface/include/hardware_interface/lexical_casts.hpp
[2.410s] -- Up-to-date: /home/sr/sr_ws/install/hardware_interface/include/hardware_interface/system.hpp
[2.410s] -- Up-to-date: /home/sr/sr_ws/install/hardware_interface/include/hardware_interface/system_interface.hpp
[2.411s] -- Up-to-date: /home/sr/sr_ws/install/hardware_interface/include/hardware_interface/types
[2.412s] -- Up-to-date: /home/sr/sr_ws/install/hardware_interface/include/hardware_interface/types/hardware_interface_return_values.hpp
[2.412s] -- Up-to-date: /home/sr/sr_ws/install/hardware_interface/include/hardware_interface/types/hardware_interface_type_values.hpp
[2.414s] -- Up-to-date: /home/sr/sr_ws/install/hardware_interface/include/hardware_interface/types/lifecycle_state_names.hpp
[2.417s] -- Up-to-date: /home/sr/sr_ws/install/hardware_interface/include/hardware_interface/loaned_command_interface.hpp
[2.418s] -- Up-to-date: /home/sr/sr_ws/install/hardware_interface/include/hardware_interface/sensor_interface.hpp
[2.419s] -- Up-to-date: /home/sr/sr_ws/install/hardware_interface/include/hardware_interface/actuator.hpp
[2.424s] -- Up-to-date: /home/sr/sr_ws/install/hardware_interface/include/hardware_interface/hardware_component_info.hpp
[2.424s] -- Up-to-date: /home/sr/sr_ws/install/hardware_interface/include/hardware_interface/loaned_state_interface.hpp
[2.425s] -- Up-to-date: /home/sr/sr_ws/install/hardware_interface/include/hardware_interface/resource_manager.hpp
[2.425s] -- Up-to-date: /home/sr/sr_ws/install/hardware_interface/include/hardware_interface/actuator_interface.hpp
[2.426s] -- Up-to-date: /home/sr/sr_ws/install/hardware_interface/include/hardware_interface/controller_info.hpp
[2.427s] -- Up-to-date: /home/sr/sr_ws/install/hardware_interface/include/hardware_interface/sensor.hpp
[2.428s] -- Up-to-date: /home/sr/sr_ws/install/hardware_interface/include/mock_components
[2.429s] -- Up-to-date: /home/sr/sr_ws/install/hardware_interface/include/mock_components/visibility_control.h
[2.430s] -- Up-to-date: /home/sr/sr_ws/install/hardware_interface/include/mock_components/generic_system.hpp
[2.431s] -- Up-to-date: /home/sr/sr_ws/install/hardware_interface/include/fake_components
[2.436s] -- Up-to-date: /home/sr/sr_ws/install/hardware_interface/include/fake_components/visibility_control.h
[2.437s] -- Up-to-date: /home/sr/sr_ws/install/hardware_interface/include/fake_components/generic_system.hpp
[2.438s] -- Up-to-date: /home/sr/sr_ws/install/hardware_interface/lib/libfake_components.so
[2.438s] -- Up-to-date: /home/sr/sr_ws/install/hardware_interface/lib/libmock_components.so
[2.439s] -- Up-to-date: /home/sr/sr_ws/install/hardware_interface/lib/libhardware_interface.so
[2.440s] -- Up-to-date: /home/sr/sr_ws/install/hardware_interface/lib/libtest_hardware_components.so
[2.440s] -- Up-to-date: /home/sr/sr_ws/install/hardware_interface/share/hardware_interface/test/test_hardware_components/test_hardware_components.xml
[2.441s] -- Up-to-date: /home/sr/sr_ws/install/hardware_interface/share/hardware_interface/environment/library_path.sh
[2.442s] -- Up-to-date: /home/sr/sr_ws/install/hardware_interface/share/hardware_interface/environment/library_path.dsv
[2.443s] -- Up-to-date: /home/sr/sr_ws/install/hardware_interface/share/ament_index/resource_index/package_run_dependencies/hardware_interface
[2.444s] -- Up-to-date: /home/sr/sr_ws/install/hardware_interface/share/ament_index/resource_index/parent_prefix_path/hardware_interface
[2.445s] -- Up-to-date: /home/sr/sr_ws/install/hardware_interface/share/hardware_interface/environment/ament_prefix_path.sh
[2.446s] -- Up-to-date: /home/sr/sr_ws/install/hardware_interface/share/hardware_interface/environment/ament_prefix_path.dsv
[2.446s] -- Up-to-date: /home/sr/sr_ws/install/hardware_interface/share/hardware_interface/environment/path.sh
[2.447s] -- Up-to-date: /home/sr/sr_ws/install/hardware_interface/share/hardware_interface/environment/path.dsv
[2.448s] -- Up-to-date: /home/sr/sr_ws/install/hardware_interface/share/hardware_interface/local_setup.bash
[2.449s] -- Up-to-date: /home/sr/sr_ws/install/hardware_interface/share/hardware_interface/local_setup.sh
[2.449s] -- Up-to-date: /home/sr/sr_ws/install/hardware_interface/share/hardware_interface/local_setup.zsh
[2.450s] -- Up-to-date: /home/sr/sr_ws/install/hardware_interface/share/hardware_interface/local_setup.dsv
[2.450s] -- Installing: /home/sr/sr_ws/install/hardware_interface/share/hardware_interface/package.dsv
[2.451s] -- Up-to-date: /home/sr/sr_ws/install/hardware_interface/share/ament_index/resource_index/packages/hardware_interface
[2.452s] -- Up-to-date: /home/sr/sr_ws/install/hardware_interface/share/ament_index/resource_index/hardware_interface__pluginlib__plugin/hardware_interface
[2.452s] -- Up-to-date: /home/sr/sr_ws/install/hardware_interface/share/hardware_interface/cmake/ament_cmake_export_include_directories-extras.cmake
[2.453s] -- Up-to-date: /home/sr/sr_ws/install/hardware_interface/share/hardware_interface/cmake/ament_cmake_export_libraries-extras.cmake
[2.454s] -- Up-to-date: /home/sr/sr_ws/install/hardware_interface/share/hardware_interface/cmake/ament_cmake_export_dependencies-extras.cmake
[2.454s] -- Up-to-date: /home/sr/sr_ws/install/hardware_interface/share/hardware_interface/cmake/hardware_interfaceConfig.cmake
[2.456s] -- Up-to-date: /home/sr/sr_ws/install/hardware_interface/share/hardware_interface/cmake/hardware_interfaceConfig-version.cmake
[2.461s] -- Up-to-date: /home/sr/sr_ws/install/hardware_interface/share/hardware_interface/package.xml
[2.462s] Invoked command in '/home/sr/sr_ws/build/hardware_interface' returned '0': AMENT_PREFIX_PATH=/home/sr/sr_ws/install/ros2_control_test_assets:${AMENT_PREFIX_PATH} CMAKE_PREFIX_PATH=/home/sr/sr_ws/install/ros2_control_test_assets:/opt/ros/humble /usr/bin/cmake --install /home/sr/sr_ws/build/hardware_interface
