[4.900s] Invoking command in '/home/sr/sr_ws/src/controller_manager/rqt_controller_manager': AMENT_PREFIX_PATH=/home/sr/sr_ws/install/controller_manager:/home/sr/sr_ws/install/controller_interface:/home/sr/sr_ws/install/hardware_interface:/home/sr/sr_ws/install/ros2_control_test_assets:/home/sr/sr_ws/install/controller_manager_msgs:${AMENT_PREFIX_PATH} CMAKE_PREFIX_PATH=/home/sr/sr_ws/install/controller_manager:/home/sr/sr_ws/install/controller_interface:/home/sr/sr_ws/install/hardware_interface:/home/sr/sr_ws/install/ros2_control_test_assets:/home/sr/sr_ws/install/controller_manager_msgs LD_LIBRARY_PATH=/home/sr/sr_ws/install/controller_manager/lib:/home/sr/sr_ws/install/controller_interface/lib:/home/sr/sr_ws/install/hardware_interface/lib:/home/sr/sr_ws/install/controller_manager_msgs/lib:${LD_LIBRARY_PATH} PYTHONPATH=/home/sr/sr_ws/build/rqt_controller_manager/prefix_override:/home/sr/sr_ws/install/rqt_controller_manager/lib/python3.10/site-packages:/home/sr/sr_ws/install/controller_manager/local/lib/python3.10/dist-packages:/home/sr/sr_ws/install/controller_manager_msgs/local/lib/python3.10/dist-packages:${PYTHONPATH} /usr/bin/python3 -W ignore:setup.py install is deprecated setup.py egg_info --egg-base ../../../build/rqt_controller_manager build --build-base /home/sr/sr_ws/build/rqt_controller_manager/build install --record /home/sr/sr_ws/build/rqt_controller_manager/install.log --single-version-externally-managed install_data
[6.335s] running egg_info
[6.337s] writing ../../../build/rqt_controller_manager/rqt_controller_manager.egg-info/PKG-INFO
[6.338s] writing dependency_links to ../../../build/rqt_controller_manager/rqt_controller_manager.egg-info/dependency_links.txt
[6.339s] writing entry points to ../../../build/rqt_controller_manager/rqt_controller_manager.egg-info/entry_points.txt
[6.340s] writing requirements to ../../../build/rqt_controller_manager/rqt_controller_manager.egg-info/requires.txt
[6.341s] writing top-level names to ../../../build/rqt_controller_manager/rqt_controller_manager.egg-info/top_level.txt
[6.352s] reading manifest file '../../../build/rqt_controller_manager/rqt_controller_manager.egg-info/SOURCES.txt'
[6.358s] writing manifest file '../../../build/rqt_controller_manager/rqt_controller_manager.egg-info/SOURCES.txt'
[6.359s] running build
[6.359s] running build_py
[6.362s] running install
[6.363s] running install_lib
[6.372s] running install_data
[6.374s] running install_egg_info
[6.382s] removing '/home/sr/sr_ws/install/rqt_controller_manager/lib/python3.10/site-packages/rqt_controller_manager-2.40.0-py3.10.egg-info' (and everything under it)
[6.384s] Copying ../../../build/rqt_controller_manager/rqt_controller_manager.egg-info to /home/sr/sr_ws/install/rqt_controller_manager/lib/python3.10/site-packages/rqt_controller_manager-2.40.0-py3.10.egg-info
[6.392s] running install_scripts
[6.518s] Installing rqt_controller_manager script to /home/sr/sr_ws/install/rqt_controller_manager/lib/rqt_controller_manager
[6.522s] writing list of installed files to '/home/sr/sr_ws/build/rqt_controller_manager/install.log'
[6.694s] Invoked command in '/home/sr/sr_ws/src/controller_manager/rqt_controller_manager' returned '0': AMENT_PREFIX_PATH=/home/sr/sr_ws/install/controller_manager:/home/sr/sr_ws/install/controller_interface:/home/sr/sr_ws/install/hardware_interface:/home/sr/sr_ws/install/ros2_control_test_assets:/home/sr/sr_ws/install/controller_manager_msgs:${AMENT_PREFIX_PATH} CMAKE_PREFIX_PATH=/home/sr/sr_ws/install/controller_manager:/home/sr/sr_ws/install/controller_interface:/home/sr/sr_ws/install/hardware_interface:/home/sr/sr_ws/install/ros2_control_test_assets:/home/sr/sr_ws/install/controller_manager_msgs LD_LIBRARY_PATH=/home/sr/sr_ws/install/controller_manager/lib:/home/sr/sr_ws/install/controller_interface/lib:/home/sr/sr_ws/install/hardware_interface/lib:/home/sr/sr_ws/install/controller_manager_msgs/lib:${LD_LIBRARY_PATH} PYTHONPATH=/home/sr/sr_ws/build/rqt_controller_manager/prefix_override:/home/sr/sr_ws/install/rqt_controller_manager/lib/python3.10/site-packages:/home/sr/sr_ws/install/controller_manager/local/lib/python3.10/dist-packages:/home/sr/sr_ws/install/controller_manager_msgs/local/lib/python3.10/dist-packages:${PYTHONPATH} /usr/bin/python3 -W ignore:setup.py install is deprecated setup.py egg_info --egg-base ../../../build/rqt_controller_manager build --build-base /home/sr/sr_ws/build/rqt_controller_manager/build install --record /home/sr/sr_ws/build/rqt_controller_manager/install.log --single-version-externally-managed install_data
