[0.083s] Invoking command in '/home/sr/sr_ws/build/transmission_interface': AMENT_PREFIX_PATH=/home/sr/sr_ws/install/hardware_interface:${AMENT_PREFIX_PATH} CMAKE_PREFIX_PATH=/home/sr/sr_ws/install/hardware_interface:/opt/ros/humble LD_LIBRARY_PATH=/home/sr/sr_ws/install/hardware_interface/lib:${LD_LIBRARY_PATH} /usr/bin/cmake /home/sr/sr_ws/src/controller_manager/transmission_interface -DCMAKE_INSTALL_PREFIX=/home/sr/sr_ws/install/transmission_interface
[0.423s] -- The C compiler identification is GNU 11.4.0
[0.745s] -- The CXX compiler identification is GNU 11.4.0
[0.805s] -- Detecting C compiler ABI info
[1.213s] -- Detecting C compiler ABI info - done
[1.252s] -- Check for working C compiler: /usr/bin/cc - skipped
[1.252s] -- Detecting C compile features
[1.253s] -- Detecting C compile features - done
[1.267s] -- Detecting CXX compiler ABI info
[1.738s] -- Detecting CXX compiler ABI info - done
[1.771s] -- Check for working CXX compiler: /usr/bin/c++ - skipped
[1.772s] -- Detecting CXX compile features
[1.774s] -- Detecting CXX compile features - done
[1.811s] -- Found ament_cmake: 1.3.8 (/opt/ros/humble/share/ament_cmake/cmake)
[2.851s] -- Found Python3: /usr/bin/python3 (found version "3.10.12") found components: Interpreter 
[3.579s] -- Found hardware_interface: 2.40.0 (/home/sr/sr_ws/install/hardware_interface/share/hardware_interface/cmake)
[4.034s] -- Found rosidl_generator_c: 3.1.5 (/opt/ros/humble/share/rosidl_generator_c/cmake)
[4.095s] -- Found rosidl_adapter: 3.1.5 (/opt/ros/humble/share/rosidl_adapter/cmake)
[4.175s] -- Found rosidl_generator_cpp: 3.1.5 (/opt/ros/humble/share/rosidl_generator_cpp/cmake)
[4.282s] -- Using all available rosidl_typesupport_c: rosidl_typesupport_fastrtps_c;rosidl_typesupport_introspection_c
[4.457s] -- Using all available rosidl_typesupport_cpp: rosidl_typesupport_fastrtps_cpp;rosidl_typesupport_introspection_cpp
[8.302s] -- Found rmw_implementation_cmake: 6.1.1 (/opt/ros/humble/share/rmw_implementation_cmake/cmake)
[8.335s] -- Found rmw_fastrtps_cpp: 6.2.6 (/opt/ros/humble/share/rmw_fastrtps_cpp/cmake)
[8.616s] -- Found TinyXML2 via Config file: TinyXML2_DIR-NOTFOUND
[8.890s] -- Found OpenSSL: /usr/lib/aarch64-linux-gnu/libcrypto.so (found version "3.0.2")  
[8.910s] -- Found TinyXML2 via Config file: TinyXML2_DIR-NOTFOUND
[9.008s] -- Found FastRTPS: /opt/ros/humble/include  
[9.055s] -- Found TinyXML2 via Config file: TinyXML2_DIR-NOTFOUND
[9.096s] -- Found TinyXML2 via Config file: TinyXML2_DIR-NOTFOUND
[9.140s] -- Using RMW implementation 'rmw_fastrtps_cpp' as default
[9.252s] -- Looking for pthread.h
[9.711s] -- Looking for pthread.h - found
[9.713s] -- Performing Test CMAKE_HAVE_LIBC_PTHREAD
[10.150s] -- Performing Test CMAKE_HAVE_LIBC_PTHREAD - Success
[10.155s] -- Found Threads: TRUE  
[11.327s] -- Found ament_cmake_gmock: 1.3.8 (/opt/ros/humble/share/ament_cmake_gmock/cmake)
[11.357s] -- Found gmock sources under '/opt/ros/humble/src/gmock_vendor': C++ tests using 'Google Mock' will be built
[11.418s] -- Found ament_cmake_gtest: 1.3.8 (/opt/ros/humble/share/ament_cmake_gtest/cmake)
[11.424s] -- Found gtest sources under '/opt/ros/humble/src/gtest_vendor': C++ tests using 'Google Test' will be built
[14.056s] -- Configuring done
[16.630s] -- Generating done
[16.678s] -- Build files have been written to: /home/sr/sr_ws/build/transmission_interface
[16.758s] Invoked command in '/home/sr/sr_ws/build/transmission_interface' returned '0': AMENT_PREFIX_PATH=/home/sr/sr_ws/install/hardware_interface:${AMENT_PREFIX_PATH} CMAKE_PREFIX_PATH=/home/sr/sr_ws/install/hardware_interface:/opt/ros/humble LD_LIBRARY_PATH=/home/sr/sr_ws/install/hardware_interface/lib:${LD_LIBRARY_PATH} /usr/bin/cmake /home/sr/sr_ws/src/controller_manager/transmission_interface -DCMAKE_INSTALL_PREFIX=/home/sr/sr_ws/install/transmission_interface
[16.761s] Invoking command in '/home/sr/sr_ws/build/transmission_interface': AMENT_PREFIX_PATH=/home/sr/sr_ws/install/hardware_interface:${AMENT_PREFIX_PATH} CMAKE_PREFIX_PATH=/home/sr/sr_ws/install/hardware_interface:/opt/ros/humble LD_LIBRARY_PATH=/home/sr/sr_ws/install/hardware_interface/lib:${LD_LIBRARY_PATH} /usr/bin/cmake --build /home/sr/sr_ws/build/transmission_interface -- -j4 -l4
[17.494s] [  4%] [32mBuilding CXX object CMakeFiles/transmission_interface.dir/src/simple_transmission_loader.cpp.o[0m
[60.920s] [  8%] [32mBuilding CXX object CMakeFiles/transmission_interface.dir/src/four_bar_linkage_transmission_loader.cpp.o[0m
[84.391s] [ 13%] [32mBuilding CXX object CMakeFiles/transmission_interface.dir/src/differential_transmission_loader.cpp.o[0m
[105.727s] [ 17%] [32m[1mLinking CXX shared library libtransmission_interface.so[0m
[106.955s] [ 17%] Built target transmission_interface
[107.076s] [ 21%] [32mBuilding CXX object gmock/CMakeFiles/gmock.dir/opt/ros/humble/src/gtest_vendor/src/gtest-all.cc.o[0m
[126.883s] [ 26%] [32mBuilding CXX object gmock/CMakeFiles/gmock.dir/src/gmock-all.cc.o[0m
[137.468s] [ 30%] [32m[1mLinking CXX static library libgmock.a[0m
[137.881s] [ 30%] Built target gmock
[138.003s] [ 34%] [32mBuilding CXX object gmock/CMakeFiles/gmock_main.dir/src/gmock_main.cc.o[0m
[145.829s] [ 39%] [32m[1mLinking CXX static library libgmock_main.a[0m
[145.988s] [ 39%] Built target gmock_main
[146.100s] [ 43%] [32mBuilding CXX object CMakeFiles/test_simple_transmission.dir/test/simple_transmission_test.cpp.o[0m
[146.106s] [ 47%] [32mBuilding CXX object CMakeFiles/test_differential_transmission.dir/test/differential_transmission_test.cpp.o[0m
[147.186s] [ 52%] [32mBuilding CXX object CMakeFiles/test_simple_transmission_loader.dir/test/simple_transmission_loader_test.cpp.o[0m
[148.430s] [ 56%] [32mBuilding CXX object CMakeFiles/test_four_bar_linkage_transmission.dir/test/four_bar_linkage_transmission_test.cpp.o[0m
[170.309s] [ 60%] [32m[1mLinking CXX executable test_simple_transmission[0m
[171.423s] [ 65%] [32m[1mLinking CXX executable test_differential_transmission[0m
[174.171s] [ 65%] Built target test_simple_transmission
[174.677s] [ 65%] Built target test_differential_transmission
[174.714s] [ 69%] [32m[1mLinking CXX executable test_four_bar_linkage_transmission[0m
[176.907s] [ 69%] Built target test_four_bar_linkage_transmission
[186.224s] [ 73%] [32m[1mLinking CXX executable test_simple_transmission_loader[0m
[189.390s] [ 73%] Built target test_simple_transmission_loader
[189.514s] [ 78%] [32mBuilding CXX object CMakeFiles/test_utils.dir/test/utils_test.cpp.o[0m
[189.541s] [ 82%] [32mBuilding CXX object CMakeFiles/test_differential_transmission_loader.dir/test/differential_transmission_loader_test.cpp.o[0m
[205.674s] [ 86%] [32m[1mLinking CXX executable test_utils[0m
[208.394s] [ 86%] Built target test_utils
[221.112s] [ 91%] [32m[1mLinking CXX executable test_differential_transmission_loader[0m
[223.891s] [ 91%] Built target test_differential_transmission_loader
[223.998s] [ 95%] [32mBuilding CXX object CMakeFiles/test_four_bar_linkage_transmission_loader.dir/test/four_bar_linkage_transmission_loader_test.cpp.o[0m
[245.175s] [100%] [32m[1mLinking CXX executable test_four_bar_linkage_transmission_loader[0m
[247.967s] [100%] Built target test_four_bar_linkage_transmission_loader
