[0.131s] Invoking command in '/home/sr/sr_ws/build/sf_robot_description': CMAKE_PREFIX_PATH=/opt/ros/humble /usr/bin/cmake --build /home/sr/sr_ws/build/sf_robot_description -- -j4 -l4
[0.561s] Invoked command in '/home/sr/sr_ws/build/sf_robot_description' returned '0': CMAKE_PREFIX_PATH=/opt/ros/humble /usr/bin/cmake --build /home/sr/sr_ws/build/sf_robot_description -- -j4 -l4
[0.921s] Invoking command in '/home/sr/sr_ws/build/sf_robot_description': CMAKE_PREFIX_PATH=/opt/ros/humble /usr/bin/cmake --install /home/sr/sr_ws/build/sf_robot_description
[1.013s] -- Install configuration: ""
[1.033s] -- Up-to-date: /home/sr/sr_ws/install/sf_robot_description/share/sf_robot_description//urdf
[1.048s] -- Up-to-date: /home/sr/sr_ws/install/sf_robot_description/share/sf_robot_description//urdf/inertial_macros.xacro
[1.049s] -- Up-to-date: /home/sr/sr_ws/install/sf_robot_description/share/sf_robot_description//urdf/robot_core.urdf.xacro
[1.051s] -- Up-to-date: /home/sr/sr_ws/install/sf_robot_description/share/sf_robot_description//urdf/robot.urdf.xacro
[1.051s] -- Up-to-date: /home/sr/sr_ws/install/sf_robot_description/share/sf_robot_description//launch
[1.063s] -- Up-to-date: /home/sr/sr_ws/install/sf_robot_description/share/sf_robot_description//launch/display.launch.py
[1.065s] -- Up-to-date: /home/sr/sr_ws/install/sf_robot_description/share/sf_robot_description//launch/display.launch.xml
[1.068s] -- Up-to-date: /home/sr/sr_ws/install/sf_robot_description/share/sf_robot_description//launch/turn_on_robot.py
[1.068s] -- Up-to-date: /home/sr/sr_ws/install/sf_robot_description/share/sf_robot_description//rviz
[1.075s] -- Up-to-date: /home/sr/sr_ws/install/sf_robot_description/share/sf_robot_description//rviz/urdf_config.rviz
[1.079s] -- Up-to-date: /home/sr/sr_ws/install/sf_robot_description/share/ament_index/resource_index/package_run_dependencies/sf_robot_description
[1.083s] -- Up-to-date: /home/sr/sr_ws/install/sf_robot_description/share/ament_index/resource_index/parent_prefix_path/sf_robot_description
[1.087s] -- Up-to-date: /home/sr/sr_ws/install/sf_robot_description/share/sf_robot_description/environment/ament_prefix_path.sh
[1.089s] -- Up-to-date: /home/sr/sr_ws/install/sf_robot_description/share/sf_robot_description/environment/ament_prefix_path.dsv
[1.090s] -- Up-to-date: /home/sr/sr_ws/install/sf_robot_description/share/sf_robot_description/environment/path.sh
[1.092s] -- Up-to-date: /home/sr/sr_ws/install/sf_robot_description/share/sf_robot_description/environment/path.dsv
[1.092s] -- Up-to-date: /home/sr/sr_ws/install/sf_robot_description/share/sf_robot_description/local_setup.bash
[1.095s] -- Up-to-date: /home/sr/sr_ws/install/sf_robot_description/share/sf_robot_description/local_setup.sh
[1.095s] -- Up-to-date: /home/sr/sr_ws/install/sf_robot_description/share/sf_robot_description/local_setup.zsh
[1.097s] -- Up-to-date: /home/sr/sr_ws/install/sf_robot_description/share/sf_robot_description/local_setup.dsv
[1.098s] -- Installing: /home/sr/sr_ws/install/sf_robot_description/share/sf_robot_description/package.dsv
[1.110s] -- Up-to-date: /home/sr/sr_ws/install/sf_robot_description/share/ament_index/resource_index/packages/sf_robot_description
[1.111s] -- Up-to-date: /home/sr/sr_ws/install/sf_robot_description/share/sf_robot_description/cmake/sf_robot_descriptionConfig.cmake
[1.112s] -- Up-to-date: /home/sr/sr_ws/install/sf_robot_description/share/sf_robot_description/cmake/sf_robot_descriptionConfig-version.cmake
[1.112s] -- Up-to-date: /home/sr/sr_ws/install/sf_robot_description/share/sf_robot_description/package.xml
[1.135s] Invoked command in '/home/sr/sr_ws/build/sf_robot_description' returned '0': CMAKE_PREFIX_PATH=/opt/ros/humble /usr/bin/cmake --install /home/sr/sr_ws/build/sf_robot_description
