[0.139s] Invoking command in '/home/sr/sr_ws/build/ros2_control': AMENT_PREFIX_PATH=/home/sr/sr_ws/install/ros2controlcli:/home/sr/sr_ws/install/controller_manager:/home/sr/sr_ws/install/transmission_interface:/home/sr/sr_ws/install/controller_interface:/home/sr/sr_ws/install/hardware_interface:/home/sr/sr_ws/install/ros2_control_test_assets:/home/sr/sr_ws/install/joint_limits:/home/sr/sr_ws/install/controller_manager_msgs:${AMENT_PREFIX_PATH} CMAKE_PREFIX_PATH=/home/sr/sr_ws/install/controller_manager:/home/sr/sr_ws/install/transmission_interface:/home/sr/sr_ws/install/controller_interface:/home/sr/sr_ws/install/hardware_interface:/home/sr/sr_ws/install/ros2_control_test_assets:/home/sr/sr_ws/install/joint_limits:/home/sr/sr_ws/install/controller_manager_msgs:/opt/ros/humble LD_LIBRARY_PATH=/home/sr/sr_ws/install/controller_manager/lib:/home/sr/sr_ws/install/transmission_interface/lib:/home/sr/sr_ws/install/controller_interface/lib:/home/sr/sr_ws/install/hardware_interface/lib:/home/sr/sr_ws/install/controller_manager_msgs/lib:${LD_LIBRARY_PATH} PYTHONPATH=/home/sr/sr_ws/install/ros2controlcli/lib/python3.10/site-packages:/home/sr/sr_ws/install/controller_manager/local/lib/python3.10/dist-packages:/home/sr/sr_ws/install/controller_manager_msgs/local/lib/python3.10/dist-packages:${PYTHONPATH} /usr/bin/cmake /home/sr/sr_ws/src/controller_manager/ros2_control -DCMAKE_INSTALL_PREFIX=/home/sr/sr_ws/install/ros2_control
[0.917s] -- The C compiler identification is GNU 11.4.0
[1.231s] -- The CXX compiler identification is GNU 11.4.0
[1.284s] -- Detecting C compiler ABI info
[1.708s] -- Detecting C compiler ABI info - done
[1.739s] -- Check for working C compiler: /usr/bin/cc - skipped
[1.741s] -- Detecting C compile features
[1.744s] -- Detecting C compile features - done
[1.762s] -- Detecting CXX compiler ABI info
[2.190s] -- Detecting CXX compiler ABI info - done
[2.220s] -- Check for working CXX compiler: /usr/bin/c++ - skipped
[2.222s] -- Detecting CXX compile features
[2.223s] -- Detecting CXX compile features - done
[2.318s] -- Found ament_cmake: 1.3.8 (/opt/ros/humble/share/ament_cmake/cmake)
[3.231s] -- Found Python3: /usr/bin/python3 (found version "3.10.12") found components: Interpreter 
[4.501s] -- Configuring done
[4.523s] -- Generating done
[4.527s] -- Build files have been written to: /home/sr/sr_ws/build/ros2_control
[4.546s] Invoked command in '/home/sr/sr_ws/build/ros2_control' returned '0': AMENT_PREFIX_PATH=/home/sr/sr_ws/install/ros2controlcli:/home/sr/sr_ws/install/controller_manager:/home/sr/sr_ws/install/transmission_interface:/home/sr/sr_ws/install/controller_interface:/home/sr/sr_ws/install/hardware_interface:/home/sr/sr_ws/install/ros2_control_test_assets:/home/sr/sr_ws/install/joint_limits:/home/sr/sr_ws/install/controller_manager_msgs:${AMENT_PREFIX_PATH} CMAKE_PREFIX_PATH=/home/sr/sr_ws/install/controller_manager:/home/sr/sr_ws/install/transmission_interface:/home/sr/sr_ws/install/controller_interface:/home/sr/sr_ws/install/hardware_interface:/home/sr/sr_ws/install/ros2_control_test_assets:/home/sr/sr_ws/install/joint_limits:/home/sr/sr_ws/install/controller_manager_msgs:/opt/ros/humble LD_LIBRARY_PATH=/home/sr/sr_ws/install/controller_manager/lib:/home/sr/sr_ws/install/transmission_interface/lib:/home/sr/sr_ws/install/controller_interface/lib:/home/sr/sr_ws/install/hardware_interface/lib:/home/sr/sr_ws/install/controller_manager_msgs/lib:${LD_LIBRARY_PATH} PYTHONPATH=/home/sr/sr_ws/install/ros2controlcli/lib/python3.10/site-packages:/home/sr/sr_ws/install/controller_manager/local/lib/python3.10/dist-packages:/home/sr/sr_ws/install/controller_manager_msgs/local/lib/python3.10/dist-packages:${PYTHONPATH} /usr/bin/cmake /home/sr/sr_ws/src/controller_manager/ros2_control -DCMAKE_INSTALL_PREFIX=/home/sr/sr_ws/install/ros2_control
[4.556s] Invoking command in '/home/sr/sr_ws/build/ros2_control': AMENT_PREFIX_PATH=/home/sr/sr_ws/install/ros2controlcli:/home/sr/sr_ws/install/controller_manager:/home/sr/sr_ws/install/transmission_interface:/home/sr/sr_ws/install/controller_interface:/home/sr/sr_ws/install/hardware_interface:/home/sr/sr_ws/install/ros2_control_test_assets:/home/sr/sr_ws/install/joint_limits:/home/sr/sr_ws/install/controller_manager_msgs:${AMENT_PREFIX_PATH} CMAKE_PREFIX_PATH=/home/sr/sr_ws/install/controller_manager:/home/sr/sr_ws/install/transmission_interface:/home/sr/sr_ws/install/controller_interface:/home/sr/sr_ws/install/hardware_interface:/home/sr/sr_ws/install/ros2_control_test_assets:/home/sr/sr_ws/install/joint_limits:/home/sr/sr_ws/install/controller_manager_msgs:/opt/ros/humble LD_LIBRARY_PATH=/home/sr/sr_ws/install/controller_manager/lib:/home/sr/sr_ws/install/transmission_interface/lib:/home/sr/sr_ws/install/controller_interface/lib:/home/sr/sr_ws/install/hardware_interface/lib:/home/sr/sr_ws/install/controller_manager_msgs/lib:${LD_LIBRARY_PATH} PYTHONPATH=/home/sr/sr_ws/install/ros2controlcli/lib/python3.10/site-packages:/home/sr/sr_ws/install/controller_manager/local/lib/python3.10/dist-packages:/home/sr/sr_ws/install/controller_manager_msgs/local/lib/python3.10/dist-packages:${PYTHONPATH} /usr/bin/cmake --build /home/sr/sr_ws/build/ros2_control -- -j4 -l4
[4.737s] Invoked command in '/home/sr/sr_ws/build/ros2_control' returned '0': AMENT_PREFIX_PATH=/home/sr/sr_ws/install/ros2controlcli:/home/sr/sr_ws/install/controller_manager:/home/sr/sr_ws/install/transmission_interface:/home/sr/sr_ws/install/controller_interface:/home/sr/sr_ws/install/hardware_interface:/home/sr/sr_ws/install/ros2_control_test_assets:/home/sr/sr_ws/install/joint_limits:/home/sr/sr_ws/install/controller_manager_msgs:${AMENT_PREFIX_PATH} CMAKE_PREFIX_PATH=/home/sr/sr_ws/install/controller_manager:/home/sr/sr_ws/install/transmission_interface:/home/sr/sr_ws/install/controller_interface:/home/sr/sr_ws/install/hardware_interface:/home/sr/sr_ws/install/ros2_control_test_assets:/home/sr/sr_ws/install/joint_limits:/home/sr/sr_ws/install/controller_manager_msgs:/opt/ros/humble LD_LIBRARY_PATH=/home/sr/sr_ws/install/controller_manager/lib:/home/sr/sr_ws/install/transmission_interface/lib:/home/sr/sr_ws/install/controller_interface/lib:/home/sr/sr_ws/install/hardware_interface/lib:/home/sr/sr_ws/install/controller_manager_msgs/lib:${LD_LIBRARY_PATH} PYTHONPATH=/home/sr/sr_ws/install/ros2controlcli/lib/python3.10/site-packages:/home/sr/sr_ws/install/controller_manager/local/lib/python3.10/dist-packages:/home/sr/sr_ws/install/controller_manager_msgs/local/lib/python3.10/dist-packages:${PYTHONPATH} /usr/bin/cmake --build /home/sr/sr_ws/build/ros2_control -- -j4 -l4
[4.867s] Invoking command in '/home/sr/sr_ws/build/ros2_control': AMENT_PREFIX_PATH=/home/sr/sr_ws/install/ros2controlcli:/home/sr/sr_ws/install/controller_manager:/home/sr/sr_ws/install/transmission_interface:/home/sr/sr_ws/install/controller_interface:/home/sr/sr_ws/install/hardware_interface:/home/sr/sr_ws/install/ros2_control_test_assets:/home/sr/sr_ws/install/joint_limits:/home/sr/sr_ws/install/controller_manager_msgs:${AMENT_PREFIX_PATH} CMAKE_PREFIX_PATH=/home/sr/sr_ws/install/controller_manager:/home/sr/sr_ws/install/transmission_interface:/home/sr/sr_ws/install/controller_interface:/home/sr/sr_ws/install/hardware_interface:/home/sr/sr_ws/install/ros2_control_test_assets:/home/sr/sr_ws/install/joint_limits:/home/sr/sr_ws/install/controller_manager_msgs:/opt/ros/humble LD_LIBRARY_PATH=/home/sr/sr_ws/install/controller_manager/lib:/home/sr/sr_ws/install/transmission_interface/lib:/home/sr/sr_ws/install/controller_interface/lib:/home/sr/sr_ws/install/hardware_interface/lib:/home/sr/sr_ws/install/controller_manager_msgs/lib:${LD_LIBRARY_PATH} PYTHONPATH=/home/sr/sr_ws/install/ros2controlcli/lib/python3.10/site-packages:/home/sr/sr_ws/install/controller_manager/local/lib/python3.10/dist-packages:/home/sr/sr_ws/install/controller_manager_msgs/local/lib/python3.10/dist-packages:${PYTHONPATH} /usr/bin/cmake --install /home/sr/sr_ws/build/ros2_control
[4.902s] -- Install configuration: ""
[4.903s] -- Installing: /home/sr/sr_ws/install/ros2_control/share/ament_index/resource_index/package_run_dependencies/ros2_control
[4.905s] -- Installing: /home/sr/sr_ws/install/ros2_control/share/ament_index/resource_index/parent_prefix_path/ros2_control
[4.907s] -- Installing: /home/sr/sr_ws/install/ros2_control/share/ros2_control/environment/ament_prefix_path.sh
[4.908s] -- Installing: /home/sr/sr_ws/install/ros2_control/share/ros2_control/environment/ament_prefix_path.dsv
[4.910s] -- Installing: /home/sr/sr_ws/install/ros2_control/share/ros2_control/environment/path.sh
[4.911s] -- Installing: /home/sr/sr_ws/install/ros2_control/share/ros2_control/environment/path.dsv
[4.913s] -- Installing: /home/sr/sr_ws/install/ros2_control/share/ros2_control/local_setup.bash
[4.914s] -- Installing: /home/sr/sr_ws/install/ros2_control/share/ros2_control/local_setup.sh
[4.915s] -- Installing: /home/sr/sr_ws/install/ros2_control/share/ros2_control/local_setup.zsh
[4.916s] -- Installing: /home/sr/sr_ws/install/ros2_control/share/ros2_control/local_setup.dsv
[4.917s] -- Installing: /home/sr/sr_ws/install/ros2_control/share/ros2_control/package.dsv
[4.919s] -- Installing: /home/sr/sr_ws/install/ros2_control/share/ament_index/resource_index/packages/ros2_control
[4.921s] -- Installing: /home/sr/sr_ws/install/ros2_control/share/ros2_control/cmake/ros2_controlConfig.cmake
[4.922s] -- Installing: /home/sr/sr_ws/install/ros2_control/share/ros2_control/cmake/ros2_controlConfig-version.cmake
[4.923s] -- Installing: /home/sr/sr_ws/install/ros2_control/share/ros2_control/package.xml
[4.931s] Invoked command in '/home/sr/sr_ws/build/ros2_control' returned '0': AMENT_PREFIX_PATH=/home/sr/sr_ws/install/ros2controlcli:/home/sr/sr_ws/install/controller_manager:/home/sr/sr_ws/install/transmission_interface:/home/sr/sr_ws/install/controller_interface:/home/sr/sr_ws/install/hardware_interface:/home/sr/sr_ws/install/ros2_control_test_assets:/home/sr/sr_ws/install/joint_limits:/home/sr/sr_ws/install/controller_manager_msgs:${AMENT_PREFIX_PATH} CMAKE_PREFIX_PATH=/home/sr/sr_ws/install/controller_manager:/home/sr/sr_ws/install/transmission_interface:/home/sr/sr_ws/install/controller_interface:/home/sr/sr_ws/install/hardware_interface:/home/sr/sr_ws/install/ros2_control_test_assets:/home/sr/sr_ws/install/joint_limits:/home/sr/sr_ws/install/controller_manager_msgs:/opt/ros/humble LD_LIBRARY_PATH=/home/sr/sr_ws/install/controller_manager/lib:/home/sr/sr_ws/install/transmission_interface/lib:/home/sr/sr_ws/install/controller_interface/lib:/home/sr/sr_ws/install/hardware_interface/lib:/home/sr/sr_ws/install/controller_manager_msgs/lib:${LD_LIBRARY_PATH} PYTHONPATH=/home/sr/sr_ws/install/ros2controlcli/lib/python3.10/site-packages:/home/sr/sr_ws/install/controller_manager/local/lib/python3.10/dist-packages:/home/sr/sr_ws/install/controller_manager_msgs/local/lib/python3.10/dist-packages:${PYTHONPATH} /usr/bin/cmake --install /home/sr/sr_ws/build/ros2_control
