[0.522s] DEBUG:colcon:Command line arguments: ['/usr/bin/colcon', 'build']
[0.523s] DEBUG:colcon:Parsed command line arguments: Namespace(log_base=None, log_level=None, verb_name='build', build_base='build', install_base='install', merge_install=False, symlink_install=False, test_result_base=None, continue_on_error=False, executor='parallel', parallel_workers=4, event_handlers=None, ignore_user_meta=False, metas=['./colcon.meta'], base_paths=['.'], packages_ignore=None, packages_ignore_regex=None, paths=None, packages_up_to=None, packages_up_to_regex=None, packages_above=None, packages_above_and_dependencies=None, packages_above_depth=None, packages_select_by_dep=None, packages_skip_by_dep=None, packages_skip_up_to=None, packages_select_build_failed=False, packages_skip_build_finished=False, packages_select_test_failures=False, packages_skip_test_passed=False, packages_select=None, packages_skip=None, packages_select_regex=None, packages_skip_regex=None, packages_start=None, packages_end=None, allow_overriding=[], cmake_args=None, cmake_target=None, cmake_target_skip_unavailable=False, cmake_clean_cache=False, cmake_clean_first=False, cmake_force_configure=False, ament_cmake_args=None, catkin_cmake_args=None, catkin_skip_building_tests=False, verb_parser=<colcon_defaults.argument_parser.defaults.DefaultArgumentsDecorator object at 0xffffb4fd0820>, verb_extension=<colcon_core.verb.build.BuildVerb object at 0xffffb50f1420>, main=<bound method BuildVerb.main of <colcon_core.verb.build.BuildVerb object at 0xffffb50f1420>>)
[1.544s] Level 1:colcon.colcon_core.package_discovery:discover_packages(colcon_meta) check parameters
[1.544s] Level 1:colcon.colcon_core.package_discovery:discover_packages(recursive) check parameters
[1.545s] Level 1:colcon.colcon_core.package_discovery:discover_packages(ignore) check parameters
[1.545s] Level 1:colcon.colcon_core.package_discovery:discover_packages(path) check parameters
[1.545s] Level 1:colcon.colcon_core.package_discovery:discover_packages(colcon_meta) discover
[1.545s] Level 1:colcon.colcon_core.package_discovery:discover_packages(recursive) discover
[1.545s] INFO:colcon.colcon_core.package_discovery:Crawling recursively for packages in '/home/sr/sr_ws'
[1.546s] Level 1:colcon.colcon_core.package_identification:_identify(.) by extensions ['ignore', 'ignore_ament_install']
[1.546s] Level 1:colcon.colcon_core.package_identification:_identify(.) by extension 'ignore'
[1.547s] Level 1:colcon.colcon_core.package_identification:_identify(.) by extension 'ignore_ament_install'
[1.547s] Level 1:colcon.colcon_core.package_identification:_identify(.) by extensions ['colcon_pkg']
[1.547s] Level 1:colcon.colcon_core.package_identification:_identify(.) by extension 'colcon_pkg'
[1.547s] Level 1:colcon.colcon_core.package_identification:_identify(.) by extensions ['colcon_meta']
[1.547s] Level 1:colcon.colcon_core.package_identification:_identify(.) by extension 'colcon_meta'
[1.548s] Level 1:colcon.colcon_core.package_identification:_identify(.) by extensions ['ros']
[1.548s] Level 1:colcon.colcon_core.package_identification:_identify(.) by extension 'ros'
[1.602s] Level 1:colcon.colcon_core.package_identification:_identify(.) by extensions ['cmake', 'python']
[1.602s] Level 1:colcon.colcon_core.package_identification:_identify(.) by extension 'cmake'
[1.602s] Level 1:colcon.colcon_core.package_identification:_identify(.) by extension 'python'
[1.603s] Level 1:colcon.colcon_core.package_identification:_identify(.) by extensions ['python_setup_py']
[1.603s] Level 1:colcon.colcon_core.package_identification:_identify(.) by extension 'python_setup_py'
[1.603s] Level 1:colcon.colcon_core.package_identification:_identify(build) by extensions ['ignore', 'ignore_ament_install']
[1.604s] Level 1:colcon.colcon_core.package_identification:_identify(build) by extension 'ignore'
[1.604s] Level 1:colcon.colcon_core.package_identification:_identify(build) ignored
[1.605s] Level 1:colcon.colcon_core.package_identification:_identify(install) by extensions ['ignore', 'ignore_ament_install']
[1.605s] Level 1:colcon.colcon_core.package_identification:_identify(install) by extension 'ignore'
[1.605s] Level 1:colcon.colcon_core.package_identification:_identify(install) ignored
[1.606s] Level 1:colcon.colcon_core.package_identification:_identify(log) by extensions ['ignore', 'ignore_ament_install']
[1.606s] Level 1:colcon.colcon_core.package_identification:_identify(log) by extension 'ignore'
[1.606s] Level 1:colcon.colcon_core.package_identification:_identify(log) ignored
[1.607s] Level 1:colcon.colcon_core.package_identification:_identify(src) by extensions ['ignore', 'ignore_ament_install']
[1.607s] Level 1:colcon.colcon_core.package_identification:_identify(src) by extension 'ignore'
[1.607s] Level 1:colcon.colcon_core.package_identification:_identify(src) by extension 'ignore_ament_install'
[1.608s] Level 1:colcon.colcon_core.package_identification:_identify(src) by extensions ['colcon_pkg']
[1.608s] Level 1:colcon.colcon_core.package_identification:_identify(src) by extension 'colcon_pkg'
[1.608s] Level 1:colcon.colcon_core.package_identification:_identify(src) by extensions ['colcon_meta']
[1.608s] Level 1:colcon.colcon_core.package_identification:_identify(src) by extension 'colcon_meta'
[1.608s] Level 1:colcon.colcon_core.package_identification:_identify(src) by extensions ['ros']
[1.609s] Level 1:colcon.colcon_core.package_identification:_identify(src) by extension 'ros'
[1.609s] Level 1:colcon.colcon_core.package_identification:_identify(src) by extensions ['cmake', 'python']
[1.609s] Level 1:colcon.colcon_core.package_identification:_identify(src) by extension 'cmake'
[1.609s] Level 1:colcon.colcon_core.package_identification:_identify(src) by extension 'python'
[1.609s] Level 1:colcon.colcon_core.package_identification:_identify(src) by extensions ['python_setup_py']
[1.610s] Level 1:colcon.colcon_core.package_identification:_identify(src) by extension 'python_setup_py'
[1.610s] Level 1:colcon.colcon_core.package_identification:_identify(src/control_robot) by extensions ['ignore', 'ignore_ament_install']
[1.610s] Level 1:colcon.colcon_core.package_identification:_identify(src/control_robot) by extension 'ignore'
[1.611s] Level 1:colcon.colcon_core.package_identification:_identify(src/control_robot) by extension 'ignore_ament_install'
[1.611s] Level 1:colcon.colcon_core.package_identification:_identify(src/control_robot) by extensions ['colcon_pkg']
[1.611s] Level 1:colcon.colcon_core.package_identification:_identify(src/control_robot) by extension 'colcon_pkg'
[1.612s] Level 1:colcon.colcon_core.package_identification:_identify(src/control_robot) by extensions ['colcon_meta']
[1.612s] Level 1:colcon.colcon_core.package_identification:_identify(src/control_robot) by extension 'colcon_meta'
[1.612s] Level 1:colcon.colcon_core.package_identification:_identify(src/control_robot) by extensions ['ros']
[1.613s] Level 1:colcon.colcon_core.package_identification:_identify(src/control_robot) by extension 'ros'
[1.622s] DEBUG:colcon.colcon_core.package_identification:Package 'src/control_robot' with type 'ros.ament_cmake' and name 'control_robot'
[1.623s] Level 1:colcon.colcon_core.package_identification:_identify(src/sf_robot_description) by extensions ['ignore', 'ignore_ament_install']
[1.623s] Level 1:colcon.colcon_core.package_identification:_identify(src/sf_robot_description) by extension 'ignore'
[1.623s] Level 1:colcon.colcon_core.package_identification:_identify(src/sf_robot_description) by extension 'ignore_ament_install'
[1.624s] Level 1:colcon.colcon_core.package_identification:_identify(src/sf_robot_description) by extensions ['colcon_pkg']
[1.624s] Level 1:colcon.colcon_core.package_identification:_identify(src/sf_robot_description) by extension 'colcon_pkg'
[1.624s] Level 1:colcon.colcon_core.package_identification:_identify(src/sf_robot_description) by extensions ['colcon_meta']
[1.624s] Level 1:colcon.colcon_core.package_identification:_identify(src/sf_robot_description) by extension 'colcon_meta'
[1.624s] Level 1:colcon.colcon_core.package_identification:_identify(src/sf_robot_description) by extensions ['ros']
[1.624s] Level 1:colcon.colcon_core.package_identification:_identify(src/sf_robot_description) by extension 'ros'
[1.626s] DEBUG:colcon.colcon_core.package_identification:Package 'src/sf_robot_description' with type 'ros.ament_cmake' and name 'sf_robot_description'
[1.627s] Level 1:colcon.colcon_core.package_discovery:discover_packages(recursive) using defaults
[1.627s] Level 1:colcon.colcon_core.package_discovery:discover_packages(ignore) discover
[1.627s] Level 1:colcon.colcon_core.package_discovery:discover_packages(ignore) using defaults
[1.627s] Level 1:colcon.colcon_core.package_discovery:discover_packages(path) discover
[1.627s] Level 1:colcon.colcon_core.package_discovery:discover_packages(path) using defaults
[1.717s] Level 1:colcon.colcon_core.package_discovery:discover_packages(prefix_path) check parameters
[1.717s] Level 1:colcon.colcon_core.package_discovery:discover_packages(prefix_path) discover
[1.732s] DEBUG:colcon.colcon_installed_package_information.package_discovery:Found 2 installed packages in /home/sr/sr_ws/install
[1.744s] DEBUG:colcon.colcon_installed_package_information.package_discovery:Found 319 installed packages in /opt/ros/humble
[1.791s] Level 1:colcon.colcon_core.package_discovery:discover_packages(prefix_path) using defaults
[2.012s] Level 5:colcon.colcon_core.verb:set package 'control_robot' build argument 'cmake_args' from command line to 'None'
[2.013s] Level 5:colcon.colcon_core.verb:set package 'control_robot' build argument 'cmake_target' from command line to 'None'
[2.013s] Level 5:colcon.colcon_core.verb:set package 'control_robot' build argument 'cmake_target_skip_unavailable' from command line to 'False'
[2.013s] Level 5:colcon.colcon_core.verb:set package 'control_robot' build argument 'cmake_clean_cache' from command line to 'False'
[2.013s] Level 5:colcon.colcon_core.verb:set package 'control_robot' build argument 'cmake_clean_first' from command line to 'False'
[2.013s] Level 5:colcon.colcon_core.verb:set package 'control_robot' build argument 'cmake_force_configure' from command line to 'False'
[2.013s] Level 5:colcon.colcon_core.verb:set package 'control_robot' build argument 'ament_cmake_args' from command line to 'None'
[2.013s] Level 5:colcon.colcon_core.verb:set package 'control_robot' build argument 'catkin_cmake_args' from command line to 'None'
[2.013s] Level 5:colcon.colcon_core.verb:set package 'control_robot' build argument 'catkin_skip_building_tests' from command line to 'False'
[2.014s] DEBUG:colcon.colcon_core.verb:Building package 'control_robot' with the following arguments: {'ament_cmake_args': None, 'build_base': '/home/sr/sr_ws/build/control_robot', 'catkin_cmake_args': None, 'catkin_skip_building_tests': False, 'cmake_args': None, 'cmake_clean_cache': False, 'cmake_clean_first': False, 'cmake_force_configure': False, 'cmake_target': None, 'cmake_target_skip_unavailable': False, 'install_base': '/home/sr/sr_ws/install/control_robot', 'merge_install': False, 'path': '/home/sr/sr_ws/src/control_robot', 'symlink_install': False, 'test_result_base': None}
[2.015s] Level 5:colcon.colcon_core.verb:set package 'sf_robot_description' build argument 'cmake_args' from command line to 'None'
[2.016s] Level 5:colcon.colcon_core.verb:set package 'sf_robot_description' build argument 'cmake_target' from command line to 'None'
[2.016s] Level 5:colcon.colcon_core.verb:set package 'sf_robot_description' build argument 'cmake_target_skip_unavailable' from command line to 'False'
[2.016s] Level 5:colcon.colcon_core.verb:set package 'sf_robot_description' build argument 'cmake_clean_cache' from command line to 'False'
[2.016s] Level 5:colcon.colcon_core.verb:set package 'sf_robot_description' build argument 'cmake_clean_first' from command line to 'False'
[2.016s] Level 5:colcon.colcon_core.verb:set package 'sf_robot_description' build argument 'cmake_force_configure' from command line to 'False'
[2.016s] Level 5:colcon.colcon_core.verb:set package 'sf_robot_description' build argument 'ament_cmake_args' from command line to 'None'
[2.016s] Level 5:colcon.colcon_core.verb:set package 'sf_robot_description' build argument 'catkin_cmake_args' from command line to 'None'
[2.017s] Level 5:colcon.colcon_core.verb:set package 'sf_robot_description' build argument 'catkin_skip_building_tests' from command line to 'False'
[2.017s] DEBUG:colcon.colcon_core.verb:Building package 'sf_robot_description' with the following arguments: {'ament_cmake_args': None, 'build_base': '/home/sr/sr_ws/build/sf_robot_description', 'catkin_cmake_args': None, 'catkin_skip_building_tests': False, 'cmake_args': None, 'cmake_clean_cache': False, 'cmake_clean_first': False, 'cmake_force_configure': False, 'cmake_target': None, 'cmake_target_skip_unavailable': False, 'install_base': '/home/sr/sr_ws/install/sf_robot_description', 'merge_install': False, 'path': '/home/sr/sr_ws/src/sf_robot_description', 'symlink_install': False, 'test_result_base': None}
[2.017s] INFO:colcon.colcon_core.executor:Executing jobs using 'parallel' executor
[2.021s] DEBUG:colcon.colcon_parallel_executor.executor.parallel:run_until_complete
[2.022s] INFO:colcon.colcon_ros.task.ament_cmake.build:Building ROS package in '/home/sr/sr_ws/src/control_robot' with build type 'ament_cmake'
[2.023s] INFO:colcon.colcon_cmake.task.cmake.build:Building CMake package in '/home/sr/sr_ws/src/control_robot'
[2.033s] INFO:colcon.colcon_core.plugin_system:Skipping extension 'colcon_core.shell.bat': Not used on non-Windows systems
[2.034s] INFO:colcon.colcon_core.shell:Skip shell extension 'powershell' for command environment: Not usable outside of PowerShell
[2.035s] DEBUG:colcon.colcon_core.shell:Skip shell extension 'dsv' for command environment
[2.060s] INFO:colcon.colcon_ros.task.ament_cmake.build:Building ROS package in '/home/sr/sr_ws/src/sf_robot_description' with build type 'ament_cmake'
[2.060s] INFO:colcon.colcon_cmake.task.cmake.build:Building CMake package in '/home/sr/sr_ws/src/sf_robot_description'
[2.062s] INFO:colcon.colcon_core.shell:Skip shell extension 'powershell' for command environment: Not usable outside of PowerShell
[2.062s] DEBUG:colcon.colcon_core.shell:Skip shell extension 'dsv' for command environment
[2.115s] DEBUG:colcon.colcon_core.event_handler.log_command:Invoking command in '/home/sr/sr_ws/build/control_robot': CMAKE_PREFIX_PATH=${CMAKE_PREFIX_PATH}:/opt/ros/humble /usr/bin/cmake --build /home/sr/sr_ws/build/control_robot -- -j4 -l4
[2.140s] DEBUG:colcon.colcon_core.event_handler.log_command:Invoking command in '/home/sr/sr_ws/build/sf_robot_description': CMAKE_PREFIX_PATH=${CMAKE_PREFIX_PATH}:/opt/ros/humble /usr/bin/cmake --build /home/sr/sr_ws/build/sf_robot_description -- -j4 -l4
[2.311s] DEBUG:colcon.colcon_core.event_handler.log_command:Invoked command in '/home/sr/sr_ws/build/sf_robot_description' returned '0': CMAKE_PREFIX_PATH=${CMAKE_PREFIX_PATH}:/opt/ros/humble /usr/bin/cmake --build /home/sr/sr_ws/build/sf_robot_description -- -j4 -l4
[2.489s] DEBUG:colcon.colcon_core.event_handler.log_command:Invoking command in '/home/sr/sr_ws/build/sf_robot_description': CMAKE_PREFIX_PATH=${CMAKE_PREFIX_PATH}:/opt/ros/humble /usr/bin/cmake --install /home/sr/sr_ws/build/sf_robot_description
[2.542s] Level 1:colcon.colcon_core.environment:create_environment_scripts_only(sf_robot_description)
[2.545s] DEBUG:colcon.colcon_core.event_handler.log_command:Invoked command in '/home/sr/sr_ws/build/sf_robot_description' returned '0': CMAKE_PREFIX_PATH=${CMAKE_PREFIX_PATH}:/opt/ros/humble /usr/bin/cmake --install /home/sr/sr_ws/build/sf_robot_description
[2.557s] Level 1:colcon.colcon_core.environment:checking '/home/sr/sr_ws/install/sf_robot_description' for CMake module files
[2.561s] Level 1:colcon.colcon_core.environment:checking '/home/sr/sr_ws/install/sf_robot_description' for CMake config files
[2.564s] Level 1:colcon.colcon_core.shell:create_environment_hook('sf_robot_description', 'cmake_prefix_path')
[2.566s] INFO:colcon.colcon_core.shell:Creating environment hook '/home/sr/sr_ws/install/sf_robot_description/share/sf_robot_description/hook/cmake_prefix_path.ps1'
[2.571s] INFO:colcon.colcon_core.shell:Creating environment descriptor '/home/sr/sr_ws/install/sf_robot_description/share/sf_robot_description/hook/cmake_prefix_path.dsv'
[2.575s] INFO:colcon.colcon_core.shell:Creating environment hook '/home/sr/sr_ws/install/sf_robot_description/share/sf_robot_description/hook/cmake_prefix_path.sh'
[2.580s] Level 1:colcon.colcon_core.environment:checking '/home/sr/sr_ws/install/sf_robot_description/bin'
[2.581s] Level 1:colcon.colcon_core.environment:checking '/home/sr/sr_ws/install/sf_robot_description/lib/pkgconfig/sf_robot_description.pc'
[2.582s] Level 1:colcon.colcon_core.environment:checking '/home/sr/sr_ws/install/sf_robot_description/lib/python3.10/site-packages'
[2.583s] Level 1:colcon.colcon_core.environment:checking '/home/sr/sr_ws/install/sf_robot_description/bin'
[2.584s] INFO:colcon.colcon_core.shell:Creating package script '/home/sr/sr_ws/install/sf_robot_description/share/sf_robot_description/package.ps1'
[2.589s] INFO:colcon.colcon_core.shell:Creating package descriptor '/home/sr/sr_ws/install/sf_robot_description/share/sf_robot_description/package.dsv'
[2.592s] INFO:colcon.colcon_core.shell:Creating package script '/home/sr/sr_ws/install/sf_robot_description/share/sf_robot_description/package.sh'
[2.596s] INFO:colcon.colcon_core.shell:Creating package script '/home/sr/sr_ws/install/sf_robot_description/share/sf_robot_description/package.bash'
[2.601s] INFO:colcon.colcon_core.shell:Creating package script '/home/sr/sr_ws/install/sf_robot_description/share/sf_robot_description/package.zsh'
[2.605s] Level 1:colcon.colcon_core.environment:create_file_with_runtime_dependencies(/home/sr/sr_ws/install/sf_robot_description/share/colcon-core/packages/sf_robot_description)
[2.731s] Level 1:colcon.colcon_core.environment:create_environment_scripts_only(sf_robot_description)
[2.732s] Level 1:colcon.colcon_core.environment:checking '/home/sr/sr_ws/install/sf_robot_description' for CMake module files
[2.736s] Level 1:colcon.colcon_core.environment:checking '/home/sr/sr_ws/install/sf_robot_description' for CMake config files
[2.738s] Level 1:colcon.colcon_core.shell:create_environment_hook('sf_robot_description', 'cmake_prefix_path')
[2.739s] INFO:colcon.colcon_core.shell:Creating environment hook '/home/sr/sr_ws/install/sf_robot_description/share/sf_robot_description/hook/cmake_prefix_path.ps1'
[2.742s] INFO:colcon.colcon_core.shell:Creating environment descriptor '/home/sr/sr_ws/install/sf_robot_description/share/sf_robot_description/hook/cmake_prefix_path.dsv'
[2.744s] INFO:colcon.colcon_core.shell:Creating environment hook '/home/sr/sr_ws/install/sf_robot_description/share/sf_robot_description/hook/cmake_prefix_path.sh'
[2.747s] Level 1:colcon.colcon_core.environment:checking '/home/sr/sr_ws/install/sf_robot_description/bin'
[2.748s] Level 1:colcon.colcon_core.environment:checking '/home/sr/sr_ws/install/sf_robot_description/lib/pkgconfig/sf_robot_description.pc'
[2.749s] Level 1:colcon.colcon_core.environment:checking '/home/sr/sr_ws/install/sf_robot_description/lib/python3.10/site-packages'
[2.750s] Level 1:colcon.colcon_core.environment:checking '/home/sr/sr_ws/install/sf_robot_description/bin'
[2.752s] INFO:colcon.colcon_core.shell:Creating package script '/home/sr/sr_ws/install/sf_robot_description/share/sf_robot_description/package.ps1'
[2.755s] INFO:colcon.colcon_core.shell:Creating package descriptor '/home/sr/sr_ws/install/sf_robot_description/share/sf_robot_description/package.dsv'
[2.758s] INFO:colcon.colcon_core.shell:Creating package script '/home/sr/sr_ws/install/sf_robot_description/share/sf_robot_description/package.sh'
[2.760s] INFO:colcon.colcon_core.shell:Creating package script '/home/sr/sr_ws/install/sf_robot_description/share/sf_robot_description/package.bash'
[2.763s] INFO:colcon.colcon_core.shell:Creating package script '/home/sr/sr_ws/install/sf_robot_description/share/sf_robot_description/package.zsh'
[2.765s] Level 1:colcon.colcon_core.environment:create_file_with_runtime_dependencies(/home/sr/sr_ws/install/sf_robot_description/share/colcon-core/packages/sf_robot_description)
[3.491s] DEBUG:colcon.colcon_core.event_handler.log_command:Invoked command in '/home/sr/sr_ws/build/control_robot' returned '0': CMAKE_PREFIX_PATH=${CMAKE_PREFIX_PATH}:/opt/ros/humble /usr/bin/cmake --build /home/sr/sr_ws/build/control_robot -- -j4 -l4
[3.623s] DEBUG:colcon.colcon_core.event_handler.log_command:Invoking command in '/home/sr/sr_ws/build/control_robot': CMAKE_PREFIX_PATH=${CMAKE_PREFIX_PATH}:/opt/ros/humble /usr/bin/cmake --install /home/sr/sr_ws/build/control_robot
[3.674s] Level 1:colcon.colcon_core.environment:create_environment_scripts_only(control_robot)
[3.676s] Level 1:colcon.colcon_core.environment:checking '/home/sr/sr_ws/install/control_robot' for CMake module files
[3.678s] DEBUG:colcon.colcon_core.event_handler.log_command:Invoked command in '/home/sr/sr_ws/build/control_robot' returned '0': CMAKE_PREFIX_PATH=${CMAKE_PREFIX_PATH}:/opt/ros/humble /usr/bin/cmake --install /home/sr/sr_ws/build/control_robot
[3.681s] Level 1:colcon.colcon_core.environment:checking '/home/sr/sr_ws/install/control_robot' for CMake config files
[3.683s] Level 1:colcon.colcon_core.shell:create_environment_hook('control_robot', 'cmake_prefix_path')
[3.684s] INFO:colcon.colcon_core.shell:Creating environment hook '/home/sr/sr_ws/install/control_robot/share/control_robot/hook/cmake_prefix_path.ps1'
[3.686s] INFO:colcon.colcon_core.shell:Creating environment descriptor '/home/sr/sr_ws/install/control_robot/share/control_robot/hook/cmake_prefix_path.dsv'
[3.688s] INFO:colcon.colcon_core.shell:Creating environment hook '/home/sr/sr_ws/install/control_robot/share/control_robot/hook/cmake_prefix_path.sh'
[3.691s] Level 1:colcon.colcon_core.environment:checking '/home/sr/sr_ws/install/control_robot/bin'
[3.692s] Level 1:colcon.colcon_core.environment:checking '/home/sr/sr_ws/install/control_robot/lib/pkgconfig/control_robot.pc'
[3.693s] Level 1:colcon.colcon_core.environment:checking '/home/sr/sr_ws/install/control_robot/lib/python3.10/site-packages'
[3.694s] Level 1:colcon.colcon_core.environment:checking '/home/sr/sr_ws/install/control_robot/bin'
[3.695s] INFO:colcon.colcon_core.shell:Creating package script '/home/sr/sr_ws/install/control_robot/share/control_robot/package.ps1'
[3.698s] INFO:colcon.colcon_core.shell:Creating package descriptor '/home/sr/sr_ws/install/control_robot/share/control_robot/package.dsv'
[3.700s] INFO:colcon.colcon_core.shell:Creating package script '/home/sr/sr_ws/install/control_robot/share/control_robot/package.sh'
[3.702s] INFO:colcon.colcon_core.shell:Creating package script '/home/sr/sr_ws/install/control_robot/share/control_robot/package.bash'
[3.704s] INFO:colcon.colcon_core.shell:Creating package script '/home/sr/sr_ws/install/control_robot/share/control_robot/package.zsh'
[3.705s] Level 1:colcon.colcon_core.environment:create_file_with_runtime_dependencies(/home/sr/sr_ws/install/control_robot/share/colcon-core/packages/control_robot)
[3.830s] Level 1:colcon.colcon_core.environment:create_environment_scripts_only(control_robot)
[3.832s] Level 1:colcon.colcon_core.environment:checking '/home/sr/sr_ws/install/control_robot' for CMake module files
[3.836s] Level 1:colcon.colcon_core.environment:checking '/home/sr/sr_ws/install/control_robot' for CMake config files
[3.839s] Level 1:colcon.colcon_core.shell:create_environment_hook('control_robot', 'cmake_prefix_path')
[3.841s] INFO:colcon.colcon_core.shell:Creating environment hook '/home/sr/sr_ws/install/control_robot/share/control_robot/hook/cmake_prefix_path.ps1'
[3.843s] INFO:colcon.colcon_core.shell:Creating environment descriptor '/home/sr/sr_ws/install/control_robot/share/control_robot/hook/cmake_prefix_path.dsv'
[3.845s] INFO:colcon.colcon_core.shell:Creating environment hook '/home/sr/sr_ws/install/control_robot/share/control_robot/hook/cmake_prefix_path.sh'
[3.848s] Level 1:colcon.colcon_core.environment:checking '/home/sr/sr_ws/install/control_robot/bin'
[3.848s] Level 1:colcon.colcon_core.environment:checking '/home/sr/sr_ws/install/control_robot/lib/pkgconfig/control_robot.pc'
[3.849s] Level 1:colcon.colcon_core.environment:checking '/home/sr/sr_ws/install/control_robot/lib/python3.10/site-packages'
[3.850s] Level 1:colcon.colcon_core.environment:checking '/home/sr/sr_ws/install/control_robot/bin'
[3.852s] INFO:colcon.colcon_core.shell:Creating package script '/home/sr/sr_ws/install/control_robot/share/control_robot/package.ps1'
[3.855s] INFO:colcon.colcon_core.shell:Creating package descriptor '/home/sr/sr_ws/install/control_robot/share/control_robot/package.dsv'
[3.857s] INFO:colcon.colcon_core.shell:Creating package script '/home/sr/sr_ws/install/control_robot/share/control_robot/package.sh'
[3.859s] INFO:colcon.colcon_core.shell:Creating package script '/home/sr/sr_ws/install/control_robot/share/control_robot/package.bash'
[3.862s] INFO:colcon.colcon_core.shell:Creating package script '/home/sr/sr_ws/install/control_robot/share/control_robot/package.zsh'
[3.864s] Level 1:colcon.colcon_core.environment:create_file_with_runtime_dependencies(/home/sr/sr_ws/install/control_robot/share/colcon-core/packages/control_robot)
[3.865s] DEBUG:colcon.colcon_parallel_executor.executor.parallel:closing loop
[3.866s] DEBUG:colcon.colcon_parallel_executor.executor.parallel:loop closed
[3.866s] DEBUG:colcon.colcon_parallel_executor.executor.parallel:run_until_complete finished with '0'
[3.867s] DEBUG:colcon.colcon_core.event_reactor:joining thread
[3.894s] INFO:colcon.colcon_core.plugin_system:Skipping extension 'colcon_notification.desktop_notification.terminal_notifier': Not used on non-Darwin systems
[3.894s] INFO:colcon.colcon_core.plugin_system:Skipping extension 'colcon_notification.desktop_notification.win32': Not used on non-Windows systems
[3.894s] INFO:colcon.colcon_notification.desktop_notification:Sending desktop notification using 'notify2'
[3.943s] DEBUG:colcon.colcon_core.event_reactor:joined thread
[3.945s] INFO:colcon.colcon_core.shell:Creating prefix script '/home/sr/sr_ws/install/local_setup.ps1'
[3.950s] INFO:colcon.colcon_core.shell:Creating prefix util module '/home/sr/sr_ws/install/_local_setup_util_ps1.py'
[3.957s] INFO:colcon.colcon_core.shell:Creating prefix chain script '/home/sr/sr_ws/install/setup.ps1'
[3.963s] INFO:colcon.colcon_core.shell:Creating prefix script '/home/sr/sr_ws/install/local_setup.sh'
[3.966s] INFO:colcon.colcon_core.shell:Creating prefix util module '/home/sr/sr_ws/install/_local_setup_util_sh.py'
[3.968s] INFO:colcon.colcon_core.shell:Creating prefix chain script '/home/sr/sr_ws/install/setup.sh'
[3.974s] INFO:colcon.colcon_core.shell:Creating prefix script '/home/sr/sr_ws/install/local_setup.bash'
[3.976s] INFO:colcon.colcon_core.shell:Creating prefix chain script '/home/sr/sr_ws/install/setup.bash'
[3.982s] INFO:colcon.colcon_core.shell:Creating prefix script '/home/sr/sr_ws/install/local_setup.zsh'
[3.984s] INFO:colcon.colcon_core.shell:Creating prefix chain script '/home/sr/sr_ws/install/setup.zsh'
