[0.063s] Invoking command in '/home/sr/sr_ws/build/sf_robot_description': CMAKE_PREFIX_PATH=/opt/ros/humble /usr/bin/cmake --build /home/sr/sr_ws/build/sf_robot_description -- -j4 -l4
[0.364s] Invoked command in '/home/sr/sr_ws/build/sf_robot_description' returned '0': CMAKE_PREFIX_PATH=/opt/ros/humble /usr/bin/cmake --build /home/sr/sr_ws/build/sf_robot_description -- -j4 -l4
[0.535s] Invoking command in '/home/sr/sr_ws/build/sf_robot_description': CMAKE_PREFIX_PATH=/opt/ros/humble /usr/bin/cmake --install /home/sr/sr_ws/build/sf_robot_description
[0.661s] -- Install configuration: ""
[0.850s] -- Up-to-date: /home/sr/sr_ws/install/sf_robot_description/share/sf_robot_description//urdf
[1.052s] -- Up-to-date: /home/sr/sr_ws/install/sf_robot_description/share/sf_robot_description//urdf/inertial_macros.xacro
[1.057s] -- Up-to-date: /home/sr/sr_ws/install/sf_robot_description/share/sf_robot_description//urdf/robot_core.urdf.xacro
[1.059s] -- Up-to-date: /home/sr/sr_ws/install/sf_robot_description/share/sf_robot_description//urdf/robot.urdf.xacro
[1.064s] -- Up-to-date: /home/sr/sr_ws/install/sf_robot_description/share/sf_robot_description//launch
[1.064s] -- Up-to-date: /home/sr/sr_ws/install/sf_robot_description/share/sf_robot_description//launch/display.launch.py
[1.065s] -- Up-to-date: /home/sr/sr_ws/install/sf_robot_description/share/sf_robot_description//launch/display.launch.xml
[1.066s] -- Up-to-date: /home/sr/sr_ws/install/sf_robot_description/share/sf_robot_description//launch/turn_on_robot.py
[1.066s] -- Up-to-date: /home/sr/sr_ws/install/sf_robot_description/share/sf_robot_description//rviz
[1.066s] -- Up-to-date: /home/sr/sr_ws/install/sf_robot_description/share/sf_robot_description//rviz/urdf_config.rviz
[1.067s] -- Up-to-date: /home/sr/sr_ws/install/sf_robot_description/share/ament_index/resource_index/package_run_dependencies/sf_robot_description
[1.081s] -- Up-to-date: /home/sr/sr_ws/install/sf_robot_description/share/ament_index/resource_index/parent_prefix_path/sf_robot_description
[1.082s] -- Up-to-date: /home/sr/sr_ws/install/sf_robot_description/share/sf_robot_description/environment/ament_prefix_path.sh
[1.082s] -- Up-to-date: /home/sr/sr_ws/install/sf_robot_description/share/sf_robot_description/environment/ament_prefix_path.dsv
[1.083s] -- Up-to-date: /home/sr/sr_ws/install/sf_robot_description/share/sf_robot_description/environment/path.sh
[1.083s] -- Up-to-date: /home/sr/sr_ws/install/sf_robot_description/share/sf_robot_description/environment/path.dsv
[1.084s] -- Up-to-date: /home/sr/sr_ws/install/sf_robot_description/share/sf_robot_description/local_setup.bash
[1.084s] -- Up-to-date: /home/sr/sr_ws/install/sf_robot_description/share/sf_robot_description/local_setup.sh
[1.085s] -- Up-to-date: /home/sr/sr_ws/install/sf_robot_description/share/sf_robot_description/local_setup.zsh
[1.085s] -- Up-to-date: /home/sr/sr_ws/install/sf_robot_description/share/sf_robot_description/local_setup.dsv
[1.106s] -- Installing: /home/sr/sr_ws/install/sf_robot_description/share/sf_robot_description/package.dsv
[1.112s] -- Up-to-date: /home/sr/sr_ws/install/sf_robot_description/share/ament_index/resource_index/packages/sf_robot_description
[1.116s] -- Up-to-date: /home/sr/sr_ws/install/sf_robot_description/share/sf_robot_description/cmake/sf_robot_descriptionConfig.cmake
[1.117s] -- Up-to-date: /home/sr/sr_ws/install/sf_robot_description/share/sf_robot_description/cmake/sf_robot_descriptionConfig-version.cmake
[1.142s] -- Up-to-date: /home/sr/sr_ws/install/sf_robot_description/share/sf_robot_description/package.xml
[1.143s] Invoked command in '/home/sr/sr_ws/build/sf_robot_description' returned '0': CMAKE_PREFIX_PATH=/opt/ros/humble /usr/bin/cmake --install /home/sr/sr_ws/build/sf_robot_description
