[0.087s] Invoking command in '/home/sr/sr_ws/build/controller_interface': AMENT_PREFIX_PATH=/home/sr/sr_ws/install/hardware_interface:${AMENT_PREFIX_PATH} CMAKE_PREFIX_PATH=/home/sr/sr_ws/install/hardware_interface:/opt/ros/humble LD_LIBRARY_PATH=/home/sr/sr_ws/install/hardware_interface/lib:${LD_LIBRARY_PATH} /usr/bin/cmake /home/sr/sr_ws/src/controller_manager/controller_interface -DCMAKE_INSTALL_PREFIX=/home/sr/sr_ws/install/controller_interface
[0.408s] -- The C compiler identification is GNU 11.4.0
[0.741s] -- The CXX compiler identification is GNU 11.4.0
[0.786s] -- Detecting C compiler ABI info
[1.200s] -- Detecting C compiler ABI info - done
[1.239s] -- Check for working C compiler: /usr/bin/cc - skipped
[1.243s] -- Detecting C compile features
[1.250s] -- Detecting C compile features - done
[1.271s] -- Detecting CXX compiler ABI info
[1.772s] -- Detecting CXX compiler ABI info - done
[1.811s] -- Check for working CXX compiler: /usr/bin/c++ - skipped
[1.814s] -- Detecting CXX compile features
[1.817s] -- Detecting CXX compile features - done
[1.860s] -- Found ament_cmake: 1.3.8 (/opt/ros/humble/share/ament_cmake/cmake)
[2.883s] -- Found Python3: /usr/bin/python3 (found version "3.10.12") found components: Interpreter 
[3.614s] -- Found hardware_interface: 2.40.0 (/home/sr/sr_ws/install/hardware_interface/share/hardware_interface/cmake)
[4.068s] -- Found rosidl_generator_c: 3.1.5 (/opt/ros/humble/share/rosidl_generator_c/cmake)
[4.134s] -- Found rosidl_adapter: 3.1.5 (/opt/ros/humble/share/rosidl_adapter/cmake)
[4.215s] -- Found rosidl_generator_cpp: 3.1.5 (/opt/ros/humble/share/rosidl_generator_cpp/cmake)
[4.322s] -- Using all available rosidl_typesupport_c: rosidl_typesupport_fastrtps_c;rosidl_typesupport_introspection_c
[4.490s] -- Using all available rosidl_typesupport_cpp: rosidl_typesupport_fastrtps_cpp;rosidl_typesupport_introspection_cpp
[8.265s] -- Found rmw_implementation_cmake: 6.1.1 (/opt/ros/humble/share/rmw_implementation_cmake/cmake)
[8.298s] -- Found rmw_fastrtps_cpp: 6.2.6 (/opt/ros/humble/share/rmw_fastrtps_cpp/cmake)
[8.585s] -- Found TinyXML2 via Config file: TinyXML2_DIR-NOTFOUND
[8.871s] -- Found OpenSSL: /usr/lib/aarch64-linux-gnu/libcrypto.so (found version "3.0.2")  
[8.891s] -- Found TinyXML2 via Config file: TinyXML2_DIR-NOTFOUND
[8.989s] -- Found FastRTPS: /opt/ros/humble/include  
[9.041s] -- Found TinyXML2 via Config file: TinyXML2_DIR-NOTFOUND
[9.078s] -- Found TinyXML2 via Config file: TinyXML2_DIR-NOTFOUND
[9.126s] -- Using RMW implementation 'rmw_fastrtps_cpp' as default
[9.245s] -- Looking for pthread.h
[9.740s] -- Looking for pthread.h - found
[9.741s] -- Performing Test CMAKE_HAVE_LIBC_PTHREAD
[10.172s] -- Performing Test CMAKE_HAVE_LIBC_PTHREAD - Success
[10.179s] -- Found Threads: TRUE  
[11.338s] -- Found ament_cmake_gmock: 1.3.8 (/opt/ros/humble/share/ament_cmake_gmock/cmake)
[11.369s] -- Found gmock sources under '/opt/ros/humble/src/gmock_vendor': C++ tests using 'Google Mock' will be built
[11.429s] -- Found ament_cmake_gtest: 1.3.8 (/opt/ros/humble/share/ament_cmake_gtest/cmake)
[11.434s] -- Found gtest sources under '/opt/ros/humble/src/gtest_vendor': C++ tests using 'Google Test' will be built
[12.897s] -- Configuring done
[14.309s] -- Generating done
[14.338s] -- Build files have been written to: /home/sr/sr_ws/build/controller_interface
[14.439s] Invoked command in '/home/sr/sr_ws/build/controller_interface' returned '0': AMENT_PREFIX_PATH=/home/sr/sr_ws/install/hardware_interface:${AMENT_PREFIX_PATH} CMAKE_PREFIX_PATH=/home/sr/sr_ws/install/hardware_interface:/opt/ros/humble LD_LIBRARY_PATH=/home/sr/sr_ws/install/hardware_interface/lib:${LD_LIBRARY_PATH} /usr/bin/cmake /home/sr/sr_ws/src/controller_manager/controller_interface -DCMAKE_INSTALL_PREFIX=/home/sr/sr_ws/install/controller_interface
[14.444s] Invoking command in '/home/sr/sr_ws/build/controller_interface': AMENT_PREFIX_PATH=/home/sr/sr_ws/install/hardware_interface:${AMENT_PREFIX_PATH} CMAKE_PREFIX_PATH=/home/sr/sr_ws/install/hardware_interface:/opt/ros/humble LD_LIBRARY_PATH=/home/sr/sr_ws/install/hardware_interface/lib:${LD_LIBRARY_PATH} /usr/bin/cmake --build /home/sr/sr_ws/build/controller_interface -- -j4 -l4
[15.094s] [  4%] [32mBuilding CXX object CMakeFiles/controller_interface.dir/src/controller_interface_base.cpp.o[0m
[15.103s] [ 14%] [32mBuilding CXX object gmock/CMakeFiles/gmock_main.dir/src/gmock_main.cc.o[0m
[15.103s] [ 14%] [32mBuilding CXX object CMakeFiles/controller_interface.dir/src/controller_interface.cpp.o[0m
[15.170s] [ 19%] [32mBuilding CXX object gmock/CMakeFiles/gmock.dir/opt/ros/humble/src/gtest_vendor/src/gtest-all.cc.o[0m
[39.863s] [ 23%] [32m[1mLinking CXX static library libgmock_main.a[0m
[40.330s] [ 23%] Built target gmock_main
[61.783s] [ 28%] [32mBuilding CXX object CMakeFiles/controller_interface.dir/src/chainable_controller_interface.cpp.o[0m
[61.787s] [ 33%] [32mBuilding CXX object gmock/CMakeFiles/gmock.dir/src/gmock-all.cc.o[0m
[77.439s] [ 38%] [32m[1mLinking CXX static library libgmock.a[0m
[77.957s] [ 38%] Built target gmock
[83.060s] [ 42%] [32m[1mLinking CXX shared library libcontroller_interface.so[0m
[84.198s] [ 42%] Built target controller_interface
[84.311s] [ 47%] [32mBuilding CXX object CMakeFiles/test_imu_sensor.dir/test/test_imu_sensor.cpp.o[0m
[97.131s] [ 52%] [32m[1mLinking CXX executable test_imu_sensor[0m
[99.136s] [ 52%] Built target test_imu_sensor
[99.259s] [ 57%] [32mBuilding CXX object CMakeFiles/test_controller_interface.dir/test/test_controller_interface.cpp.o[0m
[125.178s] [ 61%] [32m[1mLinking CXX executable test_controller_interface[0m
[127.161s] [ 61%] Built target test_controller_interface
[127.265s] [ 66%] [32mBuilding CXX object CMakeFiles/test_controller_with_options.dir/test/test_controller_with_options.cpp.o[0m
[148.780s] [ 71%] [32m[1mLinking CXX executable test_controller_with_options[0m
[152.720s] [ 71%] Built target test_controller_with_options
[153.123s] [ 76%] [32mBuilding CXX object CMakeFiles/test_chainable_controller_interface.dir/test/test_chainable_controller_interface.cpp.o[0m
[187.370s] [ 80%] [32m[1mLinking CXX executable test_chainable_controller_interface[0m
[189.508s] [ 80%] Built target test_chainable_controller_interface
[189.646s] [ 85%] [32mBuilding CXX object CMakeFiles/test_semantic_component_interface.dir/test/test_semantic_component_interface.cpp.o[0m
[189.665s] [ 90%] [32mBuilding CXX object CMakeFiles/test_force_torque_sensor.dir/test/test_force_torque_sensor.cpp.o[0m
[207.011s] [ 95%] [32m[1mLinking CXX executable test_semantic_component_interface[0m
[207.051s] [100%] [32m[1mLinking CXX executable test_force_torque_sensor[0m
[209.416s] [100%] Built target test_force_torque_sensor
[209.421s] [100%] Built target test_semantic_component_interface
[209.485s] Invoked command in '/home/sr/sr_ws/build/controller_interface' returned '0': AMENT_PREFIX_PATH=/home/sr/sr_ws/install/hardware_interface:${AMENT_PREFIX_PATH} CMAKE_PREFIX_PATH=/home/sr/sr_ws/install/hardware_interface:/opt/ros/humble LD_LIBRARY_PATH=/home/sr/sr_ws/install/hardware_interface/lib:${LD_LIBRARY_PATH} /usr/bin/cmake --build /home/sr/sr_ws/build/controller_interface -- -j4 -l4
[209.816s] Invoking command in '/home/sr/sr_ws/build/controller_interface': AMENT_PREFIX_PATH=/home/sr/sr_ws/install/hardware_interface:${AMENT_PREFIX_PATH} CMAKE_PREFIX_PATH=/home/sr/sr_ws/install/hardware_interface:/opt/ros/humble LD_LIBRARY_PATH=/home/sr/sr_ws/install/hardware_interface/lib:${LD_LIBRARY_PATH} /usr/bin/cmake --install /home/sr/sr_ws/build/controller_interface
[209.850s] -- Install configuration: ""
[209.851s] -- Installing: /home/sr/sr_ws/install/controller_interface/include
[209.852s] -- Installing: /home/sr/sr_ws/install/controller_interface/include/semantic_components
[209.853s] -- Installing: /home/sr/sr_ws/install/controller_interface/include/semantic_components/range_sensor.hpp
[209.854s] -- Installing: /home/sr/sr_ws/install/controller_interface/include/semantic_components/force_torque_sensor.hpp
[209.855s] -- Installing: /home/sr/sr_ws/install/controller_interface/include/semantic_components/semantic_component_interface.hpp
[209.857s] -- Installing: /home/sr/sr_ws/install/controller_interface/include/semantic_components/imu_sensor.hpp
[209.858s] -- Installing: /home/sr/sr_ws/install/controller_interface/include/controller_interface
[209.860s] -- Installing: /home/sr/sr_ws/install/controller_interface/include/controller_interface/visibility_control.h
[209.861s] -- Installing: /home/sr/sr_ws/install/controller_interface/include/controller_interface/controller_interface.hpp
[209.863s] -- Installing: /home/sr/sr_ws/install/controller_interface/include/controller_interface/chainable_controller_interface.hpp
[209.864s] -- Installing: /home/sr/sr_ws/install/controller_interface/include/controller_interface/helpers.hpp
[209.865s] -- Installing: /home/sr/sr_ws/install/controller_interface/include/controller_interface/controller_interface_base.hpp
[209.871s] -- Installing: /home/sr/sr_ws/install/controller_interface/lib/libcontroller_interface.so
[209.873s] -- Set runtime path of "/home/sr/sr_ws/install/controller_interface/lib/libcontroller_interface.so" to ""
[209.874s] -- Installing: /home/sr/sr_ws/install/controller_interface/share/controller_interface/environment/library_path.sh
[209.876s] -- Installing: /home/sr/sr_ws/install/controller_interface/share/controller_interface/environment/library_path.dsv
[209.879s] -- Installing: /home/sr/sr_ws/install/controller_interface/share/ament_index/resource_index/package_run_dependencies/controller_interface
[209.882s] -- Installing: /home/sr/sr_ws/install/controller_interface/share/ament_index/resource_index/parent_prefix_path/controller_interface
[209.884s] -- Installing: /home/sr/sr_ws/install/controller_interface/share/controller_interface/environment/ament_prefix_path.sh
[209.886s] -- Installing: /home/sr/sr_ws/install/controller_interface/share/controller_interface/environment/ament_prefix_path.dsv
[209.888s] -- Installing: /home/sr/sr_ws/install/controller_interface/share/controller_interface/environment/path.sh
[209.889s] -- Installing: /home/sr/sr_ws/install/controller_interface/share/controller_interface/environment/path.dsv
[209.892s] -- Installing: /home/sr/sr_ws/install/controller_interface/share/controller_interface/local_setup.bash
[209.894s] -- Installing: /home/sr/sr_ws/install/controller_interface/share/controller_interface/local_setup.sh
[209.896s] -- Installing: /home/sr/sr_ws/install/controller_interface/share/controller_interface/local_setup.zsh
[209.898s] -- Installing: /home/sr/sr_ws/install/controller_interface/share/controller_interface/local_setup.dsv
[209.900s] -- Installing: /home/sr/sr_ws/install/controller_interface/share/controller_interface/package.dsv
[209.902s] -- Installing: /home/sr/sr_ws/install/controller_interface/share/ament_index/resource_index/packages/controller_interface
[209.904s] -- Installing: /home/sr/sr_ws/install/controller_interface/share/controller_interface/cmake/ament_cmake_export_dependencies-extras.cmake
[209.907s] -- Installing: /home/sr/sr_ws/install/controller_interface/share/controller_interface/cmake/ament_cmake_export_include_directories-extras.cmake
[209.909s] -- Installing: /home/sr/sr_ws/install/controller_interface/share/controller_interface/cmake/ament_cmake_export_libraries-extras.cmake
[209.911s] -- Installing: /home/sr/sr_ws/install/controller_interface/share/controller_interface/cmake/controller_interfaceConfig.cmake
[209.913s] -- Installing: /home/sr/sr_ws/install/controller_interface/share/controller_interface/cmake/controller_interfaceConfig-version.cmake
[209.915s] -- Installing: /home/sr/sr_ws/install/controller_interface/share/controller_interface/package.xml
[209.934s] Invoked command in '/home/sr/sr_ws/build/controller_interface' returned '0': AMENT_PREFIX_PATH=/home/sr/sr_ws/install/hardware_interface:${AMENT_PREFIX_PATH} CMAKE_PREFIX_PATH=/home/sr/sr_ws/install/hardware_interface:/opt/ros/humble LD_LIBRARY_PATH=/home/sr/sr_ws/install/hardware_interface/lib:${LD_LIBRARY_PATH} /usr/bin/cmake --install /home/sr/sr_ws/build/controller_interface
