[0.523s] DEBUG:colcon:Command line arguments: ['/usr/bin/colcon', 'build']
[0.524s] DEBUG:colcon:Parsed command line arguments: Namespace(log_base=None, log_level=None, verb_name='build', build_base='build', install_base='install', merge_install=False, symlink_install=False, test_result_base=None, continue_on_error=False, executor='parallel', parallel_workers=4, event_handlers=None, ignore_user_meta=False, metas=['./colcon.meta'], base_paths=['.'], packages_ignore=None, packages_ignore_regex=None, paths=None, packages_up_to=None, packages_up_to_regex=None, packages_above=None, packages_above_and_dependencies=None, packages_above_depth=None, packages_select_by_dep=None, packages_skip_by_dep=None, packages_skip_up_to=None, packages_select_build_failed=False, packages_skip_build_finished=False, packages_select_test_failures=False, packages_skip_test_passed=False, packages_select=None, packages_skip=None, packages_select_regex=None, packages_skip_regex=None, packages_start=None, packages_end=None, allow_overriding=[], cmake_args=None, cmake_target=None, cmake_target_skip_unavailable=False, cmake_clean_cache=False, cmake_clean_first=False, cmake_force_configure=False, ament_cmake_args=None, catkin_cmake_args=None, catkin_skip_building_tests=False, verb_parser=<colcon_defaults.argument_parser.defaults.DefaultArgumentsDecorator object at 0xffff9bb68850>, verb_extension=<colcon_core.verb.build.BuildVerb object at 0xffff9bc81450>, main=<bound method BuildVerb.main of <colcon_core.verb.build.BuildVerb object at 0xffff9bc81450>>)
[1.606s] Level 1:colcon.colcon_core.package_discovery:discover_packages(colcon_meta) check parameters
[1.607s] Level 1:colcon.colcon_core.package_discovery:discover_packages(recursive) check parameters
[1.607s] Level 1:colcon.colcon_core.package_discovery:discover_packages(ignore) check parameters
[1.607s] Level 1:colcon.colcon_core.package_discovery:discover_packages(path) check parameters
[1.607s] Level 1:colcon.colcon_core.package_discovery:discover_packages(colcon_meta) discover
[1.607s] Level 1:colcon.colcon_core.package_discovery:discover_packages(recursive) discover
[1.608s] INFO:colcon.colcon_core.package_discovery:Crawling recursively for packages in '/home/sr/sr_ws'
[1.608s] Level 1:colcon.colcon_core.package_identification:_identify(.) by extensions ['ignore', 'ignore_ament_install']
[1.608s] Level 1:colcon.colcon_core.package_identification:_identify(.) by extension 'ignore'
[1.609s] Level 1:colcon.colcon_core.package_identification:_identify(.) by extension 'ignore_ament_install'
[1.609s] Level 1:colcon.colcon_core.package_identification:_identify(.) by extensions ['colcon_pkg']
[1.609s] Level 1:colcon.colcon_core.package_identification:_identify(.) by extension 'colcon_pkg'
[1.609s] Level 1:colcon.colcon_core.package_identification:_identify(.) by extensions ['colcon_meta']
[1.609s] Level 1:colcon.colcon_core.package_identification:_identify(.) by extension 'colcon_meta'
[1.610s] Level 1:colcon.colcon_core.package_identification:_identify(.) by extensions ['ros']
[1.610s] Level 1:colcon.colcon_core.package_identification:_identify(.) by extension 'ros'
[1.663s] Level 1:colcon.colcon_core.package_identification:_identify(.) by extensions ['cmake', 'python']
[1.663s] Level 1:colcon.colcon_core.package_identification:_identify(.) by extension 'cmake'
[1.663s] Level 1:colcon.colcon_core.package_identification:_identify(.) by extension 'python'
[1.663s] Level 1:colcon.colcon_core.package_identification:_identify(.) by extensions ['python_setup_py']
[1.664s] Level 1:colcon.colcon_core.package_identification:_identify(.) by extension 'python_setup_py'
[1.664s] Level 1:colcon.colcon_core.package_identification:_identify(build) by extensions ['ignore', 'ignore_ament_install']
[1.665s] Level 1:colcon.colcon_core.package_identification:_identify(build) by extension 'ignore'
[1.665s] Level 1:colcon.colcon_core.package_identification:_identify(build) ignored
[1.665s] Level 1:colcon.colcon_core.package_identification:_identify(install) by extensions ['ignore', 'ignore_ament_install']
[1.666s] Level 1:colcon.colcon_core.package_identification:_identify(install) by extension 'ignore'
[1.666s] Level 1:colcon.colcon_core.package_identification:_identify(install) ignored
[1.667s] Level 1:colcon.colcon_core.package_identification:_identify(log) by extensions ['ignore', 'ignore_ament_install']
[1.667s] Level 1:colcon.colcon_core.package_identification:_identify(log) by extension 'ignore'
[1.667s] Level 1:colcon.colcon_core.package_identification:_identify(log) ignored
[1.668s] Level 1:colcon.colcon_core.package_identification:_identify(src) by extensions ['ignore', 'ignore_ament_install']
[1.668s] Level 1:colcon.colcon_core.package_identification:_identify(src) by extension 'ignore'
[1.668s] Level 1:colcon.colcon_core.package_identification:_identify(src) by extension 'ignore_ament_install'
[1.668s] Level 1:colcon.colcon_core.package_identification:_identify(src) by extensions ['colcon_pkg']
[1.669s] Level 1:colcon.colcon_core.package_identification:_identify(src) by extension 'colcon_pkg'
[1.669s] Level 1:colcon.colcon_core.package_identification:_identify(src) by extensions ['colcon_meta']
[1.669s] Level 1:colcon.colcon_core.package_identification:_identify(src) by extension 'colcon_meta'
[1.669s] Level 1:colcon.colcon_core.package_identification:_identify(src) by extensions ['ros']
[1.669s] Level 1:colcon.colcon_core.package_identification:_identify(src) by extension 'ros'
[1.670s] Level 1:colcon.colcon_core.package_identification:_identify(src) by extensions ['cmake', 'python']
[1.670s] Level 1:colcon.colcon_core.package_identification:_identify(src) by extension 'cmake'
[1.670s] Level 1:colcon.colcon_core.package_identification:_identify(src) by extension 'python'
[1.670s] Level 1:colcon.colcon_core.package_identification:_identify(src) by extensions ['python_setup_py']
[1.670s] Level 1:colcon.colcon_core.package_identification:_identify(src) by extension 'python_setup_py'
[1.671s] Level 1:colcon.colcon_core.package_identification:_identify(src/control_robot) by extensions ['ignore', 'ignore_ament_install']
[1.671s] Level 1:colcon.colcon_core.package_identification:_identify(src/control_robot) by extension 'ignore'
[1.671s] Level 1:colcon.colcon_core.package_identification:_identify(src/control_robot) by extension 'ignore_ament_install'
[1.672s] Level 1:colcon.colcon_core.package_identification:_identify(src/control_robot) by extensions ['colcon_pkg']
[1.672s] Level 1:colcon.colcon_core.package_identification:_identify(src/control_robot) by extension 'colcon_pkg'
[1.672s] Level 1:colcon.colcon_core.package_identification:_identify(src/control_robot) by extensions ['colcon_meta']
[1.672s] Level 1:colcon.colcon_core.package_identification:_identify(src/control_robot) by extension 'colcon_meta'
[1.672s] Level 1:colcon.colcon_core.package_identification:_identify(src/control_robot) by extensions ['ros']
[1.673s] Level 1:colcon.colcon_core.package_identification:_identify(src/control_robot) by extension 'ros'
[1.682s] DEBUG:colcon.colcon_core.package_identification:Package 'src/control_robot' with type 'ros.ament_cmake' and name 'control_robot'
[1.683s] Level 1:colcon.colcon_core.package_identification:_identify(src/sf_robot_description) by extensions ['ignore', 'ignore_ament_install']
[1.683s] Level 1:colcon.colcon_core.package_identification:_identify(src/sf_robot_description) by extension 'ignore'
[1.683s] Level 1:colcon.colcon_core.package_identification:_identify(src/sf_robot_description) by extension 'ignore_ament_install'
[1.684s] Level 1:colcon.colcon_core.package_identification:_identify(src/sf_robot_description) by extensions ['colcon_pkg']
[1.684s] Level 1:colcon.colcon_core.package_identification:_identify(src/sf_robot_description) by extension 'colcon_pkg'
[1.684s] Level 1:colcon.colcon_core.package_identification:_identify(src/sf_robot_description) by extensions ['colcon_meta']
[1.684s] Level 1:colcon.colcon_core.package_identification:_identify(src/sf_robot_description) by extension 'colcon_meta'
[1.684s] Level 1:colcon.colcon_core.package_identification:_identify(src/sf_robot_description) by extensions ['ros']
[1.684s] Level 1:colcon.colcon_core.package_identification:_identify(src/sf_robot_description) by extension 'ros'
[1.686s] DEBUG:colcon.colcon_core.package_identification:Package 'src/sf_robot_description' with type 'ros.ament_cmake' and name 'sf_robot_description'
[1.687s] Level 1:colcon.colcon_core.package_discovery:discover_packages(recursive) using defaults
[1.687s] Level 1:colcon.colcon_core.package_discovery:discover_packages(ignore) discover
[1.687s] Level 1:colcon.colcon_core.package_discovery:discover_packages(ignore) using defaults
[1.687s] Level 1:colcon.colcon_core.package_discovery:discover_packages(path) discover
[1.687s] Level 1:colcon.colcon_core.package_discovery:discover_packages(path) using defaults
[1.776s] Level 1:colcon.colcon_core.package_discovery:discover_packages(prefix_path) check parameters
[1.776s] Level 1:colcon.colcon_core.package_discovery:discover_packages(prefix_path) discover
[1.791s] DEBUG:colcon.colcon_installed_package_information.package_discovery:Found 2 installed packages in /home/sr/sr_ws/install
[1.803s] DEBUG:colcon.colcon_installed_package_information.package_discovery:Found 319 installed packages in /opt/ros/humble
[1.851s] Level 1:colcon.colcon_core.package_discovery:discover_packages(prefix_path) using defaults
[2.085s] Level 5:colcon.colcon_core.verb:set package 'control_robot' build argument 'cmake_args' from command line to 'None'
[2.085s] Level 5:colcon.colcon_core.verb:set package 'control_robot' build argument 'cmake_target' from command line to 'None'
[2.085s] Level 5:colcon.colcon_core.verb:set package 'control_robot' build argument 'cmake_target_skip_unavailable' from command line to 'False'
[2.085s] Level 5:colcon.colcon_core.verb:set package 'control_robot' build argument 'cmake_clean_cache' from command line to 'False'
[2.085s] Level 5:colcon.colcon_core.verb:set package 'control_robot' build argument 'cmake_clean_first' from command line to 'False'
[2.086s] Level 5:colcon.colcon_core.verb:set package 'control_robot' build argument 'cmake_force_configure' from command line to 'False'
[2.086s] Level 5:colcon.colcon_core.verb:set package 'control_robot' build argument 'ament_cmake_args' from command line to 'None'
[2.086s] Level 5:colcon.colcon_core.verb:set package 'control_robot' build argument 'catkin_cmake_args' from command line to 'None'
[2.086s] Level 5:colcon.colcon_core.verb:set package 'control_robot' build argument 'catkin_skip_building_tests' from command line to 'False'
[2.086s] DEBUG:colcon.colcon_core.verb:Building package 'control_robot' with the following arguments: {'ament_cmake_args': None, 'build_base': '/home/sr/sr_ws/build/control_robot', 'catkin_cmake_args': None, 'catkin_skip_building_tests': False, 'cmake_args': None, 'cmake_clean_cache': False, 'cmake_clean_first': False, 'cmake_force_configure': False, 'cmake_target': None, 'cmake_target_skip_unavailable': False, 'install_base': '/home/sr/sr_ws/install/control_robot', 'merge_install': False, 'path': '/home/sr/sr_ws/src/control_robot', 'symlink_install': False, 'test_result_base': None}
[2.088s] Level 5:colcon.colcon_core.verb:set package 'sf_robot_description' build argument 'cmake_args' from command line to 'None'
[2.088s] Level 5:colcon.colcon_core.verb:set package 'sf_robot_description' build argument 'cmake_target' from command line to 'None'
[2.088s] Level 5:colcon.colcon_core.verb:set package 'sf_robot_description' build argument 'cmake_target_skip_unavailable' from command line to 'False'
[2.088s] Level 5:colcon.colcon_core.verb:set package 'sf_robot_description' build argument 'cmake_clean_cache' from command line to 'False'
[2.089s] Level 5:colcon.colcon_core.verb:set package 'sf_robot_description' build argument 'cmake_clean_first' from command line to 'False'
[2.089s] Level 5:colcon.colcon_core.verb:set package 'sf_robot_description' build argument 'cmake_force_configure' from command line to 'False'
[2.089s] Level 5:colcon.colcon_core.verb:set package 'sf_robot_description' build argument 'ament_cmake_args' from command line to 'None'
[2.089s] Level 5:colcon.colcon_core.verb:set package 'sf_robot_description' build argument 'catkin_cmake_args' from command line to 'None'
[2.089s] Level 5:colcon.colcon_core.verb:set package 'sf_robot_description' build argument 'catkin_skip_building_tests' from command line to 'False'
[2.089s] DEBUG:colcon.colcon_core.verb:Building package 'sf_robot_description' with the following arguments: {'ament_cmake_args': None, 'build_base': '/home/sr/sr_ws/build/sf_robot_description', 'catkin_cmake_args': None, 'catkin_skip_building_tests': False, 'cmake_args': None, 'cmake_clean_cache': False, 'cmake_clean_first': False, 'cmake_force_configure': False, 'cmake_target': None, 'cmake_target_skip_unavailable': False, 'install_base': '/home/sr/sr_ws/install/sf_robot_description', 'merge_install': False, 'path': '/home/sr/sr_ws/src/sf_robot_description', 'symlink_install': False, 'test_result_base': None}
[2.090s] INFO:colcon.colcon_core.executor:Executing jobs using 'parallel' executor
[2.093s] DEBUG:colcon.colcon_parallel_executor.executor.parallel:run_until_complete
[2.095s] INFO:colcon.colcon_ros.task.ament_cmake.build:Building ROS package in '/home/sr/sr_ws/src/control_robot' with build type 'ament_cmake'
[2.095s] INFO:colcon.colcon_cmake.task.cmake.build:Building CMake package in '/home/sr/sr_ws/src/control_robot'
[2.107s] INFO:colcon.colcon_core.plugin_system:Skipping extension 'colcon_core.shell.bat': Not used on non-Windows systems
[2.108s] INFO:colcon.colcon_core.shell:Skip shell extension 'powershell' for command environment: Not usable outside of PowerShell
[2.108s] DEBUG:colcon.colcon_core.shell:Skip shell extension 'dsv' for command environment
[2.132s] INFO:colcon.colcon_ros.task.ament_cmake.build:Building ROS package in '/home/sr/sr_ws/src/sf_robot_description' with build type 'ament_cmake'
[2.132s] INFO:colcon.colcon_cmake.task.cmake.build:Building CMake package in '/home/sr/sr_ws/src/sf_robot_description'
[2.134s] INFO:colcon.colcon_core.shell:Skip shell extension 'powershell' for command environment: Not usable outside of PowerShell
[2.134s] DEBUG:colcon.colcon_core.shell:Skip shell extension 'dsv' for command environment
[2.184s] DEBUG:colcon.colcon_core.event_handler.log_command:Invoking command in '/home/sr/sr_ws/build/control_robot': CMAKE_PREFIX_PATH=${CMAKE_PREFIX_PATH}:/opt/ros/humble /usr/bin/cmake --build /home/sr/sr_ws/build/control_robot -- -j4 -l4
[2.213s] DEBUG:colcon.colcon_core.event_handler.log_command:Invoking command in '/home/sr/sr_ws/build/sf_robot_description': CMAKE_PREFIX_PATH=${CMAKE_PREFIX_PATH}:/opt/ros/humble /usr/bin/cmake --build /home/sr/sr_ws/build/sf_robot_description -- -j4 -l4
[2.462s] DEBUG:colcon.colcon_core.event_handler.log_command:Invoked command in '/home/sr/sr_ws/build/sf_robot_description' returned '0': CMAKE_PREFIX_PATH=${CMAKE_PREFIX_PATH}:/opt/ros/humble /usr/bin/cmake --build /home/sr/sr_ws/build/sf_robot_description -- -j4 -l4
[2.468s] DEBUG:colcon.colcon_core.event_handler.log_command:Invoked command in '/home/sr/sr_ws/build/control_robot' returned '0': CMAKE_PREFIX_PATH=${CMAKE_PREFIX_PATH}:/opt/ros/humble /usr/bin/cmake --build /home/sr/sr_ws/build/control_robot -- -j4 -l4
[2.629s] DEBUG:colcon.colcon_core.event_handler.log_command:Invoking command in '/home/sr/sr_ws/build/sf_robot_description': CMAKE_PREFIX_PATH=${CMAKE_PREFIX_PATH}:/opt/ros/humble /usr/bin/cmake --install /home/sr/sr_ws/build/sf_robot_description
[2.643s] DEBUG:colcon.colcon_core.event_handler.log_command:Invoking command in '/home/sr/sr_ws/build/control_robot': CMAKE_PREFIX_PATH=${CMAKE_PREFIX_PATH}:/opt/ros/humble /usr/bin/cmake --install /home/sr/sr_ws/build/control_robot
[2.684s] Level 1:colcon.colcon_core.environment:create_environment_scripts_only(sf_robot_description)
[2.704s] DEBUG:colcon.colcon_core.event_handler.log_command:Invoked command in '/home/sr/sr_ws/build/sf_robot_description' returned '0': CMAKE_PREFIX_PATH=${CMAKE_PREFIX_PATH}:/opt/ros/humble /usr/bin/cmake --install /home/sr/sr_ws/build/sf_robot_description
[2.715s] Level 1:colcon.colcon_core.environment:checking '/home/sr/sr_ws/install/sf_robot_description' for CMake module files
[2.719s] Level 1:colcon.colcon_core.environment:checking '/home/sr/sr_ws/install/sf_robot_description' for CMake config files
[2.720s] Level 1:colcon.colcon_core.shell:create_environment_hook('sf_robot_description', 'cmake_prefix_path')
[2.721s] INFO:colcon.colcon_core.shell:Creating environment hook '/home/sr/sr_ws/install/sf_robot_description/share/sf_robot_description/hook/cmake_prefix_path.ps1'
[2.724s] INFO:colcon.colcon_core.shell:Creating environment descriptor '/home/sr/sr_ws/install/sf_robot_description/share/sf_robot_description/hook/cmake_prefix_path.dsv'
[2.727s] INFO:colcon.colcon_core.shell:Creating environment hook '/home/sr/sr_ws/install/sf_robot_description/share/sf_robot_description/hook/cmake_prefix_path.sh'
[2.731s] Level 1:colcon.colcon_core.environment:checking '/home/sr/sr_ws/install/sf_robot_description/bin'
[2.732s] Level 1:colcon.colcon_core.environment:checking '/home/sr/sr_ws/install/sf_robot_description/lib/pkgconfig/sf_robot_description.pc'
[2.733s] Level 1:colcon.colcon_core.environment:checking '/home/sr/sr_ws/install/sf_robot_description/lib/python3.10/site-packages'
[2.734s] Level 1:colcon.colcon_core.environment:checking '/home/sr/sr_ws/install/sf_robot_description/bin'
[2.735s] INFO:colcon.colcon_core.shell:Creating package script '/home/sr/sr_ws/install/sf_robot_description/share/sf_robot_description/package.ps1'
[2.739s] INFO:colcon.colcon_core.shell:Creating package descriptor '/home/sr/sr_ws/install/sf_robot_description/share/sf_robot_description/package.dsv'
[2.742s] INFO:colcon.colcon_core.shell:Creating package script '/home/sr/sr_ws/install/sf_robot_description/share/sf_robot_description/package.sh'
[2.746s] INFO:colcon.colcon_core.shell:Creating package script '/home/sr/sr_ws/install/sf_robot_description/share/sf_robot_description/package.bash'
[2.749s] INFO:colcon.colcon_core.shell:Creating package script '/home/sr/sr_ws/install/sf_robot_description/share/sf_robot_description/package.zsh'
[2.753s] Level 1:colcon.colcon_core.environment:create_file_with_runtime_dependencies(/home/sr/sr_ws/install/sf_robot_description/share/colcon-core/packages/sf_robot_description)
[2.760s] Level 1:colcon.colcon_core.environment:create_environment_scripts_only(control_robot)
[2.762s] Level 1:colcon.colcon_core.environment:checking '/home/sr/sr_ws/install/control_robot' for CMake module files
[2.764s] DEBUG:colcon.colcon_core.event_handler.log_command:Invoked command in '/home/sr/sr_ws/build/control_robot' returned '0': CMAKE_PREFIX_PATH=${CMAKE_PREFIX_PATH}:/opt/ros/humble /usr/bin/cmake --install /home/sr/sr_ws/build/control_robot
[2.767s] Level 1:colcon.colcon_core.environment:checking '/home/sr/sr_ws/install/control_robot' for CMake config files
[2.770s] Level 1:colcon.colcon_core.shell:create_environment_hook('control_robot', 'cmake_prefix_path')
[2.771s] INFO:colcon.colcon_core.shell:Creating environment hook '/home/sr/sr_ws/install/control_robot/share/control_robot/hook/cmake_prefix_path.ps1'
[2.774s] INFO:colcon.colcon_core.shell:Creating environment descriptor '/home/sr/sr_ws/install/control_robot/share/control_robot/hook/cmake_prefix_path.dsv'
[2.776s] INFO:colcon.colcon_core.shell:Creating environment hook '/home/sr/sr_ws/install/control_robot/share/control_robot/hook/cmake_prefix_path.sh'
[2.780s] Level 1:colcon.colcon_core.environment:checking '/home/sr/sr_ws/install/control_robot/bin'
[2.781s] Level 1:colcon.colcon_core.environment:checking '/home/sr/sr_ws/install/control_robot/lib/pkgconfig/control_robot.pc'
[2.782s] Level 1:colcon.colcon_core.environment:checking '/home/sr/sr_ws/install/control_robot/lib/python3.10/site-packages'
[2.783s] Level 1:colcon.colcon_core.environment:checking '/home/sr/sr_ws/install/control_robot/bin'
[2.785s] INFO:colcon.colcon_core.shell:Creating package script '/home/sr/sr_ws/install/control_robot/share/control_robot/package.ps1'
[2.787s] INFO:colcon.colcon_core.shell:Creating package descriptor '/home/sr/sr_ws/install/control_robot/share/control_robot/package.dsv'
[2.790s] INFO:colcon.colcon_core.shell:Creating package script '/home/sr/sr_ws/install/control_robot/share/control_robot/package.sh'
[2.792s] INFO:colcon.colcon_core.shell:Creating package script '/home/sr/sr_ws/install/control_robot/share/control_robot/package.bash'
[2.794s] INFO:colcon.colcon_core.shell:Creating package script '/home/sr/sr_ws/install/control_robot/share/control_robot/package.zsh'
[2.797s] Level 1:colcon.colcon_core.environment:create_file_with_runtime_dependencies(/home/sr/sr_ws/install/control_robot/share/colcon-core/packages/control_robot)
[2.876s] Level 1:colcon.colcon_core.environment:create_environment_scripts_only(sf_robot_description)
[2.877s] Level 1:colcon.colcon_core.environment:checking '/home/sr/sr_ws/install/sf_robot_description' for CMake module files
[2.881s] Level 1:colcon.colcon_core.environment:checking '/home/sr/sr_ws/install/sf_robot_description' for CMake config files
[2.882s] Level 1:colcon.colcon_core.shell:create_environment_hook('sf_robot_description', 'cmake_prefix_path')
[2.883s] INFO:colcon.colcon_core.shell:Creating environment hook '/home/sr/sr_ws/install/sf_robot_description/share/sf_robot_description/hook/cmake_prefix_path.ps1'
[2.885s] INFO:colcon.colcon_core.shell:Creating environment descriptor '/home/sr/sr_ws/install/sf_robot_description/share/sf_robot_description/hook/cmake_prefix_path.dsv'
[2.888s] INFO:colcon.colcon_core.shell:Creating environment hook '/home/sr/sr_ws/install/sf_robot_description/share/sf_robot_description/hook/cmake_prefix_path.sh'
[2.891s] Level 1:colcon.colcon_core.environment:checking '/home/sr/sr_ws/install/sf_robot_description/bin'
[2.892s] Level 1:colcon.colcon_core.environment:checking '/home/sr/sr_ws/install/sf_robot_description/lib/pkgconfig/sf_robot_description.pc'
[2.893s] Level 1:colcon.colcon_core.environment:checking '/home/sr/sr_ws/install/sf_robot_description/lib/python3.10/site-packages'
[2.894s] Level 1:colcon.colcon_core.environment:checking '/home/sr/sr_ws/install/sf_robot_description/bin'
[2.895s] INFO:colcon.colcon_core.shell:Creating package script '/home/sr/sr_ws/install/sf_robot_description/share/sf_robot_description/package.ps1'
[2.899s] INFO:colcon.colcon_core.shell:Creating package descriptor '/home/sr/sr_ws/install/sf_robot_description/share/sf_robot_description/package.dsv'
[2.902s] INFO:colcon.colcon_core.shell:Creating package script '/home/sr/sr_ws/install/sf_robot_description/share/sf_robot_description/package.sh'
[2.905s] INFO:colcon.colcon_core.shell:Creating package script '/home/sr/sr_ws/install/sf_robot_description/share/sf_robot_description/package.bash'
[2.908s] INFO:colcon.colcon_core.shell:Creating package script '/home/sr/sr_ws/install/sf_robot_description/share/sf_robot_description/package.zsh'
[2.911s] Level 1:colcon.colcon_core.environment:create_file_with_runtime_dependencies(/home/sr/sr_ws/install/sf_robot_description/share/colcon-core/packages/sf_robot_description)
[2.918s] Level 1:colcon.colcon_core.environment:create_environment_scripts_only(control_robot)
[2.919s] Level 1:colcon.colcon_core.environment:checking '/home/sr/sr_ws/install/control_robot' for CMake module files
[2.923s] Level 1:colcon.colcon_core.environment:checking '/home/sr/sr_ws/install/control_robot' for CMake config files
[2.925s] Level 1:colcon.colcon_core.shell:create_environment_hook('control_robot', 'cmake_prefix_path')
[2.926s] INFO:colcon.colcon_core.shell:Creating environment hook '/home/sr/sr_ws/install/control_robot/share/control_robot/hook/cmake_prefix_path.ps1'
[2.929s] INFO:colcon.colcon_core.shell:Creating environment descriptor '/home/sr/sr_ws/install/control_robot/share/control_robot/hook/cmake_prefix_path.dsv'
[2.930s] INFO:colcon.colcon_core.shell:Creating environment hook '/home/sr/sr_ws/install/control_robot/share/control_robot/hook/cmake_prefix_path.sh'
[2.933s] Level 1:colcon.colcon_core.environment:checking '/home/sr/sr_ws/install/control_robot/bin'
[2.933s] Level 1:colcon.colcon_core.environment:checking '/home/sr/sr_ws/install/control_robot/lib/pkgconfig/control_robot.pc'
[2.934s] Level 1:colcon.colcon_core.environment:checking '/home/sr/sr_ws/install/control_robot/lib/python3.10/site-packages'
[2.935s] Level 1:colcon.colcon_core.environment:checking '/home/sr/sr_ws/install/control_robot/bin'
[2.937s] INFO:colcon.colcon_core.shell:Creating package script '/home/sr/sr_ws/install/control_robot/share/control_robot/package.ps1'
[2.939s] INFO:colcon.colcon_core.shell:Creating package descriptor '/home/sr/sr_ws/install/control_robot/share/control_robot/package.dsv'
[2.942s] INFO:colcon.colcon_core.shell:Creating package script '/home/sr/sr_ws/install/control_robot/share/control_robot/package.sh'
[2.944s] INFO:colcon.colcon_core.shell:Creating package script '/home/sr/sr_ws/install/control_robot/share/control_robot/package.bash'
[2.946s] INFO:colcon.colcon_core.shell:Creating package script '/home/sr/sr_ws/install/control_robot/share/control_robot/package.zsh'
[2.948s] Level 1:colcon.colcon_core.environment:create_file_with_runtime_dependencies(/home/sr/sr_ws/install/control_robot/share/colcon-core/packages/control_robot)
[2.949s] DEBUG:colcon.colcon_parallel_executor.executor.parallel:closing loop
[2.950s] DEBUG:colcon.colcon_parallel_executor.executor.parallel:loop closed
[2.951s] DEBUG:colcon.colcon_parallel_executor.executor.parallel:run_until_complete finished with '0'
[2.951s] DEBUG:colcon.colcon_core.event_reactor:joining thread
[2.980s] INFO:colcon.colcon_core.plugin_system:Skipping extension 'colcon_notification.desktop_notification.terminal_notifier': Not used on non-Darwin systems
[2.980s] INFO:colcon.colcon_core.plugin_system:Skipping extension 'colcon_notification.desktop_notification.win32': Not used on non-Windows systems
[2.980s] INFO:colcon.colcon_notification.desktop_notification:Sending desktop notification using 'notify2'
[3.038s] DEBUG:colcon.colcon_core.event_reactor:joined thread
[3.040s] INFO:colcon.colcon_core.shell:Creating prefix script '/home/sr/sr_ws/install/local_setup.ps1'
[3.044s] INFO:colcon.colcon_core.shell:Creating prefix util module '/home/sr/sr_ws/install/_local_setup_util_ps1.py'
[3.051s] INFO:colcon.colcon_core.shell:Creating prefix chain script '/home/sr/sr_ws/install/setup.ps1'
[3.056s] INFO:colcon.colcon_core.shell:Creating prefix script '/home/sr/sr_ws/install/local_setup.sh'
[3.059s] INFO:colcon.colcon_core.shell:Creating prefix util module '/home/sr/sr_ws/install/_local_setup_util_sh.py'
[3.062s] INFO:colcon.colcon_core.shell:Creating prefix chain script '/home/sr/sr_ws/install/setup.sh'
[3.067s] INFO:colcon.colcon_core.shell:Creating prefix script '/home/sr/sr_ws/install/local_setup.bash'
[3.070s] INFO:colcon.colcon_core.shell:Creating prefix chain script '/home/sr/sr_ws/install/setup.bash'
[3.075s] INFO:colcon.colcon_core.shell:Creating prefix script '/home/sr/sr_ws/install/local_setup.zsh'
[3.078s] INFO:colcon.colcon_core.shell:Creating prefix chain script '/home/sr/sr_ws/install/setup.zsh'
