[0.104s] Invoking command in '/home/sr/sr_ws/build/controller_manager': AMENT_PREFIX_PATH=/home/sr/sr_ws/install/hardware_interface_testing:/home/sr/sr_ws/install/controller_interface:/home/sr/sr_ws/install/hardware_interface:/home/sr/sr_ws/install/ros2_control_test_assets:/home/sr/sr_ws/install/controller_manager_msgs:${AMENT_PREFIX_PATH} CMAKE_PREFIX_PATH=/home/sr/sr_ws/install/hardware_interface_testing:/home/sr/sr_ws/install/controller_interface:/home/sr/sr_ws/install/hardware_interface:/home/sr/sr_ws/install/ros2_control_test_assets:/home/sr/sr_ws/install/controller_manager_msgs:/opt/ros/humble LD_LIBRARY_PATH=/home/sr/sr_ws/install/hardware_interface_testing/lib:/home/sr/sr_ws/install/controller_interface/lib:/home/sr/sr_ws/install/hardware_interface/lib:/home/sr/sr_ws/install/controller_manager_msgs/lib:${LD_LIBRARY_PATH} PYTHONPATH=/home/sr/sr_ws/install/controller_manager_msgs/local/lib/python3.10/dist-packages:${PYTHONPATH} /usr/bin/cmake /home/sr/sr_ws/src/controller_manager/controller_manager -DCMAKE_INSTALL_PREFIX=/home/sr/sr_ws/install/controller_manager
[0.439s] -- The C compiler identification is GNU 11.4.0
[0.759s] -- The CXX compiler identification is GNU 11.4.0
[0.802s] -- Detecting C compiler ABI info
[1.186s] -- Detecting C compiler ABI info - done
[1.216s] -- Check for working C compiler: /usr/bin/cc - skipped
[1.218s] -- Detecting C compile features
[1.220s] -- Detecting C compile features - done
[1.235s] -- Detecting CXX compiler ABI info
[1.677s] -- Detecting CXX compiler ABI info - done
[1.709s] -- Check for working CXX compiler: /usr/bin/c++ - skipped
[1.710s] -- Detecting CXX compile features
[1.712s] -- Detecting CXX compile features - done
[1.757s] -- Found ament_cmake: 1.3.8 (/opt/ros/humble/share/ament_cmake/cmake)
[2.782s] -- Found Python3: /usr/bin/python3 (found version "3.10.12") found components: Interpreter 
[3.832s] [31mCMake Error at CMakeLists.txt:22 (find_package):
[3.833s]   By not providing "Findbackward_ros.cmake" in CMAKE_MODULE_PATH this project
[3.833s]   has asked CMake to find a package configuration file provided by
[3.834s]   "backward_ros", but CMake did not find one.
[3.834s] 
[3.835s]   Could not find a package configuration file provided by "backward_ros" with
[3.836s]   any of the following names:
[3.837s] 
[3.838s]     backward_rosConfig.cmake
[3.840s]     backward_ros-config.cmake
[3.840s] 
[3.841s]   Add the installation prefix of "backward_ros" to CMAKE_PREFIX_PATH or set
[3.842s]   "backward_ros_DIR" to a directory containing one of the above files.  If
[3.843s]   "backward_ros" provides a separate development package or SDK, be sure it
[3.844s]   has been installed.
[3.844s] 
[3.845s] [0m
[3.846s] -- Configuring incomplete, errors occurred!
[3.847s] See also "/home/sr/sr_ws/build/controller_manager/CMakeFiles/CMakeOutput.log".
[3.852s] Invoked command in '/home/sr/sr_ws/build/controller_manager' returned '1': AMENT_PREFIX_PATH=/home/sr/sr_ws/install/hardware_interface_testing:/home/sr/sr_ws/install/controller_interface:/home/sr/sr_ws/install/hardware_interface:/home/sr/sr_ws/install/ros2_control_test_assets:/home/sr/sr_ws/install/controller_manager_msgs:${AMENT_PREFIX_PATH} CMAKE_PREFIX_PATH=/home/sr/sr_ws/install/hardware_interface_testing:/home/sr/sr_ws/install/controller_interface:/home/sr/sr_ws/install/hardware_interface:/home/sr/sr_ws/install/ros2_control_test_assets:/home/sr/sr_ws/install/controller_manager_msgs:/opt/ros/humble LD_LIBRARY_PATH=/home/sr/sr_ws/install/hardware_interface_testing/lib:/home/sr/sr_ws/install/controller_interface/lib:/home/sr/sr_ws/install/hardware_interface/lib:/home/sr/sr_ws/install/controller_manager_msgs/lib:${LD_LIBRARY_PATH} PYTHONPATH=/home/sr/sr_ws/install/controller_manager_msgs/local/lib/python3.10/dist-packages:${PYTHONPATH} /usr/bin/cmake /home/sr/sr_ws/src/controller_manager/controller_manager -DCMAKE_INSTALL_PREFIX=/home/sr/sr_ws/install/controller_manager
