[0.067s] Invoking command in '/home/sr/sr_ws/build/sf_robot_description': CMAKE_PREFIX_PATH=/opt/ros/humble /usr/bin/cmake --build /home/sr/sr_ws/build/sf_robot_description -- -j4 -l4
[0.232s] Invoked command in '/home/sr/sr_ws/build/sf_robot_description' returned '0': CMAKE_PREFIX_PATH=/opt/ros/humble /usr/bin/cmake --build /home/sr/sr_ws/build/sf_robot_description -- -j4 -l4
[0.400s] Invoking command in '/home/sr/sr_ws/build/sf_robot_description': CMAKE_PREFIX_PATH=/opt/ros/humble /usr/bin/cmake --install /home/sr/sr_ws/build/sf_robot_description
[0.431s] -- Install configuration: ""
[0.432s] -- Installing: /home/sr/sr_ws/install/sf_robot_description/share/sf_robot_description//urdf
[0.433s] -- Installing: /home/sr/sr_ws/install/sf_robot_description/share/sf_robot_description//urdf/inertial_macros.xacro
[0.434s] -- Installing: /home/sr/sr_ws/install/sf_robot_description/share/sf_robot_description//urdf/robot_core.urdf.xacro
[0.435s] -- Installing: /home/sr/sr_ws/install/sf_robot_description/share/sf_robot_description//urdf/robot.urdf.xacro
[0.436s] -- Installing: /home/sr/sr_ws/install/sf_robot_description/share/sf_robot_description//launch
[0.438s] -- Installing: /home/sr/sr_ws/install/sf_robot_description/share/sf_robot_description//launch/display.launch.py
[0.439s] -- Installing: /home/sr/sr_ws/install/sf_robot_description/share/sf_robot_description//launch/display.launch.xml
[0.440s] -- Installing: /home/sr/sr_ws/install/sf_robot_description/share/sf_robot_description//launch/turn_on_robot.py
[0.441s] -- Installing: /home/sr/sr_ws/install/sf_robot_description/share/sf_robot_description//rviz
[0.442s] -- Installing: /home/sr/sr_ws/install/sf_robot_description/share/sf_robot_description//rviz/urdf_config.rviz
[0.444s] -- Installing: /home/sr/sr_ws/install/sf_robot_description/share/ament_index/resource_index/package_run_dependencies/sf_robot_description
[0.446s] -- Installing: /home/sr/sr_ws/install/sf_robot_description/share/ament_index/resource_index/parent_prefix_path/sf_robot_description
[0.448s] -- Installing: /home/sr/sr_ws/install/sf_robot_description/share/sf_robot_description/environment/ament_prefix_path.sh
[0.449s] -- Installing: /home/sr/sr_ws/install/sf_robot_description/share/sf_robot_description/environment/ament_prefix_path.dsv
[0.451s] -- Installing: /home/sr/sr_ws/install/sf_robot_description/share/sf_robot_description/environment/path.sh
[0.452s] -- Installing: /home/sr/sr_ws/install/sf_robot_description/share/sf_robot_description/environment/path.dsv
[0.454s] -- Installing: /home/sr/sr_ws/install/sf_robot_description/share/sf_robot_description/local_setup.bash
[0.455s] -- Installing: /home/sr/sr_ws/install/sf_robot_description/share/sf_robot_description/local_setup.sh
[0.457s] -- Installing: /home/sr/sr_ws/install/sf_robot_description/share/sf_robot_description/local_setup.zsh
[0.459s] -- Installing: /home/sr/sr_ws/install/sf_robot_description/share/sf_robot_description/local_setup.dsv
[0.460s] -- Installing: /home/sr/sr_ws/install/sf_robot_description/share/sf_robot_description/package.dsv
[0.462s] -- Installing: /home/sr/sr_ws/install/sf_robot_description/share/ament_index/resource_index/packages/sf_robot_description
[0.463s] -- Installing: /home/sr/sr_ws/install/sf_robot_description/share/sf_robot_description/cmake/sf_robot_descriptionConfig.cmake
[0.465s] -- Installing: /home/sr/sr_ws/install/sf_robot_description/share/sf_robot_description/cmake/sf_robot_descriptionConfig-version.cmake
[0.466s] -- Installing: /home/sr/sr_ws/install/sf_robot_description/share/sf_robot_description/package.xml
[0.476s] Invoked command in '/home/sr/sr_ws/build/sf_robot_description' returned '0': CMAKE_PREFIX_PATH=/opt/ros/humble /usr/bin/cmake --install /home/sr/sr_ws/build/sf_robot_description
