[0.187s] Invoking command in '/home/sr/sr_ws/build/hardware_interface': AMENT_PREFIX_PATH=/home/sr/sr_ws/install/ros2_control_test_assets:${AMENT_PREFIX_PATH} CMAKE_PREFIX_PATH=/home/sr/sr_ws/install/ros2_control_test_assets:/opt/ros/humble /usr/bin/cmake --build /home/sr/sr_ws/build/hardware_interface -- -j4 -l4
[1.058s] [  5%] Built target gmock_main
[1.090s] [ 26%] Built target hardware_interface
[1.443s] [ 35%] Built target gmock
[1.607s] [ 44%] Built target fake_components
[1.637s] [ 58%] Built target test_hardware_components
[1.650s] [ 64%] Built target mock_components
[1.774s] [ 70%] Built target test_macros
[1.848s] [ 82%] Built target test_component_interfaces
[1.858s] [ 82%] Built target test_inst_hardwares
[1.888s] [ 88%] Built target test_joint_handle
[1.981s] [ 94%] Built target test_component_parser
[2.023s] [100%] Built target test_generic_system
[2.070s] Invoked command in '/home/sr/sr_ws/build/hardware_interface' returned '0': AMENT_PREFIX_PATH=/home/sr/sr_ws/install/ros2_control_test_assets:${AMENT_PREFIX_PATH} CMAKE_PREFIX_PATH=/home/sr/sr_ws/install/ros2_control_test_assets:/opt/ros/humble /usr/bin/cmake --build /home/sr/sr_ws/build/hardware_interface -- -j4 -l4
[2.543s] Invoking command in '/home/sr/sr_ws/build/hardware_interface': AMENT_PREFIX_PATH=/home/sr/sr_ws/install/ros2_control_test_assets:${AMENT_PREFIX_PATH} CMAKE_PREFIX_PATH=/home/sr/sr_ws/install/ros2_control_test_assets:/opt/ros/humble /usr/bin/cmake --install /home/sr/sr_ws/build/hardware_interface
[2.580s] -- Install configuration: ""
[2.581s] -- Up-to-date: /home/sr/sr_ws/install/hardware_interface/share/hardware_interface/mock_components_plugin_description.xml
[2.585s] -- Up-to-date: /home/sr/sr_ws/install/hardware_interface/share/hardware_interface/fake_components_plugin_description.xml
[2.586s] -- Up-to-date: /home/sr/sr_ws/install/hardware_interface/include
[2.587s] -- Up-to-date: /home/sr/sr_ws/install/hardware_interface/include/hardware_interface
[2.587s] -- Up-to-date: /home/sr/sr_ws/install/hardware_interface/include/hardware_interface/handle.hpp
[2.588s] -- Up-to-date: /home/sr/sr_ws/install/hardware_interface/include/hardware_interface/hardware_info.hpp
[2.588s] -- Up-to-date: /home/sr/sr_ws/install/hardware_interface/include/hardware_interface/visibility_control.h
[2.592s] -- Up-to-date: /home/sr/sr_ws/install/hardware_interface/include/hardware_interface/macros.hpp
[2.593s] -- Up-to-date: /home/sr/sr_ws/install/hardware_interface/include/hardware_interface/component_parser.hpp
[2.593s] -- Up-to-date: /home/sr/sr_ws/install/hardware_interface/include/hardware_interface/lexical_casts.hpp
[2.594s] -- Up-to-date: /home/sr/sr_ws/install/hardware_interface/include/hardware_interface/system.hpp
[2.594s] -- Up-to-date: /home/sr/sr_ws/install/hardware_interface/include/hardware_interface/system_interface.hpp
[2.595s] -- Up-to-date: /home/sr/sr_ws/install/hardware_interface/include/hardware_interface/types
[2.595s] -- Up-to-date: /home/sr/sr_ws/install/hardware_interface/include/hardware_interface/types/hardware_interface_return_values.hpp
[2.596s] -- Up-to-date: /home/sr/sr_ws/install/hardware_interface/include/hardware_interface/types/hardware_interface_type_values.hpp
[2.596s] -- Up-to-date: /home/sr/sr_ws/install/hardware_interface/include/hardware_interface/types/lifecycle_state_names.hpp
[2.597s] -- Up-to-date: /home/sr/sr_ws/install/hardware_interface/include/hardware_interface/loaned_command_interface.hpp
[2.598s] -- Up-to-date: /home/sr/sr_ws/install/hardware_interface/include/hardware_interface/sensor_interface.hpp
[2.598s] -- Up-to-date: /home/sr/sr_ws/install/hardware_interface/include/hardware_interface/actuator.hpp
[2.599s] -- Up-to-date: /home/sr/sr_ws/install/hardware_interface/include/hardware_interface/hardware_component_info.hpp
[2.600s] -- Up-to-date: /home/sr/sr_ws/install/hardware_interface/include/hardware_interface/loaned_state_interface.hpp
[2.601s] -- Up-to-date: /home/sr/sr_ws/install/hardware_interface/include/hardware_interface/resource_manager.hpp
[2.601s] -- Up-to-date: /home/sr/sr_ws/install/hardware_interface/include/hardware_interface/actuator_interface.hpp
[2.602s] -- Up-to-date: /home/sr/sr_ws/install/hardware_interface/include/hardware_interface/controller_info.hpp
[2.603s] -- Up-to-date: /home/sr/sr_ws/install/hardware_interface/include/hardware_interface/sensor.hpp
[2.603s] -- Up-to-date: /home/sr/sr_ws/install/hardware_interface/include/mock_components
[2.604s] -- Up-to-date: /home/sr/sr_ws/install/hardware_interface/include/mock_components/visibility_control.h
[2.604s] -- Up-to-date: /home/sr/sr_ws/install/hardware_interface/include/mock_components/generic_system.hpp
[2.605s] -- Up-to-date: /home/sr/sr_ws/install/hardware_interface/include/fake_components
[2.606s] -- Up-to-date: /home/sr/sr_ws/install/hardware_interface/include/fake_components/visibility_control.h
[2.606s] -- Up-to-date: /home/sr/sr_ws/install/hardware_interface/include/fake_components/generic_system.hpp
[2.607s] -- Up-to-date: /home/sr/sr_ws/install/hardware_interface/lib/libfake_components.so
[2.614s] -- Up-to-date: /home/sr/sr_ws/install/hardware_interface/lib/libmock_components.so
[2.617s] -- Up-to-date: /home/sr/sr_ws/install/hardware_interface/lib/libhardware_interface.so
[2.626s] -- Up-to-date: /home/sr/sr_ws/install/hardware_interface/lib/libtest_hardware_components.so
[2.627s] -- Up-to-date: /home/sr/sr_ws/install/hardware_interface/share/hardware_interface/test/test_hardware_components/test_hardware_components.xml
[2.627s] -- Up-to-date: /home/sr/sr_ws/install/hardware_interface/share/hardware_interface/environment/library_path.sh
[2.629s] -- Up-to-date: /home/sr/sr_ws/install/hardware_interface/share/hardware_interface/environment/library_path.dsv
[2.634s] -- Up-to-date: /home/sr/sr_ws/install/hardware_interface/share/ament_index/resource_index/package_run_dependencies/hardware_interface
[2.637s] -- Up-to-date: /home/sr/sr_ws/install/hardware_interface/share/ament_index/resource_index/parent_prefix_path/hardware_interface
[2.638s] -- Up-to-date: /home/sr/sr_ws/install/hardware_interface/share/hardware_interface/environment/ament_prefix_path.sh
[2.639s] -- Up-to-date: /home/sr/sr_ws/install/hardware_interface/share/hardware_interface/environment/ament_prefix_path.dsv
[2.639s] -- Up-to-date: /home/sr/sr_ws/install/hardware_interface/share/hardware_interface/environment/path.sh
[2.640s] -- Up-to-date: /home/sr/sr_ws/install/hardware_interface/share/hardware_interface/environment/path.dsv
[2.640s] -- Up-to-date: /home/sr/sr_ws/install/hardware_interface/share/hardware_interface/local_setup.bash
[2.642s] -- Up-to-date: /home/sr/sr_ws/install/hardware_interface/share/hardware_interface/local_setup.sh
[2.642s] -- Up-to-date: /home/sr/sr_ws/install/hardware_interface/share/hardware_interface/local_setup.zsh
[2.643s] -- Up-to-date: /home/sr/sr_ws/install/hardware_interface/share/hardware_interface/local_setup.dsv
[2.643s] -- Installing: /home/sr/sr_ws/install/hardware_interface/share/hardware_interface/package.dsv
[2.644s] -- Up-to-date: /home/sr/sr_ws/install/hardware_interface/share/ament_index/resource_index/packages/hardware_interface
[2.645s] -- Up-to-date: /home/sr/sr_ws/install/hardware_interface/share/ament_index/resource_index/hardware_interface__pluginlib__plugin/hardware_interface
[2.647s] -- Up-to-date: /home/sr/sr_ws/install/hardware_interface/share/hardware_interface/cmake/ament_cmake_export_include_directories-extras.cmake
[2.648s] -- Up-to-date: /home/sr/sr_ws/install/hardware_interface/share/hardware_interface/cmake/ament_cmake_export_libraries-extras.cmake
[2.649s] -- Up-to-date: /home/sr/sr_ws/install/hardware_interface/share/hardware_interface/cmake/ament_cmake_export_dependencies-extras.cmake
[2.649s] -- Up-to-date: /home/sr/sr_ws/install/hardware_interface/share/hardware_interface/cmake/hardware_interfaceConfig.cmake
[2.650s] -- Up-to-date: /home/sr/sr_ws/install/hardware_interface/share/hardware_interface/cmake/hardware_interfaceConfig-version.cmake
[2.650s] -- Up-to-date: /home/sr/sr_ws/install/hardware_interface/share/hardware_interface/package.xml
[2.662s] Invoked command in '/home/sr/sr_ws/build/hardware_interface' returned '0': AMENT_PREFIX_PATH=/home/sr/sr_ws/install/ros2_control_test_assets:${AMENT_PREFIX_PATH} CMAKE_PREFIX_PATH=/home/sr/sr_ws/install/ros2_control_test_assets:/opt/ros/humble /usr/bin/cmake --install /home/sr/sr_ws/build/hardware_interface
