[0.113s] Invoking command in '/home/sr/sr_ws/build/controller_manager_msgs': CMAKE_PREFIX_PATH=/opt/ros/humble /usr/bin/cmake --build /home/sr/sr_ws/build/controller_manager_msgs -- -j4 -l4
[0.446s] [  0%] Built target controller_manager_msgs__cpp
[0.597s] [ 12%] Built target controller_manager_msgs__rosidl_generator_c
[0.661s] [ 12%] Built target ament_cmake_python_copy_controller_manager_msgs
[0.789s] [ 24%] Built target controller_manager_msgs__rosidl_typesupport_cpp
[0.880s] [ 36%] Built target controller_manager_msgs__rosidl_typesupport_fastrtps_cpp
[0.910s] [ 48%] Built target controller_manager_msgs__rosidl_typesupport_introspection_cpp
[0.945s] [ 60%] Built target controller_manager_msgs__rosidl_typesupport_fastrtps_c
[1.016s] [ 72%] Built target controller_manager_msgs__rosidl_typesupport_introspection_c
[1.103s] [ 84%] Built target controller_manager_msgs__rosidl_typesupport_c
[1.296s] [ 84%] Built target controller_manager_msgs
[1.457s] [ 85%] Built target controller_manager_msgs__py
[1.736s] [ 96%] Built target controller_manager_msgs__rosidl_generator_py
[1.985s] [ 97%] Built target controller_manager_msgs__rosidl_typesupport_c__pyext
[1.997s] [ 99%] Built target controller_manager_msgs__rosidl_typesupport_introspection_c__pyext
[2.041s] [100%] Built target controller_manager_msgs__rosidl_typesupport_fastrtps_c__pyext
[3.065s] running egg_info
[3.066s] writing controller_manager_msgs.egg-info/PKG-INFO
[3.067s] writing dependency_links to controller_manager_msgs.egg-info/dependency_links.txt
[3.069s] writing top-level names to controller_manager_msgs.egg-info/top_level.txt
[3.084s] reading manifest file 'controller_manager_msgs.egg-info/SOURCES.txt'
[3.089s] writing manifest file 'controller_manager_msgs.egg-info/SOURCES.txt'
[3.228s] [100%] Built target ament_cmake_python_build_controller_manager_msgs_egg
[3.284s] Invoked command in '/home/sr/sr_ws/build/controller_manager_msgs' returned '0': CMAKE_PREFIX_PATH=/opt/ros/humble /usr/bin/cmake --build /home/sr/sr_ws/build/controller_manager_msgs -- -j4 -l4
[6.243s] Invoking command in '/home/sr/sr_ws/build/controller_manager_msgs': CMAKE_PREFIX_PATH=/opt/ros/humble /usr/bin/cmake --install /home/sr/sr_ws/build/controller_manager_msgs
[6.278s] -- Install configuration: ""
[6.278s] -- Up-to-date: /home/sr/sr_ws/install/controller_manager_msgs/share/ament_index/resource_index/rosidl_interfaces/controller_manager_msgs
[6.279s] -- Up-to-date: /home/sr/sr_ws/install/controller_manager_msgs/include/controller_manager_msgs/controller_manager_msgs
[6.279s] -- Up-to-date: /home/sr/sr_ws/install/controller_manager_msgs/include/controller_manager_msgs/controller_manager_msgs/srv
[6.280s] -- Up-to-date: /home/sr/sr_ws/install/controller_manager_msgs/include/controller_manager_msgs/controller_manager_msgs/srv/detail
[6.281s] -- Up-to-date: /home/sr/sr_ws/install/controller_manager_msgs/include/controller_manager_msgs/controller_manager_msgs/srv/detail/switch_controller__type_support.h
[6.281s] -- Up-to-date: /home/sr/sr_ws/install/controller_manager_msgs/include/controller_manager_msgs/controller_manager_msgs/srv/detail/reload_controller_libraries__functions.h
[6.282s] -- Up-to-date: /home/sr/sr_ws/install/controller_manager_msgs/include/controller_manager_msgs/controller_manager_msgs/srv/detail/list_controllers__functions.c
[6.282s] -- Up-to-date: /home/sr/sr_ws/install/controller_manager_msgs/include/controller_manager_msgs/controller_manager_msgs/srv/detail/load_controller__struct.h
[6.283s] -- Up-to-date: /home/sr/sr_ws/install/controller_manager_msgs/include/controller_manager_msgs/controller_manager_msgs/srv/detail/list_controllers__type_support.h
[6.284s] -- Up-to-date: /home/sr/sr_ws/install/controller_manager_msgs/include/controller_manager_msgs/controller_manager_msgs/srv/detail/list_hardware_interfaces__struct.h
[6.284s] -- Up-to-date: /home/sr/sr_ws/install/controller_manager_msgs/include/controller_manager_msgs/controller_manager_msgs/srv/detail/list_controllers__struct.h
[6.284s] -- Up-to-date: /home/sr/sr_ws/install/controller_manager_msgs/include/controller_manager_msgs/controller_manager_msgs/srv/detail/switch_controller__struct.h
[6.285s] -- Up-to-date: /home/sr/sr_ws/install/controller_manager_msgs/include/controller_manager_msgs/controller_manager_msgs/srv/detail/list_controller_types__struct.h
[6.286s] -- Up-to-date: /home/sr/sr_ws/install/controller_manager_msgs/include/controller_manager_msgs/controller_manager_msgs/srv/detail/list_hardware_components__type_support.h
[6.286s] -- Up-to-date: /home/sr/sr_ws/install/controller_manager_msgs/include/controller_manager_msgs/controller_manager_msgs/srv/detail/switch_controller__functions.c
[6.287s] -- Up-to-date: /home/sr/sr_ws/install/controller_manager_msgs/include/controller_manager_msgs/controller_manager_msgs/srv/detail/list_hardware_interfaces__functions.c
[6.287s] -- Up-to-date: /home/sr/sr_ws/install/controller_manager_msgs/include/controller_manager_msgs/controller_manager_msgs/srv/detail/reload_controller_libraries__type_support.h
[6.288s] -- Up-to-date: /home/sr/sr_ws/install/controller_manager_msgs/include/controller_manager_msgs/controller_manager_msgs/srv/detail/switch_controller__functions.h
[6.288s] -- Up-to-date: /home/sr/sr_ws/install/controller_manager_msgs/include/controller_manager_msgs/controller_manager_msgs/srv/detail/list_controller_types__functions.c
[6.289s] -- Up-to-date: /home/sr/sr_ws/install/controller_manager_msgs/include/controller_manager_msgs/controller_manager_msgs/srv/detail/set_hardware_component_state__struct.h
[6.289s] -- Up-to-date: /home/sr/sr_ws/install/controller_manager_msgs/include/controller_manager_msgs/controller_manager_msgs/srv/detail/set_hardware_component_state__type_support.h
[6.290s] -- Up-to-date: /home/sr/sr_ws/install/controller_manager_msgs/include/controller_manager_msgs/controller_manager_msgs/srv/detail/list_hardware_components__struct.h
[6.290s] -- Up-to-date: /home/sr/sr_ws/install/controller_manager_msgs/include/controller_manager_msgs/controller_manager_msgs/srv/detail/list_hardware_interfaces__functions.h
[6.291s] -- Up-to-date: /home/sr/sr_ws/install/controller_manager_msgs/include/controller_manager_msgs/controller_manager_msgs/srv/detail/unload_controller__functions.h
[6.291s] -- Up-to-date: /home/sr/sr_ws/install/controller_manager_msgs/include/controller_manager_msgs/controller_manager_msgs/srv/detail/load_controller__type_support.h
[6.292s] -- Up-to-date: /home/sr/sr_ws/install/controller_manager_msgs/include/controller_manager_msgs/controller_manager_msgs/srv/detail/list_hardware_components__functions.c
[6.292s] -- Up-to-date: /home/sr/sr_ws/install/controller_manager_msgs/include/controller_manager_msgs/controller_manager_msgs/srv/detail/configure_controller__struct.h
[6.293s] -- Up-to-date: /home/sr/sr_ws/install/controller_manager_msgs/include/controller_manager_msgs/controller_manager_msgs/srv/detail/configure_controller__functions.c
[6.293s] -- Up-to-date: /home/sr/sr_ws/install/controller_manager_msgs/include/controller_manager_msgs/controller_manager_msgs/srv/detail/unload_controller__struct.h
[6.294s] -- Up-to-date: /home/sr/sr_ws/install/controller_manager_msgs/include/controller_manager_msgs/controller_manager_msgs/srv/detail/load_controller__functions.c
[6.294s] -- Up-to-date: /home/sr/sr_ws/install/controller_manager_msgs/include/controller_manager_msgs/controller_manager_msgs/srv/detail/set_hardware_component_state__functions.h
[6.295s] -- Up-to-date: /home/sr/sr_ws/install/controller_manager_msgs/include/controller_manager_msgs/controller_manager_msgs/srv/detail/load_controller__functions.h
[6.295s] -- Up-to-date: /home/sr/sr_ws/install/controller_manager_msgs/include/controller_manager_msgs/controller_manager_msgs/srv/detail/reload_controller_libraries__functions.c
[6.296s] -- Up-to-date: /home/sr/sr_ws/install/controller_manager_msgs/include/controller_manager_msgs/controller_manager_msgs/srv/detail/set_hardware_component_state__functions.c
[6.296s] -- Up-to-date: /home/sr/sr_ws/install/controller_manager_msgs/include/controller_manager_msgs/controller_manager_msgs/srv/detail/list_hardware_components__functions.h
[6.296s] -- Up-to-date: /home/sr/sr_ws/install/controller_manager_msgs/include/controller_manager_msgs/controller_manager_msgs/srv/detail/unload_controller__functions.c
[6.297s] -- Up-to-date: /home/sr/sr_ws/install/controller_manager_msgs/include/controller_manager_msgs/controller_manager_msgs/srv/detail/configure_controller__type_support.h
[6.298s] -- Up-to-date: /home/sr/sr_ws/install/controller_manager_msgs/include/controller_manager_msgs/controller_manager_msgs/srv/detail/reload_controller_libraries__struct.h
[6.299s] -- Up-to-date: /home/sr/sr_ws/install/controller_manager_msgs/include/controller_manager_msgs/controller_manager_msgs/srv/detail/list_controller_types__type_support.h
[6.299s] -- Up-to-date: /home/sr/sr_ws/install/controller_manager_msgs/include/controller_manager_msgs/controller_manager_msgs/srv/detail/list_controller_types__functions.h
[6.299s] -- Up-to-date: /home/sr/sr_ws/install/controller_manager_msgs/include/controller_manager_msgs/controller_manager_msgs/srv/detail/list_hardware_interfaces__type_support.h
[6.300s] -- Up-to-date: /home/sr/sr_ws/install/controller_manager_msgs/include/controller_manager_msgs/controller_manager_msgs/srv/detail/list_controllers__functions.h
[6.300s] -- Up-to-date: /home/sr/sr_ws/install/controller_manager_msgs/include/controller_manager_msgs/controller_manager_msgs/srv/detail/unload_controller__type_support.h
[6.301s] -- Up-to-date: /home/sr/sr_ws/install/controller_manager_msgs/include/controller_manager_msgs/controller_manager_msgs/srv/detail/configure_controller__functions.h
[6.301s] -- Up-to-date: /home/sr/sr_ws/install/controller_manager_msgs/include/controller_manager_msgs/controller_manager_msgs/srv/list_hardware_interfaces.h
[6.302s] -- Up-to-date: /home/sr/sr_ws/install/controller_manager_msgs/include/controller_manager_msgs/controller_manager_msgs/srv/unload_controller.h
[6.302s] -- Up-to-date: /home/sr/sr_ws/install/controller_manager_msgs/include/controller_manager_msgs/controller_manager_msgs/srv/configure_controller.h
[6.303s] -- Up-to-date: /home/sr/sr_ws/install/controller_manager_msgs/include/controller_manager_msgs/controller_manager_msgs/srv/load_controller.h
[6.303s] -- Up-to-date: /home/sr/sr_ws/install/controller_manager_msgs/include/controller_manager_msgs/controller_manager_msgs/srv/list_hardware_components.h
[6.304s] -- Up-to-date: /home/sr/sr_ws/install/controller_manager_msgs/include/controller_manager_msgs/controller_manager_msgs/srv/set_hardware_component_state.h
[6.304s] -- Up-to-date: /home/sr/sr_ws/install/controller_manager_msgs/include/controller_manager_msgs/controller_manager_msgs/srv/switch_controller.h
[6.305s] -- Up-to-date: /home/sr/sr_ws/install/controller_manager_msgs/include/controller_manager_msgs/controller_manager_msgs/srv/list_controllers.h
[6.305s] -- Up-to-date: /home/sr/sr_ws/install/controller_manager_msgs/include/controller_manager_msgs/controller_manager_msgs/srv/reload_controller_libraries.h
[6.306s] -- Up-to-date: /home/sr/sr_ws/install/controller_manager_msgs/include/controller_manager_msgs/controller_manager_msgs/srv/list_controller_types.h
[6.307s] -- Up-to-date: /home/sr/sr_ws/install/controller_manager_msgs/include/controller_manager_msgs/controller_manager_msgs/msg
[6.307s] -- Up-to-date: /home/sr/sr_ws/install/controller_manager_msgs/include/controller_manager_msgs/controller_manager_msgs/msg/detail
[6.308s] -- Up-to-date: /home/sr/sr_ws/install/controller_manager_msgs/include/controller_manager_msgs/controller_manager_msgs/msg/detail/hardware_interface__type_support.h
[6.308s] -- Up-to-date: /home/sr/sr_ws/install/controller_manager_msgs/include/controller_manager_msgs/controller_manager_msgs/msg/detail/hardware_interface__struct.h
[6.309s] -- Up-to-date: /home/sr/sr_ws/install/controller_manager_msgs/include/controller_manager_msgs/controller_manager_msgs/msg/detail/chain_connection__functions.c
[6.309s] -- Up-to-date: /home/sr/sr_ws/install/controller_manager_msgs/include/controller_manager_msgs/controller_manager_msgs/msg/detail/controller_state__functions.c
[6.309s] -- Up-to-date: /home/sr/sr_ws/install/controller_manager_msgs/include/controller_manager_msgs/controller_manager_msgs/msg/detail/controller_state__type_support.h
[6.310s] -- Up-to-date: /home/sr/sr_ws/install/controller_manager_msgs/include/controller_manager_msgs/controller_manager_msgs/msg/detail/hardware_component_state__functions.h
[6.310s] -- Up-to-date: /home/sr/sr_ws/install/controller_manager_msgs/include/controller_manager_msgs/controller_manager_msgs/msg/detail/chain_connection__functions.h
[6.311s] -- Up-to-date: /home/sr/sr_ws/install/controller_manager_msgs/include/controller_manager_msgs/controller_manager_msgs/msg/detail/hardware_interface__functions.h
[6.311s] -- Up-to-date: /home/sr/sr_ws/install/controller_manager_msgs/include/controller_manager_msgs/controller_manager_msgs/msg/detail/controller_state__struct.h
[6.312s] -- Up-to-date: /home/sr/sr_ws/install/controller_manager_msgs/include/controller_manager_msgs/controller_manager_msgs/msg/detail/chain_connection__type_support.h
[6.312s] -- Up-to-date: /home/sr/sr_ws/install/controller_manager_msgs/include/controller_manager_msgs/controller_manager_msgs/msg/detail/controller_state__functions.h
[6.313s] -- Up-to-date: /home/sr/sr_ws/install/controller_manager_msgs/include/controller_manager_msgs/controller_manager_msgs/msg/detail/hardware_component_state__type_support.h
[6.313s] -- Up-to-date: /home/sr/sr_ws/install/controller_manager_msgs/include/controller_manager_msgs/controller_manager_msgs/msg/detail/chain_connection__struct.h
[6.314s] -- Up-to-date: /home/sr/sr_ws/install/controller_manager_msgs/include/controller_manager_msgs/controller_manager_msgs/msg/detail/hardware_interface__functions.c
[6.314s] -- Up-to-date: /home/sr/sr_ws/install/controller_manager_msgs/include/controller_manager_msgs/controller_manager_msgs/msg/detail/hardware_component_state__struct.h
[6.315s] -- Up-to-date: /home/sr/sr_ws/install/controller_manager_msgs/include/controller_manager_msgs/controller_manager_msgs/msg/detail/hardware_component_state__functions.c
[6.315s] -- Up-to-date: /home/sr/sr_ws/install/controller_manager_msgs/include/controller_manager_msgs/controller_manager_msgs/msg/hardware_component_state.h
[6.315s] -- Up-to-date: /home/sr/sr_ws/install/controller_manager_msgs/include/controller_manager_msgs/controller_manager_msgs/msg/chain_connection.h
[6.316s] -- Up-to-date: /home/sr/sr_ws/install/controller_manager_msgs/include/controller_manager_msgs/controller_manager_msgs/msg/hardware_interface.h
[6.316s] -- Up-to-date: /home/sr/sr_ws/install/controller_manager_msgs/include/controller_manager_msgs/controller_manager_msgs/msg/controller_state.h
[6.317s] -- Up-to-date: /home/sr/sr_ws/install/controller_manager_msgs/include/controller_manager_msgs/controller_manager_msgs/msg/rosidl_generator_c__visibility_control.h
[6.317s] -- Up-to-date: /home/sr/sr_ws/install/controller_manager_msgs/share/controller_manager_msgs/environment/library_path.sh
[6.318s] -- Up-to-date: /home/sr/sr_ws/install/controller_manager_msgs/share/controller_manager_msgs/environment/library_path.dsv
[6.318s] -- Up-to-date: /home/sr/sr_ws/install/controller_manager_msgs/lib/libcontroller_manager_msgs__rosidl_generator_c.so
[6.319s] -- Up-to-date: /home/sr/sr_ws/install/controller_manager_msgs/include/controller_manager_msgs/controller_manager_msgs
[6.319s] -- Up-to-date: /home/sr/sr_ws/install/controller_manager_msgs/include/controller_manager_msgs/controller_manager_msgs/srv
[6.320s] -- Up-to-date: /home/sr/sr_ws/install/controller_manager_msgs/include/controller_manager_msgs/controller_manager_msgs/srv/detail
[6.320s] -- Up-to-date: /home/sr/sr_ws/install/controller_manager_msgs/include/controller_manager_msgs/controller_manager_msgs/srv/detail/configure_controller__rosidl_typesupport_fastrtps_c.h
[6.320s] -- Up-to-date: /home/sr/sr_ws/install/controller_manager_msgs/include/controller_manager_msgs/controller_manager_msgs/srv/detail/load_controller__rosidl_typesupport_fastrtps_c.h
[6.321s] -- Up-to-date: /home/sr/sr_ws/install/controller_manager_msgs/include/controller_manager_msgs/controller_manager_msgs/srv/detail/list_controllers__rosidl_typesupport_fastrtps_c.h
[6.321s] -- Up-to-date: /home/sr/sr_ws/install/controller_manager_msgs/include/controller_manager_msgs/controller_manager_msgs/srv/detail/list_controller_types__rosidl_typesupport_fastrtps_c.h
[6.322s] -- Up-to-date: /home/sr/sr_ws/install/controller_manager_msgs/include/controller_manager_msgs/controller_manager_msgs/srv/detail/list_hardware_interfaces__rosidl_typesupport_fastrtps_c.h
[6.322s] -- Up-to-date: /home/sr/sr_ws/install/controller_manager_msgs/include/controller_manager_msgs/controller_manager_msgs/srv/detail/list_hardware_components__rosidl_typesupport_fastrtps_c.h
[6.323s] -- Up-to-date: /home/sr/sr_ws/install/controller_manager_msgs/include/controller_manager_msgs/controller_manager_msgs/srv/detail/reload_controller_libraries__rosidl_typesupport_fastrtps_c.h
[6.323s] -- Up-to-date: /home/sr/sr_ws/install/controller_manager_msgs/include/controller_manager_msgs/controller_manager_msgs/srv/detail/set_hardware_component_state__rosidl_typesupport_fastrtps_c.h
[6.324s] -- Up-to-date: /home/sr/sr_ws/install/controller_manager_msgs/include/controller_manager_msgs/controller_manager_msgs/srv/detail/switch_controller__rosidl_typesupport_fastrtps_c.h
[6.324s] -- Up-to-date: /home/sr/sr_ws/install/controller_manager_msgs/include/controller_manager_msgs/controller_manager_msgs/srv/detail/unload_controller__rosidl_typesupport_fastrtps_c.h
[6.325s] -- Up-to-date: /home/sr/sr_ws/install/controller_manager_msgs/include/controller_manager_msgs/controller_manager_msgs/msg
[6.325s] -- Up-to-date: /home/sr/sr_ws/install/controller_manager_msgs/include/controller_manager_msgs/controller_manager_msgs/msg/detail
[6.326s] -- Up-to-date: /home/sr/sr_ws/install/controller_manager_msgs/include/controller_manager_msgs/controller_manager_msgs/msg/detail/hardware_interface__rosidl_typesupport_fastrtps_c.h
[6.326s] -- Up-to-date: /home/sr/sr_ws/install/controller_manager_msgs/include/controller_manager_msgs/controller_manager_msgs/msg/detail/chain_connection__rosidl_typesupport_fastrtps_c.h
[6.327s] -- Up-to-date: /home/sr/sr_ws/install/controller_manager_msgs/include/controller_manager_msgs/controller_manager_msgs/msg/detail/hardware_component_state__rosidl_typesupport_fastrtps_c.h
[6.327s] -- Up-to-date: /home/sr/sr_ws/install/controller_manager_msgs/include/controller_manager_msgs/controller_manager_msgs/msg/detail/controller_state__rosidl_typesupport_fastrtps_c.h
[6.328s] -- Up-to-date: /home/sr/sr_ws/install/controller_manager_msgs/include/controller_manager_msgs/controller_manager_msgs/msg/rosidl_typesupport_fastrtps_c__visibility_control.h
[6.328s] -- Up-to-date: /home/sr/sr_ws/install/controller_manager_msgs/lib/libcontroller_manager_msgs__rosidl_typesupport_fastrtps_c.so
[6.329s] -- Up-to-date: /home/sr/sr_ws/install/controller_manager_msgs/include/controller_manager_msgs/controller_manager_msgs
[6.329s] -- Up-to-date: /home/sr/sr_ws/install/controller_manager_msgs/include/controller_manager_msgs/controller_manager_msgs/srv
[6.330s] -- Up-to-date: /home/sr/sr_ws/install/controller_manager_msgs/include/controller_manager_msgs/controller_manager_msgs/srv/list_controller_types.hpp
[6.330s] -- Up-to-date: /home/sr/sr_ws/install/controller_manager_msgs/include/controller_manager_msgs/controller_manager_msgs/srv/detail
[6.331s] -- Up-to-date: /home/sr/sr_ws/install/controller_manager_msgs/include/controller_manager_msgs/controller_manager_msgs/srv/detail/switch_controller__builder.hpp
[6.331s] -- Up-to-date: /home/sr/sr_ws/install/controller_manager_msgs/include/controller_manager_msgs/controller_manager_msgs/srv/detail/list_controllers__traits.hpp
[6.332s] -- Up-to-date: /home/sr/sr_ws/install/controller_manager_msgs/include/controller_manager_msgs/controller_manager_msgs/srv/detail/list_hardware_components__struct.hpp
[6.332s] -- Up-to-date: /home/sr/sr_ws/install/controller_manager_msgs/include/controller_manager_msgs/controller_manager_msgs/srv/detail/list_hardware_interfaces__traits.hpp
[6.333s] -- Up-to-date: /home/sr/sr_ws/install/controller_manager_msgs/include/controller_manager_msgs/controller_manager_msgs/srv/detail/list_hardware_interfaces__builder.hpp
[6.333s] -- Up-to-date: /home/sr/sr_ws/install/controller_manager_msgs/include/controller_manager_msgs/controller_manager_msgs/srv/detail/set_hardware_component_state__traits.hpp
[6.334s] -- Up-to-date: /home/sr/sr_ws/install/controller_manager_msgs/include/controller_manager_msgs/controller_manager_msgs/srv/detail/unload_controller__traits.hpp
[6.334s] -- Up-to-date: /home/sr/sr_ws/install/controller_manager_msgs/include/controller_manager_msgs/controller_manager_msgs/srv/detail/reload_controller_libraries__struct.hpp
[6.334s] -- Up-to-date: /home/sr/sr_ws/install/controller_manager_msgs/include/controller_manager_msgs/controller_manager_msgs/srv/detail/load_controller__traits.hpp
[6.335s] -- Up-to-date: /home/sr/sr_ws/install/controller_manager_msgs/include/controller_manager_msgs/controller_manager_msgs/srv/detail/reload_controller_libraries__traits.hpp
[6.335s] -- Up-to-date: /home/sr/sr_ws/install/controller_manager_msgs/include/controller_manager_msgs/controller_manager_msgs/srv/detail/configure_controller__struct.hpp
[6.336s] -- Up-to-date: /home/sr/sr_ws/install/controller_manager_msgs/include/controller_manager_msgs/controller_manager_msgs/srv/detail/configure_controller__traits.hpp
[6.336s] -- Up-to-date: /home/sr/sr_ws/install/controller_manager_msgs/include/controller_manager_msgs/controller_manager_msgs/srv/detail/switch_controller__struct.hpp
[6.337s] -- Up-to-date: /home/sr/sr_ws/install/controller_manager_msgs/include/controller_manager_msgs/controller_manager_msgs/srv/detail/list_controllers__struct.hpp
[6.337s] -- Up-to-date: /home/sr/sr_ws/install/controller_manager_msgs/include/controller_manager_msgs/controller_manager_msgs/srv/detail/unload_controller__struct.hpp
[6.338s] -- Up-to-date: /home/sr/sr_ws/install/controller_manager_msgs/include/controller_manager_msgs/controller_manager_msgs/srv/detail/list_controller_types__struct.hpp
[6.339s] -- Up-to-date: /home/sr/sr_ws/install/controller_manager_msgs/include/controller_manager_msgs/controller_manager_msgs/srv/detail/load_controller__builder.hpp
[6.339s] -- Up-to-date: /home/sr/sr_ws/install/controller_manager_msgs/include/controller_manager_msgs/controller_manager_msgs/srv/detail/list_controllers__builder.hpp
[6.339s] -- Up-to-date: /home/sr/sr_ws/install/controller_manager_msgs/include/controller_manager_msgs/controller_manager_msgs/srv/detail/configure_controller__builder.hpp
[6.340s] -- Up-to-date: /home/sr/sr_ws/install/controller_manager_msgs/include/controller_manager_msgs/controller_manager_msgs/srv/detail/unload_controller__builder.hpp
[6.340s] -- Up-to-date: /home/sr/sr_ws/install/controller_manager_msgs/include/controller_manager_msgs/controller_manager_msgs/srv/detail/list_controller_types__traits.hpp
[6.341s] -- Up-to-date: /home/sr/sr_ws/install/controller_manager_msgs/include/controller_manager_msgs/controller_manager_msgs/srv/detail/load_controller__struct.hpp
[6.341s] -- Up-to-date: /home/sr/sr_ws/install/controller_manager_msgs/include/controller_manager_msgs/controller_manager_msgs/srv/detail/set_hardware_component_state__struct.hpp
[6.342s] -- Up-to-date: /home/sr/sr_ws/install/controller_manager_msgs/include/controller_manager_msgs/controller_manager_msgs/srv/detail/list_controller_types__builder.hpp
[6.343s] -- Up-to-date: /home/sr/sr_ws/install/controller_manager_msgs/include/controller_manager_msgs/controller_manager_msgs/srv/detail/switch_controller__traits.hpp
[6.343s] -- Up-to-date: /home/sr/sr_ws/install/controller_manager_msgs/include/controller_manager_msgs/controller_manager_msgs/srv/detail/list_hardware_components__builder.hpp
[6.344s] -- Up-to-date: /home/sr/sr_ws/install/controller_manager_msgs/include/controller_manager_msgs/controller_manager_msgs/srv/detail/reload_controller_libraries__builder.hpp
[6.344s] -- Up-to-date: /home/sr/sr_ws/install/controller_manager_msgs/include/controller_manager_msgs/controller_manager_msgs/srv/detail/set_hardware_component_state__builder.hpp
[6.344s] -- Up-to-date: /home/sr/sr_ws/install/controller_manager_msgs/include/controller_manager_msgs/controller_manager_msgs/srv/detail/list_hardware_interfaces__struct.hpp
[6.345s] -- Up-to-date: /home/sr/sr_ws/install/controller_manager_msgs/include/controller_manager_msgs/controller_manager_msgs/srv/detail/list_hardware_components__traits.hpp
[6.345s] -- Up-to-date: /home/sr/sr_ws/install/controller_manager_msgs/include/controller_manager_msgs/controller_manager_msgs/srv/list_hardware_interfaces.hpp
[6.346s] -- Up-to-date: /home/sr/sr_ws/install/controller_manager_msgs/include/controller_manager_msgs/controller_manager_msgs/srv/list_controllers.hpp
[6.347s] -- Up-to-date: /home/sr/sr_ws/install/controller_manager_msgs/include/controller_manager_msgs/controller_manager_msgs/srv/switch_controller.hpp
[6.348s] -- Up-to-date: /home/sr/sr_ws/install/controller_manager_msgs/include/controller_manager_msgs/controller_manager_msgs/srv/list_hardware_components.hpp
[6.348s] -- Up-to-date: /home/sr/sr_ws/install/controller_manager_msgs/include/controller_manager_msgs/controller_manager_msgs/srv/set_hardware_component_state.hpp
[6.349s] -- Up-to-date: /home/sr/sr_ws/install/controller_manager_msgs/include/controller_manager_msgs/controller_manager_msgs/srv/reload_controller_libraries.hpp
[6.349s] -- Up-to-date: /home/sr/sr_ws/install/controller_manager_msgs/include/controller_manager_msgs/controller_manager_msgs/srv/unload_controller.hpp
[6.350s] -- Up-to-date: /home/sr/sr_ws/install/controller_manager_msgs/include/controller_manager_msgs/controller_manager_msgs/srv/load_controller.hpp
[6.350s] -- Up-to-date: /home/sr/sr_ws/install/controller_manager_msgs/include/controller_manager_msgs/controller_manager_msgs/srv/configure_controller.hpp
[6.351s] -- Up-to-date: /home/sr/sr_ws/install/controller_manager_msgs/include/controller_manager_msgs/controller_manager_msgs/msg
[6.351s] -- Up-to-date: /home/sr/sr_ws/install/controller_manager_msgs/include/controller_manager_msgs/controller_manager_msgs/msg/detail
[6.352s] -- Up-to-date: /home/sr/sr_ws/install/controller_manager_msgs/include/controller_manager_msgs/controller_manager_msgs/msg/detail/controller_state__struct.hpp
[6.352s] -- Up-to-date: /home/sr/sr_ws/install/controller_manager_msgs/include/controller_manager_msgs/controller_manager_msgs/msg/detail/hardware_component_state__builder.hpp
[6.353s] -- Up-to-date: /home/sr/sr_ws/install/controller_manager_msgs/include/controller_manager_msgs/controller_manager_msgs/msg/detail/hardware_interface__builder.hpp
[6.353s] -- Up-to-date: /home/sr/sr_ws/install/controller_manager_msgs/include/controller_manager_msgs/controller_manager_msgs/msg/detail/hardware_interface__struct.hpp
[6.354s] -- Up-to-date: /home/sr/sr_ws/install/controller_manager_msgs/include/controller_manager_msgs/controller_manager_msgs/msg/detail/hardware_interface__traits.hpp
[6.354s] -- Up-to-date: /home/sr/sr_ws/install/controller_manager_msgs/include/controller_manager_msgs/controller_manager_msgs/msg/detail/chain_connection__traits.hpp
[6.355s] -- Up-to-date: /home/sr/sr_ws/install/controller_manager_msgs/include/controller_manager_msgs/controller_manager_msgs/msg/detail/hardware_component_state__struct.hpp
[6.356s] -- Up-to-date: /home/sr/sr_ws/install/controller_manager_msgs/include/controller_manager_msgs/controller_manager_msgs/msg/detail/controller_state__traits.hpp
[6.356s] -- Up-to-date: /home/sr/sr_ws/install/controller_manager_msgs/include/controller_manager_msgs/controller_manager_msgs/msg/detail/hardware_component_state__traits.hpp
[6.357s] -- Up-to-date: /home/sr/sr_ws/install/controller_manager_msgs/include/controller_manager_msgs/controller_manager_msgs/msg/detail/controller_state__builder.hpp
[6.357s] -- Up-to-date: /home/sr/sr_ws/install/controller_manager_msgs/include/controller_manager_msgs/controller_manager_msgs/msg/detail/chain_connection__struct.hpp
[6.358s] -- Up-to-date: /home/sr/sr_ws/install/controller_manager_msgs/include/controller_manager_msgs/controller_manager_msgs/msg/detail/chain_connection__builder.hpp
[6.358s] -- Up-to-date: /home/sr/sr_ws/install/controller_manager_msgs/include/controller_manager_msgs/controller_manager_msgs/msg/hardware_interface.hpp
[6.359s] -- Up-to-date: /home/sr/sr_ws/install/controller_manager_msgs/include/controller_manager_msgs/controller_manager_msgs/msg/controller_state.hpp
[6.359s] -- Up-to-date: /home/sr/sr_ws/install/controller_manager_msgs/include/controller_manager_msgs/controller_manager_msgs/msg/hardware_component_state.hpp
[6.360s] -- Up-to-date: /home/sr/sr_ws/install/controller_manager_msgs/include/controller_manager_msgs/controller_manager_msgs/msg/chain_connection.hpp
[6.360s] -- Up-to-date: /home/sr/sr_ws/install/controller_manager_msgs/include/controller_manager_msgs/controller_manager_msgs
[6.361s] -- Up-to-date: /home/sr/sr_ws/install/controller_manager_msgs/include/controller_manager_msgs/controller_manager_msgs/srv
[6.361s] -- Up-to-date: /home/sr/sr_ws/install/controller_manager_msgs/include/controller_manager_msgs/controller_manager_msgs/srv/detail
[6.361s] -- Up-to-date: /home/sr/sr_ws/install/controller_manager_msgs/include/controller_manager_msgs/controller_manager_msgs/srv/detail/unload_controller__rosidl_typesupport_fastrtps_cpp.hpp
[6.362s] -- Up-to-date: /home/sr/sr_ws/install/controller_manager_msgs/include/controller_manager_msgs/controller_manager_msgs/srv/detail/list_hardware_components__rosidl_typesupport_fastrtps_cpp.hpp
[6.362s] -- Up-to-date: /home/sr/sr_ws/install/controller_manager_msgs/include/controller_manager_msgs/controller_manager_msgs/srv/detail/reload_controller_libraries__rosidl_typesupport_fastrtps_cpp.hpp
[6.363s] -- Up-to-date: /home/sr/sr_ws/install/controller_manager_msgs/include/controller_manager_msgs/controller_manager_msgs/srv/detail/configure_controller__rosidl_typesupport_fastrtps_cpp.hpp
[6.364s] -- Up-to-date: /home/sr/sr_ws/install/controller_manager_msgs/include/controller_manager_msgs/controller_manager_msgs/srv/detail/switch_controller__rosidl_typesupport_fastrtps_cpp.hpp
[6.365s] -- Up-to-date: /home/sr/sr_ws/install/controller_manager_msgs/include/controller_manager_msgs/controller_manager_msgs/srv/detail/list_controller_types__rosidl_typesupport_fastrtps_cpp.hpp
[6.366s] -- Up-to-date: /home/sr/sr_ws/install/controller_manager_msgs/include/controller_manager_msgs/controller_manager_msgs/srv/detail/list_hardware_interfaces__rosidl_typesupport_fastrtps_cpp.hpp
[6.366s] -- Up-to-date: /home/sr/sr_ws/install/controller_manager_msgs/include/controller_manager_msgs/controller_manager_msgs/srv/detail/dds_fastrtps
[6.367s] -- Up-to-date: /home/sr/sr_ws/install/controller_manager_msgs/include/controller_manager_msgs/controller_manager_msgs/srv/detail/list_controllers__rosidl_typesupport_fastrtps_cpp.hpp
[6.367s] -- Up-to-date: /home/sr/sr_ws/install/controller_manager_msgs/include/controller_manager_msgs/controller_manager_msgs/srv/detail/load_controller__rosidl_typesupport_fastrtps_cpp.hpp
[6.368s] -- Up-to-date: /home/sr/sr_ws/install/controller_manager_msgs/include/controller_manager_msgs/controller_manager_msgs/srv/detail/set_hardware_component_state__rosidl_typesupport_fastrtps_cpp.hpp
[6.368s] -- Up-to-date: /home/sr/sr_ws/install/controller_manager_msgs/include/controller_manager_msgs/controller_manager_msgs/msg
[6.369s] -- Up-to-date: /home/sr/sr_ws/install/controller_manager_msgs/include/controller_manager_msgs/controller_manager_msgs/msg/detail
[6.369s] -- Up-to-date: /home/sr/sr_ws/install/controller_manager_msgs/include/controller_manager_msgs/controller_manager_msgs/msg/detail/hardware_component_state__rosidl_typesupport_fastrtps_cpp.hpp
[6.370s] -- Up-to-date: /home/sr/sr_ws/install/controller_manager_msgs/include/controller_manager_msgs/controller_manager_msgs/msg/detail/controller_state__rosidl_typesupport_fastrtps_cpp.hpp
[6.370s] -- Up-to-date: /home/sr/sr_ws/install/controller_manager_msgs/include/controller_manager_msgs/controller_manager_msgs/msg/detail/chain_connection__rosidl_typesupport_fastrtps_cpp.hpp
[6.371s] -- Up-to-date: /home/sr/sr_ws/install/controller_manager_msgs/include/controller_manager_msgs/controller_manager_msgs/msg/detail/hardware_interface__rosidl_typesupport_fastrtps_cpp.hpp
[6.371s] -- Up-to-date: /home/sr/sr_ws/install/controller_manager_msgs/include/controller_manager_msgs/controller_manager_msgs/msg/detail/dds_fastrtps
[6.372s] -- Up-to-date: /home/sr/sr_ws/install/controller_manager_msgs/include/controller_manager_msgs/controller_manager_msgs/msg/rosidl_typesupport_fastrtps_cpp__visibility_control.h
[6.372s] -- Up-to-date: /home/sr/sr_ws/install/controller_manager_msgs/lib/libcontroller_manager_msgs__rosidl_typesupport_fastrtps_cpp.so
[6.373s] -- Up-to-date: /home/sr/sr_ws/install/controller_manager_msgs/include/controller_manager_msgs/controller_manager_msgs
[6.373s] -- Up-to-date: /home/sr/sr_ws/install/controller_manager_msgs/include/controller_manager_msgs/controller_manager_msgs/srv
[6.374s] -- Up-to-date: /home/sr/sr_ws/install/controller_manager_msgs/include/controller_manager_msgs/controller_manager_msgs/srv/detail
[6.374s] -- Up-to-date: /home/sr/sr_ws/install/controller_manager_msgs/include/controller_manager_msgs/controller_manager_msgs/srv/detail/switch_controller__rosidl_typesupport_introspection_c.h
[6.375s] -- Up-to-date: /home/sr/sr_ws/install/controller_manager_msgs/include/controller_manager_msgs/controller_manager_msgs/srv/detail/configure_controller__rosidl_typesupport_introspection_c.h
[6.375s] -- Up-to-date: /home/sr/sr_ws/install/controller_manager_msgs/include/controller_manager_msgs/controller_manager_msgs/srv/detail/list_hardware_components__type_support.c
[6.376s] -- Up-to-date: /home/sr/sr_ws/install/controller_manager_msgs/include/controller_manager_msgs/controller_manager_msgs/srv/detail/list_controller_types__type_support.c
[6.376s] -- Up-to-date: /home/sr/sr_ws/install/controller_manager_msgs/include/controller_manager_msgs/controller_manager_msgs/srv/detail/switch_controller__type_support.c
[6.377s] -- Up-to-date: /home/sr/sr_ws/install/controller_manager_msgs/include/controller_manager_msgs/controller_manager_msgs/srv/detail/load_controller__type_support.c
[6.377s] -- Up-to-date: /home/sr/sr_ws/install/controller_manager_msgs/include/controller_manager_msgs/controller_manager_msgs/srv/detail/list_controllers__rosidl_typesupport_introspection_c.h
[6.377s] -- Up-to-date: /home/sr/sr_ws/install/controller_manager_msgs/include/controller_manager_msgs/controller_manager_msgs/srv/detail/reload_controller_libraries__type_support.c
[6.378s] -- Up-to-date: /home/sr/sr_ws/install/controller_manager_msgs/include/controller_manager_msgs/controller_manager_msgs/srv/detail/list_controller_types__rosidl_typesupport_introspection_c.h
[6.378s] -- Up-to-date: /home/sr/sr_ws/install/controller_manager_msgs/include/controller_manager_msgs/controller_manager_msgs/srv/detail/list_hardware_components__rosidl_typesupport_introspection_c.h
[6.379s] -- Up-to-date: /home/sr/sr_ws/install/controller_manager_msgs/include/controller_manager_msgs/controller_manager_msgs/srv/detail/list_controllers__type_support.c
[6.379s] -- Up-to-date: /home/sr/sr_ws/install/controller_manager_msgs/include/controller_manager_msgs/controller_manager_msgs/srv/detail/list_hardware_interfaces__rosidl_typesupport_introspection_c.h
[6.380s] -- Up-to-date: /home/sr/sr_ws/install/controller_manager_msgs/include/controller_manager_msgs/controller_manager_msgs/srv/detail/unload_controller__type_support.c
[6.380s] -- Up-to-date: /home/sr/sr_ws/install/controller_manager_msgs/include/controller_manager_msgs/controller_manager_msgs/srv/detail/unload_controller__rosidl_typesupport_introspection_c.h
[6.381s] -- Up-to-date: /home/sr/sr_ws/install/controller_manager_msgs/include/controller_manager_msgs/controller_manager_msgs/srv/detail/set_hardware_component_state__type_support.c
[6.381s] -- Up-to-date: /home/sr/sr_ws/install/controller_manager_msgs/include/controller_manager_msgs/controller_manager_msgs/srv/detail/set_hardware_component_state__rosidl_typesupport_introspection_c.h
[6.381s] -- Up-to-date: /home/sr/sr_ws/install/controller_manager_msgs/include/controller_manager_msgs/controller_manager_msgs/srv/detail/list_hardware_interfaces__type_support.c
[6.382s] -- Up-to-date: /home/sr/sr_ws/install/controller_manager_msgs/include/controller_manager_msgs/controller_manager_msgs/srv/detail/configure_controller__type_support.c
[6.383s] -- Up-to-date: /home/sr/sr_ws/install/controller_manager_msgs/include/controller_manager_msgs/controller_manager_msgs/srv/detail/reload_controller_libraries__rosidl_typesupport_introspection_c.h
[6.383s] -- Up-to-date: /home/sr/sr_ws/install/controller_manager_msgs/include/controller_manager_msgs/controller_manager_msgs/srv/detail/load_controller__rosidl_typesupport_introspection_c.h
[6.383s] -- Up-to-date: /home/sr/sr_ws/install/controller_manager_msgs/include/controller_manager_msgs/controller_manager_msgs/msg
[6.384s] -- Up-to-date: /home/sr/sr_ws/install/controller_manager_msgs/include/controller_manager_msgs/controller_manager_msgs/msg/detail
[6.384s] -- Up-to-date: /home/sr/sr_ws/install/controller_manager_msgs/include/controller_manager_msgs/controller_manager_msgs/msg/detail/controller_state__rosidl_typesupport_introspection_c.h
[6.385s] -- Up-to-date: /home/sr/sr_ws/install/controller_manager_msgs/include/controller_manager_msgs/controller_manager_msgs/msg/detail/hardware_interface__type_support.c
[6.385s] -- Up-to-date: /home/sr/sr_ws/install/controller_manager_msgs/include/controller_manager_msgs/controller_manager_msgs/msg/detail/hardware_component_state__type_support.c
[6.386s] -- Up-to-date: /home/sr/sr_ws/install/controller_manager_msgs/include/controller_manager_msgs/controller_manager_msgs/msg/detail/chain_connection__type_support.c
[6.386s] -- Up-to-date: /home/sr/sr_ws/install/controller_manager_msgs/include/controller_manager_msgs/controller_manager_msgs/msg/detail/chain_connection__rosidl_typesupport_introspection_c.h
[6.387s] -- Up-to-date: /home/sr/sr_ws/install/controller_manager_msgs/include/controller_manager_msgs/controller_manager_msgs/msg/detail/hardware_interface__rosidl_typesupport_introspection_c.h
[6.387s] -- Up-to-date: /home/sr/sr_ws/install/controller_manager_msgs/include/controller_manager_msgs/controller_manager_msgs/msg/detail/controller_state__type_support.c
[6.388s] -- Up-to-date: /home/sr/sr_ws/install/controller_manager_msgs/include/controller_manager_msgs/controller_manager_msgs/msg/detail/hardware_component_state__rosidl_typesupport_introspection_c.h
[6.388s] -- Up-to-date: /home/sr/sr_ws/install/controller_manager_msgs/include/controller_manager_msgs/controller_manager_msgs/msg/rosidl_typesupport_introspection_c__visibility_control.h
[6.388s] -- Up-to-date: /home/sr/sr_ws/install/controller_manager_msgs/lib/libcontroller_manager_msgs__rosidl_typesupport_introspection_c.so
[6.389s] -- Up-to-date: /home/sr/sr_ws/install/controller_manager_msgs/lib/libcontroller_manager_msgs__rosidl_typesupport_c.so
[6.389s] -- Up-to-date: /home/sr/sr_ws/install/controller_manager_msgs/include/controller_manager_msgs/controller_manager_msgs
[6.390s] -- Up-to-date: /home/sr/sr_ws/install/controller_manager_msgs/include/controller_manager_msgs/controller_manager_msgs/srv
[6.390s] -- Up-to-date: /home/sr/sr_ws/install/controller_manager_msgs/include/controller_manager_msgs/controller_manager_msgs/srv/detail
[6.391s] -- Up-to-date: /home/sr/sr_ws/install/controller_manager_msgs/include/controller_manager_msgs/controller_manager_msgs/srv/detail/configure_controller__type_support.cpp
[6.391s] -- Up-to-date: /home/sr/sr_ws/install/controller_manager_msgs/include/controller_manager_msgs/controller_manager_msgs/srv/detail/unload_controller__type_support.cpp
[6.392s] -- Up-to-date: /home/sr/sr_ws/install/controller_manager_msgs/include/controller_manager_msgs/controller_manager_msgs/srv/detail/configure_controller__rosidl_typesupport_introspection_cpp.hpp
[6.392s] -- Up-to-date: /home/sr/sr_ws/install/controller_manager_msgs/include/controller_manager_msgs/controller_manager_msgs/srv/detail/list_controllers__type_support.cpp
[6.393s] -- Up-to-date: /home/sr/sr_ws/install/controller_manager_msgs/include/controller_manager_msgs/controller_manager_msgs/srv/detail/switch_controller__type_support.cpp
[6.393s] -- Up-to-date: /home/sr/sr_ws/install/controller_manager_msgs/include/controller_manager_msgs/controller_manager_msgs/srv/detail/list_hardware_components__type_support.cpp
[6.393s] -- Up-to-date: /home/sr/sr_ws/install/controller_manager_msgs/include/controller_manager_msgs/controller_manager_msgs/srv/detail/list_controller_types__type_support.cpp
[6.394s] -- Up-to-date: /home/sr/sr_ws/install/controller_manager_msgs/include/controller_manager_msgs/controller_manager_msgs/srv/detail/list_hardware_interfaces__rosidl_typesupport_introspection_cpp.hpp
[6.394s] -- Up-to-date: /home/sr/sr_ws/install/controller_manager_msgs/include/controller_manager_msgs/controller_manager_msgs/srv/detail/reload_controller_libraries__type_support.cpp
[6.395s] -- Up-to-date: /home/sr/sr_ws/install/controller_manager_msgs/include/controller_manager_msgs/controller_manager_msgs/srv/detail/list_controller_types__rosidl_typesupport_introspection_cpp.hpp
[6.395s] -- Up-to-date: /home/sr/sr_ws/install/controller_manager_msgs/include/controller_manager_msgs/controller_manager_msgs/srv/detail/list_hardware_components__rosidl_typesupport_introspection_cpp.hpp
[6.396s] -- Up-to-date: /home/sr/sr_ws/install/controller_manager_msgs/include/controller_manager_msgs/controller_manager_msgs/srv/detail/list_controllers__rosidl_typesupport_introspection_cpp.hpp
[6.396s] -- Up-to-date: /home/sr/sr_ws/install/controller_manager_msgs/include/controller_manager_msgs/controller_manager_msgs/srv/detail/unload_controller__rosidl_typesupport_introspection_cpp.hpp
[6.396s] -- Up-to-date: /home/sr/sr_ws/install/controller_manager_msgs/include/controller_manager_msgs/controller_manager_msgs/srv/detail/load_controller__rosidl_typesupport_introspection_cpp.hpp
[6.397s] -- Up-to-date: /home/sr/sr_ws/install/controller_manager_msgs/include/controller_manager_msgs/controller_manager_msgs/srv/detail/set_hardware_component_state__type_support.cpp
[6.397s] -- Up-to-date: /home/sr/sr_ws/install/controller_manager_msgs/include/controller_manager_msgs/controller_manager_msgs/srv/detail/load_controller__type_support.cpp
[6.398s] -- Up-to-date: /home/sr/sr_ws/install/controller_manager_msgs/include/controller_manager_msgs/controller_manager_msgs/srv/detail/list_hardware_interfaces__type_support.cpp
[6.398s] -- Up-to-date: /home/sr/sr_ws/install/controller_manager_msgs/include/controller_manager_msgs/controller_manager_msgs/srv/detail/reload_controller_libraries__rosidl_typesupport_introspection_cpp.hpp
[6.399s] -- Up-to-date: /home/sr/sr_ws/install/controller_manager_msgs/include/controller_manager_msgs/controller_manager_msgs/srv/detail/set_hardware_component_state__rosidl_typesupport_introspection_cpp.hpp
[6.399s] -- Up-to-date: /home/sr/sr_ws/install/controller_manager_msgs/include/controller_manager_msgs/controller_manager_msgs/srv/detail/switch_controller__rosidl_typesupport_introspection_cpp.hpp
[6.399s] -- Up-to-date: /home/sr/sr_ws/install/controller_manager_msgs/include/controller_manager_msgs/controller_manager_msgs/msg
[6.400s] -- Up-to-date: /home/sr/sr_ws/install/controller_manager_msgs/include/controller_manager_msgs/controller_manager_msgs/msg/detail
[6.401s] -- Up-to-date: /home/sr/sr_ws/install/controller_manager_msgs/include/controller_manager_msgs/controller_manager_msgs/msg/detail/hardware_component_state__rosidl_typesupport_introspection_cpp.hpp
[6.401s] -- Up-to-date: /home/sr/sr_ws/install/controller_manager_msgs/include/controller_manager_msgs/controller_manager_msgs/msg/detail/chain_connection__rosidl_typesupport_introspection_cpp.hpp
[6.401s] -- Up-to-date: /home/sr/sr_ws/install/controller_manager_msgs/include/controller_manager_msgs/controller_manager_msgs/msg/detail/hardware_component_state__type_support.cpp
[6.402s] -- Up-to-date: /home/sr/sr_ws/install/controller_manager_msgs/include/controller_manager_msgs/controller_manager_msgs/msg/detail/chain_connection__type_support.cpp
[6.402s] -- Up-to-date: /home/sr/sr_ws/install/controller_manager_msgs/include/controller_manager_msgs/controller_manager_msgs/msg/detail/controller_state__rosidl_typesupport_introspection_cpp.hpp
[6.403s] -- Up-to-date: /home/sr/sr_ws/install/controller_manager_msgs/include/controller_manager_msgs/controller_manager_msgs/msg/detail/controller_state__type_support.cpp
[6.403s] -- Up-to-date: /home/sr/sr_ws/install/controller_manager_msgs/include/controller_manager_msgs/controller_manager_msgs/msg/detail/hardware_interface__rosidl_typesupport_introspection_cpp.hpp
[6.404s] -- Up-to-date: /home/sr/sr_ws/install/controller_manager_msgs/include/controller_manager_msgs/controller_manager_msgs/msg/detail/hardware_interface__type_support.cpp
[6.404s] -- Up-to-date: /home/sr/sr_ws/install/controller_manager_msgs/lib/libcontroller_manager_msgs__rosidl_typesupport_introspection_cpp.so
[6.404s] -- Up-to-date: /home/sr/sr_ws/install/controller_manager_msgs/lib/libcontroller_manager_msgs__rosidl_typesupport_cpp.so
[6.405s] -- Up-to-date: /home/sr/sr_ws/install/controller_manager_msgs/share/controller_manager_msgs/environment/pythonpath.sh
[6.405s] -- Up-to-date: /home/sr/sr_ws/install/controller_manager_msgs/share/controller_manager_msgs/environment/pythonpath.dsv
[6.406s] -- Up-to-date: /home/sr/sr_ws/install/controller_manager_msgs/local/lib/python3.10/dist-packages/controller_manager_msgs-2.40.0-py3.10.egg-info
[6.406s] -- Installing: /home/sr/sr_ws/install/controller_manager_msgs/local/lib/python3.10/dist-packages/controller_manager_msgs-2.40.0-py3.10.egg-info/dependency_links.txt
[6.407s] -- Installing: /home/sr/sr_ws/install/controller_manager_msgs/local/lib/python3.10/dist-packages/controller_manager_msgs-2.40.0-py3.10.egg-info/top_level.txt
[6.407s] -- Installing: /home/sr/sr_ws/install/controller_manager_msgs/local/lib/python3.10/dist-packages/controller_manager_msgs-2.40.0-py3.10.egg-info/SOURCES.txt
[6.407s] -- Installing: /home/sr/sr_ws/install/controller_manager_msgs/local/lib/python3.10/dist-packages/controller_manager_msgs-2.40.0-py3.10.egg-info/PKG-INFO
[6.408s] -- Up-to-date: /home/sr/sr_ws/install/controller_manager_msgs/local/lib/python3.10/dist-packages/controller_manager_msgs
[6.408s] -- Up-to-date: /home/sr/sr_ws/install/controller_manager_msgs/local/lib/python3.10/dist-packages/controller_manager_msgs/_controller_manager_msgs_s.ep.rosidl_typesupport_introspection_c.c
[6.409s] -- Up-to-date: /home/sr/sr_ws/install/controller_manager_msgs/local/lib/python3.10/dist-packages/controller_manager_msgs/_controller_manager_msgs_s.ep.rosidl_typesupport_c.c
[6.409s] -- Up-to-date: /home/sr/sr_ws/install/controller_manager_msgs/local/lib/python3.10/dist-packages/controller_manager_msgs/srv
[6.410s] -- Up-to-date: /home/sr/sr_ws/install/controller_manager_msgs/local/lib/python3.10/dist-packages/controller_manager_msgs/srv/_list_controller_types_s.c
[6.410s] -- Up-to-date: /home/sr/sr_ws/install/controller_manager_msgs/local/lib/python3.10/dist-packages/controller_manager_msgs/srv/_list_hardware_interfaces.py
[6.411s] -- Up-to-date: /home/sr/sr_ws/install/controller_manager_msgs/local/lib/python3.10/dist-packages/controller_manager_msgs/srv/_list_controllers.py
[6.411s] -- Up-to-date: /home/sr/sr_ws/install/controller_manager_msgs/local/lib/python3.10/dist-packages/controller_manager_msgs/srv/_list_controller_types.py
[6.412s] -- Up-to-date: /home/sr/sr_ws/install/controller_manager_msgs/local/lib/python3.10/dist-packages/controller_manager_msgs/srv/_unload_controller.py
[6.412s] -- Up-to-date: /home/sr/sr_ws/install/controller_manager_msgs/local/lib/python3.10/dist-packages/controller_manager_msgs/srv/_load_controller_s.c
[6.413s] -- Up-to-date: /home/sr/sr_ws/install/controller_manager_msgs/local/lib/python3.10/dist-packages/controller_manager_msgs/srv/_configure_controller.py
[6.413s] -- Up-to-date: /home/sr/sr_ws/install/controller_manager_msgs/local/lib/python3.10/dist-packages/controller_manager_msgs/srv/_switch_controller.py
[6.414s] -- Up-to-date: /home/sr/sr_ws/install/controller_manager_msgs/local/lib/python3.10/dist-packages/controller_manager_msgs/srv/_set_hardware_component_state.py
[6.415s] -- Up-to-date: /home/sr/sr_ws/install/controller_manager_msgs/local/lib/python3.10/dist-packages/controller_manager_msgs/srv/_reload_controller_libraries_s.c
[6.415s] -- Up-to-date: /home/sr/sr_ws/install/controller_manager_msgs/local/lib/python3.10/dist-packages/controller_manager_msgs/srv/_switch_controller_s.c
[6.416s] -- Up-to-date: /home/sr/sr_ws/install/controller_manager_msgs/local/lib/python3.10/dist-packages/controller_manager_msgs/srv/_list_hardware_components_s.c
[6.416s] -- Up-to-date: /home/sr/sr_ws/install/controller_manager_msgs/local/lib/python3.10/dist-packages/controller_manager_msgs/srv/_list_controllers_s.c
[6.416s] -- Up-to-date: /home/sr/sr_ws/install/controller_manager_msgs/local/lib/python3.10/dist-packages/controller_manager_msgs/srv/_set_hardware_component_state_s.c
[6.417s] -- Up-to-date: /home/sr/sr_ws/install/controller_manager_msgs/local/lib/python3.10/dist-packages/controller_manager_msgs/srv/_configure_controller_s.c
[6.417s] -- Up-to-date: /home/sr/sr_ws/install/controller_manager_msgs/local/lib/python3.10/dist-packages/controller_manager_msgs/srv/__init__.py
[6.418s] -- Up-to-date: /home/sr/sr_ws/install/controller_manager_msgs/local/lib/python3.10/dist-packages/controller_manager_msgs/srv/_list_hardware_interfaces_s.c
[6.418s] -- Up-to-date: /home/sr/sr_ws/install/controller_manager_msgs/local/lib/python3.10/dist-packages/controller_manager_msgs/srv/_list_hardware_components.py
[6.419s] -- Up-to-date: /home/sr/sr_ws/install/controller_manager_msgs/local/lib/python3.10/dist-packages/controller_manager_msgs/srv/_reload_controller_libraries.py
[6.419s] -- Up-to-date: /home/sr/sr_ws/install/controller_manager_msgs/local/lib/python3.10/dist-packages/controller_manager_msgs/srv/_load_controller.py
[6.420s] -- Up-to-date: /home/sr/sr_ws/install/controller_manager_msgs/local/lib/python3.10/dist-packages/controller_manager_msgs/srv/_unload_controller_s.c
[6.420s] -- Up-to-date: /home/sr/sr_ws/install/controller_manager_msgs/local/lib/python3.10/dist-packages/controller_manager_msgs/_controller_manager_msgs_s.ep.rosidl_typesupport_fastrtps_c.c
[6.421s] -- Up-to-date: /home/sr/sr_ws/install/controller_manager_msgs/local/lib/python3.10/dist-packages/controller_manager_msgs/msg
[6.421s] -- Up-to-date: /home/sr/sr_ws/install/controller_manager_msgs/local/lib/python3.10/dist-packages/controller_manager_msgs/msg/_chain_connection.py
[6.422s] -- Up-to-date: /home/sr/sr_ws/install/controller_manager_msgs/local/lib/python3.10/dist-packages/controller_manager_msgs/msg/_hardware_component_state_s.c
[6.422s] -- Up-to-date: /home/sr/sr_ws/install/controller_manager_msgs/local/lib/python3.10/dist-packages/controller_manager_msgs/msg/_hardware_interface_s.c
[6.423s] -- Up-to-date: /home/sr/sr_ws/install/controller_manager_msgs/local/lib/python3.10/dist-packages/controller_manager_msgs/msg/_controller_state_s.c
[6.423s] -- Up-to-date: /home/sr/sr_ws/install/controller_manager_msgs/local/lib/python3.10/dist-packages/controller_manager_msgs/msg/_chain_connection_s.c
[6.424s] -- Up-to-date: /home/sr/sr_ws/install/controller_manager_msgs/local/lib/python3.10/dist-packages/controller_manager_msgs/msg/_controller_state.py
[6.424s] -- Up-to-date: /home/sr/sr_ws/install/controller_manager_msgs/local/lib/python3.10/dist-packages/controller_manager_msgs/msg/__init__.py
[6.424s] -- Up-to-date: /home/sr/sr_ws/install/controller_manager_msgs/local/lib/python3.10/dist-packages/controller_manager_msgs/msg/_hardware_component_state.py
[6.425s] -- Up-to-date: /home/sr/sr_ws/install/controller_manager_msgs/local/lib/python3.10/dist-packages/controller_manager_msgs/msg/_hardware_interface.py
[6.425s] -- Up-to-date: /home/sr/sr_ws/install/controller_manager_msgs/local/lib/python3.10/dist-packages/controller_manager_msgs/libcontroller_manager_msgs__rosidl_generator_py.so
[6.426s] -- Up-to-date: /home/sr/sr_ws/install/controller_manager_msgs/local/lib/python3.10/dist-packages/controller_manager_msgs/controller_manager_msgs_s__rosidl_typesupport_fastrtps_c.cpython-310-aarch64-linux-gnu.so
[6.426s] -- Up-to-date: /home/sr/sr_ws/install/controller_manager_msgs/local/lib/python3.10/dist-packages/controller_manager_msgs/__init__.py
[6.427s] -- Up-to-date: /home/sr/sr_ws/install/controller_manager_msgs/local/lib/python3.10/dist-packages/controller_manager_msgs/controller_manager_msgs_s__rosidl_typesupport_introspection_c.cpython-310-aarch64-linux-gnu.so
[6.427s] -- Up-to-date: /home/sr/sr_ws/install/controller_manager_msgs/local/lib/python3.10/dist-packages/controller_manager_msgs/controller_manager_msgs_s__rosidl_typesupport_c.cpython-310-aarch64-linux-gnu.so
[6.586s] Listing '/home/sr/sr_ws/install/controller_manager_msgs/local/lib/python3.10/dist-packages/controller_manager_msgs'...
[6.587s] Listing '/home/sr/sr_ws/install/controller_manager_msgs/local/lib/python3.10/dist-packages/controller_manager_msgs/msg'...
[6.588s] Listing '/home/sr/sr_ws/install/controller_manager_msgs/local/lib/python3.10/dist-packages/controller_manager_msgs/srv'...
[6.611s] -- Up-to-date: /home/sr/sr_ws/install/controller_manager_msgs/local/lib/python3.10/dist-packages/controller_manager_msgs/controller_manager_msgs_s__rosidl_typesupport_fastrtps_c.cpython-310-aarch64-linux-gnu.so
[6.613s] -- Up-to-date: /home/sr/sr_ws/install/controller_manager_msgs/local/lib/python3.10/dist-packages/controller_manager_msgs/controller_manager_msgs_s__rosidl_typesupport_introspection_c.cpython-310-aarch64-linux-gnu.so
[6.616s] -- Up-to-date: /home/sr/sr_ws/install/controller_manager_msgs/local/lib/python3.10/dist-packages/controller_manager_msgs/controller_manager_msgs_s__rosidl_typesupport_c.cpython-310-aarch64-linux-gnu.so
[6.619s] -- Up-to-date: /home/sr/sr_ws/install/controller_manager_msgs/lib/libcontroller_manager_msgs__rosidl_generator_py.so
[6.621s] -- Up-to-date: /home/sr/sr_ws/install/controller_manager_msgs/share/controller_manager_msgs/msg/ControllerState.idl
[6.621s] -- Up-to-date: /home/sr/sr_ws/install/controller_manager_msgs/share/controller_manager_msgs/msg/ChainConnection.idl
[6.622s] -- Up-to-date: /home/sr/sr_ws/install/controller_manager_msgs/share/controller_manager_msgs/msg/HardwareComponentState.idl
[6.623s] -- Up-to-date: /home/sr/sr_ws/install/controller_manager_msgs/share/controller_manager_msgs/msg/HardwareInterface.idl
[6.623s] -- Up-to-date: /home/sr/sr_ws/install/controller_manager_msgs/share/controller_manager_msgs/srv/ConfigureController.idl
[6.624s] -- Up-to-date: /home/sr/sr_ws/install/controller_manager_msgs/share/controller_manager_msgs/srv/ListControllers.idl
[6.624s] -- Up-to-date: /home/sr/sr_ws/install/controller_manager_msgs/share/controller_manager_msgs/srv/ListControllerTypes.idl
[6.625s] -- Up-to-date: /home/sr/sr_ws/install/controller_manager_msgs/share/controller_manager_msgs/srv/ListHardwareComponents.idl
[6.625s] -- Up-to-date: /home/sr/sr_ws/install/controller_manager_msgs/share/controller_manager_msgs/srv/ListHardwareInterfaces.idl
[6.626s] -- Up-to-date: /home/sr/sr_ws/install/controller_manager_msgs/share/controller_manager_msgs/srv/LoadController.idl
[6.627s] -- Up-to-date: /home/sr/sr_ws/install/controller_manager_msgs/share/controller_manager_msgs/srv/ReloadControllerLibraries.idl
[6.628s] -- Up-to-date: /home/sr/sr_ws/install/controller_manager_msgs/share/controller_manager_msgs/srv/SetHardwareComponentState.idl
[6.628s] -- Up-to-date: /home/sr/sr_ws/install/controller_manager_msgs/share/controller_manager_msgs/srv/SwitchController.idl
[6.629s] -- Up-to-date: /home/sr/sr_ws/install/controller_manager_msgs/share/controller_manager_msgs/srv/UnloadController.idl
[6.629s] -- Up-to-date: /home/sr/sr_ws/install/controller_manager_msgs/share/controller_manager_msgs/msg/ControllerState.msg
[6.630s] -- Up-to-date: /home/sr/sr_ws/install/controller_manager_msgs/share/controller_manager_msgs/msg/ChainConnection.msg
[6.631s] -- Up-to-date: /home/sr/sr_ws/install/controller_manager_msgs/share/controller_manager_msgs/msg/HardwareComponentState.msg
[6.631s] -- Up-to-date: /home/sr/sr_ws/install/controller_manager_msgs/share/controller_manager_msgs/msg/HardwareInterface.msg
[6.632s] -- Up-to-date: /home/sr/sr_ws/install/controller_manager_msgs/share/controller_manager_msgs/srv/ConfigureController.srv
[6.632s] -- Up-to-date: /home/sr/sr_ws/install/controller_manager_msgs/share/controller_manager_msgs/srv/ConfigureController_Request.msg
[6.633s] -- Up-to-date: /home/sr/sr_ws/install/controller_manager_msgs/share/controller_manager_msgs/srv/ConfigureController_Response.msg
[6.634s] -- Up-to-date: /home/sr/sr_ws/install/controller_manager_msgs/share/controller_manager_msgs/srv/ListControllers.srv
[6.634s] -- Up-to-date: /home/sr/sr_ws/install/controller_manager_msgs/share/controller_manager_msgs/srv/ListControllers_Request.msg
[6.635s] -- Up-to-date: /home/sr/sr_ws/install/controller_manager_msgs/share/controller_manager_msgs/srv/ListControllers_Response.msg
[6.636s] -- Up-to-date: /home/sr/sr_ws/install/controller_manager_msgs/share/controller_manager_msgs/srv/ListControllerTypes.srv
[6.636s] -- Up-to-date: /home/sr/sr_ws/install/controller_manager_msgs/share/controller_manager_msgs/srv/ListControllerTypes_Request.msg
[6.637s] -- Up-to-date: /home/sr/sr_ws/install/controller_manager_msgs/share/controller_manager_msgs/srv/ListControllerTypes_Response.msg
[6.637s] -- Up-to-date: /home/sr/sr_ws/install/controller_manager_msgs/share/controller_manager_msgs/srv/ListHardwareComponents.srv
[6.638s] -- Up-to-date: /home/sr/sr_ws/install/controller_manager_msgs/share/controller_manager_msgs/srv/ListHardwareComponents_Request.msg
[6.639s] -- Up-to-date: /home/sr/sr_ws/install/controller_manager_msgs/share/controller_manager_msgs/srv/ListHardwareComponents_Response.msg
[6.639s] -- Up-to-date: /home/sr/sr_ws/install/controller_manager_msgs/share/controller_manager_msgs/srv/ListHardwareInterfaces.srv
[6.640s] -- Up-to-date: /home/sr/sr_ws/install/controller_manager_msgs/share/controller_manager_msgs/srv/ListHardwareInterfaces_Request.msg
[6.641s] -- Up-to-date: /home/sr/sr_ws/install/controller_manager_msgs/share/controller_manager_msgs/srv/ListHardwareInterfaces_Response.msg
[6.641s] -- Up-to-date: /home/sr/sr_ws/install/controller_manager_msgs/share/controller_manager_msgs/srv/LoadController.srv
[6.641s] -- Up-to-date: /home/sr/sr_ws/install/controller_manager_msgs/share/controller_manager_msgs/srv/LoadController_Request.msg
[6.642s] -- Up-to-date: /home/sr/sr_ws/install/controller_manager_msgs/share/controller_manager_msgs/srv/LoadController_Response.msg
[6.643s] -- Up-to-date: /home/sr/sr_ws/install/controller_manager_msgs/share/controller_manager_msgs/srv/ReloadControllerLibraries.srv
[6.643s] -- Up-to-date: /home/sr/sr_ws/install/controller_manager_msgs/share/controller_manager_msgs/srv/ReloadControllerLibraries_Request.msg
[6.644s] -- Up-to-date: /home/sr/sr_ws/install/controller_manager_msgs/share/controller_manager_msgs/srv/ReloadControllerLibraries_Response.msg
[6.644s] -- Up-to-date: /home/sr/sr_ws/install/controller_manager_msgs/share/controller_manager_msgs/srv/SetHardwareComponentState.srv
[6.645s] -- Up-to-date: /home/sr/sr_ws/install/controller_manager_msgs/share/controller_manager_msgs/srv/SetHardwareComponentState_Request.msg
[6.646s] -- Up-to-date: /home/sr/sr_ws/install/controller_manager_msgs/share/controller_manager_msgs/srv/SetHardwareComponentState_Response.msg
[6.647s] -- Up-to-date: /home/sr/sr_ws/install/controller_manager_msgs/share/controller_manager_msgs/srv/SwitchController.srv
[6.647s] -- Up-to-date: /home/sr/sr_ws/install/controller_manager_msgs/share/controller_manager_msgs/srv/SwitchController_Request.msg
[6.649s] -- Up-to-date: /home/sr/sr_ws/install/controller_manager_msgs/share/controller_manager_msgs/srv/SwitchController_Response.msg
[6.649s] -- Up-to-date: /home/sr/sr_ws/install/controller_manager_msgs/share/controller_manager_msgs/srv/UnloadController.srv
[6.650s] -- Up-to-date: /home/sr/sr_ws/install/controller_manager_msgs/share/controller_manager_msgs/srv/UnloadController_Request.msg
[6.651s] -- Up-to-date: /home/sr/sr_ws/install/controller_manager_msgs/share/controller_manager_msgs/srv/UnloadController_Response.msg
[6.651s] -- Up-to-date: /home/sr/sr_ws/install/controller_manager_msgs/share/ament_index/resource_index/package_run_dependencies/controller_manager_msgs
[6.652s] -- Up-to-date: /home/sr/sr_ws/install/controller_manager_msgs/share/ament_index/resource_index/parent_prefix_path/controller_manager_msgs
[6.652s] -- Up-to-date: /home/sr/sr_ws/install/controller_manager_msgs/share/controller_manager_msgs/environment/ament_prefix_path.sh
[6.653s] -- Up-to-date: /home/sr/sr_ws/install/controller_manager_msgs/share/controller_manager_msgs/environment/ament_prefix_path.dsv
[6.653s] -- Up-to-date: /home/sr/sr_ws/install/controller_manager_msgs/share/controller_manager_msgs/environment/path.sh
[6.654s] -- Up-to-date: /home/sr/sr_ws/install/controller_manager_msgs/share/controller_manager_msgs/environment/path.dsv
[6.655s] -- Up-to-date: /home/sr/sr_ws/install/controller_manager_msgs/share/controller_manager_msgs/local_setup.bash
[6.656s] -- Up-to-date: /home/sr/sr_ws/install/controller_manager_msgs/share/controller_manager_msgs/local_setup.sh
[6.657s] -- Up-to-date: /home/sr/sr_ws/install/controller_manager_msgs/share/controller_manager_msgs/local_setup.zsh
[6.657s] -- Up-to-date: /home/sr/sr_ws/install/controller_manager_msgs/share/controller_manager_msgs/local_setup.dsv
[6.658s] -- Installing: /home/sr/sr_ws/install/controller_manager_msgs/share/controller_manager_msgs/package.dsv
[6.658s] -- Up-to-date: /home/sr/sr_ws/install/controller_manager_msgs/share/ament_index/resource_index/packages/controller_manager_msgs
[6.659s] -- Up-to-date: /home/sr/sr_ws/install/controller_manager_msgs/share/controller_manager_msgs/cmake/export_controller_manager_msgs__rosidl_generator_cExport.cmake
[6.660s] -- Up-to-date: /home/sr/sr_ws/install/controller_manager_msgs/share/controller_manager_msgs/cmake/export_controller_manager_msgs__rosidl_generator_cExport-noconfig.cmake
[6.661s] -- Up-to-date: /home/sr/sr_ws/install/controller_manager_msgs/share/controller_manager_msgs/cmake/export_controller_manager_msgs__rosidl_typesupport_fastrtps_cExport.cmake
[6.662s] -- Up-to-date: /home/sr/sr_ws/install/controller_manager_msgs/share/controller_manager_msgs/cmake/export_controller_manager_msgs__rosidl_typesupport_fastrtps_cExport-noconfig.cmake
[6.663s] -- Up-to-date: /home/sr/sr_ws/install/controller_manager_msgs/share/controller_manager_msgs/cmake/export_controller_manager_msgs__rosidl_generator_cppExport.cmake
[6.665s] -- Up-to-date: /home/sr/sr_ws/install/controller_manager_msgs/share/controller_manager_msgs/cmake/export_controller_manager_msgs__rosidl_typesupport_fastrtps_cppExport.cmake
[6.666s] -- Up-to-date: /home/sr/sr_ws/install/controller_manager_msgs/share/controller_manager_msgs/cmake/export_controller_manager_msgs__rosidl_typesupport_fastrtps_cppExport-noconfig.cmake
[6.667s] -- Up-to-date: /home/sr/sr_ws/install/controller_manager_msgs/share/controller_manager_msgs/cmake/controller_manager_msgs__rosidl_typesupport_introspection_cExport.cmake
[6.668s] -- Up-to-date: /home/sr/sr_ws/install/controller_manager_msgs/share/controller_manager_msgs/cmake/controller_manager_msgs__rosidl_typesupport_introspection_cExport-noconfig.cmake
[6.668s] -- Up-to-date: /home/sr/sr_ws/install/controller_manager_msgs/share/controller_manager_msgs/cmake/controller_manager_msgs__rosidl_typesupport_cExport.cmake
[6.669s] -- Up-to-date: /home/sr/sr_ws/install/controller_manager_msgs/share/controller_manager_msgs/cmake/controller_manager_msgs__rosidl_typesupport_cExport-noconfig.cmake
[6.670s] -- Up-to-date: /home/sr/sr_ws/install/controller_manager_msgs/share/controller_manager_msgs/cmake/controller_manager_msgs__rosidl_typesupport_introspection_cppExport.cmake
[6.671s] -- Up-to-date: /home/sr/sr_ws/install/controller_manager_msgs/share/controller_manager_msgs/cmake/controller_manager_msgs__rosidl_typesupport_introspection_cppExport-noconfig.cmake
[6.672s] -- Up-to-date: /home/sr/sr_ws/install/controller_manager_msgs/share/controller_manager_msgs/cmake/controller_manager_msgs__rosidl_typesupport_cppExport.cmake
[6.673s] -- Up-to-date: /home/sr/sr_ws/install/controller_manager_msgs/share/controller_manager_msgs/cmake/controller_manager_msgs__rosidl_typesupport_cppExport-noconfig.cmake
[6.674s] -- Up-to-date: /home/sr/sr_ws/install/controller_manager_msgs/share/controller_manager_msgs/cmake/export_controller_manager_msgs__rosidl_generator_pyExport.cmake
[6.675s] -- Up-to-date: /home/sr/sr_ws/install/controller_manager_msgs/share/controller_manager_msgs/cmake/export_controller_manager_msgs__rosidl_generator_pyExport-noconfig.cmake
[6.676s] -- Up-to-date: /home/sr/sr_ws/install/controller_manager_msgs/share/controller_manager_msgs/cmake/rosidl_cmake-extras.cmake
[6.676s] -- Up-to-date: /home/sr/sr_ws/install/controller_manager_msgs/share/controller_manager_msgs/cmake/ament_cmake_export_dependencies-extras.cmake
[6.677s] -- Up-to-date: /home/sr/sr_ws/install/controller_manager_msgs/share/controller_manager_msgs/cmake/ament_cmake_export_include_directories-extras.cmake
[6.678s] -- Up-to-date: /home/sr/sr_ws/install/controller_manager_msgs/share/controller_manager_msgs/cmake/ament_cmake_export_libraries-extras.cmake
[6.678s] -- Up-to-date: /home/sr/sr_ws/install/controller_manager_msgs/share/controller_manager_msgs/cmake/ament_cmake_export_targets-extras.cmake
[6.679s] -- Up-to-date: /home/sr/sr_ws/install/controller_manager_msgs/share/controller_manager_msgs/cmake/rosidl_cmake_export_typesupport_targets-extras.cmake
[6.680s] -- Up-to-date: /home/sr/sr_ws/install/controller_manager_msgs/share/controller_manager_msgs/cmake/rosidl_cmake_export_typesupport_libraries-extras.cmake
[6.680s] -- Up-to-date: /home/sr/sr_ws/install/controller_manager_msgs/share/controller_manager_msgs/cmake/controller_manager_msgsConfig.cmake
[6.681s] -- Up-to-date: /home/sr/sr_ws/install/controller_manager_msgs/share/controller_manager_msgs/cmake/controller_manager_msgsConfig-version.cmake
[6.681s] -- Up-to-date: /home/sr/sr_ws/install/controller_manager_msgs/share/controller_manager_msgs/package.xml
[6.692s] Invoked command in '/home/sr/sr_ws/build/controller_manager_msgs' returned '0': CMAKE_PREFIX_PATH=/opt/ros/humble /usr/bin/cmake --install /home/sr/sr_ws/build/controller_manager_msgs
