[0.074s] Invoking command in '/home/sr/sr_ws/build/hardware_interface': AMENT_PREFIX_PATH=/home/sr/sr_ws/install/ros2_control_test_assets:${AMENT_PREFIX_PATH} CMAKE_PREFIX_PATH=/home/sr/sr_ws/install/ros2_control_test_assets:/opt/ros/humble /usr/bin/cmake --build /home/sr/sr_ws/build/hardware_interface -- -j4 -l4
[0.529s] [  5%] Built target gmock_main
[0.568s] [ 26%] Built target hardware_interface
[0.588s] [ 35%] Built target gmock
[0.845s] [ 44%] Built target fake_components
[0.873s] [ 50%] Built target test_macros
[0.881s] [ 55%] Built target mock_components
[0.912s] [ 70%] Built target test_hardware_components
[1.076s] [ 76%] Built target test_inst_hardwares
[1.104s] [ 82%] Built target test_joint_handle
[1.108s] [ 88%] Built target test_component_interfaces
[1.127s] [ 94%] Built target test_component_parser
[1.237s] [100%] Built target test_generic_system
[1.294s] Invoked command in '/home/sr/sr_ws/build/hardware_interface' returned '0': AMENT_PREFIX_PATH=/home/sr/sr_ws/install/ros2_control_test_assets:${AMENT_PREFIX_PATH} CMAKE_PREFIX_PATH=/home/sr/sr_ws/install/ros2_control_test_assets:/opt/ros/humble /usr/bin/cmake --build /home/sr/sr_ws/build/hardware_interface -- -j4 -l4
[1.779s] Invoking command in '/home/sr/sr_ws/build/hardware_interface': AMENT_PREFIX_PATH=/home/sr/sr_ws/install/ros2_control_test_assets:${AMENT_PREFIX_PATH} CMAKE_PREFIX_PATH=/home/sr/sr_ws/install/ros2_control_test_assets:/opt/ros/humble /usr/bin/cmake --install /home/sr/sr_ws/build/hardware_interface
[1.807s] -- Install configuration: ""
[1.810s] -- Up-to-date: /home/sr/sr_ws/install/hardware_interface/share/hardware_interface/mock_components_plugin_description.xml
[1.811s] -- Up-to-date: /home/sr/sr_ws/install/hardware_interface/share/hardware_interface/fake_components_plugin_description.xml
[1.811s] -- Up-to-date: /home/sr/sr_ws/install/hardware_interface/include
[1.811s] -- Up-to-date: /home/sr/sr_ws/install/hardware_interface/include/hardware_interface
[1.812s] -- Up-to-date: /home/sr/sr_ws/install/hardware_interface/include/hardware_interface/handle.hpp
[1.812s] -- Up-to-date: /home/sr/sr_ws/install/hardware_interface/include/hardware_interface/hardware_info.hpp
[1.816s] -- Up-to-date: /home/sr/sr_ws/install/hardware_interface/include/hardware_interface/visibility_control.h
[1.817s] -- Up-to-date: /home/sr/sr_ws/install/hardware_interface/include/hardware_interface/macros.hpp
[1.817s] -- Up-to-date: /home/sr/sr_ws/install/hardware_interface/include/hardware_interface/component_parser.hpp
[1.818s] -- Up-to-date: /home/sr/sr_ws/install/hardware_interface/include/hardware_interface/lexical_casts.hpp
[1.818s] -- Up-to-date: /home/sr/sr_ws/install/hardware_interface/include/hardware_interface/system.hpp
[1.819s] -- Up-to-date: /home/sr/sr_ws/install/hardware_interface/include/hardware_interface/system_interface.hpp
[1.819s] -- Up-to-date: /home/sr/sr_ws/install/hardware_interface/include/hardware_interface/types
[1.820s] -- Up-to-date: /home/sr/sr_ws/install/hardware_interface/include/hardware_interface/types/hardware_interface_return_values.hpp
[1.820s] -- Up-to-date: /home/sr/sr_ws/install/hardware_interface/include/hardware_interface/types/hardware_interface_type_values.hpp
[1.821s] -- Up-to-date: /home/sr/sr_ws/install/hardware_interface/include/hardware_interface/types/lifecycle_state_names.hpp
[1.821s] -- Up-to-date: /home/sr/sr_ws/install/hardware_interface/include/hardware_interface/loaned_command_interface.hpp
[1.822s] -- Up-to-date: /home/sr/sr_ws/install/hardware_interface/include/hardware_interface/sensor_interface.hpp
[1.823s] -- Up-to-date: /home/sr/sr_ws/install/hardware_interface/include/hardware_interface/actuator.hpp
[1.823s] -- Up-to-date: /home/sr/sr_ws/install/hardware_interface/include/hardware_interface/hardware_component_info.hpp
[1.824s] -- Up-to-date: /home/sr/sr_ws/install/hardware_interface/include/hardware_interface/loaned_state_interface.hpp
[1.824s] -- Up-to-date: /home/sr/sr_ws/install/hardware_interface/include/hardware_interface/resource_manager.hpp
[1.825s] -- Up-to-date: /home/sr/sr_ws/install/hardware_interface/include/hardware_interface/actuator_interface.hpp
[1.825s] -- Up-to-date: /home/sr/sr_ws/install/hardware_interface/include/hardware_interface/controller_info.hpp
[1.826s] -- Up-to-date: /home/sr/sr_ws/install/hardware_interface/include/hardware_interface/sensor.hpp
[1.826s] -- Up-to-date: /home/sr/sr_ws/install/hardware_interface/include/mock_components
[1.827s] -- Up-to-date: /home/sr/sr_ws/install/hardware_interface/include/mock_components/visibility_control.h
[1.827s] -- Up-to-date: /home/sr/sr_ws/install/hardware_interface/include/mock_components/generic_system.hpp
[1.828s] -- Up-to-date: /home/sr/sr_ws/install/hardware_interface/include/fake_components
[1.828s] -- Up-to-date: /home/sr/sr_ws/install/hardware_interface/include/fake_components/visibility_control.h
[1.829s] -- Up-to-date: /home/sr/sr_ws/install/hardware_interface/include/fake_components/generic_system.hpp
[1.830s] -- Up-to-date: /home/sr/sr_ws/install/hardware_interface/lib/libfake_components.so
[1.831s] -- Up-to-date: /home/sr/sr_ws/install/hardware_interface/lib/libmock_components.so
[1.832s] -- Up-to-date: /home/sr/sr_ws/install/hardware_interface/lib/libhardware_interface.so
[1.833s] -- Up-to-date: /home/sr/sr_ws/install/hardware_interface/lib/libtest_hardware_components.so
[1.834s] -- Up-to-date: /home/sr/sr_ws/install/hardware_interface/share/hardware_interface/test/test_hardware_components/test_hardware_components.xml
[1.835s] -- Up-to-date: /home/sr/sr_ws/install/hardware_interface/share/hardware_interface/environment/library_path.sh
[1.836s] -- Up-to-date: /home/sr/sr_ws/install/hardware_interface/share/hardware_interface/environment/library_path.dsv
[1.836s] -- Up-to-date: /home/sr/sr_ws/install/hardware_interface/share/ament_index/resource_index/package_run_dependencies/hardware_interface
[1.837s] -- Up-to-date: /home/sr/sr_ws/install/hardware_interface/share/ament_index/resource_index/parent_prefix_path/hardware_interface
[1.837s] -- Up-to-date: /home/sr/sr_ws/install/hardware_interface/share/hardware_interface/environment/ament_prefix_path.sh
[1.839s] -- Up-to-date: /home/sr/sr_ws/install/hardware_interface/share/hardware_interface/environment/ament_prefix_path.dsv
[1.839s] -- Up-to-date: /home/sr/sr_ws/install/hardware_interface/share/hardware_interface/environment/path.sh
[1.840s] -- Up-to-date: /home/sr/sr_ws/install/hardware_interface/share/hardware_interface/environment/path.dsv
[1.841s] -- Up-to-date: /home/sr/sr_ws/install/hardware_interface/share/hardware_interface/local_setup.bash
[1.841s] -- Up-to-date: /home/sr/sr_ws/install/hardware_interface/share/hardware_interface/local_setup.sh
[1.842s] -- Up-to-date: /home/sr/sr_ws/install/hardware_interface/share/hardware_interface/local_setup.zsh
[1.842s] -- Up-to-date: /home/sr/sr_ws/install/hardware_interface/share/hardware_interface/local_setup.dsv
[1.843s] -- Installing: /home/sr/sr_ws/install/hardware_interface/share/hardware_interface/package.dsv
[1.844s] -- Up-to-date: /home/sr/sr_ws/install/hardware_interface/share/ament_index/resource_index/packages/hardware_interface
[1.845s] -- Up-to-date: /home/sr/sr_ws/install/hardware_interface/share/ament_index/resource_index/hardware_interface__pluginlib__plugin/hardware_interface
[1.845s] -- Up-to-date: /home/sr/sr_ws/install/hardware_interface/share/hardware_interface/cmake/ament_cmake_export_include_directories-extras.cmake
[1.846s] -- Up-to-date: /home/sr/sr_ws/install/hardware_interface/share/hardware_interface/cmake/ament_cmake_export_libraries-extras.cmake
[1.859s] -- Up-to-date: /home/sr/sr_ws/install/hardware_interface/share/hardware_interface/cmake/ament_cmake_export_dependencies-extras.cmake
[1.859s] -- Up-to-date: /home/sr/sr_ws/install/hardware_interface/share/hardware_interface/cmake/hardware_interfaceConfig.cmake
[1.861s] -- Up-to-date: /home/sr/sr_ws/install/hardware_interface/share/hardware_interface/cmake/hardware_interfaceConfig-version.cmake
[1.862s] -- Up-to-date: /home/sr/sr_ws/install/hardware_interface/share/hardware_interface/package.xml
[1.863s] Invoked command in '/home/sr/sr_ws/build/hardware_interface' returned '0': AMENT_PREFIX_PATH=/home/sr/sr_ws/install/ros2_control_test_assets:${AMENT_PREFIX_PATH} CMAKE_PREFIX_PATH=/home/sr/sr_ws/install/ros2_control_test_assets:/opt/ros/humble /usr/bin/cmake --install /home/sr/sr_ws/build/hardware_interface
