[0.100s] Invoking command in '/home/sr/sr_ws/build/controller_interface': AMENT_PREFIX_PATH=/home/sr/sr_ws/install/hardware_interface:${AMENT_PREFIX_PATH} CMAKE_PREFIX_PATH=/home/sr/sr_ws/install/hardware_interface:/opt/ros/humble LD_LIBRARY_PATH=/home/sr/sr_ws/install/hardware_interface/lib:${LD_LIBRARY_PATH} /usr/bin/cmake --build /home/sr/sr_ws/build/controller_interface -- -j4 -l4
[0.394s] [35m[1mConsolidate compiler generated dependencies of target gmock_main[0m
[0.433s] [35m[1mConsolidate compiler generated dependencies of target controller_interface[0m
[0.493s] [35m[1mConsolidate compiler generated dependencies of target gmock[0m
[0.599s] [  9%] Built target gmock_main
[0.685s] [ 23%] Built target gmock
[0.840s] [35m[1mConsolidate compiler generated dependencies of target test_semantic_component_interface[0m
[0.892s] [35m[1mConsolidate compiler generated dependencies of target test_force_torque_sensor[0m
[0.936s] [ 42%] Built target controller_interface
[1.018s] [35m[1mConsolidate compiler generated dependencies of target test_imu_sensor[0m
[1.169s] [ 52%] Built target test_semantic_component_interface
[1.195s] [35m[1mConsolidate compiler generated dependencies of target test_controller_interface[0m
[1.230s] [ 61%] Built target test_force_torque_sensor
[1.315s] [35m[1mConsolidate compiler generated dependencies of target test_controller_with_options[0m
[1.368s] [ 71%] Built target test_imu_sensor
[1.481s] [35m[1mConsolidate compiler generated dependencies of target test_chainable_controller_interface[0m
[1.538s] [ 80%] Built target test_controller_with_options
[1.616s] [ 90%] Built target test_controller_interface
[1.749s] [100%] Built target test_chainable_controller_interface
[1.824s] Invoked command in '/home/sr/sr_ws/build/controller_interface' returned '0': AMENT_PREFIX_PATH=/home/sr/sr_ws/install/hardware_interface:${AMENT_PREFIX_PATH} CMAKE_PREFIX_PATH=/home/sr/sr_ws/install/hardware_interface:/opt/ros/humble LD_LIBRARY_PATH=/home/sr/sr_ws/install/hardware_interface/lib:${LD_LIBRARY_PATH} /usr/bin/cmake --build /home/sr/sr_ws/build/controller_interface -- -j4 -l4
[2.388s] Invoking command in '/home/sr/sr_ws/build/controller_interface': AMENT_PREFIX_PATH=/home/sr/sr_ws/install/hardware_interface:${AMENT_PREFIX_PATH} CMAKE_PREFIX_PATH=/home/sr/sr_ws/install/hardware_interface:/opt/ros/humble LD_LIBRARY_PATH=/home/sr/sr_ws/install/hardware_interface/lib:${LD_LIBRARY_PATH} /usr/bin/cmake --install /home/sr/sr_ws/build/controller_interface
[2.440s] -- Install configuration: ""
[2.441s] -- Up-to-date: /home/sr/sr_ws/install/controller_interface/include
[2.441s] -- Up-to-date: /home/sr/sr_ws/install/controller_interface/include/semantic_components
[2.444s] -- Up-to-date: /home/sr/sr_ws/install/controller_interface/include/semantic_components/range_sensor.hpp
[2.444s] -- Up-to-date: /home/sr/sr_ws/install/controller_interface/include/semantic_components/force_torque_sensor.hpp
[2.445s] -- Up-to-date: /home/sr/sr_ws/install/controller_interface/include/semantic_components/semantic_component_interface.hpp
[2.447s] -- Up-to-date: /home/sr/sr_ws/install/controller_interface/include/semantic_components/imu_sensor.hpp
[2.448s] -- Up-to-date: /home/sr/sr_ws/install/controller_interface/include/controller_interface
[2.448s] -- Up-to-date: /home/sr/sr_ws/install/controller_interface/include/controller_interface/visibility_control.h
[2.449s] -- Up-to-date: /home/sr/sr_ws/install/controller_interface/include/controller_interface/controller_interface.hpp
[2.449s] -- Up-to-date: /home/sr/sr_ws/install/controller_interface/include/controller_interface/chainable_controller_interface.hpp
[2.458s] -- Up-to-date: /home/sr/sr_ws/install/controller_interface/include/controller_interface/helpers.hpp
[2.458s] -- Up-to-date: /home/sr/sr_ws/install/controller_interface/include/controller_interface/controller_interface_base.hpp
[2.461s] -- Up-to-date: /home/sr/sr_ws/install/controller_interface/lib/libcontroller_interface.so
[2.462s] -- Up-to-date: /home/sr/sr_ws/install/controller_interface/share/controller_interface/environment/library_path.sh
[2.465s] -- Up-to-date: /home/sr/sr_ws/install/controller_interface/share/controller_interface/environment/library_path.dsv
[2.473s] -- Up-to-date: /home/sr/sr_ws/install/controller_interface/share/ament_index/resource_index/package_run_dependencies/controller_interface
[2.475s] -- Up-to-date: /home/sr/sr_ws/install/controller_interface/share/ament_index/resource_index/parent_prefix_path/controller_interface
[2.475s] -- Up-to-date: /home/sr/sr_ws/install/controller_interface/share/controller_interface/environment/ament_prefix_path.sh
[2.476s] -- Up-to-date: /home/sr/sr_ws/install/controller_interface/share/controller_interface/environment/ament_prefix_path.dsv
[2.476s] -- Up-to-date: /home/sr/sr_ws/install/controller_interface/share/controller_interface/environment/path.sh
[2.477s] -- Up-to-date: /home/sr/sr_ws/install/controller_interface/share/controller_interface/environment/path.dsv
[2.477s] -- Up-to-date: /home/sr/sr_ws/install/controller_interface/share/controller_interface/local_setup.bash
[2.478s] -- Up-to-date: /home/sr/sr_ws/install/controller_interface/share/controller_interface/local_setup.sh
[2.478s] -- Up-to-date: /home/sr/sr_ws/install/controller_interface/share/controller_interface/local_setup.zsh
[2.479s] -- Up-to-date: /home/sr/sr_ws/install/controller_interface/share/controller_interface/local_setup.dsv
[2.480s] -- Installing: /home/sr/sr_ws/install/controller_interface/share/controller_interface/package.dsv
[2.483s] -- Up-to-date: /home/sr/sr_ws/install/controller_interface/share/ament_index/resource_index/packages/controller_interface
[2.485s] -- Up-to-date: /home/sr/sr_ws/install/controller_interface/share/controller_interface/cmake/ament_cmake_export_dependencies-extras.cmake
[2.485s] -- Up-to-date: /home/sr/sr_ws/install/controller_interface/share/controller_interface/cmake/ament_cmake_export_include_directories-extras.cmake
[2.486s] -- Up-to-date: /home/sr/sr_ws/install/controller_interface/share/controller_interface/cmake/ament_cmake_export_libraries-extras.cmake
[2.487s] -- Up-to-date: /home/sr/sr_ws/install/controller_interface/share/controller_interface/cmake/controller_interfaceConfig.cmake
[2.487s] -- Up-to-date: /home/sr/sr_ws/install/controller_interface/share/controller_interface/cmake/controller_interfaceConfig-version.cmake
[2.488s] -- Up-to-date: /home/sr/sr_ws/install/controller_interface/share/controller_interface/package.xml
[2.535s] Invoked command in '/home/sr/sr_ws/build/controller_interface' returned '0': AMENT_PREFIX_PATH=/home/sr/sr_ws/install/hardware_interface:${AMENT_PREFIX_PATH} CMAKE_PREFIX_PATH=/home/sr/sr_ws/install/hardware_interface:/opt/ros/humble LD_LIBRARY_PATH=/home/sr/sr_ws/install/hardware_interface/lib:${LD_LIBRARY_PATH} /usr/bin/cmake --install /home/sr/sr_ws/build/controller_interface
