[0.111s] Invoking command in '/home/sr/sr_ws/build/transmission_interface': AMENT_PREFIX_PATH=/home/sr/sr_ws/install/hardware_interface:${AMENT_PREFIX_PATH} CMAKE_PREFIX_PATH=/home/sr/sr_ws/install/hardware_interface:/opt/ros/humble LD_LIBRARY_PATH=/home/sr/sr_ws/install/hardware_interface/lib:${LD_LIBRARY_PATH} /usr/bin/cmake --build /home/sr/sr_ws/build/transmission_interface -- -j4 -l4
[0.605s] [  8%] Built target gmock_main
[0.711s] [ 26%] Built target transmission_interface
[0.745s] [ 39%] Built target gmock
[1.012s] [ 47%] Built target test_simple_transmission
[1.053s] [ 56%] Built target test_four_bar_linkage_transmission
[1.124s] [ 65%] Built target test_differential_transmission
[1.170s] [ 73%] Built target test_simple_transmission_loader
[1.289s] [ 82%] Built target test_four_bar_linkage_transmission_loader
[1.308s] [ 91%] Built target test_differential_transmission_loader
[1.345s] [100%] Built target test_utils
[1.399s] Invoked command in '/home/sr/sr_ws/build/transmission_interface' returned '0': AMENT_PREFIX_PATH=/home/sr/sr_ws/install/hardware_interface:${AMENT_PREFIX_PATH} CMAKE_PREFIX_PATH=/home/sr/sr_ws/install/hardware_interface:/opt/ros/humble LD_LIBRARY_PATH=/home/sr/sr_ws/install/hardware_interface/lib:${LD_LIBRARY_PATH} /usr/bin/cmake --build /home/sr/sr_ws/build/transmission_interface -- -j4 -l4
[1.766s] Invoking command in '/home/sr/sr_ws/build/transmission_interface': AMENT_PREFIX_PATH=/home/sr/sr_ws/install/hardware_interface:${AMENT_PREFIX_PATH} CMAKE_PREFIX_PATH=/home/sr/sr_ws/install/hardware_interface:/opt/ros/humble LD_LIBRARY_PATH=/home/sr/sr_ws/install/hardware_interface/lib:${LD_LIBRARY_PATH} /usr/bin/cmake --install /home/sr/sr_ws/build/transmission_interface
[1.818s] -- Install configuration: ""
[1.820s] -- Up-to-date: /home/sr/sr_ws/install/transmission_interface/include
[1.859s] -- Up-to-date: /home/sr/sr_ws/install/transmission_interface/include/transmission_interface
[1.900s] -- Up-to-date: /home/sr/sr_ws/install/transmission_interface/include/transmission_interface/handle.hpp
[1.901s] -- Up-to-date: /home/sr/sr_ws/install/transmission_interface/include/transmission_interface/transmission.hpp
[1.904s] -- Up-to-date: /home/sr/sr_ws/install/transmission_interface/include/transmission_interface/transmission_interface_exception.hpp
[1.907s] -- Up-to-date: /home/sr/sr_ws/install/transmission_interface/include/transmission_interface/differential_transmission_loader.hpp
[1.908s] -- Up-to-date: /home/sr/sr_ws/install/transmission_interface/include/transmission_interface/four_bar_linkage_transmission.hpp
[1.908s] -- Up-to-date: /home/sr/sr_ws/install/transmission_interface/include/transmission_interface/differential_transmission.hpp
[1.909s] -- Up-to-date: /home/sr/sr_ws/install/transmission_interface/include/transmission_interface/visibility_control.h
[1.909s] -- Up-to-date: /home/sr/sr_ws/install/transmission_interface/include/transmission_interface/simple_transmission_loader.hpp
[1.910s] -- Up-to-date: /home/sr/sr_ws/install/transmission_interface/include/transmission_interface/exception.hpp
[1.910s] -- Up-to-date: /home/sr/sr_ws/install/transmission_interface/include/transmission_interface/transmission_loader.hpp
[1.911s] -- Up-to-date: /home/sr/sr_ws/install/transmission_interface/include/transmission_interface/four_bar_linkage_transmission_loader.hpp
[1.911s] -- Up-to-date: /home/sr/sr_ws/install/transmission_interface/include/transmission_interface/accessor.hpp
[1.911s] -- Up-to-date: /home/sr/sr_ws/install/transmission_interface/include/transmission_interface/simple_transmission.hpp
[1.912s] -- Up-to-date: /home/sr/sr_ws/install/transmission_interface/share/transmission_interface/ros2_control_plugins.xml
[2.023s] -- Up-to-date: /home/sr/sr_ws/install/transmission_interface/lib/libtransmission_interface.so
[2.024s] -- Up-to-date: /home/sr/sr_ws/install/transmission_interface/share/transmission_interface/environment/library_path.sh
[2.024s] -- Up-to-date: /home/sr/sr_ws/install/transmission_interface/share/transmission_interface/environment/library_path.dsv
[2.100s] -- Up-to-date: /home/sr/sr_ws/install/transmission_interface/share/ament_index/resource_index/package_run_dependencies/transmission_interface
[2.150s] -- Up-to-date: /home/sr/sr_ws/install/transmission_interface/share/ament_index/resource_index/parent_prefix_path/transmission_interface
[2.154s] -- Up-to-date: /home/sr/sr_ws/install/transmission_interface/share/transmission_interface/environment/ament_prefix_path.sh
[2.155s] -- Up-to-date: /home/sr/sr_ws/install/transmission_interface/share/transmission_interface/environment/ament_prefix_path.dsv
[2.156s] -- Up-to-date: /home/sr/sr_ws/install/transmission_interface/share/transmission_interface/environment/path.sh
[2.157s] -- Up-to-date: /home/sr/sr_ws/install/transmission_interface/share/transmission_interface/environment/path.dsv
[2.158s] -- Up-to-date: /home/sr/sr_ws/install/transmission_interface/share/transmission_interface/local_setup.bash
[2.159s] -- Up-to-date: /home/sr/sr_ws/install/transmission_interface/share/transmission_interface/local_setup.sh
[2.164s] -- Up-to-date: /home/sr/sr_ws/install/transmission_interface/share/transmission_interface/local_setup.zsh
[2.165s] -- Up-to-date: /home/sr/sr_ws/install/transmission_interface/share/transmission_interface/local_setup.dsv
[2.165s] -- Installing: /home/sr/sr_ws/install/transmission_interface/share/transmission_interface/package.dsv
[2.232s] -- Up-to-date: /home/sr/sr_ws/install/transmission_interface/share/ament_index/resource_index/packages/transmission_interface
[2.279s] -- Up-to-date: /home/sr/sr_ws/install/transmission_interface/share/ament_index/resource_index/transmission_interface__pluginlib__plugin/transmission_interface
[2.294s] -- Up-to-date: /home/sr/sr_ws/install/transmission_interface/share/transmission_interface/cmake/ament_cmake_export_include_directories-extras.cmake
[2.297s] -- Up-to-date: /home/sr/sr_ws/install/transmission_interface/share/transmission_interface/cmake/ament_cmake_export_dependencies-extras.cmake
[2.300s] -- Up-to-date: /home/sr/sr_ws/install/transmission_interface/share/transmission_interface/cmake/ament_cmake_export_libraries-extras.cmake
[2.302s] -- Up-to-date: /home/sr/sr_ws/install/transmission_interface/share/transmission_interface/cmake/transmission_interfaceConfig.cmake
[2.304s] -- Up-to-date: /home/sr/sr_ws/install/transmission_interface/share/transmission_interface/cmake/transmission_interfaceConfig-version.cmake
[2.306s] -- Up-to-date: /home/sr/sr_ws/install/transmission_interface/share/transmission_interface/package.xml
[2.423s] Invoked command in '/home/sr/sr_ws/build/transmission_interface' returned '0': AMENT_PREFIX_PATH=/home/sr/sr_ws/install/hardware_interface:${AMENT_PREFIX_PATH} CMAKE_PREFIX_PATH=/home/sr/sr_ws/install/hardware_interface:/opt/ros/humble LD_LIBRARY_PATH=/home/sr/sr_ws/install/hardware_interface/lib:${LD_LIBRARY_PATH} /usr/bin/cmake --install /home/sr/sr_ws/build/transmission_interface
