[0.559s] DEBUG:colcon:Command line arguments: ['/usr/bin/colcon', 'build']
[0.560s] DEBUG:colcon:Parsed command line arguments: Namespace(log_base=None, log_level=None, verb_name='build', build_base='build', install_base='install', merge_install=False, symlink_install=False, test_result_base=None, continue_on_error=False, executor='parallel', parallel_workers=4, event_handlers=None, ignore_user_meta=False, metas=['./colcon.meta'], base_paths=['.'], packages_ignore=None, packages_ignore_regex=None, paths=None, packages_up_to=None, packages_up_to_regex=None, packages_above=None, packages_above_and_dependencies=None, packages_above_depth=None, packages_select_by_dep=None, packages_skip_by_dep=None, packages_skip_up_to=None, packages_select_build_failed=False, packages_skip_build_finished=False, packages_select_test_failures=False, packages_skip_test_passed=False, packages_select=None, packages_skip=None, packages_select_regex=None, packages_skip_regex=None, packages_start=None, packages_end=None, allow_overriding=[], cmake_args=None, cmake_target=None, cmake_target_skip_unavailable=False, cmake_clean_cache=False, cmake_clean_first=False, cmake_force_configure=False, ament_cmake_args=None, catkin_cmake_args=None, catkin_skip_building_tests=False, mixin_files=None, mixin=None, verb_parser=<colcon_mixin.mixin.mixin_argument.MixinArgumentDecorator object at 0xffffa7f7e050>, verb_extension=<colcon_core.verb.build.BuildVerb object at 0xffffa808e650>, main=<bound method BuildVerb.main of <colcon_core.verb.build.BuildVerb object at 0xffffa808e650>>, mixin_verb=('build',))
[1.838s] Level 1:colcon.colcon_core.package_discovery:discover_packages(colcon_meta) check parameters
[1.838s] Level 1:colcon.colcon_core.package_discovery:discover_packages(recursive) check parameters
[1.839s] Level 1:colcon.colcon_core.package_discovery:discover_packages(ignore) check parameters
[1.839s] Level 1:colcon.colcon_core.package_discovery:discover_packages(path) check parameters
[1.839s] Level 1:colcon.colcon_core.package_discovery:discover_packages(colcon_meta) discover
[1.839s] Level 1:colcon.colcon_core.package_discovery:discover_packages(recursive) discover
[1.840s] INFO:colcon.colcon_core.package_discovery:Crawling recursively for packages in '/home/sr/sr_ws'
[1.840s] Level 1:colcon.colcon_core.package_identification:_identify(.) by extensions ['ignore', 'ignore_ament_install']
[1.841s] Level 1:colcon.colcon_core.package_identification:_identify(.) by extension 'ignore'
[1.841s] Level 1:colcon.colcon_core.package_identification:_identify(.) by extension 'ignore_ament_install'
[1.841s] Level 1:colcon.colcon_core.package_identification:_identify(.) by extensions ['colcon_pkg']
[1.841s] Level 1:colcon.colcon_core.package_identification:_identify(.) by extension 'colcon_pkg'
[1.842s] Level 1:colcon.colcon_core.package_identification:_identify(.) by extensions ['colcon_meta']
[1.842s] Level 1:colcon.colcon_core.package_identification:_identify(.) by extension 'colcon_meta'
[1.842s] Level 1:colcon.colcon_core.package_identification:_identify(.) by extensions ['ros']
[1.842s] Level 1:colcon.colcon_core.package_identification:_identify(.) by extension 'ros'
[1.911s] Level 1:colcon.colcon_core.package_identification:_identify(.) by extensions ['cmake', 'python']
[1.911s] Level 1:colcon.colcon_core.package_identification:_identify(.) by extension 'cmake'
[1.912s] Level 1:colcon.colcon_core.package_identification:_identify(.) by extension 'python'
[1.912s] Level 1:colcon.colcon_core.package_identification:_identify(.) by extensions ['python_setup_py']
[1.912s] Level 1:colcon.colcon_core.package_identification:_identify(.) by extension 'python_setup_py'
[1.913s] Level 1:colcon.colcon_core.package_identification:_identify(build) by extensions ['ignore', 'ignore_ament_install']
[1.914s] Level 1:colcon.colcon_core.package_identification:_identify(build) by extension 'ignore'
[1.914s] Level 1:colcon.colcon_core.package_identification:_identify(build) ignored
[1.916s] Level 1:colcon.colcon_core.package_identification:_identify(install) by extensions ['ignore', 'ignore_ament_install']
[1.916s] Level 1:colcon.colcon_core.package_identification:_identify(install) by extension 'ignore'
[1.917s] Level 1:colcon.colcon_core.package_identification:_identify(install) ignored
[1.917s] Level 1:colcon.colcon_core.package_identification:_identify(log) by extensions ['ignore', 'ignore_ament_install']
[1.918s] Level 1:colcon.colcon_core.package_identification:_identify(log) by extension 'ignore'
[1.918s] Level 1:colcon.colcon_core.package_identification:_identify(log) ignored
[1.919s] Level 1:colcon.colcon_core.package_identification:_identify(src) by extensions ['ignore', 'ignore_ament_install']
[1.919s] Level 1:colcon.colcon_core.package_identification:_identify(src) by extension 'ignore'
[1.919s] Level 1:colcon.colcon_core.package_identification:_identify(src) by extension 'ignore_ament_install'
[1.920s] Level 1:colcon.colcon_core.package_identification:_identify(src) by extensions ['colcon_pkg']
[1.920s] Level 1:colcon.colcon_core.package_identification:_identify(src) by extension 'colcon_pkg'
[1.920s] Level 1:colcon.colcon_core.package_identification:_identify(src) by extensions ['colcon_meta']
[1.920s] Level 1:colcon.colcon_core.package_identification:_identify(src) by extension 'colcon_meta'
[1.920s] Level 1:colcon.colcon_core.package_identification:_identify(src) by extensions ['ros']
[1.920s] Level 1:colcon.colcon_core.package_identification:_identify(src) by extension 'ros'
[1.921s] Level 1:colcon.colcon_core.package_identification:_identify(src) by extensions ['cmake', 'python']
[1.921s] Level 1:colcon.colcon_core.package_identification:_identify(src) by extension 'cmake'
[1.921s] Level 1:colcon.colcon_core.package_identification:_identify(src) by extension 'python'
[1.921s] Level 1:colcon.colcon_core.package_identification:_identify(src) by extensions ['python_setup_py']
[1.922s] Level 1:colcon.colcon_core.package_identification:_identify(src) by extension 'python_setup_py'
[1.922s] Level 1:colcon.colcon_core.package_identification:_identify(src/control_robot) by extensions ['ignore', 'ignore_ament_install']
[1.923s] Level 1:colcon.colcon_core.package_identification:_identify(src/control_robot) by extension 'ignore'
[1.923s] Level 1:colcon.colcon_core.package_identification:_identify(src/control_robot) by extension 'ignore_ament_install'
[1.923s] Level 1:colcon.colcon_core.package_identification:_identify(src/control_robot) by extensions ['colcon_pkg']
[1.923s] Level 1:colcon.colcon_core.package_identification:_identify(src/control_robot) by extension 'colcon_pkg'
[1.924s] Level 1:colcon.colcon_core.package_identification:_identify(src/control_robot) by extensions ['colcon_meta']
[1.924s] Level 1:colcon.colcon_core.package_identification:_identify(src/control_robot) by extension 'colcon_meta'
[1.924s] Level 1:colcon.colcon_core.package_identification:_identify(src/control_robot) by extensions ['ros']
[1.924s] Level 1:colcon.colcon_core.package_identification:_identify(src/control_robot) by extension 'ros'
[1.936s] DEBUG:colcon.colcon_core.package_identification:Package 'src/control_robot' with type 'ros.ament_cmake' and name 'control_robot'
[1.937s] Level 1:colcon.colcon_core.package_identification:_identify(src/sf_robot_description) by extensions ['ignore', 'ignore_ament_install']
[1.938s] Level 1:colcon.colcon_core.package_identification:_identify(src/sf_robot_description) by extension 'ignore'
[1.938s] Level 1:colcon.colcon_core.package_identification:_identify(src/sf_robot_description) by extension 'ignore_ament_install'
[1.938s] Level 1:colcon.colcon_core.package_identification:_identify(src/sf_robot_description) by extensions ['colcon_pkg']
[1.939s] Level 1:colcon.colcon_core.package_identification:_identify(src/sf_robot_description) by extension 'colcon_pkg'
[1.939s] Level 1:colcon.colcon_core.package_identification:_identify(src/sf_robot_description) by extensions ['colcon_meta']
[1.939s] Level 1:colcon.colcon_core.package_identification:_identify(src/sf_robot_description) by extension 'colcon_meta'
[1.939s] Level 1:colcon.colcon_core.package_identification:_identify(src/sf_robot_description) by extensions ['ros']
[1.939s] Level 1:colcon.colcon_core.package_identification:_identify(src/sf_robot_description) by extension 'ros'
[1.942s] DEBUG:colcon.colcon_core.package_identification:Package 'src/sf_robot_description' with type 'ros.ament_cmake' and name 'sf_robot_description'
[1.942s] Level 1:colcon.colcon_core.package_discovery:discover_packages(recursive) using defaults
[1.943s] Level 1:colcon.colcon_core.package_discovery:discover_packages(ignore) discover
[1.943s] Level 1:colcon.colcon_core.package_discovery:discover_packages(ignore) using defaults
[1.943s] Level 1:colcon.colcon_core.package_discovery:discover_packages(path) discover
[1.943s] Level 1:colcon.colcon_core.package_discovery:discover_packages(path) using defaults
[2.098s] Level 1:colcon.colcon_core.package_discovery:discover_packages(prefix_path) check parameters
[2.098s] Level 1:colcon.colcon_core.package_discovery:discover_packages(prefix_path) discover
[2.120s] DEBUG:colcon.colcon_installed_package_information.package_discovery:Found 323 installed packages in /opt/ros/humble
[2.129s] Level 1:colcon.colcon_core.package_discovery:discover_packages(prefix_path) using defaults
[2.353s] Level 5:colcon.colcon_core.verb:set package 'control_robot' build argument 'cmake_args' from command line to 'None'
[2.353s] Level 5:colcon.colcon_core.verb:set package 'control_robot' build argument 'cmake_target' from command line to 'None'
[2.354s] Level 5:colcon.colcon_core.verb:set package 'control_robot' build argument 'cmake_target_skip_unavailable' from command line to 'False'
[2.354s] Level 5:colcon.colcon_core.verb:set package 'control_robot' build argument 'cmake_clean_cache' from command line to 'False'
[2.354s] Level 5:colcon.colcon_core.verb:set package 'control_robot' build argument 'cmake_clean_first' from command line to 'False'
[2.354s] Level 5:colcon.colcon_core.verb:set package 'control_robot' build argument 'cmake_force_configure' from command line to 'False'
[2.354s] Level 5:colcon.colcon_core.verb:set package 'control_robot' build argument 'ament_cmake_args' from command line to 'None'
[2.354s] Level 5:colcon.colcon_core.verb:set package 'control_robot' build argument 'catkin_cmake_args' from command line to 'None'
[2.354s] Level 5:colcon.colcon_core.verb:set package 'control_robot' build argument 'catkin_skip_building_tests' from command line to 'False'
[2.354s] DEBUG:colcon.colcon_core.verb:Building package 'control_robot' with the following arguments: {'ament_cmake_args': None, 'build_base': '/home/sr/sr_ws/build/control_robot', 'catkin_cmake_args': None, 'catkin_skip_building_tests': False, 'cmake_args': None, 'cmake_clean_cache': False, 'cmake_clean_first': False, 'cmake_force_configure': False, 'cmake_target': None, 'cmake_target_skip_unavailable': False, 'install_base': '/home/sr/sr_ws/install/control_robot', 'merge_install': False, 'path': '/home/sr/sr_ws/src/control_robot', 'symlink_install': False, 'test_result_base': None}
[2.356s] Level 5:colcon.colcon_core.verb:set package 'sf_robot_description' build argument 'cmake_args' from command line to 'None'
[2.357s] Level 5:colcon.colcon_core.verb:set package 'sf_robot_description' build argument 'cmake_target' from command line to 'None'
[2.357s] Level 5:colcon.colcon_core.verb:set package 'sf_robot_description' build argument 'cmake_target_skip_unavailable' from command line to 'False'
[2.357s] Level 5:colcon.colcon_core.verb:set package 'sf_robot_description' build argument 'cmake_clean_cache' from command line to 'False'
[2.357s] Level 5:colcon.colcon_core.verb:set package 'sf_robot_description' build argument 'cmake_clean_first' from command line to 'False'
[2.357s] Level 5:colcon.colcon_core.verb:set package 'sf_robot_description' build argument 'cmake_force_configure' from command line to 'False'
[2.357s] Level 5:colcon.colcon_core.verb:set package 'sf_robot_description' build argument 'ament_cmake_args' from command line to 'None'
[2.357s] Level 5:colcon.colcon_core.verb:set package 'sf_robot_description' build argument 'catkin_cmake_args' from command line to 'None'
[2.357s] Level 5:colcon.colcon_core.verb:set package 'sf_robot_description' build argument 'catkin_skip_building_tests' from command line to 'False'
[2.358s] DEBUG:colcon.colcon_core.verb:Building package 'sf_robot_description' with the following arguments: {'ament_cmake_args': None, 'build_base': '/home/sr/sr_ws/build/sf_robot_description', 'catkin_cmake_args': None, 'catkin_skip_building_tests': False, 'cmake_args': None, 'cmake_clean_cache': False, 'cmake_clean_first': False, 'cmake_force_configure': False, 'cmake_target': None, 'cmake_target_skip_unavailable': False, 'install_base': '/home/sr/sr_ws/install/sf_robot_description', 'merge_install': False, 'path': '/home/sr/sr_ws/src/sf_robot_description', 'symlink_install': False, 'test_result_base': None}
[2.358s] INFO:colcon.colcon_core.executor:Executing jobs using 'parallel' executor
[2.362s] DEBUG:colcon.colcon_parallel_executor.executor.parallel:run_until_complete
[2.363s] INFO:colcon.colcon_ros.task.ament_cmake.build:Building ROS package in '/home/sr/sr_ws/src/control_robot' with build type 'ament_cmake'
[2.364s] INFO:colcon.colcon_cmake.task.cmake.build:Building CMake package in '/home/sr/sr_ws/src/control_robot'
[2.380s] INFO:colcon.colcon_core.plugin_system:Skipping extension 'colcon_core.shell.bat': Not used on non-Windows systems
[2.381s] INFO:colcon.colcon_core.shell:Skip shell extension 'powershell' for command environment: Not usable outside of PowerShell
[2.381s] DEBUG:colcon.colcon_core.shell:Skip shell extension 'dsv' for command environment
[2.404s] INFO:colcon.colcon_ros.task.ament_cmake.build:Building ROS package in '/home/sr/sr_ws/src/sf_robot_description' with build type 'ament_cmake'
[2.404s] INFO:colcon.colcon_cmake.task.cmake.build:Building CMake package in '/home/sr/sr_ws/src/sf_robot_description'
[2.406s] INFO:colcon.colcon_core.shell:Skip shell extension 'powershell' for command environment: Not usable outside of PowerShell
[2.406s] DEBUG:colcon.colcon_core.shell:Skip shell extension 'dsv' for command environment
[2.453s] DEBUG:colcon.colcon_core.event_handler.log_command:Invoking command in '/home/sr/sr_ws/build/control_robot': CMAKE_PREFIX_PATH=/opt/ros/humble /usr/bin/cmake --build /home/sr/sr_ws/build/control_robot -- -j4 -l4
[2.480s] DEBUG:colcon.colcon_core.event_handler.log_command:Invoking command in '/home/sr/sr_ws/build/sf_robot_description': CMAKE_PREFIX_PATH=/opt/ros/humble /usr/bin/cmake --build /home/sr/sr_ws/build/sf_robot_description -- -j4 -l4
[2.618s] DEBUG:colcon.colcon_core.event_handler.log_command:Invoked command in '/home/sr/sr_ws/build/control_robot' returned '0': CMAKE_PREFIX_PATH=/opt/ros/humble /usr/bin/cmake --build /home/sr/sr_ws/build/control_robot -- -j4 -l4
[2.642s] DEBUG:colcon.colcon_core.event_handler.log_command:Invoked command in '/home/sr/sr_ws/build/sf_robot_description' returned '0': CMAKE_PREFIX_PATH=/opt/ros/humble /usr/bin/cmake --build /home/sr/sr_ws/build/sf_robot_description -- -j4 -l4
[2.778s] DEBUG:colcon.colcon_core.event_handler.log_command:Invoking command in '/home/sr/sr_ws/build/control_robot': CMAKE_PREFIX_PATH=/opt/ros/humble /usr/bin/cmake --install /home/sr/sr_ws/build/control_robot
[2.793s] DEBUG:colcon.colcon_core.event_handler.log_command:Invoking command in '/home/sr/sr_ws/build/sf_robot_description': CMAKE_PREFIX_PATH=/opt/ros/humble /usr/bin/cmake --install /home/sr/sr_ws/build/sf_robot_description
[2.830s] Level 1:colcon.colcon_core.environment:create_environment_scripts_only(control_robot)
[2.851s] DEBUG:colcon.colcon_core.event_handler.log_command:Invoked command in '/home/sr/sr_ws/build/control_robot' returned '0': CMAKE_PREFIX_PATH=/opt/ros/humble /usr/bin/cmake --install /home/sr/sr_ws/build/control_robot
[2.865s] Level 1:colcon.colcon_core.environment:checking '/home/sr/sr_ws/install/control_robot' for CMake module files
[2.869s] Level 1:colcon.colcon_core.environment:checking '/home/sr/sr_ws/install/control_robot' for CMake config files
[2.873s] Level 1:colcon.colcon_core.shell:create_environment_hook('control_robot', 'cmake_prefix_path')
[2.874s] INFO:colcon.colcon_core.shell:Creating environment hook '/home/sr/sr_ws/install/control_robot/share/control_robot/hook/cmake_prefix_path.ps1'
[2.877s] INFO:colcon.colcon_core.shell:Creating environment descriptor '/home/sr/sr_ws/install/control_robot/share/control_robot/hook/cmake_prefix_path.dsv'
[2.880s] INFO:colcon.colcon_core.shell:Creating environment hook '/home/sr/sr_ws/install/control_robot/share/control_robot/hook/cmake_prefix_path.sh'
[2.884s] Level 1:colcon.colcon_core.environment:checking '/home/sr/sr_ws/install/control_robot/bin'
[2.885s] Level 1:colcon.colcon_core.environment:checking '/home/sr/sr_ws/install/control_robot/lib/pkgconfig/control_robot.pc'
[2.886s] Level 1:colcon.colcon_core.environment:checking '/home/sr/sr_ws/install/control_robot/lib/python3.10/site-packages'
[2.887s] Level 1:colcon.colcon_core.environment:checking '/home/sr/sr_ws/install/control_robot/bin'
[2.888s] INFO:colcon.colcon_core.shell:Creating package script '/home/sr/sr_ws/install/control_robot/share/control_robot/package.ps1'
[2.892s] INFO:colcon.colcon_core.shell:Creating package descriptor '/home/sr/sr_ws/install/control_robot/share/control_robot/package.dsv'
[2.895s] INFO:colcon.colcon_core.shell:Creating package script '/home/sr/sr_ws/install/control_robot/share/control_robot/package.sh'
[2.899s] INFO:colcon.colcon_core.shell:Creating package script '/home/sr/sr_ws/install/control_robot/share/control_robot/package.bash'
[2.902s] INFO:colcon.colcon_core.shell:Creating package script '/home/sr/sr_ws/install/control_robot/share/control_robot/package.zsh'
[2.906s] Level 1:colcon.colcon_core.environment:create_file_with_runtime_dependencies(/home/sr/sr_ws/install/control_robot/share/colcon-core/packages/control_robot)
[2.914s] Level 1:colcon.colcon_core.environment:create_environment_scripts_only(sf_robot_description)
[2.915s] Level 1:colcon.colcon_core.environment:checking '/home/sr/sr_ws/install/sf_robot_description' for CMake module files
[2.917s] DEBUG:colcon.colcon_core.event_handler.log_command:Invoked command in '/home/sr/sr_ws/build/sf_robot_description' returned '0': CMAKE_PREFIX_PATH=/opt/ros/humble /usr/bin/cmake --install /home/sr/sr_ws/build/sf_robot_description
[2.921s] Level 1:colcon.colcon_core.environment:checking '/home/sr/sr_ws/install/sf_robot_description' for CMake config files
[2.923s] Level 1:colcon.colcon_core.shell:create_environment_hook('sf_robot_description', 'cmake_prefix_path')
[2.924s] INFO:colcon.colcon_core.shell:Creating environment hook '/home/sr/sr_ws/install/sf_robot_description/share/sf_robot_description/hook/cmake_prefix_path.ps1'
[2.927s] INFO:colcon.colcon_core.shell:Creating environment descriptor '/home/sr/sr_ws/install/sf_robot_description/share/sf_robot_description/hook/cmake_prefix_path.dsv'
[2.929s] INFO:colcon.colcon_core.shell:Creating environment hook '/home/sr/sr_ws/install/sf_robot_description/share/sf_robot_description/hook/cmake_prefix_path.sh'
[2.933s] Level 1:colcon.colcon_core.environment:checking '/home/sr/sr_ws/install/sf_robot_description/bin'
[2.933s] Level 1:colcon.colcon_core.environment:checking '/home/sr/sr_ws/install/sf_robot_description/lib/pkgconfig/sf_robot_description.pc'
[2.935s] Level 1:colcon.colcon_core.environment:checking '/home/sr/sr_ws/install/sf_robot_description/lib/python3.10/site-packages'
[2.936s] Level 1:colcon.colcon_core.environment:checking '/home/sr/sr_ws/install/sf_robot_description/bin'
[2.938s] INFO:colcon.colcon_core.shell:Creating package script '/home/sr/sr_ws/install/sf_robot_description/share/sf_robot_description/package.ps1'
[2.941s] INFO:colcon.colcon_core.shell:Creating package descriptor '/home/sr/sr_ws/install/sf_robot_description/share/sf_robot_description/package.dsv'
[2.943s] INFO:colcon.colcon_core.shell:Creating package script '/home/sr/sr_ws/install/sf_robot_description/share/sf_robot_description/package.sh'
[2.946s] INFO:colcon.colcon_core.shell:Creating package script '/home/sr/sr_ws/install/sf_robot_description/share/sf_robot_description/package.bash'
[2.948s] INFO:colcon.colcon_core.shell:Creating package script '/home/sr/sr_ws/install/sf_robot_description/share/sf_robot_description/package.zsh'
[2.950s] Level 1:colcon.colcon_core.environment:create_file_with_runtime_dependencies(/home/sr/sr_ws/install/sf_robot_description/share/colcon-core/packages/sf_robot_description)
[3.024s] Level 1:colcon.colcon_core.environment:create_environment_scripts_only(control_robot)
[3.025s] Level 1:colcon.colcon_core.environment:checking '/home/sr/sr_ws/install/control_robot' for CMake module files
[3.029s] Level 1:colcon.colcon_core.environment:checking '/home/sr/sr_ws/install/control_robot' for CMake config files
[3.031s] Level 1:colcon.colcon_core.shell:create_environment_hook('control_robot', 'cmake_prefix_path')
[3.032s] INFO:colcon.colcon_core.shell:Creating environment hook '/home/sr/sr_ws/install/control_robot/share/control_robot/hook/cmake_prefix_path.ps1'
[3.035s] INFO:colcon.colcon_core.shell:Creating environment descriptor '/home/sr/sr_ws/install/control_robot/share/control_robot/hook/cmake_prefix_path.dsv'
[3.037s] INFO:colcon.colcon_core.shell:Creating environment hook '/home/sr/sr_ws/install/control_robot/share/control_robot/hook/cmake_prefix_path.sh'
[3.040s] Level 1:colcon.colcon_core.environment:checking '/home/sr/sr_ws/install/control_robot/bin'
[3.041s] Level 1:colcon.colcon_core.environment:checking '/home/sr/sr_ws/install/control_robot/lib/pkgconfig/control_robot.pc'
[3.042s] Level 1:colcon.colcon_core.environment:checking '/home/sr/sr_ws/install/control_robot/lib/python3.10/site-packages'
[3.043s] Level 1:colcon.colcon_core.environment:checking '/home/sr/sr_ws/install/control_robot/bin'
[3.045s] INFO:colcon.colcon_core.shell:Creating package script '/home/sr/sr_ws/install/control_robot/share/control_robot/package.ps1'
[3.047s] INFO:colcon.colcon_core.shell:Creating package descriptor '/home/sr/sr_ws/install/control_robot/share/control_robot/package.dsv'
[3.050s] INFO:colcon.colcon_core.shell:Creating package script '/home/sr/sr_ws/install/control_robot/share/control_robot/package.sh'
[3.053s] INFO:colcon.colcon_core.shell:Creating package script '/home/sr/sr_ws/install/control_robot/share/control_robot/package.bash'
[3.055s] INFO:colcon.colcon_core.shell:Creating package script '/home/sr/sr_ws/install/control_robot/share/control_robot/package.zsh'
[3.058s] Level 1:colcon.colcon_core.environment:create_file_with_runtime_dependencies(/home/sr/sr_ws/install/control_robot/share/colcon-core/packages/control_robot)
[3.066s] Level 1:colcon.colcon_core.environment:create_environment_scripts_only(sf_robot_description)
[3.067s] Level 1:colcon.colcon_core.environment:checking '/home/sr/sr_ws/install/sf_robot_description' for CMake module files
[3.071s] Level 1:colcon.colcon_core.environment:checking '/home/sr/sr_ws/install/sf_robot_description' for CMake config files
[3.072s] Level 1:colcon.colcon_core.shell:create_environment_hook('sf_robot_description', 'cmake_prefix_path')
[3.074s] INFO:colcon.colcon_core.shell:Creating environment hook '/home/sr/sr_ws/install/sf_robot_description/share/sf_robot_description/hook/cmake_prefix_path.ps1'
[3.076s] INFO:colcon.colcon_core.shell:Creating environment descriptor '/home/sr/sr_ws/install/sf_robot_description/share/sf_robot_description/hook/cmake_prefix_path.dsv'
[3.078s] INFO:colcon.colcon_core.shell:Creating environment hook '/home/sr/sr_ws/install/sf_robot_description/share/sf_robot_description/hook/cmake_prefix_path.sh'
[3.081s] Level 1:colcon.colcon_core.environment:checking '/home/sr/sr_ws/install/sf_robot_description/bin'
[3.081s] Level 1:colcon.colcon_core.environment:checking '/home/sr/sr_ws/install/sf_robot_description/lib/pkgconfig/sf_robot_description.pc'
[3.082s] Level 1:colcon.colcon_core.environment:checking '/home/sr/sr_ws/install/sf_robot_description/lib/python3.10/site-packages'
[3.083s] Level 1:colcon.colcon_core.environment:checking '/home/sr/sr_ws/install/sf_robot_description/bin'
[3.085s] INFO:colcon.colcon_core.shell:Creating package script '/home/sr/sr_ws/install/sf_robot_description/share/sf_robot_description/package.ps1'
[3.087s] INFO:colcon.colcon_core.shell:Creating package descriptor '/home/sr/sr_ws/install/sf_robot_description/share/sf_robot_description/package.dsv'
[3.090s] INFO:colcon.colcon_core.shell:Creating package script '/home/sr/sr_ws/install/sf_robot_description/share/sf_robot_description/package.sh'
[3.093s] INFO:colcon.colcon_core.shell:Creating package script '/home/sr/sr_ws/install/sf_robot_description/share/sf_robot_description/package.bash'
[3.096s] INFO:colcon.colcon_core.shell:Creating package script '/home/sr/sr_ws/install/sf_robot_description/share/sf_robot_description/package.zsh'
[3.098s] Level 1:colcon.colcon_core.environment:create_file_with_runtime_dependencies(/home/sr/sr_ws/install/sf_robot_description/share/colcon-core/packages/sf_robot_description)
[3.099s] DEBUG:colcon.colcon_parallel_executor.executor.parallel:closing loop
[3.100s] DEBUG:colcon.colcon_parallel_executor.executor.parallel:loop closed
[3.100s] DEBUG:colcon.colcon_parallel_executor.executor.parallel:run_until_complete finished with '0'
[3.101s] DEBUG:colcon.colcon_core.event_reactor:joining thread
[3.125s] INFO:colcon.colcon_core.plugin_system:Skipping extension 'colcon_notification.desktop_notification.terminal_notifier': Not used on non-Darwin systems
[3.126s] INFO:colcon.colcon_core.plugin_system:Skipping extension 'colcon_notification.desktop_notification.win32': Not used on non-Windows systems
[3.126s] INFO:colcon.colcon_notification.desktop_notification:Sending desktop notification using 'notify2'
[3.132s] DEBUG:colcon.colcon_notification.desktop_notification.notify2:Failed to initialize notify2: org.freedesktop.DBus.Error.ServiceUnknown: The name org.freedesktop.Notifications was not provided by any .service files
[3.132s] DEBUG:colcon.colcon_core.event_reactor:joined thread
[3.134s] INFO:colcon.colcon_core.shell:Creating prefix script '/home/sr/sr_ws/install/local_setup.ps1'
[3.139s] INFO:colcon.colcon_core.shell:Creating prefix util module '/home/sr/sr_ws/install/_local_setup_util_ps1.py'
[3.146s] INFO:colcon.colcon_core.shell:Creating prefix chain script '/home/sr/sr_ws/install/setup.ps1'
[3.151s] INFO:colcon.colcon_core.shell:Creating prefix script '/home/sr/sr_ws/install/local_setup.sh'
[3.154s] INFO:colcon.colcon_core.shell:Creating prefix util module '/home/sr/sr_ws/install/_local_setup_util_sh.py'
[3.156s] INFO:colcon.colcon_core.shell:Creating prefix chain script '/home/sr/sr_ws/install/setup.sh'
[3.161s] INFO:colcon.colcon_core.shell:Creating prefix script '/home/sr/sr_ws/install/local_setup.bash'
[3.163s] INFO:colcon.colcon_core.shell:Creating prefix chain script '/home/sr/sr_ws/install/setup.bash'
[3.168s] INFO:colcon.colcon_core.shell:Creating prefix script '/home/sr/sr_ws/install/local_setup.zsh'
[3.171s] INFO:colcon.colcon_core.shell:Creating prefix chain script '/home/sr/sr_ws/install/setup.zsh'
