[0.102s] Invoking command in '/home/sr/sr_ws/build/joint_limits': CMAKE_PREFIX_PATH=/opt/ros/humble /usr/bin/cmake --build /home/sr/sr_ws/build/joint_limits -- -j4 -l4
[0.481s] [ 33%] Built target gtest_main
[0.486s] [ 66%] Built target gtest
[0.807s] [100%] Built target joint_limits_rosparam_test
[0.896s] Invoked command in '/home/sr/sr_ws/build/joint_limits' returned '0': CMAKE_PREFIX_PATH=/opt/ros/humble /usr/bin/cmake --build /home/sr/sr_ws/build/joint_limits -- -j4 -l4
[1.186s] Invoking command in '/home/sr/sr_ws/build/joint_limits': CMAKE_PREFIX_PATH=/opt/ros/humble /usr/bin/cmake --install /home/sr/sr_ws/build/joint_limits
[1.223s] -- Install configuration: ""
[1.224s] -- Up-to-date: /home/sr/sr_ws/install/joint_limits/include
[1.224s] -- Up-to-date: /home/sr/sr_ws/install/joint_limits/include/joint_limits
[1.225s] -- Up-to-date: /home/sr/sr_ws/install/joint_limits/include/joint_limits/joint_limits.hpp
[1.226s] -- Up-to-date: /home/sr/sr_ws/install/joint_limits/include/joint_limits/joint_limits_rosparam.hpp
[1.227s] -- Up-to-date: /home/sr/sr_ws/install/joint_limits/lib/joint_limits/joint_limits_rosparam_test
[1.229s] -- Up-to-date: /home/sr/sr_ws/install/joint_limits/share/joint_limits/test/joint_limits_rosparam.yaml
[1.230s] -- Up-to-date: /home/sr/sr_ws/install/joint_limits/share/ament_index/resource_index/package_run_dependencies/joint_limits
[1.231s] -- Up-to-date: /home/sr/sr_ws/install/joint_limits/share/ament_index/resource_index/parent_prefix_path/joint_limits
[1.232s] -- Up-to-date: /home/sr/sr_ws/install/joint_limits/share/joint_limits/environment/ament_prefix_path.sh
[1.233s] -- Up-to-date: /home/sr/sr_ws/install/joint_limits/share/joint_limits/environment/ament_prefix_path.dsv
[1.234s] -- Up-to-date: /home/sr/sr_ws/install/joint_limits/share/joint_limits/environment/path.sh
[1.238s] -- Up-to-date: /home/sr/sr_ws/install/joint_limits/share/joint_limits/environment/path.dsv
[1.241s] -- Up-to-date: /home/sr/sr_ws/install/joint_limits/share/joint_limits/local_setup.bash
[1.252s] -- Up-to-date: /home/sr/sr_ws/install/joint_limits/share/joint_limits/local_setup.sh
[1.253s] -- Up-to-date: /home/sr/sr_ws/install/joint_limits/share/joint_limits/local_setup.zsh
[1.253s] -- Up-to-date: /home/sr/sr_ws/install/joint_limits/share/joint_limits/local_setup.dsv
[1.254s] -- Installing: /home/sr/sr_ws/install/joint_limits/share/joint_limits/package.dsv
[1.267s] -- Up-to-date: /home/sr/sr_ws/install/joint_limits/share/ament_index/resource_index/packages/joint_limits
[1.269s] -- Up-to-date: /home/sr/sr_ws/install/joint_limits/share/joint_limits/cmake/ament_cmake_export_dependencies-extras.cmake
[1.269s] -- Up-to-date: /home/sr/sr_ws/install/joint_limits/share/joint_limits/cmake/ament_cmake_export_include_directories-extras.cmake
[1.270s] -- Up-to-date: /home/sr/sr_ws/install/joint_limits/share/joint_limits/cmake/joint_limitsConfig.cmake
[1.270s] -- Up-to-date: /home/sr/sr_ws/install/joint_limits/share/joint_limits/cmake/joint_limitsConfig-version.cmake
[1.271s] -- Up-to-date: /home/sr/sr_ws/install/joint_limits/share/joint_limits/package.xml
[1.272s] Invoked command in '/home/sr/sr_ws/build/joint_limits' returned '0': CMAKE_PREFIX_PATH=/opt/ros/humble /usr/bin/cmake --install /home/sr/sr_ws/build/joint_limits
