[0.091s] Invoking command in '/home/sr/sr_ws/build/control_robot': CMAKE_PREFIX_PATH=${CMAKE_PREFIX_PATH}:/opt/ros/humble /usr/bin/cmake --build /home/sr/sr_ws/build/control_robot -- -j4 -l4
[0.217s] -- Found ament_cmake: 1.3.8 (/opt/ros/humble/share/ament_cmake/cmake)
[1.343s] -- Configuring done
[1.372s] -- Generating done
[1.379s] -- Build files have been written to: /home/sr/sr_ws/build/control_robot
[1.467s] Invoked command in '/home/sr/sr_ws/build/control_robot' returned '0': CMAKE_PREFIX_PATH=${CMAKE_PREFIX_PATH}:/opt/ros/humble /usr/bin/cmake --build /home/sr/sr_ws/build/control_robot -- -j4 -l4
[1.599s] Invoking command in '/home/sr/sr_ws/build/control_robot': CMAKE_PREFIX_PATH=${CMAKE_PREFIX_PATH}:/opt/ros/humble /usr/bin/cmake --install /home/sr/sr_ws/build/control_robot
[1.631s] -- Install configuration: ""
[1.631s] -- Up-to-date: /home/sr/sr_ws/install/control_robot/share/control_robot//launch
[1.632s] -- Up-to-date: /home/sr/sr_ws/install/control_robot/share/control_robot//launch/display.launch.py
[1.632s] -- Up-to-date: /home/sr/sr_ws/install/control_robot/share/control_robot//launch/glovar.py
[1.633s] -- Up-to-date: /home/sr/sr_ws/install/control_robot/share/control_robot//launch/turn_on_robot.launch.py
[1.633s] -- Up-to-date: /home/sr/sr_ws/install/control_robot/share/control_robot//launch/keyboard_robot_node.py
[1.633s] -- Installing: /home/sr/sr_ws/install/control_robot/share/ament_index/resource_index/package_run_dependencies/control_robot
[1.635s] -- Installing: /home/sr/sr_ws/install/control_robot/share/ament_index/resource_index/parent_prefix_path/control_robot
[1.637s] -- Up-to-date: /home/sr/sr_ws/install/control_robot/share/control_robot/environment/ament_prefix_path.sh
[1.637s] -- Installing: /home/sr/sr_ws/install/control_robot/share/control_robot/environment/ament_prefix_path.dsv
[1.638s] -- Up-to-date: /home/sr/sr_ws/install/control_robot/share/control_robot/environment/path.sh
[1.639s] -- Installing: /home/sr/sr_ws/install/control_robot/share/control_robot/environment/path.dsv
[1.640s] -- Up-to-date: /home/sr/sr_ws/install/control_robot/share/control_robot/local_setup.bash
[1.641s] -- Up-to-date: /home/sr/sr_ws/install/control_robot/share/control_robot/local_setup.sh
[1.641s] -- Up-to-date: /home/sr/sr_ws/install/control_robot/share/control_robot/local_setup.zsh
[1.641s] -- Installing: /home/sr/sr_ws/install/control_robot/share/control_robot/local_setup.dsv
[1.642s] -- Installing: /home/sr/sr_ws/install/control_robot/share/control_robot/package.dsv
[1.644s] -- Up-to-date: /home/sr/sr_ws/install/control_robot/share/ament_index/resource_index/packages/control_robot
[1.644s] -- Up-to-date: /home/sr/sr_ws/install/control_robot/share/control_robot/cmake/control_robotConfig.cmake
[1.645s] -- Up-to-date: /home/sr/sr_ws/install/control_robot/share/control_robot/cmake/control_robotConfig-version.cmake
[1.645s] -- Installing: /home/sr/sr_ws/install/control_robot/share/control_robot/package.xml
[1.654s] Invoked command in '/home/sr/sr_ws/build/control_robot' returned '0': CMAKE_PREFIX_PATH=${CMAKE_PREFIX_PATH}:/opt/ros/humble /usr/bin/cmake --install /home/sr/sr_ws/build/control_robot
