[0.101s] Invoking command in '/home/sr/sr_ws/build/control_robot': CMAKE_PREFIX_PATH=/opt/ros/humble /usr/bin/cmake --build /home/sr/sr_ws/build/control_robot -- -j4 -l4
[0.280s] Invoked command in '/home/sr/sr_ws/build/control_robot' returned '0': CMAKE_PREFIX_PATH=/opt/ros/humble /usr/bin/cmake --build /home/sr/sr_ws/build/control_robot -- -j4 -l4
[0.440s] Invoking command in '/home/sr/sr_ws/build/control_robot': CMAKE_PREFIX_PATH=/opt/ros/humble /usr/bin/cmake --install /home/sr/sr_ws/build/control_robot
[0.473s] -- Install configuration: ""
[0.473s] -- Up-to-date: /home/sr/sr_ws/install/control_robot/share/control_robot//launch
[0.474s] -- Up-to-date: /home/sr/sr_ws/install/control_robot/share/control_robot//launch/display.launch.py
[0.475s] -- Up-to-date: /home/sr/sr_ws/install/control_robot/share/control_robot//launch/glovar.py
[0.475s] -- Up-to-date: /home/sr/sr_ws/install/control_robot/share/control_robot//launch/turn_on_robot.launch.py
[0.476s] -- Up-to-date: /home/sr/sr_ws/install/control_robot/share/control_robot//launch/keyboard_robot_node.py
[0.477s] -- Up-to-date: /home/sr/sr_ws/install/control_robot/share/ament_index/resource_index/package_run_dependencies/control_robot
[0.479s] -- Up-to-date: /home/sr/sr_ws/install/control_robot/share/ament_index/resource_index/parent_prefix_path/control_robot
[0.480s] -- Up-to-date: /home/sr/sr_ws/install/control_robot/share/control_robot/environment/ament_prefix_path.sh
[0.480s] -- Up-to-date: /home/sr/sr_ws/install/control_robot/share/control_robot/environment/ament_prefix_path.dsv
[0.481s] -- Up-to-date: /home/sr/sr_ws/install/control_robot/share/control_robot/environment/path.sh
[0.483s] -- Up-to-date: /home/sr/sr_ws/install/control_robot/share/control_robot/environment/path.dsv
[0.483s] -- Up-to-date: /home/sr/sr_ws/install/control_robot/share/control_robot/local_setup.bash
[0.484s] -- Up-to-date: /home/sr/sr_ws/install/control_robot/share/control_robot/local_setup.sh
[0.485s] -- Up-to-date: /home/sr/sr_ws/install/control_robot/share/control_robot/local_setup.zsh
[0.486s] -- Up-to-date: /home/sr/sr_ws/install/control_robot/share/control_robot/local_setup.dsv
[0.496s] -- Installing: /home/sr/sr_ws/install/control_robot/share/control_robot/package.dsv
[0.502s] -- Up-to-date: /home/sr/sr_ws/install/control_robot/share/ament_index/resource_index/packages/control_robot
[0.508s] -- Up-to-date: /home/sr/sr_ws/install/control_robot/share/control_robot/cmake/control_robotConfig.cmake
[0.508s] -- Up-to-date: /home/sr/sr_ws/install/control_robot/share/control_robot/cmake/control_robotConfig-version.cmake
[0.509s] -- Up-to-date: /home/sr/sr_ws/install/control_robot/share/control_robot/package.xml
[0.510s] Invoked command in '/home/sr/sr_ws/build/control_robot' returned '0': CMAKE_PREFIX_PATH=/opt/ros/humble /usr/bin/cmake --install /home/sr/sr_ws/build/control_robot
