[0.119s] Invoking command in '/home/sr/sr_ws/build/joint_limits': CMAKE_PREFIX_PATH=/opt/ros/humble /usr/bin/cmake --build /home/sr/sr_ws/build/joint_limits -- -j4 -l4
[0.378s] [35m[1mConsolidate compiler generated dependencies of target gtest_main[0m
[0.386s] [35m[1mConsolidate compiler generated dependencies of target gtest[0m
[0.562s] [ 33%] Built target gtest
[0.582s] [ 66%] Built target gtest_main
[0.683s] [35m[1mConsolidate compiler generated dependencies of target joint_limits_rosparam_test[0m
[0.990s] [100%] Built target joint_limits_rosparam_test
[1.097s] Invoked command in '/home/sr/sr_ws/build/joint_limits' returned '0': CMAKE_PREFIX_PATH=/opt/ros/humble /usr/bin/cmake --build /home/sr/sr_ws/build/joint_limits -- -j4 -l4
[1.591s] Invoking command in '/home/sr/sr_ws/build/joint_limits': CMAKE_PREFIX_PATH=/opt/ros/humble /usr/bin/cmake --install /home/sr/sr_ws/build/joint_limits
[1.673s] -- Install configuration: ""
[1.675s] -- Up-to-date: /home/sr/sr_ws/install/joint_limits/include
[1.677s] -- Up-to-date: /home/sr/sr_ws/install/joint_limits/include/joint_limits
[1.679s] -- Up-to-date: /home/sr/sr_ws/install/joint_limits/include/joint_limits/joint_limits.hpp
[1.680s] -- Up-to-date: /home/sr/sr_ws/install/joint_limits/include/joint_limits/joint_limits_rosparam.hpp
[1.684s] -- Up-to-date: /home/sr/sr_ws/install/joint_limits/lib/joint_limits/joint_limits_rosparam_test
[1.687s] -- Up-to-date: /home/sr/sr_ws/install/joint_limits/share/joint_limits/test/joint_limits_rosparam.yaml
[1.693s] -- Up-to-date: /home/sr/sr_ws/install/joint_limits/share/ament_index/resource_index/package_run_dependencies/joint_limits
[1.694s] -- Up-to-date: /home/sr/sr_ws/install/joint_limits/share/ament_index/resource_index/parent_prefix_path/joint_limits
[1.695s] -- Up-to-date: /home/sr/sr_ws/install/joint_limits/share/joint_limits/environment/ament_prefix_path.sh
[1.696s] -- Up-to-date: /home/sr/sr_ws/install/joint_limits/share/joint_limits/environment/ament_prefix_path.dsv
[1.696s] -- Up-to-date: /home/sr/sr_ws/install/joint_limits/share/joint_limits/environment/path.sh
[1.697s] -- Up-to-date: /home/sr/sr_ws/install/joint_limits/share/joint_limits/environment/path.dsv
[1.697s] -- Up-to-date: /home/sr/sr_ws/install/joint_limits/share/joint_limits/local_setup.bash
[1.698s] -- Up-to-date: /home/sr/sr_ws/install/joint_limits/share/joint_limits/local_setup.sh
[1.698s] -- Up-to-date: /home/sr/sr_ws/install/joint_limits/share/joint_limits/local_setup.zsh
[1.699s] -- Up-to-date: /home/sr/sr_ws/install/joint_limits/share/joint_limits/local_setup.dsv
[1.700s] -- Installing: /home/sr/sr_ws/install/joint_limits/share/joint_limits/package.dsv
[1.700s] -- Up-to-date: /home/sr/sr_ws/install/joint_limits/share/ament_index/resource_index/packages/joint_limits
[1.701s] -- Up-to-date: /home/sr/sr_ws/install/joint_limits/share/joint_limits/cmake/ament_cmake_export_dependencies-extras.cmake
[1.708s] -- Up-to-date: /home/sr/sr_ws/install/joint_limits/share/joint_limits/cmake/ament_cmake_export_include_directories-extras.cmake
[1.709s] -- Up-to-date: /home/sr/sr_ws/install/joint_limits/share/joint_limits/cmake/joint_limitsConfig.cmake
[1.710s] -- Up-to-date: /home/sr/sr_ws/install/joint_limits/share/joint_limits/cmake/joint_limitsConfig-version.cmake
[1.711s] -- Up-to-date: /home/sr/sr_ws/install/joint_limits/share/joint_limits/package.xml
[1.736s] Invoked command in '/home/sr/sr_ws/build/joint_limits' returned '0': CMAKE_PREFIX_PATH=/opt/ros/humble /usr/bin/cmake --install /home/sr/sr_ws/build/joint_limits
