[0.093s] Invoking command in '/home/sr/sr_ws/build/sf_robot_description': CMAKE_PREFIX_PATH=/opt/ros/humble /usr/bin/cmake --build /home/sr/sr_ws/build/sf_robot_description -- -j4 -l4
[0.266s] Invoked command in '/home/sr/sr_ws/build/sf_robot_description' returned '0': CMAKE_PREFIX_PATH=/opt/ros/humble /usr/bin/cmake --build /home/sr/sr_ws/build/sf_robot_description -- -j4 -l4
[0.410s] Invoking command in '/home/sr/sr_ws/build/sf_robot_description': CMAKE_PREFIX_PATH=/opt/ros/humble /usr/bin/cmake --install /home/sr/sr_ws/build/sf_robot_description
[0.468s] -- Install configuration: ""
[0.468s] -- Up-to-date: /home/sr/sr_ws/install/sf_robot_description/share/sf_robot_description//urdf
[0.475s] -- Up-to-date: /home/sr/sr_ws/install/sf_robot_description/share/sf_robot_description//urdf/inertial_macros.xacro
[0.476s] -- Up-to-date: /home/sr/sr_ws/install/sf_robot_description/share/sf_robot_description//urdf/robot_core.urdf.xacro
[0.476s] -- Up-to-date: /home/sr/sr_ws/install/sf_robot_description/share/sf_robot_description//urdf/robot.urdf.xacro
[0.483s] -- Up-to-date: /home/sr/sr_ws/install/sf_robot_description/share/sf_robot_description//launch
[0.485s] -- Up-to-date: /home/sr/sr_ws/install/sf_robot_description/share/sf_robot_description//launch/display.launch.py
[0.485s] -- Up-to-date: /home/sr/sr_ws/install/sf_robot_description/share/sf_robot_description//launch/display.launch.xml
[0.486s] -- Up-to-date: /home/sr/sr_ws/install/sf_robot_description/share/sf_robot_description//launch/turn_on_robot.py
[0.486s] -- Up-to-date: /home/sr/sr_ws/install/sf_robot_description/share/sf_robot_description//rviz
[0.487s] -- Up-to-date: /home/sr/sr_ws/install/sf_robot_description/share/sf_robot_description//rviz/urdf_config.rviz
[0.488s] -- Up-to-date: /home/sr/sr_ws/install/sf_robot_description/share/ament_index/resource_index/package_run_dependencies/sf_robot_description
[0.488s] -- Up-to-date: /home/sr/sr_ws/install/sf_robot_description/share/ament_index/resource_index/parent_prefix_path/sf_robot_description
[0.489s] -- Up-to-date: /home/sr/sr_ws/install/sf_robot_description/share/sf_robot_description/environment/ament_prefix_path.sh
[0.490s] -- Up-to-date: /home/sr/sr_ws/install/sf_robot_description/share/sf_robot_description/environment/ament_prefix_path.dsv
[0.491s] -- Up-to-date: /home/sr/sr_ws/install/sf_robot_description/share/sf_robot_description/environment/path.sh
[0.492s] -- Up-to-date: /home/sr/sr_ws/install/sf_robot_description/share/sf_robot_description/environment/path.dsv
[0.493s] -- Up-to-date: /home/sr/sr_ws/install/sf_robot_description/share/sf_robot_description/local_setup.bash
[0.493s] -- Up-to-date: /home/sr/sr_ws/install/sf_robot_description/share/sf_robot_description/local_setup.sh
[0.494s] -- Up-to-date: /home/sr/sr_ws/install/sf_robot_description/share/sf_robot_description/local_setup.zsh
[0.495s] -- Up-to-date: /home/sr/sr_ws/install/sf_robot_description/share/sf_robot_description/local_setup.dsv
[0.496s] -- Installing: /home/sr/sr_ws/install/sf_robot_description/share/sf_robot_description/package.dsv
[0.496s] -- Up-to-date: /home/sr/sr_ws/install/sf_robot_description/share/ament_index/resource_index/packages/sf_robot_description
[0.497s] -- Up-to-date: /home/sr/sr_ws/install/sf_robot_description/share/sf_robot_description/cmake/sf_robot_descriptionConfig.cmake
[0.497s] -- Up-to-date: /home/sr/sr_ws/install/sf_robot_description/share/sf_robot_description/cmake/sf_robot_descriptionConfig-version.cmake
[0.498s] -- Up-to-date: /home/sr/sr_ws/install/sf_robot_description/share/sf_robot_description/package.xml
[0.552s] Invoked command in '/home/sr/sr_ws/build/sf_robot_description' returned '0': CMAKE_PREFIX_PATH=/opt/ros/humble /usr/bin/cmake --install /home/sr/sr_ws/build/sf_robot_description
