[0.080s] Invoking command in '/home/sr/sr_ws/build/sf_robot_description': CMAKE_PREFIX_PATH=${CMAKE_PREFIX_PATH}:/opt/ros/humble /usr/bin/cmake --build /home/sr/sr_ws/build/sf_robot_description -- -j4 -l4
[0.329s] Invoked command in '/home/sr/sr_ws/build/sf_robot_description' returned '0': CMAKE_PREFIX_PATH=${CMAKE_PREFIX_PATH}:/opt/ros/humble /usr/bin/cmake --build /home/sr/sr_ws/build/sf_robot_description -- -j4 -l4
[0.496s] Invoking command in '/home/sr/sr_ws/build/sf_robot_description': CMAKE_PREFIX_PATH=${CMAKE_PREFIX_PATH}:/opt/ros/humble /usr/bin/cmake --install /home/sr/sr_ws/build/sf_robot_description
[0.531s] -- Install configuration: ""
[0.532s] -- Up-to-date: /home/sr/sr_ws/install/sf_robot_description/share/sf_robot_description//urdf
[0.533s] -- Up-to-date: /home/sr/sr_ws/install/sf_robot_description/share/sf_robot_description//urdf/inertial_macros.xacro
[0.534s] -- Up-to-date: /home/sr/sr_ws/install/sf_robot_description/share/sf_robot_description//urdf/robot_core.urdf.xacro
[0.534s] -- Up-to-date: /home/sr/sr_ws/install/sf_robot_description/share/sf_robot_description//urdf/robot.urdf.xacro
[0.535s] -- Up-to-date: /home/sr/sr_ws/install/sf_robot_description/share/sf_robot_description//launch
[0.536s] -- Up-to-date: /home/sr/sr_ws/install/sf_robot_description/share/sf_robot_description//launch/display.launch.py
[0.537s] -- Up-to-date: /home/sr/sr_ws/install/sf_robot_description/share/sf_robot_description//launch/display.launch.xml
[0.538s] -- Up-to-date: /home/sr/sr_ws/install/sf_robot_description/share/sf_robot_description//launch/turn_on_robot.py
[0.538s] -- Up-to-date: /home/sr/sr_ws/install/sf_robot_description/share/sf_robot_description//rviz
[0.539s] -- Up-to-date: /home/sr/sr_ws/install/sf_robot_description/share/sf_robot_description//rviz/urdf_config.rviz
[0.540s] -- Up-to-date: /home/sr/sr_ws/install/sf_robot_description/share/ament_index/resource_index/package_run_dependencies/sf_robot_description
[0.540s] -- Up-to-date: /home/sr/sr_ws/install/sf_robot_description/share/ament_index/resource_index/parent_prefix_path/sf_robot_description
[0.541s] -- Up-to-date: /home/sr/sr_ws/install/sf_robot_description/share/sf_robot_description/environment/ament_prefix_path.sh
[0.542s] -- Up-to-date: /home/sr/sr_ws/install/sf_robot_description/share/sf_robot_description/environment/ament_prefix_path.dsv
[0.543s] -- Up-to-date: /home/sr/sr_ws/install/sf_robot_description/share/sf_robot_description/environment/path.sh
[0.543s] -- Up-to-date: /home/sr/sr_ws/install/sf_robot_description/share/sf_robot_description/environment/path.dsv
[0.544s] -- Up-to-date: /home/sr/sr_ws/install/sf_robot_description/share/sf_robot_description/local_setup.bash
[0.545s] -- Up-to-date: /home/sr/sr_ws/install/sf_robot_description/share/sf_robot_description/local_setup.sh
[0.546s] -- Up-to-date: /home/sr/sr_ws/install/sf_robot_description/share/sf_robot_description/local_setup.zsh
[0.548s] -- Up-to-date: /home/sr/sr_ws/install/sf_robot_description/share/sf_robot_description/local_setup.dsv
[0.550s] -- Installing: /home/sr/sr_ws/install/sf_robot_description/share/sf_robot_description/package.dsv
[0.554s] -- Up-to-date: /home/sr/sr_ws/install/sf_robot_description/share/ament_index/resource_index/packages/sf_robot_description
[0.555s] -- Up-to-date: /home/sr/sr_ws/install/sf_robot_description/share/sf_robot_description/cmake/sf_robot_descriptionConfig.cmake
[0.558s] -- Up-to-date: /home/sr/sr_ws/install/sf_robot_description/share/sf_robot_description/cmake/sf_robot_descriptionConfig-version.cmake
[0.559s] -- Up-to-date: /home/sr/sr_ws/install/sf_robot_description/share/sf_robot_description/package.xml
[0.571s] Invoked command in '/home/sr/sr_ws/build/sf_robot_description' returned '0': CMAKE_PREFIX_PATH=${CMAKE_PREFIX_PATH}:/opt/ros/humble /usr/bin/cmake --install /home/sr/sr_ws/build/sf_robot_description
