[0.120s] Invoking command in '/home/sr/sr_ws/build/controller_manager_msgs': CMAKE_PREFIX_PATH=/opt/ros/humble /usr/bin/cmake --build /home/sr/sr_ws/build/controller_manager_msgs -- -j4 -l4
[0.440s] [35m[1mConsolidate compiler generated dependencies of target controller_manager_msgs__rosidl_generator_c[0m
[0.605s] [  0%] Built target controller_manager_msgs__cpp
[0.655s] [ 12%] Built target controller_manager_msgs__rosidl_generator_c
[0.735s] [ 12%] Built target ament_cmake_python_copy_controller_manager_msgs
[0.772s] [35m[1mConsolidate compiler generated dependencies of target controller_manager_msgs__rosidl_typesupport_cpp[0m
[0.819s] [35m[1mConsolidate compiler generated dependencies of target controller_manager_msgs__rosidl_typesupport_fastrtps_cpp[0m
[0.877s] [35m[1mConsolidate compiler generated dependencies of target controller_manager_msgs__rosidl_typesupport_fastrtps_c[0m
[0.898s] [35m[1mConsolidate compiler generated dependencies of target controller_manager_msgs__rosidl_typesupport_introspection_cpp[0m
[1.029s] [ 24%] Built target controller_manager_msgs__rosidl_typesupport_cpp
[1.082s] [ 36%] Built target controller_manager_msgs__rosidl_typesupport_fastrtps_cpp
[1.174s] [35m[1mConsolidate compiler generated dependencies of target controller_manager_msgs__rosidl_typesupport_introspection_c[0m
[1.207s] [ 48%] Built target controller_manager_msgs__rosidl_typesupport_fastrtps_c
[1.225s] [35m[1mConsolidate compiler generated dependencies of target controller_manager_msgs__rosidl_typesupport_c[0m
[1.330s] [ 60%] Built target controller_manager_msgs__rosidl_typesupport_introspection_cpp
[1.341s] [ 72%] Built target controller_manager_msgs__rosidl_typesupport_introspection_c
[1.369s] [ 84%] Built target controller_manager_msgs__rosidl_typesupport_c
[1.569s] [ 84%] Built target controller_manager_msgs
[1.713s] [ 85%] Built target controller_manager_msgs__py
[1.823s] [35m[1mConsolidate compiler generated dependencies of target controller_manager_msgs__rosidl_generator_py[0m
[2.176s] [ 96%] Built target controller_manager_msgs__rosidl_generator_py
[2.270s] [35m[1mConsolidate compiler generated dependencies of target controller_manager_msgs__rosidl_typesupport_fastrtps_c__pyext[0m
[2.359s] [35m[1mConsolidate compiler generated dependencies of target controller_manager_msgs__rosidl_typesupport_c__pyext[0m
[2.387s] [35m[1mConsolidate compiler generated dependencies of target controller_manager_msgs__rosidl_typesupport_introspection_c__pyext[0m
[2.545s] [ 97%] Built target controller_manager_msgs__rosidl_typesupport_fastrtps_c__pyext
[2.632s] [ 98%] Built target controller_manager_msgs__rosidl_typesupport_c__pyext
[2.827s] [100%] Built target controller_manager_msgs__rosidl_typesupport_introspection_c__pyext
[3.601s] running egg_info
[3.605s] writing controller_manager_msgs.egg-info/PKG-INFO
[3.607s] writing dependency_links to controller_manager_msgs.egg-info/dependency_links.txt
[3.611s] writing top-level names to controller_manager_msgs.egg-info/top_level.txt
[3.626s] reading manifest file 'controller_manager_msgs.egg-info/SOURCES.txt'
[3.629s] writing manifest file 'controller_manager_msgs.egg-info/SOURCES.txt'
[3.772s] [100%] Built target ament_cmake_python_build_controller_manager_msgs_egg
[3.847s] Invoked command in '/home/sr/sr_ws/build/controller_manager_msgs' returned '0': CMAKE_PREFIX_PATH=/opt/ros/humble /usr/bin/cmake --build /home/sr/sr_ws/build/controller_manager_msgs -- -j4 -l4
[7.519s] Invoking command in '/home/sr/sr_ws/build/controller_manager_msgs': CMAKE_PREFIX_PATH=/opt/ros/humble /usr/bin/cmake --install /home/sr/sr_ws/build/controller_manager_msgs
[7.550s] -- Install configuration: ""
[7.551s] -- Up-to-date: /home/sr/sr_ws/install/controller_manager_msgs/share/ament_index/resource_index/rosidl_interfaces/controller_manager_msgs
[7.551s] -- Up-to-date: /home/sr/sr_ws/install/controller_manager_msgs/include/controller_manager_msgs/controller_manager_msgs
[7.552s] -- Up-to-date: /home/sr/sr_ws/install/controller_manager_msgs/include/controller_manager_msgs/controller_manager_msgs/srv
[7.552s] -- Up-to-date: /home/sr/sr_ws/install/controller_manager_msgs/include/controller_manager_msgs/controller_manager_msgs/srv/detail
[7.553s] -- Up-to-date: /home/sr/sr_ws/install/controller_manager_msgs/include/controller_manager_msgs/controller_manager_msgs/srv/detail/switch_controller__type_support.h
[7.553s] -- Up-to-date: /home/sr/sr_ws/install/controller_manager_msgs/include/controller_manager_msgs/controller_manager_msgs/srv/detail/reload_controller_libraries__functions.h
[7.554s] -- Up-to-date: /home/sr/sr_ws/install/controller_manager_msgs/include/controller_manager_msgs/controller_manager_msgs/srv/detail/list_controllers__functions.c
[7.554s] -- Up-to-date: /home/sr/sr_ws/install/controller_manager_msgs/include/controller_manager_msgs/controller_manager_msgs/srv/detail/load_controller__struct.h
[7.555s] -- Up-to-date: /home/sr/sr_ws/install/controller_manager_msgs/include/controller_manager_msgs/controller_manager_msgs/srv/detail/list_controllers__type_support.h
[7.555s] -- Up-to-date: /home/sr/sr_ws/install/controller_manager_msgs/include/controller_manager_msgs/controller_manager_msgs/srv/detail/list_hardware_interfaces__struct.h
[7.556s] -- Up-to-date: /home/sr/sr_ws/install/controller_manager_msgs/include/controller_manager_msgs/controller_manager_msgs/srv/detail/list_controllers__struct.h
[7.556s] -- Up-to-date: /home/sr/sr_ws/install/controller_manager_msgs/include/controller_manager_msgs/controller_manager_msgs/srv/detail/switch_controller__struct.h
[7.557s] -- Up-to-date: /home/sr/sr_ws/install/controller_manager_msgs/include/controller_manager_msgs/controller_manager_msgs/srv/detail/list_controller_types__struct.h
[7.557s] -- Up-to-date: /home/sr/sr_ws/install/controller_manager_msgs/include/controller_manager_msgs/controller_manager_msgs/srv/detail/list_hardware_components__type_support.h
[7.558s] -- Up-to-date: /home/sr/sr_ws/install/controller_manager_msgs/include/controller_manager_msgs/controller_manager_msgs/srv/detail/switch_controller__functions.c
[7.558s] -- Up-to-date: /home/sr/sr_ws/install/controller_manager_msgs/include/controller_manager_msgs/controller_manager_msgs/srv/detail/list_hardware_interfaces__functions.c
[7.559s] -- Up-to-date: /home/sr/sr_ws/install/controller_manager_msgs/include/controller_manager_msgs/controller_manager_msgs/srv/detail/reload_controller_libraries__type_support.h
[7.559s] -- Up-to-date: /home/sr/sr_ws/install/controller_manager_msgs/include/controller_manager_msgs/controller_manager_msgs/srv/detail/switch_controller__functions.h
[7.560s] -- Up-to-date: /home/sr/sr_ws/install/controller_manager_msgs/include/controller_manager_msgs/controller_manager_msgs/srv/detail/list_controller_types__functions.c
[7.560s] -- Up-to-date: /home/sr/sr_ws/install/controller_manager_msgs/include/controller_manager_msgs/controller_manager_msgs/srv/detail/set_hardware_component_state__struct.h
[7.561s] -- Up-to-date: /home/sr/sr_ws/install/controller_manager_msgs/include/controller_manager_msgs/controller_manager_msgs/srv/detail/set_hardware_component_state__type_support.h
[7.561s] -- Up-to-date: /home/sr/sr_ws/install/controller_manager_msgs/include/controller_manager_msgs/controller_manager_msgs/srv/detail/list_hardware_components__struct.h
[7.562s] -- Up-to-date: /home/sr/sr_ws/install/controller_manager_msgs/include/controller_manager_msgs/controller_manager_msgs/srv/detail/list_hardware_interfaces__functions.h
[7.563s] -- Up-to-date: /home/sr/sr_ws/install/controller_manager_msgs/include/controller_manager_msgs/controller_manager_msgs/srv/detail/unload_controller__functions.h
[7.563s] -- Up-to-date: /home/sr/sr_ws/install/controller_manager_msgs/include/controller_manager_msgs/controller_manager_msgs/srv/detail/load_controller__type_support.h
[7.564s] -- Up-to-date: /home/sr/sr_ws/install/controller_manager_msgs/include/controller_manager_msgs/controller_manager_msgs/srv/detail/list_hardware_components__functions.c
[7.564s] -- Up-to-date: /home/sr/sr_ws/install/controller_manager_msgs/include/controller_manager_msgs/controller_manager_msgs/srv/detail/configure_controller__struct.h
[7.565s] -- Up-to-date: /home/sr/sr_ws/install/controller_manager_msgs/include/controller_manager_msgs/controller_manager_msgs/srv/detail/configure_controller__functions.c
[7.565s] -- Up-to-date: /home/sr/sr_ws/install/controller_manager_msgs/include/controller_manager_msgs/controller_manager_msgs/srv/detail/unload_controller__struct.h
[7.566s] -- Up-to-date: /home/sr/sr_ws/install/controller_manager_msgs/include/controller_manager_msgs/controller_manager_msgs/srv/detail/load_controller__functions.c
[7.566s] -- Up-to-date: /home/sr/sr_ws/install/controller_manager_msgs/include/controller_manager_msgs/controller_manager_msgs/srv/detail/set_hardware_component_state__functions.h
[7.567s] -- Up-to-date: /home/sr/sr_ws/install/controller_manager_msgs/include/controller_manager_msgs/controller_manager_msgs/srv/detail/load_controller__functions.h
[7.567s] -- Up-to-date: /home/sr/sr_ws/install/controller_manager_msgs/include/controller_manager_msgs/controller_manager_msgs/srv/detail/reload_controller_libraries__functions.c
[7.568s] -- Up-to-date: /home/sr/sr_ws/install/controller_manager_msgs/include/controller_manager_msgs/controller_manager_msgs/srv/detail/set_hardware_component_state__functions.c
[7.568s] -- Up-to-date: /home/sr/sr_ws/install/controller_manager_msgs/include/controller_manager_msgs/controller_manager_msgs/srv/detail/list_hardware_components__functions.h
[7.569s] -- Up-to-date: /home/sr/sr_ws/install/controller_manager_msgs/include/controller_manager_msgs/controller_manager_msgs/srv/detail/unload_controller__functions.c
[7.569s] -- Up-to-date: /home/sr/sr_ws/install/controller_manager_msgs/include/controller_manager_msgs/controller_manager_msgs/srv/detail/configure_controller__type_support.h
[7.570s] -- Up-to-date: /home/sr/sr_ws/install/controller_manager_msgs/include/controller_manager_msgs/controller_manager_msgs/srv/detail/reload_controller_libraries__struct.h
[7.571s] -- Up-to-date: /home/sr/sr_ws/install/controller_manager_msgs/include/controller_manager_msgs/controller_manager_msgs/srv/detail/list_controller_types__type_support.h
[7.571s] -- Up-to-date: /home/sr/sr_ws/install/controller_manager_msgs/include/controller_manager_msgs/controller_manager_msgs/srv/detail/list_controller_types__functions.h
[7.571s] -- Up-to-date: /home/sr/sr_ws/install/controller_manager_msgs/include/controller_manager_msgs/controller_manager_msgs/srv/detail/list_hardware_interfaces__type_support.h
[7.572s] -- Up-to-date: /home/sr/sr_ws/install/controller_manager_msgs/include/controller_manager_msgs/controller_manager_msgs/srv/detail/list_controllers__functions.h
[7.573s] -- Up-to-date: /home/sr/sr_ws/install/controller_manager_msgs/include/controller_manager_msgs/controller_manager_msgs/srv/detail/unload_controller__type_support.h
[7.573s] -- Up-to-date: /home/sr/sr_ws/install/controller_manager_msgs/include/controller_manager_msgs/controller_manager_msgs/srv/detail/configure_controller__functions.h
[7.574s] -- Up-to-date: /home/sr/sr_ws/install/controller_manager_msgs/include/controller_manager_msgs/controller_manager_msgs/srv/list_hardware_interfaces.h
[7.574s] -- Up-to-date: /home/sr/sr_ws/install/controller_manager_msgs/include/controller_manager_msgs/controller_manager_msgs/srv/unload_controller.h
[7.575s] -- Up-to-date: /home/sr/sr_ws/install/controller_manager_msgs/include/controller_manager_msgs/controller_manager_msgs/srv/configure_controller.h
[7.575s] -- Up-to-date: /home/sr/sr_ws/install/controller_manager_msgs/include/controller_manager_msgs/controller_manager_msgs/srv/load_controller.h
[7.576s] -- Up-to-date: /home/sr/sr_ws/install/controller_manager_msgs/include/controller_manager_msgs/controller_manager_msgs/srv/list_hardware_components.h
[7.576s] -- Up-to-date: /home/sr/sr_ws/install/controller_manager_msgs/include/controller_manager_msgs/controller_manager_msgs/srv/set_hardware_component_state.h
[7.577s] -- Up-to-date: /home/sr/sr_ws/install/controller_manager_msgs/include/controller_manager_msgs/controller_manager_msgs/srv/switch_controller.h
[7.577s] -- Up-to-date: /home/sr/sr_ws/install/controller_manager_msgs/include/controller_manager_msgs/controller_manager_msgs/srv/list_controllers.h
[7.578s] -- Up-to-date: /home/sr/sr_ws/install/controller_manager_msgs/include/controller_manager_msgs/controller_manager_msgs/srv/reload_controller_libraries.h
[7.578s] -- Up-to-date: /home/sr/sr_ws/install/controller_manager_msgs/include/controller_manager_msgs/controller_manager_msgs/srv/list_controller_types.h
[7.579s] -- Up-to-date: /home/sr/sr_ws/install/controller_manager_msgs/include/controller_manager_msgs/controller_manager_msgs/msg
[7.579s] -- Up-to-date: /home/sr/sr_ws/install/controller_manager_msgs/include/controller_manager_msgs/controller_manager_msgs/msg/detail
[7.580s] -- Up-to-date: /home/sr/sr_ws/install/controller_manager_msgs/include/controller_manager_msgs/controller_manager_msgs/msg/detail/hardware_interface__type_support.h
[7.580s] -- Up-to-date: /home/sr/sr_ws/install/controller_manager_msgs/include/controller_manager_msgs/controller_manager_msgs/msg/detail/hardware_interface__struct.h
[7.581s] -- Up-to-date: /home/sr/sr_ws/install/controller_manager_msgs/include/controller_manager_msgs/controller_manager_msgs/msg/detail/chain_connection__functions.c
[7.581s] -- Up-to-date: /home/sr/sr_ws/install/controller_manager_msgs/include/controller_manager_msgs/controller_manager_msgs/msg/detail/controller_state__functions.c
[7.581s] -- Up-to-date: /home/sr/sr_ws/install/controller_manager_msgs/include/controller_manager_msgs/controller_manager_msgs/msg/detail/controller_state__type_support.h
[7.582s] -- Up-to-date: /home/sr/sr_ws/install/controller_manager_msgs/include/controller_manager_msgs/controller_manager_msgs/msg/detail/hardware_component_state__functions.h
[7.583s] -- Up-to-date: /home/sr/sr_ws/install/controller_manager_msgs/include/controller_manager_msgs/controller_manager_msgs/msg/detail/chain_connection__functions.h
[7.583s] -- Up-to-date: /home/sr/sr_ws/install/controller_manager_msgs/include/controller_manager_msgs/controller_manager_msgs/msg/detail/hardware_interface__functions.h
[7.584s] -- Up-to-date: /home/sr/sr_ws/install/controller_manager_msgs/include/controller_manager_msgs/controller_manager_msgs/msg/detail/controller_state__struct.h
[7.584s] -- Up-to-date: /home/sr/sr_ws/install/controller_manager_msgs/include/controller_manager_msgs/controller_manager_msgs/msg/detail/chain_connection__type_support.h
[7.585s] -- Up-to-date: /home/sr/sr_ws/install/controller_manager_msgs/include/controller_manager_msgs/controller_manager_msgs/msg/detail/controller_state__functions.h
[7.585s] -- Up-to-date: /home/sr/sr_ws/install/controller_manager_msgs/include/controller_manager_msgs/controller_manager_msgs/msg/detail/hardware_component_state__type_support.h
[7.585s] -- Up-to-date: /home/sr/sr_ws/install/controller_manager_msgs/include/controller_manager_msgs/controller_manager_msgs/msg/detail/chain_connection__struct.h
[7.586s] -- Up-to-date: /home/sr/sr_ws/install/controller_manager_msgs/include/controller_manager_msgs/controller_manager_msgs/msg/detail/hardware_interface__functions.c
[7.586s] -- Up-to-date: /home/sr/sr_ws/install/controller_manager_msgs/include/controller_manager_msgs/controller_manager_msgs/msg/detail/hardware_component_state__struct.h
[7.587s] -- Up-to-date: /home/sr/sr_ws/install/controller_manager_msgs/include/controller_manager_msgs/controller_manager_msgs/msg/detail/hardware_component_state__functions.c
[7.587s] -- Up-to-date: /home/sr/sr_ws/install/controller_manager_msgs/include/controller_manager_msgs/controller_manager_msgs/msg/hardware_component_state.h
[7.588s] -- Up-to-date: /home/sr/sr_ws/install/controller_manager_msgs/include/controller_manager_msgs/controller_manager_msgs/msg/chain_connection.h
[7.588s] -- Up-to-date: /home/sr/sr_ws/install/controller_manager_msgs/include/controller_manager_msgs/controller_manager_msgs/msg/hardware_interface.h
[7.589s] -- Up-to-date: /home/sr/sr_ws/install/controller_manager_msgs/include/controller_manager_msgs/controller_manager_msgs/msg/controller_state.h
[7.589s] -- Up-to-date: /home/sr/sr_ws/install/controller_manager_msgs/include/controller_manager_msgs/controller_manager_msgs/msg/rosidl_generator_c__visibility_control.h
[7.590s] -- Up-to-date: /home/sr/sr_ws/install/controller_manager_msgs/share/controller_manager_msgs/environment/library_path.sh
[7.590s] -- Up-to-date: /home/sr/sr_ws/install/controller_manager_msgs/share/controller_manager_msgs/environment/library_path.dsv
[7.591s] -- Up-to-date: /home/sr/sr_ws/install/controller_manager_msgs/lib/libcontroller_manager_msgs__rosidl_generator_c.so
[7.591s] -- Up-to-date: /home/sr/sr_ws/install/controller_manager_msgs/include/controller_manager_msgs/controller_manager_msgs
[7.592s] -- Up-to-date: /home/sr/sr_ws/install/controller_manager_msgs/include/controller_manager_msgs/controller_manager_msgs/srv
[7.592s] -- Up-to-date: /home/sr/sr_ws/install/controller_manager_msgs/include/controller_manager_msgs/controller_manager_msgs/srv/detail
[7.593s] -- Up-to-date: /home/sr/sr_ws/install/controller_manager_msgs/include/controller_manager_msgs/controller_manager_msgs/srv/detail/configure_controller__rosidl_typesupport_fastrtps_c.h
[7.593s] -- Up-to-date: /home/sr/sr_ws/install/controller_manager_msgs/include/controller_manager_msgs/controller_manager_msgs/srv/detail/load_controller__rosidl_typesupport_fastrtps_c.h
[7.594s] -- Up-to-date: /home/sr/sr_ws/install/controller_manager_msgs/include/controller_manager_msgs/controller_manager_msgs/srv/detail/list_controllers__rosidl_typesupport_fastrtps_c.h
[7.594s] -- Up-to-date: /home/sr/sr_ws/install/controller_manager_msgs/include/controller_manager_msgs/controller_manager_msgs/srv/detail/list_controller_types__rosidl_typesupport_fastrtps_c.h
[7.595s] -- Up-to-date: /home/sr/sr_ws/install/controller_manager_msgs/include/controller_manager_msgs/controller_manager_msgs/srv/detail/list_hardware_interfaces__rosidl_typesupport_fastrtps_c.h
[7.596s] -- Up-to-date: /home/sr/sr_ws/install/controller_manager_msgs/include/controller_manager_msgs/controller_manager_msgs/srv/detail/list_hardware_components__rosidl_typesupport_fastrtps_c.h
[7.597s] -- Up-to-date: /home/sr/sr_ws/install/controller_manager_msgs/include/controller_manager_msgs/controller_manager_msgs/srv/detail/reload_controller_libraries__rosidl_typesupport_fastrtps_c.h
[7.597s] -- Up-to-date: /home/sr/sr_ws/install/controller_manager_msgs/include/controller_manager_msgs/controller_manager_msgs/srv/detail/set_hardware_component_state__rosidl_typesupport_fastrtps_c.h
[7.597s] -- Up-to-date: /home/sr/sr_ws/install/controller_manager_msgs/include/controller_manager_msgs/controller_manager_msgs/srv/detail/switch_controller__rosidl_typesupport_fastrtps_c.h
[7.598s] -- Up-to-date: /home/sr/sr_ws/install/controller_manager_msgs/include/controller_manager_msgs/controller_manager_msgs/srv/detail/unload_controller__rosidl_typesupport_fastrtps_c.h
[7.599s] -- Up-to-date: /home/sr/sr_ws/install/controller_manager_msgs/include/controller_manager_msgs/controller_manager_msgs/msg
[7.599s] -- Up-to-date: /home/sr/sr_ws/install/controller_manager_msgs/include/controller_manager_msgs/controller_manager_msgs/msg/detail
[7.600s] -- Up-to-date: /home/sr/sr_ws/install/controller_manager_msgs/include/controller_manager_msgs/controller_manager_msgs/msg/detail/hardware_interface__rosidl_typesupport_fastrtps_c.h
[7.600s] -- Up-to-date: /home/sr/sr_ws/install/controller_manager_msgs/include/controller_manager_msgs/controller_manager_msgs/msg/detail/chain_connection__rosidl_typesupport_fastrtps_c.h
[7.601s] -- Up-to-date: /home/sr/sr_ws/install/controller_manager_msgs/include/controller_manager_msgs/controller_manager_msgs/msg/detail/hardware_component_state__rosidl_typesupport_fastrtps_c.h
[7.601s] -- Up-to-date: /home/sr/sr_ws/install/controller_manager_msgs/include/controller_manager_msgs/controller_manager_msgs/msg/detail/controller_state__rosidl_typesupport_fastrtps_c.h
[7.601s] -- Up-to-date: /home/sr/sr_ws/install/controller_manager_msgs/include/controller_manager_msgs/controller_manager_msgs/msg/rosidl_typesupport_fastrtps_c__visibility_control.h
[7.602s] -- Up-to-date: /home/sr/sr_ws/install/controller_manager_msgs/lib/libcontroller_manager_msgs__rosidl_typesupport_fastrtps_c.so
[7.602s] -- Up-to-date: /home/sr/sr_ws/install/controller_manager_msgs/include/controller_manager_msgs/controller_manager_msgs
[7.603s] -- Up-to-date: /home/sr/sr_ws/install/controller_manager_msgs/include/controller_manager_msgs/controller_manager_msgs/srv
[7.603s] -- Up-to-date: /home/sr/sr_ws/install/controller_manager_msgs/include/controller_manager_msgs/controller_manager_msgs/srv/list_controller_types.hpp
[7.604s] -- Up-to-date: /home/sr/sr_ws/install/controller_manager_msgs/include/controller_manager_msgs/controller_manager_msgs/srv/detail
[7.604s] -- Up-to-date: /home/sr/sr_ws/install/controller_manager_msgs/include/controller_manager_msgs/controller_manager_msgs/srv/detail/switch_controller__builder.hpp
[7.605s] -- Up-to-date: /home/sr/sr_ws/install/controller_manager_msgs/include/controller_manager_msgs/controller_manager_msgs/srv/detail/list_controllers__traits.hpp
[7.605s] -- Up-to-date: /home/sr/sr_ws/install/controller_manager_msgs/include/controller_manager_msgs/controller_manager_msgs/srv/detail/list_hardware_components__struct.hpp
[7.606s] -- Up-to-date: /home/sr/sr_ws/install/controller_manager_msgs/include/controller_manager_msgs/controller_manager_msgs/srv/detail/list_hardware_interfaces__traits.hpp
[7.606s] -- Up-to-date: /home/sr/sr_ws/install/controller_manager_msgs/include/controller_manager_msgs/controller_manager_msgs/srv/detail/list_hardware_interfaces__builder.hpp
[7.607s] -- Up-to-date: /home/sr/sr_ws/install/controller_manager_msgs/include/controller_manager_msgs/controller_manager_msgs/srv/detail/set_hardware_component_state__traits.hpp
[7.607s] -- Up-to-date: /home/sr/sr_ws/install/controller_manager_msgs/include/controller_manager_msgs/controller_manager_msgs/srv/detail/unload_controller__traits.hpp
[7.608s] -- Up-to-date: /home/sr/sr_ws/install/controller_manager_msgs/include/controller_manager_msgs/controller_manager_msgs/srv/detail/reload_controller_libraries__struct.hpp
[7.608s] -- Up-to-date: /home/sr/sr_ws/install/controller_manager_msgs/include/controller_manager_msgs/controller_manager_msgs/srv/detail/load_controller__traits.hpp
[7.609s] -- Up-to-date: /home/sr/sr_ws/install/controller_manager_msgs/include/controller_manager_msgs/controller_manager_msgs/srv/detail/reload_controller_libraries__traits.hpp
[7.609s] -- Up-to-date: /home/sr/sr_ws/install/controller_manager_msgs/include/controller_manager_msgs/controller_manager_msgs/srv/detail/configure_controller__struct.hpp
[7.610s] -- Up-to-date: /home/sr/sr_ws/install/controller_manager_msgs/include/controller_manager_msgs/controller_manager_msgs/srv/detail/configure_controller__traits.hpp
[7.610s] -- Up-to-date: /home/sr/sr_ws/install/controller_manager_msgs/include/controller_manager_msgs/controller_manager_msgs/srv/detail/switch_controller__struct.hpp
[7.611s] -- Up-to-date: /home/sr/sr_ws/install/controller_manager_msgs/include/controller_manager_msgs/controller_manager_msgs/srv/detail/list_controllers__struct.hpp
[7.611s] -- Up-to-date: /home/sr/sr_ws/install/controller_manager_msgs/include/controller_manager_msgs/controller_manager_msgs/srv/detail/unload_controller__struct.hpp
[7.612s] -- Up-to-date: /home/sr/sr_ws/install/controller_manager_msgs/include/controller_manager_msgs/controller_manager_msgs/srv/detail/list_controller_types__struct.hpp
[7.612s] -- Up-to-date: /home/sr/sr_ws/install/controller_manager_msgs/include/controller_manager_msgs/controller_manager_msgs/srv/detail/load_controller__builder.hpp
[7.613s] -- Up-to-date: /home/sr/sr_ws/install/controller_manager_msgs/include/controller_manager_msgs/controller_manager_msgs/srv/detail/list_controllers__builder.hpp
[7.613s] -- Up-to-date: /home/sr/sr_ws/install/controller_manager_msgs/include/controller_manager_msgs/controller_manager_msgs/srv/detail/configure_controller__builder.hpp
[7.614s] -- Up-to-date: /home/sr/sr_ws/install/controller_manager_msgs/include/controller_manager_msgs/controller_manager_msgs/srv/detail/unload_controller__builder.hpp
[7.614s] -- Up-to-date: /home/sr/sr_ws/install/controller_manager_msgs/include/controller_manager_msgs/controller_manager_msgs/srv/detail/list_controller_types__traits.hpp
[7.615s] -- Up-to-date: /home/sr/sr_ws/install/controller_manager_msgs/include/controller_manager_msgs/controller_manager_msgs/srv/detail/load_controller__struct.hpp
[7.615s] -- Up-to-date: /home/sr/sr_ws/install/controller_manager_msgs/include/controller_manager_msgs/controller_manager_msgs/srv/detail/set_hardware_component_state__struct.hpp
[7.616s] -- Up-to-date: /home/sr/sr_ws/install/controller_manager_msgs/include/controller_manager_msgs/controller_manager_msgs/srv/detail/list_controller_types__builder.hpp
[7.616s] -- Up-to-date: /home/sr/sr_ws/install/controller_manager_msgs/include/controller_manager_msgs/controller_manager_msgs/srv/detail/switch_controller__traits.hpp
[7.617s] -- Up-to-date: /home/sr/sr_ws/install/controller_manager_msgs/include/controller_manager_msgs/controller_manager_msgs/srv/detail/list_hardware_components__builder.hpp
[7.617s] -- Up-to-date: /home/sr/sr_ws/install/controller_manager_msgs/include/controller_manager_msgs/controller_manager_msgs/srv/detail/reload_controller_libraries__builder.hpp
[7.618s] -- Up-to-date: /home/sr/sr_ws/install/controller_manager_msgs/include/controller_manager_msgs/controller_manager_msgs/srv/detail/set_hardware_component_state__builder.hpp
[7.618s] -- Up-to-date: /home/sr/sr_ws/install/controller_manager_msgs/include/controller_manager_msgs/controller_manager_msgs/srv/detail/list_hardware_interfaces__struct.hpp
[7.619s] -- Up-to-date: /home/sr/sr_ws/install/controller_manager_msgs/include/controller_manager_msgs/controller_manager_msgs/srv/detail/list_hardware_components__traits.hpp
[7.619s] -- Up-to-date: /home/sr/sr_ws/install/controller_manager_msgs/include/controller_manager_msgs/controller_manager_msgs/srv/list_hardware_interfaces.hpp
[7.619s] -- Up-to-date: /home/sr/sr_ws/install/controller_manager_msgs/include/controller_manager_msgs/controller_manager_msgs/srv/list_controllers.hpp
[7.620s] -- Up-to-date: /home/sr/sr_ws/install/controller_manager_msgs/include/controller_manager_msgs/controller_manager_msgs/srv/switch_controller.hpp
[7.620s] -- Up-to-date: /home/sr/sr_ws/install/controller_manager_msgs/include/controller_manager_msgs/controller_manager_msgs/srv/list_hardware_components.hpp
[7.621s] -- Up-to-date: /home/sr/sr_ws/install/controller_manager_msgs/include/controller_manager_msgs/controller_manager_msgs/srv/set_hardware_component_state.hpp
[7.621s] -- Up-to-date: /home/sr/sr_ws/install/controller_manager_msgs/include/controller_manager_msgs/controller_manager_msgs/srv/reload_controller_libraries.hpp
[7.622s] -- Up-to-date: /home/sr/sr_ws/install/controller_manager_msgs/include/controller_manager_msgs/controller_manager_msgs/srv/unload_controller.hpp
[7.622s] -- Up-to-date: /home/sr/sr_ws/install/controller_manager_msgs/include/controller_manager_msgs/controller_manager_msgs/srv/load_controller.hpp
[7.623s] -- Up-to-date: /home/sr/sr_ws/install/controller_manager_msgs/include/controller_manager_msgs/controller_manager_msgs/srv/configure_controller.hpp
[7.623s] -- Up-to-date: /home/sr/sr_ws/install/controller_manager_msgs/include/controller_manager_msgs/controller_manager_msgs/msg
[7.624s] -- Up-to-date: /home/sr/sr_ws/install/controller_manager_msgs/include/controller_manager_msgs/controller_manager_msgs/msg/detail
[7.624s] -- Up-to-date: /home/sr/sr_ws/install/controller_manager_msgs/include/controller_manager_msgs/controller_manager_msgs/msg/detail/controller_state__struct.hpp
[7.625s] -- Up-to-date: /home/sr/sr_ws/install/controller_manager_msgs/include/controller_manager_msgs/controller_manager_msgs/msg/detail/hardware_component_state__builder.hpp
[7.625s] -- Up-to-date: /home/sr/sr_ws/install/controller_manager_msgs/include/controller_manager_msgs/controller_manager_msgs/msg/detail/hardware_interface__builder.hpp
[7.625s] -- Up-to-date: /home/sr/sr_ws/install/controller_manager_msgs/include/controller_manager_msgs/controller_manager_msgs/msg/detail/hardware_interface__struct.hpp
[7.626s] -- Up-to-date: /home/sr/sr_ws/install/controller_manager_msgs/include/controller_manager_msgs/controller_manager_msgs/msg/detail/hardware_interface__traits.hpp
[7.626s] -- Up-to-date: /home/sr/sr_ws/install/controller_manager_msgs/include/controller_manager_msgs/controller_manager_msgs/msg/detail/chain_connection__traits.hpp
[7.627s] -- Up-to-date: /home/sr/sr_ws/install/controller_manager_msgs/include/controller_manager_msgs/controller_manager_msgs/msg/detail/hardware_component_state__struct.hpp
[7.627s] -- Up-to-date: /home/sr/sr_ws/install/controller_manager_msgs/include/controller_manager_msgs/controller_manager_msgs/msg/detail/controller_state__traits.hpp
[7.628s] -- Up-to-date: /home/sr/sr_ws/install/controller_manager_msgs/include/controller_manager_msgs/controller_manager_msgs/msg/detail/hardware_component_state__traits.hpp
[7.628s] -- Up-to-date: /home/sr/sr_ws/install/controller_manager_msgs/include/controller_manager_msgs/controller_manager_msgs/msg/detail/controller_state__builder.hpp
[7.629s] -- Up-to-date: /home/sr/sr_ws/install/controller_manager_msgs/include/controller_manager_msgs/controller_manager_msgs/msg/detail/chain_connection__struct.hpp
[7.629s] -- Up-to-date: /home/sr/sr_ws/install/controller_manager_msgs/include/controller_manager_msgs/controller_manager_msgs/msg/detail/chain_connection__builder.hpp
[7.630s] -- Up-to-date: /home/sr/sr_ws/install/controller_manager_msgs/include/controller_manager_msgs/controller_manager_msgs/msg/hardware_interface.hpp
[7.630s] -- Up-to-date: /home/sr/sr_ws/install/controller_manager_msgs/include/controller_manager_msgs/controller_manager_msgs/msg/controller_state.hpp
[7.631s] -- Up-to-date: /home/sr/sr_ws/install/controller_manager_msgs/include/controller_manager_msgs/controller_manager_msgs/msg/hardware_component_state.hpp
[7.631s] -- Up-to-date: /home/sr/sr_ws/install/controller_manager_msgs/include/controller_manager_msgs/controller_manager_msgs/msg/chain_connection.hpp
[7.631s] -- Up-to-date: /home/sr/sr_ws/install/controller_manager_msgs/include/controller_manager_msgs/controller_manager_msgs
[7.632s] -- Up-to-date: /home/sr/sr_ws/install/controller_manager_msgs/include/controller_manager_msgs/controller_manager_msgs/srv
[7.632s] -- Up-to-date: /home/sr/sr_ws/install/controller_manager_msgs/include/controller_manager_msgs/controller_manager_msgs/srv/detail
[7.633s] -- Up-to-date: /home/sr/sr_ws/install/controller_manager_msgs/include/controller_manager_msgs/controller_manager_msgs/srv/detail/unload_controller__rosidl_typesupport_fastrtps_cpp.hpp
[7.634s] -- Up-to-date: /home/sr/sr_ws/install/controller_manager_msgs/include/controller_manager_msgs/controller_manager_msgs/srv/detail/list_hardware_components__rosidl_typesupport_fastrtps_cpp.hpp
[7.634s] -- Up-to-date: /home/sr/sr_ws/install/controller_manager_msgs/include/controller_manager_msgs/controller_manager_msgs/srv/detail/reload_controller_libraries__rosidl_typesupport_fastrtps_cpp.hpp
[7.635s] -- Up-to-date: /home/sr/sr_ws/install/controller_manager_msgs/include/controller_manager_msgs/controller_manager_msgs/srv/detail/configure_controller__rosidl_typesupport_fastrtps_cpp.hpp
[7.635s] -- Up-to-date: /home/sr/sr_ws/install/controller_manager_msgs/include/controller_manager_msgs/controller_manager_msgs/srv/detail/switch_controller__rosidl_typesupport_fastrtps_cpp.hpp
[7.636s] -- Up-to-date: /home/sr/sr_ws/install/controller_manager_msgs/include/controller_manager_msgs/controller_manager_msgs/srv/detail/list_controller_types__rosidl_typesupport_fastrtps_cpp.hpp
[7.636s] -- Up-to-date: /home/sr/sr_ws/install/controller_manager_msgs/include/controller_manager_msgs/controller_manager_msgs/srv/detail/list_hardware_interfaces__rosidl_typesupport_fastrtps_cpp.hpp
[7.637s] -- Up-to-date: /home/sr/sr_ws/install/controller_manager_msgs/include/controller_manager_msgs/controller_manager_msgs/srv/detail/dds_fastrtps
[7.637s] -- Up-to-date: /home/sr/sr_ws/install/controller_manager_msgs/include/controller_manager_msgs/controller_manager_msgs/srv/detail/list_controllers__rosidl_typesupport_fastrtps_cpp.hpp
[7.638s] -- Up-to-date: /home/sr/sr_ws/install/controller_manager_msgs/include/controller_manager_msgs/controller_manager_msgs/srv/detail/load_controller__rosidl_typesupport_fastrtps_cpp.hpp
[7.638s] -- Up-to-date: /home/sr/sr_ws/install/controller_manager_msgs/include/controller_manager_msgs/controller_manager_msgs/srv/detail/set_hardware_component_state__rosidl_typesupport_fastrtps_cpp.hpp
[7.639s] -- Up-to-date: /home/sr/sr_ws/install/controller_manager_msgs/include/controller_manager_msgs/controller_manager_msgs/msg
[7.639s] -- Up-to-date: /home/sr/sr_ws/install/controller_manager_msgs/include/controller_manager_msgs/controller_manager_msgs/msg/detail
[7.640s] -- Up-to-date: /home/sr/sr_ws/install/controller_manager_msgs/include/controller_manager_msgs/controller_manager_msgs/msg/detail/hardware_component_state__rosidl_typesupport_fastrtps_cpp.hpp
[7.641s] -- Up-to-date: /home/sr/sr_ws/install/controller_manager_msgs/include/controller_manager_msgs/controller_manager_msgs/msg/detail/controller_state__rosidl_typesupport_fastrtps_cpp.hpp
[7.641s] -- Up-to-date: /home/sr/sr_ws/install/controller_manager_msgs/include/controller_manager_msgs/controller_manager_msgs/msg/detail/chain_connection__rosidl_typesupport_fastrtps_cpp.hpp
[7.642s] -- Up-to-date: /home/sr/sr_ws/install/controller_manager_msgs/include/controller_manager_msgs/controller_manager_msgs/msg/detail/hardware_interface__rosidl_typesupport_fastrtps_cpp.hpp
[7.642s] -- Up-to-date: /home/sr/sr_ws/install/controller_manager_msgs/include/controller_manager_msgs/controller_manager_msgs/msg/detail/dds_fastrtps
[7.643s] -- Up-to-date: /home/sr/sr_ws/install/controller_manager_msgs/include/controller_manager_msgs/controller_manager_msgs/msg/rosidl_typesupport_fastrtps_cpp__visibility_control.h
[7.643s] -- Up-to-date: /home/sr/sr_ws/install/controller_manager_msgs/lib/libcontroller_manager_msgs__rosidl_typesupport_fastrtps_cpp.so
[7.644s] -- Up-to-date: /home/sr/sr_ws/install/controller_manager_msgs/include/controller_manager_msgs/controller_manager_msgs
[7.644s] -- Up-to-date: /home/sr/sr_ws/install/controller_manager_msgs/include/controller_manager_msgs/controller_manager_msgs/srv
[7.645s] -- Up-to-date: /home/sr/sr_ws/install/controller_manager_msgs/include/controller_manager_msgs/controller_manager_msgs/srv/detail
[7.645s] -- Up-to-date: /home/sr/sr_ws/install/controller_manager_msgs/include/controller_manager_msgs/controller_manager_msgs/srv/detail/switch_controller__rosidl_typesupport_introspection_c.h
[7.646s] -- Up-to-date: /home/sr/sr_ws/install/controller_manager_msgs/include/controller_manager_msgs/controller_manager_msgs/srv/detail/configure_controller__rosidl_typesupport_introspection_c.h
[7.646s] -- Up-to-date: /home/sr/sr_ws/install/controller_manager_msgs/include/controller_manager_msgs/controller_manager_msgs/srv/detail/list_hardware_components__type_support.c
[7.647s] -- Up-to-date: /home/sr/sr_ws/install/controller_manager_msgs/include/controller_manager_msgs/controller_manager_msgs/srv/detail/list_controller_types__type_support.c
[7.647s] -- Up-to-date: /home/sr/sr_ws/install/controller_manager_msgs/include/controller_manager_msgs/controller_manager_msgs/srv/detail/switch_controller__type_support.c
[7.648s] -- Up-to-date: /home/sr/sr_ws/install/controller_manager_msgs/include/controller_manager_msgs/controller_manager_msgs/srv/detail/load_controller__type_support.c
[7.648s] -- Up-to-date: /home/sr/sr_ws/install/controller_manager_msgs/include/controller_manager_msgs/controller_manager_msgs/srv/detail/list_controllers__rosidl_typesupport_introspection_c.h
[7.649s] -- Up-to-date: /home/sr/sr_ws/install/controller_manager_msgs/include/controller_manager_msgs/controller_manager_msgs/srv/detail/reload_controller_libraries__type_support.c
[7.650s] -- Up-to-date: /home/sr/sr_ws/install/controller_manager_msgs/include/controller_manager_msgs/controller_manager_msgs/srv/detail/list_controller_types__rosidl_typesupport_introspection_c.h
[7.650s] -- Up-to-date: /home/sr/sr_ws/install/controller_manager_msgs/include/controller_manager_msgs/controller_manager_msgs/srv/detail/list_hardware_components__rosidl_typesupport_introspection_c.h
[7.651s] -- Up-to-date: /home/sr/sr_ws/install/controller_manager_msgs/include/controller_manager_msgs/controller_manager_msgs/srv/detail/list_controllers__type_support.c
[7.652s] -- Up-to-date: /home/sr/sr_ws/install/controller_manager_msgs/include/controller_manager_msgs/controller_manager_msgs/srv/detail/list_hardware_interfaces__rosidl_typesupport_introspection_c.h
[7.652s] -- Up-to-date: /home/sr/sr_ws/install/controller_manager_msgs/include/controller_manager_msgs/controller_manager_msgs/srv/detail/unload_controller__type_support.c
[7.653s] -- Up-to-date: /home/sr/sr_ws/install/controller_manager_msgs/include/controller_manager_msgs/controller_manager_msgs/srv/detail/unload_controller__rosidl_typesupport_introspection_c.h
[7.653s] -- Up-to-date: /home/sr/sr_ws/install/controller_manager_msgs/include/controller_manager_msgs/controller_manager_msgs/srv/detail/set_hardware_component_state__type_support.c
[7.653s] -- Up-to-date: /home/sr/sr_ws/install/controller_manager_msgs/include/controller_manager_msgs/controller_manager_msgs/srv/detail/set_hardware_component_state__rosidl_typesupport_introspection_c.h
[7.654s] -- Up-to-date: /home/sr/sr_ws/install/controller_manager_msgs/include/controller_manager_msgs/controller_manager_msgs/srv/detail/list_hardware_interfaces__type_support.c
[7.654s] -- Up-to-date: /home/sr/sr_ws/install/controller_manager_msgs/include/controller_manager_msgs/controller_manager_msgs/srv/detail/configure_controller__type_support.c
[7.655s] -- Up-to-date: /home/sr/sr_ws/install/controller_manager_msgs/include/controller_manager_msgs/controller_manager_msgs/srv/detail/reload_controller_libraries__rosidl_typesupport_introspection_c.h
[7.655s] -- Up-to-date: /home/sr/sr_ws/install/controller_manager_msgs/include/controller_manager_msgs/controller_manager_msgs/srv/detail/load_controller__rosidl_typesupport_introspection_c.h
[7.656s] -- Up-to-date: /home/sr/sr_ws/install/controller_manager_msgs/include/controller_manager_msgs/controller_manager_msgs/msg
[7.656s] -- Up-to-date: /home/sr/sr_ws/install/controller_manager_msgs/include/controller_manager_msgs/controller_manager_msgs/msg/detail
[7.657s] -- Up-to-date: /home/sr/sr_ws/install/controller_manager_msgs/include/controller_manager_msgs/controller_manager_msgs/msg/detail/controller_state__rosidl_typesupport_introspection_c.h
[7.657s] -- Up-to-date: /home/sr/sr_ws/install/controller_manager_msgs/include/controller_manager_msgs/controller_manager_msgs/msg/detail/hardware_interface__type_support.c
[7.658s] -- Up-to-date: /home/sr/sr_ws/install/controller_manager_msgs/include/controller_manager_msgs/controller_manager_msgs/msg/detail/hardware_component_state__type_support.c
[7.658s] -- Up-to-date: /home/sr/sr_ws/install/controller_manager_msgs/include/controller_manager_msgs/controller_manager_msgs/msg/detail/chain_connection__type_support.c
[7.659s] -- Up-to-date: /home/sr/sr_ws/install/controller_manager_msgs/include/controller_manager_msgs/controller_manager_msgs/msg/detail/chain_connection__rosidl_typesupport_introspection_c.h
[7.659s] -- Up-to-date: /home/sr/sr_ws/install/controller_manager_msgs/include/controller_manager_msgs/controller_manager_msgs/msg/detail/hardware_interface__rosidl_typesupport_introspection_c.h
[7.660s] -- Up-to-date: /home/sr/sr_ws/install/controller_manager_msgs/include/controller_manager_msgs/controller_manager_msgs/msg/detail/controller_state__type_support.c
[7.660s] -- Up-to-date: /home/sr/sr_ws/install/controller_manager_msgs/include/controller_manager_msgs/controller_manager_msgs/msg/detail/hardware_component_state__rosidl_typesupport_introspection_c.h
[7.661s] -- Up-to-date: /home/sr/sr_ws/install/controller_manager_msgs/include/controller_manager_msgs/controller_manager_msgs/msg/rosidl_typesupport_introspection_c__visibility_control.h
[7.663s] -- Up-to-date: /home/sr/sr_ws/install/controller_manager_msgs/lib/libcontroller_manager_msgs__rosidl_typesupport_introspection_c.so
[7.665s] -- Up-to-date: /home/sr/sr_ws/install/controller_manager_msgs/lib/libcontroller_manager_msgs__rosidl_typesupport_c.so
[7.667s] -- Up-to-date: /home/sr/sr_ws/install/controller_manager_msgs/include/controller_manager_msgs/controller_manager_msgs
[7.667s] -- Up-to-date: /home/sr/sr_ws/install/controller_manager_msgs/include/controller_manager_msgs/controller_manager_msgs/srv
[7.668s] -- Up-to-date: /home/sr/sr_ws/install/controller_manager_msgs/include/controller_manager_msgs/controller_manager_msgs/srv/detail
[7.669s] -- Up-to-date: /home/sr/sr_ws/install/controller_manager_msgs/include/controller_manager_msgs/controller_manager_msgs/srv/detail/configure_controller__type_support.cpp
[7.669s] -- Up-to-date: /home/sr/sr_ws/install/controller_manager_msgs/include/controller_manager_msgs/controller_manager_msgs/srv/detail/unload_controller__type_support.cpp
[7.670s] -- Up-to-date: /home/sr/sr_ws/install/controller_manager_msgs/include/controller_manager_msgs/controller_manager_msgs/srv/detail/configure_controller__rosidl_typesupport_introspection_cpp.hpp
[7.671s] -- Up-to-date: /home/sr/sr_ws/install/controller_manager_msgs/include/controller_manager_msgs/controller_manager_msgs/srv/detail/list_controllers__type_support.cpp
[7.671s] -- Up-to-date: /home/sr/sr_ws/install/controller_manager_msgs/include/controller_manager_msgs/controller_manager_msgs/srv/detail/switch_controller__type_support.cpp
[7.672s] -- Up-to-date: /home/sr/sr_ws/install/controller_manager_msgs/include/controller_manager_msgs/controller_manager_msgs/srv/detail/list_hardware_components__type_support.cpp
[7.672s] -- Up-to-date: /home/sr/sr_ws/install/controller_manager_msgs/include/controller_manager_msgs/controller_manager_msgs/srv/detail/list_controller_types__type_support.cpp
[7.673s] -- Up-to-date: /home/sr/sr_ws/install/controller_manager_msgs/include/controller_manager_msgs/controller_manager_msgs/srv/detail/list_hardware_interfaces__rosidl_typesupport_introspection_cpp.hpp
[7.673s] -- Up-to-date: /home/sr/sr_ws/install/controller_manager_msgs/include/controller_manager_msgs/controller_manager_msgs/srv/detail/reload_controller_libraries__type_support.cpp
[7.674s] -- Up-to-date: /home/sr/sr_ws/install/controller_manager_msgs/include/controller_manager_msgs/controller_manager_msgs/srv/detail/list_controller_types__rosidl_typesupport_introspection_cpp.hpp
[7.674s] -- Up-to-date: /home/sr/sr_ws/install/controller_manager_msgs/include/controller_manager_msgs/controller_manager_msgs/srv/detail/list_hardware_components__rosidl_typesupport_introspection_cpp.hpp
[7.675s] -- Up-to-date: /home/sr/sr_ws/install/controller_manager_msgs/include/controller_manager_msgs/controller_manager_msgs/srv/detail/list_controllers__rosidl_typesupport_introspection_cpp.hpp
[7.675s] -- Up-to-date: /home/sr/sr_ws/install/controller_manager_msgs/include/controller_manager_msgs/controller_manager_msgs/srv/detail/unload_controller__rosidl_typesupport_introspection_cpp.hpp
[7.676s] -- Up-to-date: /home/sr/sr_ws/install/controller_manager_msgs/include/controller_manager_msgs/controller_manager_msgs/srv/detail/load_controller__rosidl_typesupport_introspection_cpp.hpp
[7.677s] -- Up-to-date: /home/sr/sr_ws/install/controller_manager_msgs/include/controller_manager_msgs/controller_manager_msgs/srv/detail/set_hardware_component_state__type_support.cpp
[7.677s] -- Up-to-date: /home/sr/sr_ws/install/controller_manager_msgs/include/controller_manager_msgs/controller_manager_msgs/srv/detail/load_controller__type_support.cpp
[7.677s] -- Up-to-date: /home/sr/sr_ws/install/controller_manager_msgs/include/controller_manager_msgs/controller_manager_msgs/srv/detail/list_hardware_interfaces__type_support.cpp
[7.678s] -- Up-to-date: /home/sr/sr_ws/install/controller_manager_msgs/include/controller_manager_msgs/controller_manager_msgs/srv/detail/reload_controller_libraries__rosidl_typesupport_introspection_cpp.hpp
[7.679s] -- Up-to-date: /home/sr/sr_ws/install/controller_manager_msgs/include/controller_manager_msgs/controller_manager_msgs/srv/detail/set_hardware_component_state__rosidl_typesupport_introspection_cpp.hpp
[7.679s] -- Up-to-date: /home/sr/sr_ws/install/controller_manager_msgs/include/controller_manager_msgs/controller_manager_msgs/srv/detail/switch_controller__rosidl_typesupport_introspection_cpp.hpp
[7.680s] -- Up-to-date: /home/sr/sr_ws/install/controller_manager_msgs/include/controller_manager_msgs/controller_manager_msgs/msg
[7.680s] -- Up-to-date: /home/sr/sr_ws/install/controller_manager_msgs/include/controller_manager_msgs/controller_manager_msgs/msg/detail
[7.681s] -- Up-to-date: /home/sr/sr_ws/install/controller_manager_msgs/include/controller_manager_msgs/controller_manager_msgs/msg/detail/hardware_component_state__rosidl_typesupport_introspection_cpp.hpp
[7.682s] -- Up-to-date: /home/sr/sr_ws/install/controller_manager_msgs/include/controller_manager_msgs/controller_manager_msgs/msg/detail/chain_connection__rosidl_typesupport_introspection_cpp.hpp
[7.682s] -- Up-to-date: /home/sr/sr_ws/install/controller_manager_msgs/include/controller_manager_msgs/controller_manager_msgs/msg/detail/hardware_component_state__type_support.cpp
[7.683s] -- Up-to-date: /home/sr/sr_ws/install/controller_manager_msgs/include/controller_manager_msgs/controller_manager_msgs/msg/detail/chain_connection__type_support.cpp
[7.683s] -- Up-to-date: /home/sr/sr_ws/install/controller_manager_msgs/include/controller_manager_msgs/controller_manager_msgs/msg/detail/controller_state__rosidl_typesupport_introspection_cpp.hpp
[7.684s] -- Up-to-date: /home/sr/sr_ws/install/controller_manager_msgs/include/controller_manager_msgs/controller_manager_msgs/msg/detail/controller_state__type_support.cpp
[7.684s] -- Up-to-date: /home/sr/sr_ws/install/controller_manager_msgs/include/controller_manager_msgs/controller_manager_msgs/msg/detail/hardware_interface__rosidl_typesupport_introspection_cpp.hpp
[7.685s] -- Up-to-date: /home/sr/sr_ws/install/controller_manager_msgs/include/controller_manager_msgs/controller_manager_msgs/msg/detail/hardware_interface__type_support.cpp
[7.686s] -- Up-to-date: /home/sr/sr_ws/install/controller_manager_msgs/lib/libcontroller_manager_msgs__rosidl_typesupport_introspection_cpp.so
[7.689s] -- Up-to-date: /home/sr/sr_ws/install/controller_manager_msgs/lib/libcontroller_manager_msgs__rosidl_typesupport_cpp.so
[7.690s] -- Up-to-date: /home/sr/sr_ws/install/controller_manager_msgs/share/controller_manager_msgs/environment/pythonpath.sh
[7.691s] -- Up-to-date: /home/sr/sr_ws/install/controller_manager_msgs/share/controller_manager_msgs/environment/pythonpath.dsv
[7.692s] -- Up-to-date: /home/sr/sr_ws/install/controller_manager_msgs/local/lib/python3.10/dist-packages/controller_manager_msgs-2.40.0-py3.10.egg-info
[7.692s] -- Installing: /home/sr/sr_ws/install/controller_manager_msgs/local/lib/python3.10/dist-packages/controller_manager_msgs-2.40.0-py3.10.egg-info/dependency_links.txt
[7.694s] -- Installing: /home/sr/sr_ws/install/controller_manager_msgs/local/lib/python3.10/dist-packages/controller_manager_msgs-2.40.0-py3.10.egg-info/top_level.txt
[7.695s] -- Installing: /home/sr/sr_ws/install/controller_manager_msgs/local/lib/python3.10/dist-packages/controller_manager_msgs-2.40.0-py3.10.egg-info/SOURCES.txt
[7.696s] -- Installing: /home/sr/sr_ws/install/controller_manager_msgs/local/lib/python3.10/dist-packages/controller_manager_msgs-2.40.0-py3.10.egg-info/PKG-INFO
[7.698s] -- Up-to-date: /home/sr/sr_ws/install/controller_manager_msgs/local/lib/python3.10/dist-packages/controller_manager_msgs
[7.699s] -- Up-to-date: /home/sr/sr_ws/install/controller_manager_msgs/local/lib/python3.10/dist-packages/controller_manager_msgs/_controller_manager_msgs_s.ep.rosidl_typesupport_introspection_c.c
[7.700s] -- Up-to-date: /home/sr/sr_ws/install/controller_manager_msgs/local/lib/python3.10/dist-packages/controller_manager_msgs/_controller_manager_msgs_s.ep.rosidl_typesupport_c.c
[7.700s] -- Up-to-date: /home/sr/sr_ws/install/controller_manager_msgs/local/lib/python3.10/dist-packages/controller_manager_msgs/srv
[7.700s] -- Up-to-date: /home/sr/sr_ws/install/controller_manager_msgs/local/lib/python3.10/dist-packages/controller_manager_msgs/srv/_list_controller_types_s.c
[7.701s] -- Up-to-date: /home/sr/sr_ws/install/controller_manager_msgs/local/lib/python3.10/dist-packages/controller_manager_msgs/srv/_list_hardware_interfaces.py
[7.701s] -- Up-to-date: /home/sr/sr_ws/install/controller_manager_msgs/local/lib/python3.10/dist-packages/controller_manager_msgs/srv/_list_controllers.py
[7.702s] -- Up-to-date: /home/sr/sr_ws/install/controller_manager_msgs/local/lib/python3.10/dist-packages/controller_manager_msgs/srv/_list_controller_types.py
[7.702s] -- Up-to-date: /home/sr/sr_ws/install/controller_manager_msgs/local/lib/python3.10/dist-packages/controller_manager_msgs/srv/_unload_controller.py
[7.703s] -- Up-to-date: /home/sr/sr_ws/install/controller_manager_msgs/local/lib/python3.10/dist-packages/controller_manager_msgs/srv/_load_controller_s.c
[7.703s] -- Up-to-date: /home/sr/sr_ws/install/controller_manager_msgs/local/lib/python3.10/dist-packages/controller_manager_msgs/srv/_configure_controller.py
[7.704s] -- Up-to-date: /home/sr/sr_ws/install/controller_manager_msgs/local/lib/python3.10/dist-packages/controller_manager_msgs/srv/_switch_controller.py
[7.704s] -- Up-to-date: /home/sr/sr_ws/install/controller_manager_msgs/local/lib/python3.10/dist-packages/controller_manager_msgs/srv/_set_hardware_component_state.py
[7.705s] -- Up-to-date: /home/sr/sr_ws/install/controller_manager_msgs/local/lib/python3.10/dist-packages/controller_manager_msgs/srv/_reload_controller_libraries_s.c
[7.705s] -- Up-to-date: /home/sr/sr_ws/install/controller_manager_msgs/local/lib/python3.10/dist-packages/controller_manager_msgs/srv/_switch_controller_s.c
[7.706s] -- Up-to-date: /home/sr/sr_ws/install/controller_manager_msgs/local/lib/python3.10/dist-packages/controller_manager_msgs/srv/_list_hardware_components_s.c
[7.706s] -- Up-to-date: /home/sr/sr_ws/install/controller_manager_msgs/local/lib/python3.10/dist-packages/controller_manager_msgs/srv/_list_controllers_s.c
[7.707s] -- Up-to-date: /home/sr/sr_ws/install/controller_manager_msgs/local/lib/python3.10/dist-packages/controller_manager_msgs/srv/_set_hardware_component_state_s.c
[7.707s] -- Up-to-date: /home/sr/sr_ws/install/controller_manager_msgs/local/lib/python3.10/dist-packages/controller_manager_msgs/srv/_configure_controller_s.c
[7.708s] -- Up-to-date: /home/sr/sr_ws/install/controller_manager_msgs/local/lib/python3.10/dist-packages/controller_manager_msgs/srv/__init__.py
[7.708s] -- Up-to-date: /home/sr/sr_ws/install/controller_manager_msgs/local/lib/python3.10/dist-packages/controller_manager_msgs/srv/_list_hardware_interfaces_s.c
[7.709s] -- Up-to-date: /home/sr/sr_ws/install/controller_manager_msgs/local/lib/python3.10/dist-packages/controller_manager_msgs/srv/_list_hardware_components.py
[7.709s] -- Up-to-date: /home/sr/sr_ws/install/controller_manager_msgs/local/lib/python3.10/dist-packages/controller_manager_msgs/srv/_reload_controller_libraries.py
[7.710s] -- Up-to-date: /home/sr/sr_ws/install/controller_manager_msgs/local/lib/python3.10/dist-packages/controller_manager_msgs/srv/_load_controller.py
[7.710s] -- Up-to-date: /home/sr/sr_ws/install/controller_manager_msgs/local/lib/python3.10/dist-packages/controller_manager_msgs/srv/_unload_controller_s.c
[7.711s] -- Up-to-date: /home/sr/sr_ws/install/controller_manager_msgs/local/lib/python3.10/dist-packages/controller_manager_msgs/_controller_manager_msgs_s.ep.rosidl_typesupport_fastrtps_c.c
[7.711s] -- Up-to-date: /home/sr/sr_ws/install/controller_manager_msgs/local/lib/python3.10/dist-packages/controller_manager_msgs/msg
[7.712s] -- Up-to-date: /home/sr/sr_ws/install/controller_manager_msgs/local/lib/python3.10/dist-packages/controller_manager_msgs/msg/_chain_connection.py
[7.712s] -- Up-to-date: /home/sr/sr_ws/install/controller_manager_msgs/local/lib/python3.10/dist-packages/controller_manager_msgs/msg/_hardware_component_state_s.c
[7.713s] -- Up-to-date: /home/sr/sr_ws/install/controller_manager_msgs/local/lib/python3.10/dist-packages/controller_manager_msgs/msg/_hardware_interface_s.c
[7.713s] -- Up-to-date: /home/sr/sr_ws/install/controller_manager_msgs/local/lib/python3.10/dist-packages/controller_manager_msgs/msg/_controller_state_s.c
[7.714s] -- Up-to-date: /home/sr/sr_ws/install/controller_manager_msgs/local/lib/python3.10/dist-packages/controller_manager_msgs/msg/_chain_connection_s.c
[7.714s] -- Up-to-date: /home/sr/sr_ws/install/controller_manager_msgs/local/lib/python3.10/dist-packages/controller_manager_msgs/msg/_controller_state.py
[7.715s] -- Up-to-date: /home/sr/sr_ws/install/controller_manager_msgs/local/lib/python3.10/dist-packages/controller_manager_msgs/msg/__init__.py
[7.715s] -- Up-to-date: /home/sr/sr_ws/install/controller_manager_msgs/local/lib/python3.10/dist-packages/controller_manager_msgs/msg/_hardware_component_state.py
[7.715s] -- Up-to-date: /home/sr/sr_ws/install/controller_manager_msgs/local/lib/python3.10/dist-packages/controller_manager_msgs/msg/_hardware_interface.py
[7.716s] -- Up-to-date: /home/sr/sr_ws/install/controller_manager_msgs/local/lib/python3.10/dist-packages/controller_manager_msgs/libcontroller_manager_msgs__rosidl_generator_py.so
[7.716s] -- Up-to-date: /home/sr/sr_ws/install/controller_manager_msgs/local/lib/python3.10/dist-packages/controller_manager_msgs/controller_manager_msgs_s__rosidl_typesupport_fastrtps_c.cpython-310-aarch64-linux-gnu.so
[7.717s] -- Up-to-date: /home/sr/sr_ws/install/controller_manager_msgs/local/lib/python3.10/dist-packages/controller_manager_msgs/__init__.py
[7.717s] -- Up-to-date: /home/sr/sr_ws/install/controller_manager_msgs/local/lib/python3.10/dist-packages/controller_manager_msgs/controller_manager_msgs_s__rosidl_typesupport_introspection_c.cpython-310-aarch64-linux-gnu.so
[7.718s] -- Up-to-date: /home/sr/sr_ws/install/controller_manager_msgs/local/lib/python3.10/dist-packages/controller_manager_msgs/controller_manager_msgs_s__rosidl_typesupport_c.cpython-310-aarch64-linux-gnu.so
[7.906s] Listing '/home/sr/sr_ws/install/controller_manager_msgs/local/lib/python3.10/dist-packages/controller_manager_msgs'...
[7.907s] Listing '/home/sr/sr_ws/install/controller_manager_msgs/local/lib/python3.10/dist-packages/controller_manager_msgs/msg'...
[7.909s] Listing '/home/sr/sr_ws/install/controller_manager_msgs/local/lib/python3.10/dist-packages/controller_manager_msgs/srv'...
[7.930s] -- Up-to-date: /home/sr/sr_ws/install/controller_manager_msgs/local/lib/python3.10/dist-packages/controller_manager_msgs/controller_manager_msgs_s__rosidl_typesupport_fastrtps_c.cpython-310-aarch64-linux-gnu.so
[7.933s] -- Up-to-date: /home/sr/sr_ws/install/controller_manager_msgs/local/lib/python3.10/dist-packages/controller_manager_msgs/controller_manager_msgs_s__rosidl_typesupport_introspection_c.cpython-310-aarch64-linux-gnu.so
[7.936s] -- Up-to-date: /home/sr/sr_ws/install/controller_manager_msgs/local/lib/python3.10/dist-packages/controller_manager_msgs/controller_manager_msgs_s__rosidl_typesupport_c.cpython-310-aarch64-linux-gnu.so
[7.939s] -- Up-to-date: /home/sr/sr_ws/install/controller_manager_msgs/lib/libcontroller_manager_msgs__rosidl_generator_py.so
[7.941s] -- Up-to-date: /home/sr/sr_ws/install/controller_manager_msgs/share/controller_manager_msgs/msg/ControllerState.idl
[7.942s] -- Up-to-date: /home/sr/sr_ws/install/controller_manager_msgs/share/controller_manager_msgs/msg/ChainConnection.idl
[7.942s] -- Up-to-date: /home/sr/sr_ws/install/controller_manager_msgs/share/controller_manager_msgs/msg/HardwareComponentState.idl
[7.943s] -- Up-to-date: /home/sr/sr_ws/install/controller_manager_msgs/share/controller_manager_msgs/msg/HardwareInterface.idl
[7.944s] -- Up-to-date: /home/sr/sr_ws/install/controller_manager_msgs/share/controller_manager_msgs/srv/ConfigureController.idl
[7.944s] -- Up-to-date: /home/sr/sr_ws/install/controller_manager_msgs/share/controller_manager_msgs/srv/ListControllers.idl
[7.945s] -- Up-to-date: /home/sr/sr_ws/install/controller_manager_msgs/share/controller_manager_msgs/srv/ListControllerTypes.idl
[7.946s] -- Up-to-date: /home/sr/sr_ws/install/controller_manager_msgs/share/controller_manager_msgs/srv/ListHardwareComponents.idl
[7.946s] -- Up-to-date: /home/sr/sr_ws/install/controller_manager_msgs/share/controller_manager_msgs/srv/ListHardwareInterfaces.idl
[7.947s] -- Up-to-date: /home/sr/sr_ws/install/controller_manager_msgs/share/controller_manager_msgs/srv/LoadController.idl
[7.948s] -- Up-to-date: /home/sr/sr_ws/install/controller_manager_msgs/share/controller_manager_msgs/srv/ReloadControllerLibraries.idl
[7.948s] -- Up-to-date: /home/sr/sr_ws/install/controller_manager_msgs/share/controller_manager_msgs/srv/SetHardwareComponentState.idl
[7.949s] -- Up-to-date: /home/sr/sr_ws/install/controller_manager_msgs/share/controller_manager_msgs/srv/SwitchController.idl
[7.949s] -- Up-to-date: /home/sr/sr_ws/install/controller_manager_msgs/share/controller_manager_msgs/srv/UnloadController.idl
[7.950s] -- Up-to-date: /home/sr/sr_ws/install/controller_manager_msgs/share/controller_manager_msgs/msg/ControllerState.msg
[7.951s] -- Up-to-date: /home/sr/sr_ws/install/controller_manager_msgs/share/controller_manager_msgs/msg/ChainConnection.msg
[7.953s] -- Up-to-date: /home/sr/sr_ws/install/controller_manager_msgs/share/controller_manager_msgs/msg/HardwareComponentState.msg
[7.953s] -- Up-to-date: /home/sr/sr_ws/install/controller_manager_msgs/share/controller_manager_msgs/msg/HardwareInterface.msg
[7.954s] -- Up-to-date: /home/sr/sr_ws/install/controller_manager_msgs/share/controller_manager_msgs/srv/ConfigureController.srv
[7.955s] -- Up-to-date: /home/sr/sr_ws/install/controller_manager_msgs/share/controller_manager_msgs/srv/ConfigureController_Request.msg
[7.955s] -- Up-to-date: /home/sr/sr_ws/install/controller_manager_msgs/share/controller_manager_msgs/srv/ConfigureController_Response.msg
[7.956s] -- Up-to-date: /home/sr/sr_ws/install/controller_manager_msgs/share/controller_manager_msgs/srv/ListControllers.srv
[7.956s] -- Up-to-date: /home/sr/sr_ws/install/controller_manager_msgs/share/controller_manager_msgs/srv/ListControllers_Request.msg
[7.957s] -- Up-to-date: /home/sr/sr_ws/install/controller_manager_msgs/share/controller_manager_msgs/srv/ListControllers_Response.msg
[7.957s] -- Up-to-date: /home/sr/sr_ws/install/controller_manager_msgs/share/controller_manager_msgs/srv/ListControllerTypes.srv
[7.958s] -- Up-to-date: /home/sr/sr_ws/install/controller_manager_msgs/share/controller_manager_msgs/srv/ListControllerTypes_Request.msg
[7.959s] -- Up-to-date: /home/sr/sr_ws/install/controller_manager_msgs/share/controller_manager_msgs/srv/ListControllerTypes_Response.msg
[7.959s] -- Up-to-date: /home/sr/sr_ws/install/controller_manager_msgs/share/controller_manager_msgs/srv/ListHardwareComponents.srv
[7.960s] -- Up-to-date: /home/sr/sr_ws/install/controller_manager_msgs/share/controller_manager_msgs/srv/ListHardwareComponents_Request.msg
[7.960s] -- Up-to-date: /home/sr/sr_ws/install/controller_manager_msgs/share/controller_manager_msgs/srv/ListHardwareComponents_Response.msg
[7.961s] -- Up-to-date: /home/sr/sr_ws/install/controller_manager_msgs/share/controller_manager_msgs/srv/ListHardwareInterfaces.srv
[7.961s] -- Up-to-date: /home/sr/sr_ws/install/controller_manager_msgs/share/controller_manager_msgs/srv/ListHardwareInterfaces_Request.msg
[7.962s] -- Up-to-date: /home/sr/sr_ws/install/controller_manager_msgs/share/controller_manager_msgs/srv/ListHardwareInterfaces_Response.msg
[7.963s] -- Up-to-date: /home/sr/sr_ws/install/controller_manager_msgs/share/controller_manager_msgs/srv/LoadController.srv
[7.963s] -- Up-to-date: /home/sr/sr_ws/install/controller_manager_msgs/share/controller_manager_msgs/srv/LoadController_Request.msg
[7.964s] -- Up-to-date: /home/sr/sr_ws/install/controller_manager_msgs/share/controller_manager_msgs/srv/LoadController_Response.msg
[7.964s] -- Up-to-date: /home/sr/sr_ws/install/controller_manager_msgs/share/controller_manager_msgs/srv/ReloadControllerLibraries.srv
[7.965s] -- Up-to-date: /home/sr/sr_ws/install/controller_manager_msgs/share/controller_manager_msgs/srv/ReloadControllerLibraries_Request.msg
[7.965s] -- Up-to-date: /home/sr/sr_ws/install/controller_manager_msgs/share/controller_manager_msgs/srv/ReloadControllerLibraries_Response.msg
[7.966s] -- Up-to-date: /home/sr/sr_ws/install/controller_manager_msgs/share/controller_manager_msgs/srv/SetHardwareComponentState.srv
[7.967s] -- Up-to-date: /home/sr/sr_ws/install/controller_manager_msgs/share/controller_manager_msgs/srv/SetHardwareComponentState_Request.msg
[7.967s] -- Up-to-date: /home/sr/sr_ws/install/controller_manager_msgs/share/controller_manager_msgs/srv/SetHardwareComponentState_Response.msg
[7.968s] -- Up-to-date: /home/sr/sr_ws/install/controller_manager_msgs/share/controller_manager_msgs/srv/SwitchController.srv
[7.968s] -- Up-to-date: /home/sr/sr_ws/install/controller_manager_msgs/share/controller_manager_msgs/srv/SwitchController_Request.msg
[7.969s] -- Up-to-date: /home/sr/sr_ws/install/controller_manager_msgs/share/controller_manager_msgs/srv/SwitchController_Response.msg
[7.970s] -- Up-to-date: /home/sr/sr_ws/install/controller_manager_msgs/share/controller_manager_msgs/srv/UnloadController.srv
[7.970s] -- Up-to-date: /home/sr/sr_ws/install/controller_manager_msgs/share/controller_manager_msgs/srv/UnloadController_Request.msg
[7.971s] -- Up-to-date: /home/sr/sr_ws/install/controller_manager_msgs/share/controller_manager_msgs/srv/UnloadController_Response.msg
[7.971s] -- Up-to-date: /home/sr/sr_ws/install/controller_manager_msgs/share/ament_index/resource_index/package_run_dependencies/controller_manager_msgs
[7.972s] -- Up-to-date: /home/sr/sr_ws/install/controller_manager_msgs/share/ament_index/resource_index/parent_prefix_path/controller_manager_msgs
[7.973s] -- Up-to-date: /home/sr/sr_ws/install/controller_manager_msgs/share/controller_manager_msgs/environment/ament_prefix_path.sh
[7.974s] -- Up-to-date: /home/sr/sr_ws/install/controller_manager_msgs/share/controller_manager_msgs/environment/ament_prefix_path.dsv
[7.974s] -- Up-to-date: /home/sr/sr_ws/install/controller_manager_msgs/share/controller_manager_msgs/environment/path.sh
[7.975s] -- Up-to-date: /home/sr/sr_ws/install/controller_manager_msgs/share/controller_manager_msgs/environment/path.dsv
[7.975s] -- Up-to-date: /home/sr/sr_ws/install/controller_manager_msgs/share/controller_manager_msgs/local_setup.bash
[7.976s] -- Up-to-date: /home/sr/sr_ws/install/controller_manager_msgs/share/controller_manager_msgs/local_setup.sh
[7.977s] -- Up-to-date: /home/sr/sr_ws/install/controller_manager_msgs/share/controller_manager_msgs/local_setup.zsh
[7.977s] -- Up-to-date: /home/sr/sr_ws/install/controller_manager_msgs/share/controller_manager_msgs/local_setup.dsv
[7.978s] -- Installing: /home/sr/sr_ws/install/controller_manager_msgs/share/controller_manager_msgs/package.dsv
[7.979s] -- Up-to-date: /home/sr/sr_ws/install/controller_manager_msgs/share/ament_index/resource_index/packages/controller_manager_msgs
[7.981s] -- Up-to-date: /home/sr/sr_ws/install/controller_manager_msgs/share/controller_manager_msgs/cmake/export_controller_manager_msgs__rosidl_generator_cExport.cmake
[7.982s] -- Up-to-date: /home/sr/sr_ws/install/controller_manager_msgs/share/controller_manager_msgs/cmake/export_controller_manager_msgs__rosidl_generator_cExport-noconfig.cmake
[7.983s] -- Up-to-date: /home/sr/sr_ws/install/controller_manager_msgs/share/controller_manager_msgs/cmake/export_controller_manager_msgs__rosidl_typesupport_fastrtps_cExport.cmake
[7.984s] -- Up-to-date: /home/sr/sr_ws/install/controller_manager_msgs/share/controller_manager_msgs/cmake/export_controller_manager_msgs__rosidl_typesupport_fastrtps_cExport-noconfig.cmake
[7.986s] -- Up-to-date: /home/sr/sr_ws/install/controller_manager_msgs/share/controller_manager_msgs/cmake/export_controller_manager_msgs__rosidl_generator_cppExport.cmake
[7.987s] -- Up-to-date: /home/sr/sr_ws/install/controller_manager_msgs/share/controller_manager_msgs/cmake/export_controller_manager_msgs__rosidl_typesupport_fastrtps_cppExport.cmake
[7.988s] -- Up-to-date: /home/sr/sr_ws/install/controller_manager_msgs/share/controller_manager_msgs/cmake/export_controller_manager_msgs__rosidl_typesupport_fastrtps_cppExport-noconfig.cmake
[7.990s] -- Up-to-date: /home/sr/sr_ws/install/controller_manager_msgs/share/controller_manager_msgs/cmake/controller_manager_msgs__rosidl_typesupport_introspection_cExport.cmake
[7.991s] -- Up-to-date: /home/sr/sr_ws/install/controller_manager_msgs/share/controller_manager_msgs/cmake/controller_manager_msgs__rosidl_typesupport_introspection_cExport-noconfig.cmake
[7.992s] -- Up-to-date: /home/sr/sr_ws/install/controller_manager_msgs/share/controller_manager_msgs/cmake/controller_manager_msgs__rosidl_typesupport_cExport.cmake
[7.993s] -- Up-to-date: /home/sr/sr_ws/install/controller_manager_msgs/share/controller_manager_msgs/cmake/controller_manager_msgs__rosidl_typesupport_cExport-noconfig.cmake
[7.995s] -- Up-to-date: /home/sr/sr_ws/install/controller_manager_msgs/share/controller_manager_msgs/cmake/controller_manager_msgs__rosidl_typesupport_introspection_cppExport.cmake
[7.996s] -- Up-to-date: /home/sr/sr_ws/install/controller_manager_msgs/share/controller_manager_msgs/cmake/controller_manager_msgs__rosidl_typesupport_introspection_cppExport-noconfig.cmake
[7.997s] -- Up-to-date: /home/sr/sr_ws/install/controller_manager_msgs/share/controller_manager_msgs/cmake/controller_manager_msgs__rosidl_typesupport_cppExport.cmake
[7.998s] -- Up-to-date: /home/sr/sr_ws/install/controller_manager_msgs/share/controller_manager_msgs/cmake/controller_manager_msgs__rosidl_typesupport_cppExport-noconfig.cmake
[8.000s] -- Up-to-date: /home/sr/sr_ws/install/controller_manager_msgs/share/controller_manager_msgs/cmake/export_controller_manager_msgs__rosidl_generator_pyExport.cmake
[8.001s] -- Up-to-date: /home/sr/sr_ws/install/controller_manager_msgs/share/controller_manager_msgs/cmake/export_controller_manager_msgs__rosidl_generator_pyExport-noconfig.cmake
[8.001s] -- Up-to-date: /home/sr/sr_ws/install/controller_manager_msgs/share/controller_manager_msgs/cmake/rosidl_cmake-extras.cmake
[8.002s] -- Up-to-date: /home/sr/sr_ws/install/controller_manager_msgs/share/controller_manager_msgs/cmake/ament_cmake_export_dependencies-extras.cmake
[8.003s] -- Up-to-date: /home/sr/sr_ws/install/controller_manager_msgs/share/controller_manager_msgs/cmake/ament_cmake_export_include_directories-extras.cmake
[8.003s] -- Up-to-date: /home/sr/sr_ws/install/controller_manager_msgs/share/controller_manager_msgs/cmake/ament_cmake_export_libraries-extras.cmake
[8.004s] -- Up-to-date: /home/sr/sr_ws/install/controller_manager_msgs/share/controller_manager_msgs/cmake/ament_cmake_export_targets-extras.cmake
[8.005s] -- Up-to-date: /home/sr/sr_ws/install/controller_manager_msgs/share/controller_manager_msgs/cmake/rosidl_cmake_export_typesupport_targets-extras.cmake
[8.005s] -- Up-to-date: /home/sr/sr_ws/install/controller_manager_msgs/share/controller_manager_msgs/cmake/rosidl_cmake_export_typesupport_libraries-extras.cmake
[8.006s] -- Up-to-date: /home/sr/sr_ws/install/controller_manager_msgs/share/controller_manager_msgs/cmake/controller_manager_msgsConfig.cmake
[8.007s] -- Up-to-date: /home/sr/sr_ws/install/controller_manager_msgs/share/controller_manager_msgs/cmake/controller_manager_msgsConfig-version.cmake
[8.007s] -- Up-to-date: /home/sr/sr_ws/install/controller_manager_msgs/share/controller_manager_msgs/package.xml
[8.018s] Invoked command in '/home/sr/sr_ws/build/controller_manager_msgs' returned '0': CMAKE_PREFIX_PATH=/opt/ros/humble /usr/bin/cmake --install /home/sr/sr_ws/build/controller_manager_msgs
