[0.123s] Invoking command in '/home/sr/sr_ws/build/controller_manager_msgs': CMAKE_PREFIX_PATH=/opt/ros/humble /usr/bin/cmake --build /home/sr/sr_ws/build/controller_manager_msgs -- -j4 -l4
[0.593s] [  0%] Built target controller_manager_msgs__cpp
[0.729s] [ 12%] Built target controller_manager_msgs__rosidl_generator_c
[0.891s] [ 24%] Built target controller_manager_msgs__rosidl_typesupport_cpp
[0.903s] [ 36%] Built target controller_manager_msgs__rosidl_typesupport_fastrtps_cpp
[0.964s] [ 36%] Built target ament_cmake_python_copy_controller_manager_msgs
[0.993s] [ 48%] Built target controller_manager_msgs__rosidl_typesupport_introspection_cpp
[1.266s] [ 60%] Built target controller_manager_msgs__rosidl_typesupport_c
[1.372s] [ 72%] Built target controller_manager_msgs__rosidl_typesupport_fastrtps_c
[1.382s] [ 84%] Built target controller_manager_msgs__rosidl_typesupport_introspection_c
[1.529s] [ 84%] Built target controller_manager_msgs
[1.702s] [ 85%] Built target controller_manager_msgs__py
[2.609s] [ 96%] Built target controller_manager_msgs__rosidl_generator_py
[2.996s] [ 97%] Built target controller_manager_msgs__rosidl_typesupport_c__pyext
[3.027s] [ 99%] Built target controller_manager_msgs__rosidl_typesupport_introspection_c__pyext
[3.059s] [100%] Built target controller_manager_msgs__rosidl_typesupport_fastrtps_c__pyext
[3.157s] running egg_info
[3.161s] writing controller_manager_msgs.egg-info/PKG-INFO
[3.164s] writing dependency_links to controller_manager_msgs.egg-info/dependency_links.txt
[3.167s] writing top-level names to controller_manager_msgs.egg-info/top_level.txt
[3.182s] reading manifest file 'controller_manager_msgs.egg-info/SOURCES.txt'
[3.189s] writing manifest file 'controller_manager_msgs.egg-info/SOURCES.txt'
[3.344s] [100%] Built target ament_cmake_python_build_controller_manager_msgs_egg
[3.400s] Invoked command in '/home/sr/sr_ws/build/controller_manager_msgs' returned '0': CMAKE_PREFIX_PATH=/opt/ros/humble /usr/bin/cmake --build /home/sr/sr_ws/build/controller_manager_msgs -- -j4 -l4
[6.274s] Invoking command in '/home/sr/sr_ws/build/controller_manager_msgs': CMAKE_PREFIX_PATH=/opt/ros/humble /usr/bin/cmake --install /home/sr/sr_ws/build/controller_manager_msgs
[6.369s] -- Install configuration: ""
[6.486s] -- Up-to-date: /home/sr/sr_ws/install/controller_manager_msgs/share/ament_index/resource_index/rosidl_interfaces/controller_manager_msgs
[6.488s] -- Up-to-date: /home/sr/sr_ws/install/controller_manager_msgs/include/controller_manager_msgs/controller_manager_msgs
[6.490s] -- Up-to-date: /home/sr/sr_ws/install/controller_manager_msgs/include/controller_manager_msgs/controller_manager_msgs/srv
[6.493s] -- Up-to-date: /home/sr/sr_ws/install/controller_manager_msgs/include/controller_manager_msgs/controller_manager_msgs/srv/detail
[6.526s] -- Up-to-date: /home/sr/sr_ws/install/controller_manager_msgs/include/controller_manager_msgs/controller_manager_msgs/srv/detail/switch_controller__type_support.h
[6.528s] -- Up-to-date: /home/sr/sr_ws/install/controller_manager_msgs/include/controller_manager_msgs/controller_manager_msgs/srv/detail/reload_controller_libraries__functions.h
[6.529s] -- Up-to-date: /home/sr/sr_ws/install/controller_manager_msgs/include/controller_manager_msgs/controller_manager_msgs/srv/detail/list_controllers__functions.c
[6.530s] -- Up-to-date: /home/sr/sr_ws/install/controller_manager_msgs/include/controller_manager_msgs/controller_manager_msgs/srv/detail/load_controller__struct.h
[6.531s] -- Up-to-date: /home/sr/sr_ws/install/controller_manager_msgs/include/controller_manager_msgs/controller_manager_msgs/srv/detail/list_controllers__type_support.h
[6.532s] -- Up-to-date: /home/sr/sr_ws/install/controller_manager_msgs/include/controller_manager_msgs/controller_manager_msgs/srv/detail/list_hardware_interfaces__struct.h
[6.533s] -- Up-to-date: /home/sr/sr_ws/install/controller_manager_msgs/include/controller_manager_msgs/controller_manager_msgs/srv/detail/list_controllers__struct.h
[6.534s] -- Up-to-date: /home/sr/sr_ws/install/controller_manager_msgs/include/controller_manager_msgs/controller_manager_msgs/srv/detail/switch_controller__struct.h
[6.535s] -- Up-to-date: /home/sr/sr_ws/install/controller_manager_msgs/include/controller_manager_msgs/controller_manager_msgs/srv/detail/list_controller_types__struct.h
[6.536s] -- Up-to-date: /home/sr/sr_ws/install/controller_manager_msgs/include/controller_manager_msgs/controller_manager_msgs/srv/detail/list_hardware_components__type_support.h
[6.536s] -- Up-to-date: /home/sr/sr_ws/install/controller_manager_msgs/include/controller_manager_msgs/controller_manager_msgs/srv/detail/switch_controller__functions.c
[6.537s] -- Up-to-date: /home/sr/sr_ws/install/controller_manager_msgs/include/controller_manager_msgs/controller_manager_msgs/srv/detail/list_hardware_interfaces__functions.c
[6.537s] -- Up-to-date: /home/sr/sr_ws/install/controller_manager_msgs/include/controller_manager_msgs/controller_manager_msgs/srv/detail/reload_controller_libraries__type_support.h
[6.538s] -- Up-to-date: /home/sr/sr_ws/install/controller_manager_msgs/include/controller_manager_msgs/controller_manager_msgs/srv/detail/switch_controller__functions.h
[6.539s] -- Up-to-date: /home/sr/sr_ws/install/controller_manager_msgs/include/controller_manager_msgs/controller_manager_msgs/srv/detail/list_controller_types__functions.c
[6.539s] -- Up-to-date: /home/sr/sr_ws/install/controller_manager_msgs/include/controller_manager_msgs/controller_manager_msgs/srv/detail/set_hardware_component_state__struct.h
[6.540s] -- Up-to-date: /home/sr/sr_ws/install/controller_manager_msgs/include/controller_manager_msgs/controller_manager_msgs/srv/detail/set_hardware_component_state__type_support.h
[6.540s] -- Up-to-date: /home/sr/sr_ws/install/controller_manager_msgs/include/controller_manager_msgs/controller_manager_msgs/srv/detail/list_hardware_components__struct.h
[6.541s] -- Up-to-date: /home/sr/sr_ws/install/controller_manager_msgs/include/controller_manager_msgs/controller_manager_msgs/srv/detail/list_hardware_interfaces__functions.h
[6.541s] -- Up-to-date: /home/sr/sr_ws/install/controller_manager_msgs/include/controller_manager_msgs/controller_manager_msgs/srv/detail/unload_controller__functions.h
[6.541s] -- Up-to-date: /home/sr/sr_ws/install/controller_manager_msgs/include/controller_manager_msgs/controller_manager_msgs/srv/detail/load_controller__type_support.h
[6.542s] -- Up-to-date: /home/sr/sr_ws/install/controller_manager_msgs/include/controller_manager_msgs/controller_manager_msgs/srv/detail/list_hardware_components__functions.c
[6.543s] -- Up-to-date: /home/sr/sr_ws/install/controller_manager_msgs/include/controller_manager_msgs/controller_manager_msgs/srv/detail/configure_controller__struct.h
[6.543s] -- Up-to-date: /home/sr/sr_ws/install/controller_manager_msgs/include/controller_manager_msgs/controller_manager_msgs/srv/detail/configure_controller__functions.c
[6.544s] -- Up-to-date: /home/sr/sr_ws/install/controller_manager_msgs/include/controller_manager_msgs/controller_manager_msgs/srv/detail/unload_controller__struct.h
[6.545s] -- Up-to-date: /home/sr/sr_ws/install/controller_manager_msgs/include/controller_manager_msgs/controller_manager_msgs/srv/detail/load_controller__functions.c
[6.545s] -- Up-to-date: /home/sr/sr_ws/install/controller_manager_msgs/include/controller_manager_msgs/controller_manager_msgs/srv/detail/set_hardware_component_state__functions.h
[6.546s] -- Up-to-date: /home/sr/sr_ws/install/controller_manager_msgs/include/controller_manager_msgs/controller_manager_msgs/srv/detail/load_controller__functions.h
[6.546s] -- Up-to-date: /home/sr/sr_ws/install/controller_manager_msgs/include/controller_manager_msgs/controller_manager_msgs/srv/detail/reload_controller_libraries__functions.c
[6.547s] -- Up-to-date: /home/sr/sr_ws/install/controller_manager_msgs/include/controller_manager_msgs/controller_manager_msgs/srv/detail/set_hardware_component_state__functions.c
[6.547s] -- Up-to-date: /home/sr/sr_ws/install/controller_manager_msgs/include/controller_manager_msgs/controller_manager_msgs/srv/detail/list_hardware_components__functions.h
[6.548s] -- Up-to-date: /home/sr/sr_ws/install/controller_manager_msgs/include/controller_manager_msgs/controller_manager_msgs/srv/detail/unload_controller__functions.c
[6.548s] -- Up-to-date: /home/sr/sr_ws/install/controller_manager_msgs/include/controller_manager_msgs/controller_manager_msgs/srv/detail/configure_controller__type_support.h
[6.549s] -- Up-to-date: /home/sr/sr_ws/install/controller_manager_msgs/include/controller_manager_msgs/controller_manager_msgs/srv/detail/reload_controller_libraries__struct.h
[6.549s] -- Up-to-date: /home/sr/sr_ws/install/controller_manager_msgs/include/controller_manager_msgs/controller_manager_msgs/srv/detail/list_controller_types__type_support.h
[6.550s] -- Up-to-date: /home/sr/sr_ws/install/controller_manager_msgs/include/controller_manager_msgs/controller_manager_msgs/srv/detail/list_controller_types__functions.h
[6.550s] -- Up-to-date: /home/sr/sr_ws/install/controller_manager_msgs/include/controller_manager_msgs/controller_manager_msgs/srv/detail/list_hardware_interfaces__type_support.h
[6.551s] -- Up-to-date: /home/sr/sr_ws/install/controller_manager_msgs/include/controller_manager_msgs/controller_manager_msgs/srv/detail/list_controllers__functions.h
[6.552s] -- Up-to-date: /home/sr/sr_ws/install/controller_manager_msgs/include/controller_manager_msgs/controller_manager_msgs/srv/detail/unload_controller__type_support.h
[6.553s] -- Up-to-date: /home/sr/sr_ws/install/controller_manager_msgs/include/controller_manager_msgs/controller_manager_msgs/srv/detail/configure_controller__functions.h
[6.553s] -- Up-to-date: /home/sr/sr_ws/install/controller_manager_msgs/include/controller_manager_msgs/controller_manager_msgs/srv/list_hardware_interfaces.h
[6.554s] -- Up-to-date: /home/sr/sr_ws/install/controller_manager_msgs/include/controller_manager_msgs/controller_manager_msgs/srv/unload_controller.h
[6.554s] -- Up-to-date: /home/sr/sr_ws/install/controller_manager_msgs/include/controller_manager_msgs/controller_manager_msgs/srv/configure_controller.h
[6.555s] -- Up-to-date: /home/sr/sr_ws/install/controller_manager_msgs/include/controller_manager_msgs/controller_manager_msgs/srv/load_controller.h
[6.556s] -- Up-to-date: /home/sr/sr_ws/install/controller_manager_msgs/include/controller_manager_msgs/controller_manager_msgs/srv/list_hardware_components.h
[6.556s] -- Up-to-date: /home/sr/sr_ws/install/controller_manager_msgs/include/controller_manager_msgs/controller_manager_msgs/srv/set_hardware_component_state.h
[6.557s] -- Up-to-date: /home/sr/sr_ws/install/controller_manager_msgs/include/controller_manager_msgs/controller_manager_msgs/srv/switch_controller.h
[6.557s] -- Up-to-date: /home/sr/sr_ws/install/controller_manager_msgs/include/controller_manager_msgs/controller_manager_msgs/srv/list_controllers.h
[6.558s] -- Up-to-date: /home/sr/sr_ws/install/controller_manager_msgs/include/controller_manager_msgs/controller_manager_msgs/srv/reload_controller_libraries.h
[6.558s] -- Up-to-date: /home/sr/sr_ws/install/controller_manager_msgs/include/controller_manager_msgs/controller_manager_msgs/srv/list_controller_types.h
[6.559s] -- Up-to-date: /home/sr/sr_ws/install/controller_manager_msgs/include/controller_manager_msgs/controller_manager_msgs/msg
[6.559s] -- Up-to-date: /home/sr/sr_ws/install/controller_manager_msgs/include/controller_manager_msgs/controller_manager_msgs/msg/detail
[6.560s] -- Up-to-date: /home/sr/sr_ws/install/controller_manager_msgs/include/controller_manager_msgs/controller_manager_msgs/msg/detail/hardware_interface__type_support.h
[6.560s] -- Up-to-date: /home/sr/sr_ws/install/controller_manager_msgs/include/controller_manager_msgs/controller_manager_msgs/msg/detail/hardware_interface__struct.h
[6.561s] -- Up-to-date: /home/sr/sr_ws/install/controller_manager_msgs/include/controller_manager_msgs/controller_manager_msgs/msg/detail/chain_connection__functions.c
[6.561s] -- Up-to-date: /home/sr/sr_ws/install/controller_manager_msgs/include/controller_manager_msgs/controller_manager_msgs/msg/detail/controller_state__functions.c
[6.562s] -- Up-to-date: /home/sr/sr_ws/install/controller_manager_msgs/include/controller_manager_msgs/controller_manager_msgs/msg/detail/controller_state__type_support.h
[6.563s] -- Up-to-date: /home/sr/sr_ws/install/controller_manager_msgs/include/controller_manager_msgs/controller_manager_msgs/msg/detail/hardware_component_state__functions.h
[6.563s] -- Up-to-date: /home/sr/sr_ws/install/controller_manager_msgs/include/controller_manager_msgs/controller_manager_msgs/msg/detail/chain_connection__functions.h
[6.564s] -- Up-to-date: /home/sr/sr_ws/install/controller_manager_msgs/include/controller_manager_msgs/controller_manager_msgs/msg/detail/hardware_interface__functions.h
[6.566s] -- Up-to-date: /home/sr/sr_ws/install/controller_manager_msgs/include/controller_manager_msgs/controller_manager_msgs/msg/detail/controller_state__struct.h
[6.566s] -- Up-to-date: /home/sr/sr_ws/install/controller_manager_msgs/include/controller_manager_msgs/controller_manager_msgs/msg/detail/chain_connection__type_support.h
[6.567s] -- Up-to-date: /home/sr/sr_ws/install/controller_manager_msgs/include/controller_manager_msgs/controller_manager_msgs/msg/detail/controller_state__functions.h
[6.567s] -- Up-to-date: /home/sr/sr_ws/install/controller_manager_msgs/include/controller_manager_msgs/controller_manager_msgs/msg/detail/hardware_component_state__type_support.h
[6.568s] -- Up-to-date: /home/sr/sr_ws/install/controller_manager_msgs/include/controller_manager_msgs/controller_manager_msgs/msg/detail/chain_connection__struct.h
[6.568s] -- Up-to-date: /home/sr/sr_ws/install/controller_manager_msgs/include/controller_manager_msgs/controller_manager_msgs/msg/detail/hardware_interface__functions.c
[6.568s] -- Up-to-date: /home/sr/sr_ws/install/controller_manager_msgs/include/controller_manager_msgs/controller_manager_msgs/msg/detail/hardware_component_state__struct.h
[6.569s] -- Up-to-date: /home/sr/sr_ws/install/controller_manager_msgs/include/controller_manager_msgs/controller_manager_msgs/msg/detail/hardware_component_state__functions.c
[6.569s] -- Up-to-date: /home/sr/sr_ws/install/controller_manager_msgs/include/controller_manager_msgs/controller_manager_msgs/msg/hardware_component_state.h
[6.569s] -- Up-to-date: /home/sr/sr_ws/install/controller_manager_msgs/include/controller_manager_msgs/controller_manager_msgs/msg/chain_connection.h
[6.570s] -- Up-to-date: /home/sr/sr_ws/install/controller_manager_msgs/include/controller_manager_msgs/controller_manager_msgs/msg/hardware_interface.h
[6.570s] -- Up-to-date: /home/sr/sr_ws/install/controller_manager_msgs/include/controller_manager_msgs/controller_manager_msgs/msg/controller_state.h
[6.570s] -- Up-to-date: /home/sr/sr_ws/install/controller_manager_msgs/include/controller_manager_msgs/controller_manager_msgs/msg/rosidl_generator_c__visibility_control.h
[6.571s] -- Up-to-date: /home/sr/sr_ws/install/controller_manager_msgs/share/controller_manager_msgs/environment/library_path.sh
[6.571s] -- Up-to-date: /home/sr/sr_ws/install/controller_manager_msgs/share/controller_manager_msgs/environment/library_path.dsv
[6.616s] -- Up-to-date: /home/sr/sr_ws/install/controller_manager_msgs/lib/libcontroller_manager_msgs__rosidl_generator_c.so
[6.617s] -- Up-to-date: /home/sr/sr_ws/install/controller_manager_msgs/include/controller_manager_msgs/controller_manager_msgs
[6.617s] -- Up-to-date: /home/sr/sr_ws/install/controller_manager_msgs/include/controller_manager_msgs/controller_manager_msgs/srv
[6.617s] -- Up-to-date: /home/sr/sr_ws/install/controller_manager_msgs/include/controller_manager_msgs/controller_manager_msgs/srv/detail
[6.618s] -- Up-to-date: /home/sr/sr_ws/install/controller_manager_msgs/include/controller_manager_msgs/controller_manager_msgs/srv/detail/configure_controller__rosidl_typesupport_fastrtps_c.h
[6.618s] -- Up-to-date: /home/sr/sr_ws/install/controller_manager_msgs/include/controller_manager_msgs/controller_manager_msgs/srv/detail/load_controller__rosidl_typesupport_fastrtps_c.h
[6.619s] -- Up-to-date: /home/sr/sr_ws/install/controller_manager_msgs/include/controller_manager_msgs/controller_manager_msgs/srv/detail/list_controllers__rosidl_typesupport_fastrtps_c.h
[6.619s] -- Up-to-date: /home/sr/sr_ws/install/controller_manager_msgs/include/controller_manager_msgs/controller_manager_msgs/srv/detail/list_controller_types__rosidl_typesupport_fastrtps_c.h
[6.619s] -- Up-to-date: /home/sr/sr_ws/install/controller_manager_msgs/include/controller_manager_msgs/controller_manager_msgs/srv/detail/list_hardware_interfaces__rosidl_typesupport_fastrtps_c.h
[6.620s] -- Up-to-date: /home/sr/sr_ws/install/controller_manager_msgs/include/controller_manager_msgs/controller_manager_msgs/srv/detail/list_hardware_components__rosidl_typesupport_fastrtps_c.h
[6.620s] -- Up-to-date: /home/sr/sr_ws/install/controller_manager_msgs/include/controller_manager_msgs/controller_manager_msgs/srv/detail/reload_controller_libraries__rosidl_typesupport_fastrtps_c.h
[6.620s] -- Up-to-date: /home/sr/sr_ws/install/controller_manager_msgs/include/controller_manager_msgs/controller_manager_msgs/srv/detail/set_hardware_component_state__rosidl_typesupport_fastrtps_c.h
[6.621s] -- Up-to-date: /home/sr/sr_ws/install/controller_manager_msgs/include/controller_manager_msgs/controller_manager_msgs/srv/detail/switch_controller__rosidl_typesupport_fastrtps_c.h
[6.621s] -- Up-to-date: /home/sr/sr_ws/install/controller_manager_msgs/include/controller_manager_msgs/controller_manager_msgs/srv/detail/unload_controller__rosidl_typesupport_fastrtps_c.h
[6.621s] -- Up-to-date: /home/sr/sr_ws/install/controller_manager_msgs/include/controller_manager_msgs/controller_manager_msgs/msg
[6.622s] -- Up-to-date: /home/sr/sr_ws/install/controller_manager_msgs/include/controller_manager_msgs/controller_manager_msgs/msg/detail
[6.622s] -- Up-to-date: /home/sr/sr_ws/install/controller_manager_msgs/include/controller_manager_msgs/controller_manager_msgs/msg/detail/hardware_interface__rosidl_typesupport_fastrtps_c.h
[6.622s] -- Up-to-date: /home/sr/sr_ws/install/controller_manager_msgs/include/controller_manager_msgs/controller_manager_msgs/msg/detail/chain_connection__rosidl_typesupport_fastrtps_c.h
[6.623s] -- Up-to-date: /home/sr/sr_ws/install/controller_manager_msgs/include/controller_manager_msgs/controller_manager_msgs/msg/detail/hardware_component_state__rosidl_typesupport_fastrtps_c.h
[6.623s] -- Up-to-date: /home/sr/sr_ws/install/controller_manager_msgs/include/controller_manager_msgs/controller_manager_msgs/msg/detail/controller_state__rosidl_typesupport_fastrtps_c.h
[6.623s] -- Up-to-date: /home/sr/sr_ws/install/controller_manager_msgs/include/controller_manager_msgs/controller_manager_msgs/msg/rosidl_typesupport_fastrtps_c__visibility_control.h
[6.648s] -- Up-to-date: /home/sr/sr_ws/install/controller_manager_msgs/lib/libcontroller_manager_msgs__rosidl_typesupport_fastrtps_c.so
[6.650s] -- Up-to-date: /home/sr/sr_ws/install/controller_manager_msgs/include/controller_manager_msgs/controller_manager_msgs
[6.653s] -- Up-to-date: /home/sr/sr_ws/install/controller_manager_msgs/include/controller_manager_msgs/controller_manager_msgs/srv
[6.653s] -- Up-to-date: /home/sr/sr_ws/install/controller_manager_msgs/include/controller_manager_msgs/controller_manager_msgs/srv/list_controller_types.hpp
[6.654s] -- Up-to-date: /home/sr/sr_ws/install/controller_manager_msgs/include/controller_manager_msgs/controller_manager_msgs/srv/detail
[6.654s] -- Up-to-date: /home/sr/sr_ws/install/controller_manager_msgs/include/controller_manager_msgs/controller_manager_msgs/srv/detail/switch_controller__builder.hpp
[6.655s] -- Up-to-date: /home/sr/sr_ws/install/controller_manager_msgs/include/controller_manager_msgs/controller_manager_msgs/srv/detail/list_controllers__traits.hpp
[6.655s] -- Up-to-date: /home/sr/sr_ws/install/controller_manager_msgs/include/controller_manager_msgs/controller_manager_msgs/srv/detail/list_hardware_components__struct.hpp
[6.656s] -- Up-to-date: /home/sr/sr_ws/install/controller_manager_msgs/include/controller_manager_msgs/controller_manager_msgs/srv/detail/list_hardware_interfaces__traits.hpp
[6.657s] -- Up-to-date: /home/sr/sr_ws/install/controller_manager_msgs/include/controller_manager_msgs/controller_manager_msgs/srv/detail/list_hardware_interfaces__builder.hpp
[6.657s] -- Up-to-date: /home/sr/sr_ws/install/controller_manager_msgs/include/controller_manager_msgs/controller_manager_msgs/srv/detail/set_hardware_component_state__traits.hpp
[6.658s] -- Up-to-date: /home/sr/sr_ws/install/controller_manager_msgs/include/controller_manager_msgs/controller_manager_msgs/srv/detail/unload_controller__traits.hpp
[6.658s] -- Up-to-date: /home/sr/sr_ws/install/controller_manager_msgs/include/controller_manager_msgs/controller_manager_msgs/srv/detail/reload_controller_libraries__struct.hpp
[6.659s] -- Up-to-date: /home/sr/sr_ws/install/controller_manager_msgs/include/controller_manager_msgs/controller_manager_msgs/srv/detail/load_controller__traits.hpp
[6.659s] -- Up-to-date: /home/sr/sr_ws/install/controller_manager_msgs/include/controller_manager_msgs/controller_manager_msgs/srv/detail/reload_controller_libraries__traits.hpp
[6.660s] -- Up-to-date: /home/sr/sr_ws/install/controller_manager_msgs/include/controller_manager_msgs/controller_manager_msgs/srv/detail/configure_controller__struct.hpp
[6.660s] -- Up-to-date: /home/sr/sr_ws/install/controller_manager_msgs/include/controller_manager_msgs/controller_manager_msgs/srv/detail/configure_controller__traits.hpp
[6.661s] -- Up-to-date: /home/sr/sr_ws/install/controller_manager_msgs/include/controller_manager_msgs/controller_manager_msgs/srv/detail/switch_controller__struct.hpp
[6.661s] -- Up-to-date: /home/sr/sr_ws/install/controller_manager_msgs/include/controller_manager_msgs/controller_manager_msgs/srv/detail/list_controllers__struct.hpp
[6.662s] -- Up-to-date: /home/sr/sr_ws/install/controller_manager_msgs/include/controller_manager_msgs/controller_manager_msgs/srv/detail/unload_controller__struct.hpp
[6.663s] -- Up-to-date: /home/sr/sr_ws/install/controller_manager_msgs/include/controller_manager_msgs/controller_manager_msgs/srv/detail/list_controller_types__struct.hpp
[6.664s] -- Up-to-date: /home/sr/sr_ws/install/controller_manager_msgs/include/controller_manager_msgs/controller_manager_msgs/srv/detail/load_controller__builder.hpp
[6.666s] -- Up-to-date: /home/sr/sr_ws/install/controller_manager_msgs/include/controller_manager_msgs/controller_manager_msgs/srv/detail/list_controllers__builder.hpp
[6.667s] -- Up-to-date: /home/sr/sr_ws/install/controller_manager_msgs/include/controller_manager_msgs/controller_manager_msgs/srv/detail/configure_controller__builder.hpp
[6.667s] -- Up-to-date: /home/sr/sr_ws/install/controller_manager_msgs/include/controller_manager_msgs/controller_manager_msgs/srv/detail/unload_controller__builder.hpp
[6.668s] -- Up-to-date: /home/sr/sr_ws/install/controller_manager_msgs/include/controller_manager_msgs/controller_manager_msgs/srv/detail/list_controller_types__traits.hpp
[6.668s] -- Up-to-date: /home/sr/sr_ws/install/controller_manager_msgs/include/controller_manager_msgs/controller_manager_msgs/srv/detail/load_controller__struct.hpp
[6.669s] -- Up-to-date: /home/sr/sr_ws/install/controller_manager_msgs/include/controller_manager_msgs/controller_manager_msgs/srv/detail/set_hardware_component_state__struct.hpp
[6.669s] -- Up-to-date: /home/sr/sr_ws/install/controller_manager_msgs/include/controller_manager_msgs/controller_manager_msgs/srv/detail/list_controller_types__builder.hpp
[6.669s] -- Up-to-date: /home/sr/sr_ws/install/controller_manager_msgs/include/controller_manager_msgs/controller_manager_msgs/srv/detail/switch_controller__traits.hpp
[6.670s] -- Up-to-date: /home/sr/sr_ws/install/controller_manager_msgs/include/controller_manager_msgs/controller_manager_msgs/srv/detail/list_hardware_components__builder.hpp
[6.670s] -- Up-to-date: /home/sr/sr_ws/install/controller_manager_msgs/include/controller_manager_msgs/controller_manager_msgs/srv/detail/reload_controller_libraries__builder.hpp
[6.671s] -- Up-to-date: /home/sr/sr_ws/install/controller_manager_msgs/include/controller_manager_msgs/controller_manager_msgs/srv/detail/set_hardware_component_state__builder.hpp
[6.671s] -- Up-to-date: /home/sr/sr_ws/install/controller_manager_msgs/include/controller_manager_msgs/controller_manager_msgs/srv/detail/list_hardware_interfaces__struct.hpp
[6.672s] -- Up-to-date: /home/sr/sr_ws/install/controller_manager_msgs/include/controller_manager_msgs/controller_manager_msgs/srv/detail/list_hardware_components__traits.hpp
[6.672s] -- Up-to-date: /home/sr/sr_ws/install/controller_manager_msgs/include/controller_manager_msgs/controller_manager_msgs/srv/list_hardware_interfaces.hpp
[6.673s] -- Up-to-date: /home/sr/sr_ws/install/controller_manager_msgs/include/controller_manager_msgs/controller_manager_msgs/srv/list_controllers.hpp
[6.673s] -- Up-to-date: /home/sr/sr_ws/install/controller_manager_msgs/include/controller_manager_msgs/controller_manager_msgs/srv/switch_controller.hpp
[6.674s] -- Up-to-date: /home/sr/sr_ws/install/controller_manager_msgs/include/controller_manager_msgs/controller_manager_msgs/srv/list_hardware_components.hpp
[6.674s] -- Up-to-date: /home/sr/sr_ws/install/controller_manager_msgs/include/controller_manager_msgs/controller_manager_msgs/srv/set_hardware_component_state.hpp
[6.675s] -- Up-to-date: /home/sr/sr_ws/install/controller_manager_msgs/include/controller_manager_msgs/controller_manager_msgs/srv/reload_controller_libraries.hpp
[6.675s] -- Up-to-date: /home/sr/sr_ws/install/controller_manager_msgs/include/controller_manager_msgs/controller_manager_msgs/srv/unload_controller.hpp
[6.676s] -- Up-to-date: /home/sr/sr_ws/install/controller_manager_msgs/include/controller_manager_msgs/controller_manager_msgs/srv/load_controller.hpp
[6.676s] -- Up-to-date: /home/sr/sr_ws/install/controller_manager_msgs/include/controller_manager_msgs/controller_manager_msgs/srv/configure_controller.hpp
[6.677s] -- Up-to-date: /home/sr/sr_ws/install/controller_manager_msgs/include/controller_manager_msgs/controller_manager_msgs/msg
[6.677s] -- Up-to-date: /home/sr/sr_ws/install/controller_manager_msgs/include/controller_manager_msgs/controller_manager_msgs/msg/detail
[6.677s] -- Up-to-date: /home/sr/sr_ws/install/controller_manager_msgs/include/controller_manager_msgs/controller_manager_msgs/msg/detail/controller_state__struct.hpp
[6.678s] -- Up-to-date: /home/sr/sr_ws/install/controller_manager_msgs/include/controller_manager_msgs/controller_manager_msgs/msg/detail/hardware_component_state__builder.hpp
[6.679s] -- Up-to-date: /home/sr/sr_ws/install/controller_manager_msgs/include/controller_manager_msgs/controller_manager_msgs/msg/detail/hardware_interface__builder.hpp
[6.679s] -- Up-to-date: /home/sr/sr_ws/install/controller_manager_msgs/include/controller_manager_msgs/controller_manager_msgs/msg/detail/hardware_interface__struct.hpp
[6.679s] -- Up-to-date: /home/sr/sr_ws/install/controller_manager_msgs/include/controller_manager_msgs/controller_manager_msgs/msg/detail/hardware_interface__traits.hpp
[6.680s] -- Up-to-date: /home/sr/sr_ws/install/controller_manager_msgs/include/controller_manager_msgs/controller_manager_msgs/msg/detail/chain_connection__traits.hpp
[6.680s] -- Up-to-date: /home/sr/sr_ws/install/controller_manager_msgs/include/controller_manager_msgs/controller_manager_msgs/msg/detail/hardware_component_state__struct.hpp
[6.681s] -- Up-to-date: /home/sr/sr_ws/install/controller_manager_msgs/include/controller_manager_msgs/controller_manager_msgs/msg/detail/controller_state__traits.hpp
[6.681s] -- Up-to-date: /home/sr/sr_ws/install/controller_manager_msgs/include/controller_manager_msgs/controller_manager_msgs/msg/detail/hardware_component_state__traits.hpp
[6.682s] -- Up-to-date: /home/sr/sr_ws/install/controller_manager_msgs/include/controller_manager_msgs/controller_manager_msgs/msg/detail/controller_state__builder.hpp
[6.682s] -- Up-to-date: /home/sr/sr_ws/install/controller_manager_msgs/include/controller_manager_msgs/controller_manager_msgs/msg/detail/chain_connection__struct.hpp
[6.683s] -- Up-to-date: /home/sr/sr_ws/install/controller_manager_msgs/include/controller_manager_msgs/controller_manager_msgs/msg/detail/chain_connection__builder.hpp
[6.683s] -- Up-to-date: /home/sr/sr_ws/install/controller_manager_msgs/include/controller_manager_msgs/controller_manager_msgs/msg/hardware_interface.hpp
[6.684s] -- Up-to-date: /home/sr/sr_ws/install/controller_manager_msgs/include/controller_manager_msgs/controller_manager_msgs/msg/controller_state.hpp
[6.684s] -- Up-to-date: /home/sr/sr_ws/install/controller_manager_msgs/include/controller_manager_msgs/controller_manager_msgs/msg/hardware_component_state.hpp
[6.685s] -- Up-to-date: /home/sr/sr_ws/install/controller_manager_msgs/include/controller_manager_msgs/controller_manager_msgs/msg/chain_connection.hpp
[6.685s] -- Up-to-date: /home/sr/sr_ws/install/controller_manager_msgs/include/controller_manager_msgs/controller_manager_msgs
[6.686s] -- Up-to-date: /home/sr/sr_ws/install/controller_manager_msgs/include/controller_manager_msgs/controller_manager_msgs/srv
[6.686s] -- Up-to-date: /home/sr/sr_ws/install/controller_manager_msgs/include/controller_manager_msgs/controller_manager_msgs/srv/detail
[6.687s] -- Up-to-date: /home/sr/sr_ws/install/controller_manager_msgs/include/controller_manager_msgs/controller_manager_msgs/srv/detail/unload_controller__rosidl_typesupport_fastrtps_cpp.hpp
[6.687s] -- Up-to-date: /home/sr/sr_ws/install/controller_manager_msgs/include/controller_manager_msgs/controller_manager_msgs/srv/detail/list_hardware_components__rosidl_typesupport_fastrtps_cpp.hpp
[6.687s] -- Up-to-date: /home/sr/sr_ws/install/controller_manager_msgs/include/controller_manager_msgs/controller_manager_msgs/srv/detail/reload_controller_libraries__rosidl_typesupport_fastrtps_cpp.hpp
[6.688s] -- Up-to-date: /home/sr/sr_ws/install/controller_manager_msgs/include/controller_manager_msgs/controller_manager_msgs/srv/detail/configure_controller__rosidl_typesupport_fastrtps_cpp.hpp
[6.688s] -- Up-to-date: /home/sr/sr_ws/install/controller_manager_msgs/include/controller_manager_msgs/controller_manager_msgs/srv/detail/switch_controller__rosidl_typesupport_fastrtps_cpp.hpp
[6.688s] -- Up-to-date: /home/sr/sr_ws/install/controller_manager_msgs/include/controller_manager_msgs/controller_manager_msgs/srv/detail/list_controller_types__rosidl_typesupport_fastrtps_cpp.hpp
[6.689s] -- Up-to-date: /home/sr/sr_ws/install/controller_manager_msgs/include/controller_manager_msgs/controller_manager_msgs/srv/detail/list_hardware_interfaces__rosidl_typesupport_fastrtps_cpp.hpp
[6.689s] -- Up-to-date: /home/sr/sr_ws/install/controller_manager_msgs/include/controller_manager_msgs/controller_manager_msgs/srv/detail/dds_fastrtps
[6.689s] -- Up-to-date: /home/sr/sr_ws/install/controller_manager_msgs/include/controller_manager_msgs/controller_manager_msgs/srv/detail/list_controllers__rosidl_typesupport_fastrtps_cpp.hpp
[6.690s] -- Up-to-date: /home/sr/sr_ws/install/controller_manager_msgs/include/controller_manager_msgs/controller_manager_msgs/srv/detail/load_controller__rosidl_typesupport_fastrtps_cpp.hpp
[6.690s] -- Up-to-date: /home/sr/sr_ws/install/controller_manager_msgs/include/controller_manager_msgs/controller_manager_msgs/srv/detail/set_hardware_component_state__rosidl_typesupport_fastrtps_cpp.hpp
[6.690s] -- Up-to-date: /home/sr/sr_ws/install/controller_manager_msgs/include/controller_manager_msgs/controller_manager_msgs/msg
[6.691s] -- Up-to-date: /home/sr/sr_ws/install/controller_manager_msgs/include/controller_manager_msgs/controller_manager_msgs/msg/detail
[6.691s] -- Up-to-date: /home/sr/sr_ws/install/controller_manager_msgs/include/controller_manager_msgs/controller_manager_msgs/msg/detail/hardware_component_state__rosidl_typesupport_fastrtps_cpp.hpp
[6.691s] -- Up-to-date: /home/sr/sr_ws/install/controller_manager_msgs/include/controller_manager_msgs/controller_manager_msgs/msg/detail/controller_state__rosidl_typesupport_fastrtps_cpp.hpp
[6.692s] -- Up-to-date: /home/sr/sr_ws/install/controller_manager_msgs/include/controller_manager_msgs/controller_manager_msgs/msg/detail/chain_connection__rosidl_typesupport_fastrtps_cpp.hpp
[6.693s] -- Up-to-date: /home/sr/sr_ws/install/controller_manager_msgs/include/controller_manager_msgs/controller_manager_msgs/msg/detail/hardware_interface__rosidl_typesupport_fastrtps_cpp.hpp
[6.694s] -- Up-to-date: /home/sr/sr_ws/install/controller_manager_msgs/include/controller_manager_msgs/controller_manager_msgs/msg/detail/dds_fastrtps
[6.696s] -- Up-to-date: /home/sr/sr_ws/install/controller_manager_msgs/include/controller_manager_msgs/controller_manager_msgs/msg/rosidl_typesupport_fastrtps_cpp__visibility_control.h
[6.715s] -- Up-to-date: /home/sr/sr_ws/install/controller_manager_msgs/lib/libcontroller_manager_msgs__rosidl_typesupport_fastrtps_cpp.so
[6.716s] -- Up-to-date: /home/sr/sr_ws/install/controller_manager_msgs/include/controller_manager_msgs/controller_manager_msgs
[6.718s] -- Up-to-date: /home/sr/sr_ws/install/controller_manager_msgs/include/controller_manager_msgs/controller_manager_msgs/srv
[6.718s] -- Up-to-date: /home/sr/sr_ws/install/controller_manager_msgs/include/controller_manager_msgs/controller_manager_msgs/srv/detail
[6.719s] -- Up-to-date: /home/sr/sr_ws/install/controller_manager_msgs/include/controller_manager_msgs/controller_manager_msgs/srv/detail/switch_controller__rosidl_typesupport_introspection_c.h
[6.719s] -- Up-to-date: /home/sr/sr_ws/install/controller_manager_msgs/include/controller_manager_msgs/controller_manager_msgs/srv/detail/configure_controller__rosidl_typesupport_introspection_c.h
[6.720s] -- Up-to-date: /home/sr/sr_ws/install/controller_manager_msgs/include/controller_manager_msgs/controller_manager_msgs/srv/detail/list_hardware_components__type_support.c
[6.720s] -- Up-to-date: /home/sr/sr_ws/install/controller_manager_msgs/include/controller_manager_msgs/controller_manager_msgs/srv/detail/list_controller_types__type_support.c
[6.720s] -- Up-to-date: /home/sr/sr_ws/install/controller_manager_msgs/include/controller_manager_msgs/controller_manager_msgs/srv/detail/switch_controller__type_support.c
[6.721s] -- Up-to-date: /home/sr/sr_ws/install/controller_manager_msgs/include/controller_manager_msgs/controller_manager_msgs/srv/detail/load_controller__type_support.c
[6.721s] -- Up-to-date: /home/sr/sr_ws/install/controller_manager_msgs/include/controller_manager_msgs/controller_manager_msgs/srv/detail/list_controllers__rosidl_typesupport_introspection_c.h
[6.721s] -- Up-to-date: /home/sr/sr_ws/install/controller_manager_msgs/include/controller_manager_msgs/controller_manager_msgs/srv/detail/reload_controller_libraries__type_support.c
[6.722s] -- Up-to-date: /home/sr/sr_ws/install/controller_manager_msgs/include/controller_manager_msgs/controller_manager_msgs/srv/detail/list_controller_types__rosidl_typesupport_introspection_c.h
[6.722s] -- Up-to-date: /home/sr/sr_ws/install/controller_manager_msgs/include/controller_manager_msgs/controller_manager_msgs/srv/detail/list_hardware_components__rosidl_typesupport_introspection_c.h
[6.722s] -- Up-to-date: /home/sr/sr_ws/install/controller_manager_msgs/include/controller_manager_msgs/controller_manager_msgs/srv/detail/list_controllers__type_support.c
[6.723s] -- Up-to-date: /home/sr/sr_ws/install/controller_manager_msgs/include/controller_manager_msgs/controller_manager_msgs/srv/detail/list_hardware_interfaces__rosidl_typesupport_introspection_c.h
[6.723s] -- Up-to-date: /home/sr/sr_ws/install/controller_manager_msgs/include/controller_manager_msgs/controller_manager_msgs/srv/detail/unload_controller__type_support.c
[6.723s] -- Up-to-date: /home/sr/sr_ws/install/controller_manager_msgs/include/controller_manager_msgs/controller_manager_msgs/srv/detail/unload_controller__rosidl_typesupport_introspection_c.h
[6.724s] -- Up-to-date: /home/sr/sr_ws/install/controller_manager_msgs/include/controller_manager_msgs/controller_manager_msgs/srv/detail/set_hardware_component_state__type_support.c
[6.724s] -- Up-to-date: /home/sr/sr_ws/install/controller_manager_msgs/include/controller_manager_msgs/controller_manager_msgs/srv/detail/set_hardware_component_state__rosidl_typesupport_introspection_c.h
[6.724s] -- Up-to-date: /home/sr/sr_ws/install/controller_manager_msgs/include/controller_manager_msgs/controller_manager_msgs/srv/detail/list_hardware_interfaces__type_support.c
[6.725s] -- Up-to-date: /home/sr/sr_ws/install/controller_manager_msgs/include/controller_manager_msgs/controller_manager_msgs/srv/detail/configure_controller__type_support.c
[6.725s] -- Up-to-date: /home/sr/sr_ws/install/controller_manager_msgs/include/controller_manager_msgs/controller_manager_msgs/srv/detail/reload_controller_libraries__rosidl_typesupport_introspection_c.h
[6.725s] -- Up-to-date: /home/sr/sr_ws/install/controller_manager_msgs/include/controller_manager_msgs/controller_manager_msgs/srv/detail/load_controller__rosidl_typesupport_introspection_c.h
[6.726s] -- Up-to-date: /home/sr/sr_ws/install/controller_manager_msgs/include/controller_manager_msgs/controller_manager_msgs/msg
[6.726s] -- Up-to-date: /home/sr/sr_ws/install/controller_manager_msgs/include/controller_manager_msgs/controller_manager_msgs/msg/detail
[6.726s] -- Up-to-date: /home/sr/sr_ws/install/controller_manager_msgs/include/controller_manager_msgs/controller_manager_msgs/msg/detail/controller_state__rosidl_typesupport_introspection_c.h
[6.727s] -- Up-to-date: /home/sr/sr_ws/install/controller_manager_msgs/include/controller_manager_msgs/controller_manager_msgs/msg/detail/hardware_interface__type_support.c
[6.727s] -- Up-to-date: /home/sr/sr_ws/install/controller_manager_msgs/include/controller_manager_msgs/controller_manager_msgs/msg/detail/hardware_component_state__type_support.c
[6.727s] -- Up-to-date: /home/sr/sr_ws/install/controller_manager_msgs/include/controller_manager_msgs/controller_manager_msgs/msg/detail/chain_connection__type_support.c
[6.728s] -- Up-to-date: /home/sr/sr_ws/install/controller_manager_msgs/include/controller_manager_msgs/controller_manager_msgs/msg/detail/chain_connection__rosidl_typesupport_introspection_c.h
[6.728s] -- Up-to-date: /home/sr/sr_ws/install/controller_manager_msgs/include/controller_manager_msgs/controller_manager_msgs/msg/detail/hardware_interface__rosidl_typesupport_introspection_c.h
[6.728s] -- Up-to-date: /home/sr/sr_ws/install/controller_manager_msgs/include/controller_manager_msgs/controller_manager_msgs/msg/detail/controller_state__type_support.c
[6.729s] -- Up-to-date: /home/sr/sr_ws/install/controller_manager_msgs/include/controller_manager_msgs/controller_manager_msgs/msg/detail/hardware_component_state__rosidl_typesupport_introspection_c.h
[6.729s] -- Up-to-date: /home/sr/sr_ws/install/controller_manager_msgs/include/controller_manager_msgs/controller_manager_msgs/msg/rosidl_typesupport_introspection_c__visibility_control.h
[6.735s] -- Up-to-date: /home/sr/sr_ws/install/controller_manager_msgs/lib/libcontroller_manager_msgs__rosidl_typesupport_introspection_c.so
[6.782s] -- Up-to-date: /home/sr/sr_ws/install/controller_manager_msgs/lib/libcontroller_manager_msgs__rosidl_typesupport_c.so
[6.786s] -- Up-to-date: /home/sr/sr_ws/install/controller_manager_msgs/include/controller_manager_msgs/controller_manager_msgs
[6.788s] -- Up-to-date: /home/sr/sr_ws/install/controller_manager_msgs/include/controller_manager_msgs/controller_manager_msgs/srv
[6.790s] -- Up-to-date: /home/sr/sr_ws/install/controller_manager_msgs/include/controller_manager_msgs/controller_manager_msgs/srv/detail
[6.792s] -- Up-to-date: /home/sr/sr_ws/install/controller_manager_msgs/include/controller_manager_msgs/controller_manager_msgs/srv/detail/configure_controller__type_support.cpp
[6.793s] -- Up-to-date: /home/sr/sr_ws/install/controller_manager_msgs/include/controller_manager_msgs/controller_manager_msgs/srv/detail/unload_controller__type_support.cpp
[6.794s] -- Up-to-date: /home/sr/sr_ws/install/controller_manager_msgs/include/controller_manager_msgs/controller_manager_msgs/srv/detail/configure_controller__rosidl_typesupport_introspection_cpp.hpp
[6.795s] -- Up-to-date: /home/sr/sr_ws/install/controller_manager_msgs/include/controller_manager_msgs/controller_manager_msgs/srv/detail/list_controllers__type_support.cpp
[6.796s] -- Up-to-date: /home/sr/sr_ws/install/controller_manager_msgs/include/controller_manager_msgs/controller_manager_msgs/srv/detail/switch_controller__type_support.cpp
[6.797s] -- Up-to-date: /home/sr/sr_ws/install/controller_manager_msgs/include/controller_manager_msgs/controller_manager_msgs/srv/detail/list_hardware_components__type_support.cpp
[6.799s] -- Up-to-date: /home/sr/sr_ws/install/controller_manager_msgs/include/controller_manager_msgs/controller_manager_msgs/srv/detail/list_controller_types__type_support.cpp
[6.800s] -- Up-to-date: /home/sr/sr_ws/install/controller_manager_msgs/include/controller_manager_msgs/controller_manager_msgs/srv/detail/list_hardware_interfaces__rosidl_typesupport_introspection_cpp.hpp
[6.801s] -- Up-to-date: /home/sr/sr_ws/install/controller_manager_msgs/include/controller_manager_msgs/controller_manager_msgs/srv/detail/reload_controller_libraries__type_support.cpp
[6.802s] -- Up-to-date: /home/sr/sr_ws/install/controller_manager_msgs/include/controller_manager_msgs/controller_manager_msgs/srv/detail/list_controller_types__rosidl_typesupport_introspection_cpp.hpp
[6.803s] -- Up-to-date: /home/sr/sr_ws/install/controller_manager_msgs/include/controller_manager_msgs/controller_manager_msgs/srv/detail/list_hardware_components__rosidl_typesupport_introspection_cpp.hpp
[6.803s] -- Up-to-date: /home/sr/sr_ws/install/controller_manager_msgs/include/controller_manager_msgs/controller_manager_msgs/srv/detail/list_controllers__rosidl_typesupport_introspection_cpp.hpp
[6.805s] -- Up-to-date: /home/sr/sr_ws/install/controller_manager_msgs/include/controller_manager_msgs/controller_manager_msgs/srv/detail/unload_controller__rosidl_typesupport_introspection_cpp.hpp
[6.806s] -- Up-to-date: /home/sr/sr_ws/install/controller_manager_msgs/include/controller_manager_msgs/controller_manager_msgs/srv/detail/load_controller__rosidl_typesupport_introspection_cpp.hpp
[6.807s] -- Up-to-date: /home/sr/sr_ws/install/controller_manager_msgs/include/controller_manager_msgs/controller_manager_msgs/srv/detail/set_hardware_component_state__type_support.cpp
[6.808s] -- Up-to-date: /home/sr/sr_ws/install/controller_manager_msgs/include/controller_manager_msgs/controller_manager_msgs/srv/detail/load_controller__type_support.cpp
[6.809s] -- Up-to-date: /home/sr/sr_ws/install/controller_manager_msgs/include/controller_manager_msgs/controller_manager_msgs/srv/detail/list_hardware_interfaces__type_support.cpp
[6.810s] -- Up-to-date: /home/sr/sr_ws/install/controller_manager_msgs/include/controller_manager_msgs/controller_manager_msgs/srv/detail/reload_controller_libraries__rosidl_typesupport_introspection_cpp.hpp
[6.811s] -- Up-to-date: /home/sr/sr_ws/install/controller_manager_msgs/include/controller_manager_msgs/controller_manager_msgs/srv/detail/set_hardware_component_state__rosidl_typesupport_introspection_cpp.hpp
[6.811s] -- Up-to-date: /home/sr/sr_ws/install/controller_manager_msgs/include/controller_manager_msgs/controller_manager_msgs/srv/detail/switch_controller__rosidl_typesupport_introspection_cpp.hpp
[6.812s] -- Up-to-date: /home/sr/sr_ws/install/controller_manager_msgs/include/controller_manager_msgs/controller_manager_msgs/msg
[6.814s] -- Up-to-date: /home/sr/sr_ws/install/controller_manager_msgs/include/controller_manager_msgs/controller_manager_msgs/msg/detail
[6.814s] -- Up-to-date: /home/sr/sr_ws/install/controller_manager_msgs/include/controller_manager_msgs/controller_manager_msgs/msg/detail/hardware_component_state__rosidl_typesupport_introspection_cpp.hpp
[6.815s] -- Up-to-date: /home/sr/sr_ws/install/controller_manager_msgs/include/controller_manager_msgs/controller_manager_msgs/msg/detail/chain_connection__rosidl_typesupport_introspection_cpp.hpp
[6.815s] -- Up-to-date: /home/sr/sr_ws/install/controller_manager_msgs/include/controller_manager_msgs/controller_manager_msgs/msg/detail/hardware_component_state__type_support.cpp
[6.816s] -- Up-to-date: /home/sr/sr_ws/install/controller_manager_msgs/include/controller_manager_msgs/controller_manager_msgs/msg/detail/chain_connection__type_support.cpp
[6.819s] -- Up-to-date: /home/sr/sr_ws/install/controller_manager_msgs/include/controller_manager_msgs/controller_manager_msgs/msg/detail/controller_state__rosidl_typesupport_introspection_cpp.hpp
[6.821s] -- Up-to-date: /home/sr/sr_ws/install/controller_manager_msgs/include/controller_manager_msgs/controller_manager_msgs/msg/detail/controller_state__type_support.cpp
[6.823s] -- Up-to-date: /home/sr/sr_ws/install/controller_manager_msgs/include/controller_manager_msgs/controller_manager_msgs/msg/detail/hardware_interface__rosidl_typesupport_introspection_cpp.hpp
[6.824s] -- Up-to-date: /home/sr/sr_ws/install/controller_manager_msgs/include/controller_manager_msgs/controller_manager_msgs/msg/detail/hardware_interface__type_support.cpp
[6.838s] -- Up-to-date: /home/sr/sr_ws/install/controller_manager_msgs/lib/libcontroller_manager_msgs__rosidl_typesupport_introspection_cpp.so
[6.842s] -- Up-to-date: /home/sr/sr_ws/install/controller_manager_msgs/lib/libcontroller_manager_msgs__rosidl_typesupport_cpp.so
[6.856s] -- Up-to-date: /home/sr/sr_ws/install/controller_manager_msgs/share/controller_manager_msgs/environment/pythonpath.sh
[6.857s] -- Up-to-date: /home/sr/sr_ws/install/controller_manager_msgs/share/controller_manager_msgs/environment/pythonpath.dsv
[6.863s] -- Up-to-date: /home/sr/sr_ws/install/controller_manager_msgs/local/lib/python3.10/dist-packages/controller_manager_msgs-2.40.0-py3.10.egg-info
[6.863s] -- Installing: /home/sr/sr_ws/install/controller_manager_msgs/local/lib/python3.10/dist-packages/controller_manager_msgs-2.40.0-py3.10.egg-info/dependency_links.txt
[6.864s] -- Installing: /home/sr/sr_ws/install/controller_manager_msgs/local/lib/python3.10/dist-packages/controller_manager_msgs-2.40.0-py3.10.egg-info/top_level.txt
[6.864s] -- Installing: /home/sr/sr_ws/install/controller_manager_msgs/local/lib/python3.10/dist-packages/controller_manager_msgs-2.40.0-py3.10.egg-info/SOURCES.txt
[6.865s] -- Installing: /home/sr/sr_ws/install/controller_manager_msgs/local/lib/python3.10/dist-packages/controller_manager_msgs-2.40.0-py3.10.egg-info/PKG-INFO
[6.865s] -- Up-to-date: /home/sr/sr_ws/install/controller_manager_msgs/local/lib/python3.10/dist-packages/controller_manager_msgs
[6.866s] -- Up-to-date: /home/sr/sr_ws/install/controller_manager_msgs/local/lib/python3.10/dist-packages/controller_manager_msgs/_controller_manager_msgs_s.ep.rosidl_typesupport_introspection_c.c
[6.868s] -- Up-to-date: /home/sr/sr_ws/install/controller_manager_msgs/local/lib/python3.10/dist-packages/controller_manager_msgs/_controller_manager_msgs_s.ep.rosidl_typesupport_c.c
[6.869s] -- Up-to-date: /home/sr/sr_ws/install/controller_manager_msgs/local/lib/python3.10/dist-packages/controller_manager_msgs/srv
[6.870s] -- Up-to-date: /home/sr/sr_ws/install/controller_manager_msgs/local/lib/python3.10/dist-packages/controller_manager_msgs/srv/_list_controller_types_s.c
[6.871s] -- Up-to-date: /home/sr/sr_ws/install/controller_manager_msgs/local/lib/python3.10/dist-packages/controller_manager_msgs/srv/_list_hardware_interfaces.py
[6.871s] -- Up-to-date: /home/sr/sr_ws/install/controller_manager_msgs/local/lib/python3.10/dist-packages/controller_manager_msgs/srv/_list_controllers.py
[6.872s] -- Up-to-date: /home/sr/sr_ws/install/controller_manager_msgs/local/lib/python3.10/dist-packages/controller_manager_msgs/srv/_list_controller_types.py
[6.872s] -- Up-to-date: /home/sr/sr_ws/install/controller_manager_msgs/local/lib/python3.10/dist-packages/controller_manager_msgs/srv/_unload_controller.py
[6.873s] -- Up-to-date: /home/sr/sr_ws/install/controller_manager_msgs/local/lib/python3.10/dist-packages/controller_manager_msgs/srv/_load_controller_s.c
[6.874s] -- Up-to-date: /home/sr/sr_ws/install/controller_manager_msgs/local/lib/python3.10/dist-packages/controller_manager_msgs/srv/_configure_controller.py
[6.874s] -- Up-to-date: /home/sr/sr_ws/install/controller_manager_msgs/local/lib/python3.10/dist-packages/controller_manager_msgs/srv/_switch_controller.py
[6.875s] -- Up-to-date: /home/sr/sr_ws/install/controller_manager_msgs/local/lib/python3.10/dist-packages/controller_manager_msgs/srv/_set_hardware_component_state.py
[6.875s] -- Up-to-date: /home/sr/sr_ws/install/controller_manager_msgs/local/lib/python3.10/dist-packages/controller_manager_msgs/srv/_reload_controller_libraries_s.c
[6.876s] -- Up-to-date: /home/sr/sr_ws/install/controller_manager_msgs/local/lib/python3.10/dist-packages/controller_manager_msgs/srv/_switch_controller_s.c
[6.877s] -- Up-to-date: /home/sr/sr_ws/install/controller_manager_msgs/local/lib/python3.10/dist-packages/controller_manager_msgs/srv/_list_hardware_components_s.c
[6.877s] -- Up-to-date: /home/sr/sr_ws/install/controller_manager_msgs/local/lib/python3.10/dist-packages/controller_manager_msgs/srv/_list_controllers_s.c
[6.890s] -- Up-to-date: /home/sr/sr_ws/install/controller_manager_msgs/local/lib/python3.10/dist-packages/controller_manager_msgs/srv/_set_hardware_component_state_s.c
[6.890s] -- Up-to-date: /home/sr/sr_ws/install/controller_manager_msgs/local/lib/python3.10/dist-packages/controller_manager_msgs/srv/_configure_controller_s.c
[6.891s] -- Up-to-date: /home/sr/sr_ws/install/controller_manager_msgs/local/lib/python3.10/dist-packages/controller_manager_msgs/srv/__init__.py
[6.892s] -- Up-to-date: /home/sr/sr_ws/install/controller_manager_msgs/local/lib/python3.10/dist-packages/controller_manager_msgs/srv/_list_hardware_interfaces_s.c
[6.892s] -- Up-to-date: /home/sr/sr_ws/install/controller_manager_msgs/local/lib/python3.10/dist-packages/controller_manager_msgs/srv/_list_hardware_components.py
[6.893s] -- Up-to-date: /home/sr/sr_ws/install/controller_manager_msgs/local/lib/python3.10/dist-packages/controller_manager_msgs/srv/_reload_controller_libraries.py
[6.893s] -- Up-to-date: /home/sr/sr_ws/install/controller_manager_msgs/local/lib/python3.10/dist-packages/controller_manager_msgs/srv/_load_controller.py
[6.894s] -- Up-to-date: /home/sr/sr_ws/install/controller_manager_msgs/local/lib/python3.10/dist-packages/controller_manager_msgs/srv/_unload_controller_s.c
[6.895s] -- Up-to-date: /home/sr/sr_ws/install/controller_manager_msgs/local/lib/python3.10/dist-packages/controller_manager_msgs/_controller_manager_msgs_s.ep.rosidl_typesupport_fastrtps_c.c
[6.895s] -- Up-to-date: /home/sr/sr_ws/install/controller_manager_msgs/local/lib/python3.10/dist-packages/controller_manager_msgs/msg
[6.896s] -- Up-to-date: /home/sr/sr_ws/install/controller_manager_msgs/local/lib/python3.10/dist-packages/controller_manager_msgs/msg/_chain_connection.py
[6.896s] -- Up-to-date: /home/sr/sr_ws/install/controller_manager_msgs/local/lib/python3.10/dist-packages/controller_manager_msgs/msg/_hardware_component_state_s.c
[6.897s] -- Up-to-date: /home/sr/sr_ws/install/controller_manager_msgs/local/lib/python3.10/dist-packages/controller_manager_msgs/msg/_hardware_interface_s.c
[6.897s] -- Up-to-date: /home/sr/sr_ws/install/controller_manager_msgs/local/lib/python3.10/dist-packages/controller_manager_msgs/msg/_controller_state_s.c
[6.900s] -- Up-to-date: /home/sr/sr_ws/install/controller_manager_msgs/local/lib/python3.10/dist-packages/controller_manager_msgs/msg/_chain_connection_s.c
[6.901s] -- Up-to-date: /home/sr/sr_ws/install/controller_manager_msgs/local/lib/python3.10/dist-packages/controller_manager_msgs/msg/_controller_state.py
[6.906s] -- Up-to-date: /home/sr/sr_ws/install/controller_manager_msgs/local/lib/python3.10/dist-packages/controller_manager_msgs/msg/__init__.py
[6.907s] -- Up-to-date: /home/sr/sr_ws/install/controller_manager_msgs/local/lib/python3.10/dist-packages/controller_manager_msgs/msg/_hardware_component_state.py
[6.908s] -- Up-to-date: /home/sr/sr_ws/install/controller_manager_msgs/local/lib/python3.10/dist-packages/controller_manager_msgs/msg/_hardware_interface.py
[6.908s] -- Up-to-date: /home/sr/sr_ws/install/controller_manager_msgs/local/lib/python3.10/dist-packages/controller_manager_msgs/libcontroller_manager_msgs__rosidl_generator_py.so
[6.909s] -- Up-to-date: /home/sr/sr_ws/install/controller_manager_msgs/local/lib/python3.10/dist-packages/controller_manager_msgs/controller_manager_msgs_s__rosidl_typesupport_fastrtps_c.cpython-310-aarch64-linux-gnu.so
[6.909s] -- Up-to-date: /home/sr/sr_ws/install/controller_manager_msgs/local/lib/python3.10/dist-packages/controller_manager_msgs/__init__.py
[6.915s] -- Up-to-date: /home/sr/sr_ws/install/controller_manager_msgs/local/lib/python3.10/dist-packages/controller_manager_msgs/controller_manager_msgs_s__rosidl_typesupport_introspection_c.cpython-310-aarch64-linux-gnu.so
[6.917s] -- Up-to-date: /home/sr/sr_ws/install/controller_manager_msgs/local/lib/python3.10/dist-packages/controller_manager_msgs/controller_manager_msgs_s__rosidl_typesupport_c.cpython-310-aarch64-linux-gnu.so
[7.072s] Listing '/home/sr/sr_ws/install/controller_manager_msgs/local/lib/python3.10/dist-packages/controller_manager_msgs'...
[7.074s] Listing '/home/sr/sr_ws/install/controller_manager_msgs/local/lib/python3.10/dist-packages/controller_manager_msgs/msg'...
[7.075s] Listing '/home/sr/sr_ws/install/controller_manager_msgs/local/lib/python3.10/dist-packages/controller_manager_msgs/srv'...
[7.106s] -- Up-to-date: /home/sr/sr_ws/install/controller_manager_msgs/local/lib/python3.10/dist-packages/controller_manager_msgs/controller_manager_msgs_s__rosidl_typesupport_fastrtps_c.cpython-310-aarch64-linux-gnu.so
[7.111s] -- Up-to-date: /home/sr/sr_ws/install/controller_manager_msgs/local/lib/python3.10/dist-packages/controller_manager_msgs/controller_manager_msgs_s__rosidl_typesupport_introspection_c.cpython-310-aarch64-linux-gnu.so
[7.115s] -- Up-to-date: /home/sr/sr_ws/install/controller_manager_msgs/local/lib/python3.10/dist-packages/controller_manager_msgs/controller_manager_msgs_s__rosidl_typesupport_c.cpython-310-aarch64-linux-gnu.so
[7.118s] -- Up-to-date: /home/sr/sr_ws/install/controller_manager_msgs/lib/libcontroller_manager_msgs__rosidl_generator_py.so
[7.121s] -- Up-to-date: /home/sr/sr_ws/install/controller_manager_msgs/share/controller_manager_msgs/msg/ControllerState.idl
[7.122s] -- Up-to-date: /home/sr/sr_ws/install/controller_manager_msgs/share/controller_manager_msgs/msg/ChainConnection.idl
[7.125s] -- Up-to-date: /home/sr/sr_ws/install/controller_manager_msgs/share/controller_manager_msgs/msg/HardwareComponentState.idl
[7.127s] -- Up-to-date: /home/sr/sr_ws/install/controller_manager_msgs/share/controller_manager_msgs/msg/HardwareInterface.idl
[7.130s] -- Up-to-date: /home/sr/sr_ws/install/controller_manager_msgs/share/controller_manager_msgs/srv/ConfigureController.idl
[7.132s] -- Up-to-date: /home/sr/sr_ws/install/controller_manager_msgs/share/controller_manager_msgs/srv/ListControllers.idl
[7.133s] -- Up-to-date: /home/sr/sr_ws/install/controller_manager_msgs/share/controller_manager_msgs/srv/ListControllerTypes.idl
[7.136s] -- Up-to-date: /home/sr/sr_ws/install/controller_manager_msgs/share/controller_manager_msgs/srv/ListHardwareComponents.idl
[7.137s] -- Up-to-date: /home/sr/sr_ws/install/controller_manager_msgs/share/controller_manager_msgs/srv/ListHardwareInterfaces.idl
[7.140s] -- Up-to-date: /home/sr/sr_ws/install/controller_manager_msgs/share/controller_manager_msgs/srv/LoadController.idl
[7.146s] -- Up-to-date: /home/sr/sr_ws/install/controller_manager_msgs/share/controller_manager_msgs/srv/ReloadControllerLibraries.idl
[7.147s] -- Up-to-date: /home/sr/sr_ws/install/controller_manager_msgs/share/controller_manager_msgs/srv/SetHardwareComponentState.idl
[7.148s] -- Up-to-date: /home/sr/sr_ws/install/controller_manager_msgs/share/controller_manager_msgs/srv/SwitchController.idl
[7.149s] -- Up-to-date: /home/sr/sr_ws/install/controller_manager_msgs/share/controller_manager_msgs/srv/UnloadController.idl
[7.149s] -- Up-to-date: /home/sr/sr_ws/install/controller_manager_msgs/share/controller_manager_msgs/msg/ControllerState.msg
[7.153s] -- Up-to-date: /home/sr/sr_ws/install/controller_manager_msgs/share/controller_manager_msgs/msg/ChainConnection.msg
[7.155s] -- Up-to-date: /home/sr/sr_ws/install/controller_manager_msgs/share/controller_manager_msgs/msg/HardwareComponentState.msg
[7.157s] -- Up-to-date: /home/sr/sr_ws/install/controller_manager_msgs/share/controller_manager_msgs/msg/HardwareInterface.msg
[7.158s] -- Up-to-date: /home/sr/sr_ws/install/controller_manager_msgs/share/controller_manager_msgs/srv/ConfigureController.srv
[7.158s] -- Up-to-date: /home/sr/sr_ws/install/controller_manager_msgs/share/controller_manager_msgs/srv/ConfigureController_Request.msg
[7.162s] -- Up-to-date: /home/sr/sr_ws/install/controller_manager_msgs/share/controller_manager_msgs/srv/ConfigureController_Response.msg
[7.163s] -- Up-to-date: /home/sr/sr_ws/install/controller_manager_msgs/share/controller_manager_msgs/srv/ListControllers.srv
[7.163s] -- Up-to-date: /home/sr/sr_ws/install/controller_manager_msgs/share/controller_manager_msgs/srv/ListControllers_Request.msg
[7.164s] -- Up-to-date: /home/sr/sr_ws/install/controller_manager_msgs/share/controller_manager_msgs/srv/ListControllers_Response.msg
[7.164s] -- Up-to-date: /home/sr/sr_ws/install/controller_manager_msgs/share/controller_manager_msgs/srv/ListControllerTypes.srv
[7.165s] -- Up-to-date: /home/sr/sr_ws/install/controller_manager_msgs/share/controller_manager_msgs/srv/ListControllerTypes_Request.msg
[7.165s] -- Up-to-date: /home/sr/sr_ws/install/controller_manager_msgs/share/controller_manager_msgs/srv/ListControllerTypes_Response.msg
[7.166s] -- Up-to-date: /home/sr/sr_ws/install/controller_manager_msgs/share/controller_manager_msgs/srv/ListHardwareComponents.srv
[7.168s] -- Up-to-date: /home/sr/sr_ws/install/controller_manager_msgs/share/controller_manager_msgs/srv/ListHardwareComponents_Request.msg
[7.169s] -- Up-to-date: /home/sr/sr_ws/install/controller_manager_msgs/share/controller_manager_msgs/srv/ListHardwareComponents_Response.msg
[7.170s] -- Up-to-date: /home/sr/sr_ws/install/controller_manager_msgs/share/controller_manager_msgs/srv/ListHardwareInterfaces.srv
[7.174s] -- Up-to-date: /home/sr/sr_ws/install/controller_manager_msgs/share/controller_manager_msgs/srv/ListHardwareInterfaces_Request.msg
[7.176s] -- Up-to-date: /home/sr/sr_ws/install/controller_manager_msgs/share/controller_manager_msgs/srv/ListHardwareInterfaces_Response.msg
[7.177s] -- Up-to-date: /home/sr/sr_ws/install/controller_manager_msgs/share/controller_manager_msgs/srv/LoadController.srv
[7.179s] -- Up-to-date: /home/sr/sr_ws/install/controller_manager_msgs/share/controller_manager_msgs/srv/LoadController_Request.msg
[7.179s] -- Up-to-date: /home/sr/sr_ws/install/controller_manager_msgs/share/controller_manager_msgs/srv/LoadController_Response.msg
[7.180s] -- Up-to-date: /home/sr/sr_ws/install/controller_manager_msgs/share/controller_manager_msgs/srv/ReloadControllerLibraries.srv
[7.180s] -- Up-to-date: /home/sr/sr_ws/install/controller_manager_msgs/share/controller_manager_msgs/srv/ReloadControllerLibraries_Request.msg
[7.180s] -- Up-to-date: /home/sr/sr_ws/install/controller_manager_msgs/share/controller_manager_msgs/srv/ReloadControllerLibraries_Response.msg
[7.181s] -- Up-to-date: /home/sr/sr_ws/install/controller_manager_msgs/share/controller_manager_msgs/srv/SetHardwareComponentState.srv
[7.182s] -- Up-to-date: /home/sr/sr_ws/install/controller_manager_msgs/share/controller_manager_msgs/srv/SetHardwareComponentState_Request.msg
[7.182s] -- Up-to-date: /home/sr/sr_ws/install/controller_manager_msgs/share/controller_manager_msgs/srv/SetHardwareComponentState_Response.msg
[7.183s] -- Up-to-date: /home/sr/sr_ws/install/controller_manager_msgs/share/controller_manager_msgs/srv/SwitchController.srv
[7.183s] -- Up-to-date: /home/sr/sr_ws/install/controller_manager_msgs/share/controller_manager_msgs/srv/SwitchController_Request.msg
[7.184s] -- Up-to-date: /home/sr/sr_ws/install/controller_manager_msgs/share/controller_manager_msgs/srv/SwitchController_Response.msg
[7.185s] -- Up-to-date: /home/sr/sr_ws/install/controller_manager_msgs/share/controller_manager_msgs/srv/UnloadController.srv
[7.186s] -- Up-to-date: /home/sr/sr_ws/install/controller_manager_msgs/share/controller_manager_msgs/srv/UnloadController_Request.msg
[7.186s] -- Up-to-date: /home/sr/sr_ws/install/controller_manager_msgs/share/controller_manager_msgs/srv/UnloadController_Response.msg
[7.187s] -- Up-to-date: /home/sr/sr_ws/install/controller_manager_msgs/share/ament_index/resource_index/package_run_dependencies/controller_manager_msgs
[7.188s] -- Up-to-date: /home/sr/sr_ws/install/controller_manager_msgs/share/ament_index/resource_index/parent_prefix_path/controller_manager_msgs
[7.190s] -- Up-to-date: /home/sr/sr_ws/install/controller_manager_msgs/share/controller_manager_msgs/environment/ament_prefix_path.sh
[7.191s] -- Up-to-date: /home/sr/sr_ws/install/controller_manager_msgs/share/controller_manager_msgs/environment/ament_prefix_path.dsv
[7.192s] -- Up-to-date: /home/sr/sr_ws/install/controller_manager_msgs/share/controller_manager_msgs/environment/path.sh
[7.192s] -- Up-to-date: /home/sr/sr_ws/install/controller_manager_msgs/share/controller_manager_msgs/environment/path.dsv
[7.193s] -- Up-to-date: /home/sr/sr_ws/install/controller_manager_msgs/share/controller_manager_msgs/local_setup.bash
[7.193s] -- Up-to-date: /home/sr/sr_ws/install/controller_manager_msgs/share/controller_manager_msgs/local_setup.sh
[7.193s] -- Up-to-date: /home/sr/sr_ws/install/controller_manager_msgs/share/controller_manager_msgs/local_setup.zsh
[7.195s] -- Up-to-date: /home/sr/sr_ws/install/controller_manager_msgs/share/controller_manager_msgs/local_setup.dsv
[7.195s] -- Installing: /home/sr/sr_ws/install/controller_manager_msgs/share/controller_manager_msgs/package.dsv
[7.199s] -- Up-to-date: /home/sr/sr_ws/install/controller_manager_msgs/share/ament_index/resource_index/packages/controller_manager_msgs
[7.204s] -- Up-to-date: /home/sr/sr_ws/install/controller_manager_msgs/share/controller_manager_msgs/cmake/export_controller_manager_msgs__rosidl_generator_cExport.cmake
[7.205s] -- Up-to-date: /home/sr/sr_ws/install/controller_manager_msgs/share/controller_manager_msgs/cmake/export_controller_manager_msgs__rosidl_generator_cExport-noconfig.cmake
[7.209s] -- Up-to-date: /home/sr/sr_ws/install/controller_manager_msgs/share/controller_manager_msgs/cmake/export_controller_manager_msgs__rosidl_typesupport_fastrtps_cExport.cmake
[7.209s] -- Up-to-date: /home/sr/sr_ws/install/controller_manager_msgs/share/controller_manager_msgs/cmake/export_controller_manager_msgs__rosidl_typesupport_fastrtps_cExport-noconfig.cmake
[7.213s] -- Up-to-date: /home/sr/sr_ws/install/controller_manager_msgs/share/controller_manager_msgs/cmake/export_controller_manager_msgs__rosidl_generator_cppExport.cmake
[7.215s] -- Up-to-date: /home/sr/sr_ws/install/controller_manager_msgs/share/controller_manager_msgs/cmake/export_controller_manager_msgs__rosidl_typesupport_fastrtps_cppExport.cmake
[7.218s] -- Up-to-date: /home/sr/sr_ws/install/controller_manager_msgs/share/controller_manager_msgs/cmake/export_controller_manager_msgs__rosidl_typesupport_fastrtps_cppExport-noconfig.cmake
[7.221s] -- Up-to-date: /home/sr/sr_ws/install/controller_manager_msgs/share/controller_manager_msgs/cmake/controller_manager_msgs__rosidl_typesupport_introspection_cExport.cmake
[7.223s] -- Up-to-date: /home/sr/sr_ws/install/controller_manager_msgs/share/controller_manager_msgs/cmake/controller_manager_msgs__rosidl_typesupport_introspection_cExport-noconfig.cmake
[7.227s] -- Up-to-date: /home/sr/sr_ws/install/controller_manager_msgs/share/controller_manager_msgs/cmake/controller_manager_msgs__rosidl_typesupport_cExport.cmake
[7.229s] -- Up-to-date: /home/sr/sr_ws/install/controller_manager_msgs/share/controller_manager_msgs/cmake/controller_manager_msgs__rosidl_typesupport_cExport-noconfig.cmake
[7.234s] -- Up-to-date: /home/sr/sr_ws/install/controller_manager_msgs/share/controller_manager_msgs/cmake/controller_manager_msgs__rosidl_typesupport_introspection_cppExport.cmake
[7.236s] -- Up-to-date: /home/sr/sr_ws/install/controller_manager_msgs/share/controller_manager_msgs/cmake/controller_manager_msgs__rosidl_typesupport_introspection_cppExport-noconfig.cmake
[7.239s] -- Up-to-date: /home/sr/sr_ws/install/controller_manager_msgs/share/controller_manager_msgs/cmake/controller_manager_msgs__rosidl_typesupport_cppExport.cmake
[7.242s] -- Up-to-date: /home/sr/sr_ws/install/controller_manager_msgs/share/controller_manager_msgs/cmake/controller_manager_msgs__rosidl_typesupport_cppExport-noconfig.cmake
[7.245s] -- Up-to-date: /home/sr/sr_ws/install/controller_manager_msgs/share/controller_manager_msgs/cmake/export_controller_manager_msgs__rosidl_generator_pyExport.cmake
[7.247s] -- Up-to-date: /home/sr/sr_ws/install/controller_manager_msgs/share/controller_manager_msgs/cmake/export_controller_manager_msgs__rosidl_generator_pyExport-noconfig.cmake
[7.250s] -- Up-to-date: /home/sr/sr_ws/install/controller_manager_msgs/share/controller_manager_msgs/cmake/rosidl_cmake-extras.cmake
[7.251s] -- Up-to-date: /home/sr/sr_ws/install/controller_manager_msgs/share/controller_manager_msgs/cmake/ament_cmake_export_dependencies-extras.cmake
[7.253s] -- Up-to-date: /home/sr/sr_ws/install/controller_manager_msgs/share/controller_manager_msgs/cmake/ament_cmake_export_include_directories-extras.cmake
[7.256s] -- Up-to-date: /home/sr/sr_ws/install/controller_manager_msgs/share/controller_manager_msgs/cmake/ament_cmake_export_libraries-extras.cmake
[7.258s] -- Up-to-date: /home/sr/sr_ws/install/controller_manager_msgs/share/controller_manager_msgs/cmake/ament_cmake_export_targets-extras.cmake
[7.259s] -- Up-to-date: /home/sr/sr_ws/install/controller_manager_msgs/share/controller_manager_msgs/cmake/rosidl_cmake_export_typesupport_targets-extras.cmake
[7.259s] -- Up-to-date: /home/sr/sr_ws/install/controller_manager_msgs/share/controller_manager_msgs/cmake/rosidl_cmake_export_typesupport_libraries-extras.cmake
[7.260s] -- Up-to-date: /home/sr/sr_ws/install/controller_manager_msgs/share/controller_manager_msgs/cmake/controller_manager_msgsConfig.cmake
[7.260s] -- Up-to-date: /home/sr/sr_ws/install/controller_manager_msgs/share/controller_manager_msgs/cmake/controller_manager_msgsConfig-version.cmake
[7.261s] -- Up-to-date: /home/sr/sr_ws/install/controller_manager_msgs/share/controller_manager_msgs/package.xml
[7.272s] Invoked command in '/home/sr/sr_ws/build/controller_manager_msgs' returned '0': CMAKE_PREFIX_PATH=/opt/ros/humble /usr/bin/cmake --install /home/sr/sr_ws/build/controller_manager_msgs
